Scenario - Flex_main_2
Logfile written - 01/24/2012 13:27:49

Subject	Trial	Event Type	Code	Time	TTime	Uncertainty	Duration	Uncertainty	ReqTime	ReqDur	Stim Type	Pair Index

BCCN_C_04	0	Manual	f2_l_b1	-9999	-9999
BCCN_C_04	1	Picture	instructreminder	-5834	0	2	145817	3	0	next	hit	3
BCCN_C_04	1	Response	101	139946	145780	1
BCCN_C_04	2	Picture	warning	139983	0	1	107489	2	0	next	other	0
BCCN_C_04	2	Pulse	99	247360	107377	NA
BCCN_C_04	3	Picture	dummyscans	247472	0	1	37163	2	0	37000	other	0
BCCN_C_04	3	Pulse	99	265360	17888	NA
BCCN_C_04	3	Pulse	99	283360	35888	NA
BCCN_C_04	4	Picture	beginning_fix	284801	0	1	16665	2	0	next	other	0
BCCN_C_04	4	Pulse	99	301359	16558	NA
BCCN_C_04	5	Picture	cond:1_stimuli_presented:7*_brightness:127	301466	0	1	9999	2	0	10000	hit	12
BCCN_C_04	5	Response	103	306940	5474	1
BCCN_C_04	5	Picture	ITI	311465	9999	1	10166	2	10000	10000	miss	0
BCCN_C_04	5	Pulse	99	319359	17893	NA
BCCN_C_04	6	Picture	cond:1_stimuli_presented:6*_brightness:127	321797	0	1	9999	2	0	10000	hit	16
BCCN_C_04	6	Response	104	327216	5419	1
BCCN_C_04	6	Picture	ITI	331796	9999	1	10166	2	10000	10000	miss	0
BCCN_C_04	6	Pulse	99	337359	15562	NA
BCCN_C_04	7	Picture	cond:1_stimuli_presented:2*_brightness:127	342129	0	1	9998	3	0	10000	hit	20
BCCN_C_04	7	Response	104	347027	4898	1
BCCN_C_04	7	Picture	ITI	352127	9998	2	10166	3	10000	10000	miss	0
BCCN_C_04	7	Pulse	99	355359	13230	NA
BCCN_C_04	8	Picture	cond:1_stimuli_presented:7*_brightness:127	362460	0	1	9999	2	0	10000	hit	24
BCCN_C_04	8	Response	103	367121	4661	2
BCCN_C_04	8	Picture	ITI	372459	9999	1	10165	2	10000	10000	miss	0
BCCN_C_04	8	Pulse	99	373359	10899	NA
BCCN_C_04	9	Picture	cond:2_stimuli_presented:69_brightness:180	382791	0	1	9999	2	0	10000	hit	28
BCCN_C_04	9	Response	104	388042	5251	2
BCCN_C_04	9	Pulse	99	391359	8568	NA
BCCN_C_04	9	Picture	ITI	392790	9999	1	10165	3	10000	10000	miss	0
BCCN_C_04	10	Picture	cond:1_stimuli_presented:4*_brightness:127	403122	0	1	9999	2	0	10000	hit	32
BCCN_C_04	10	Response	104	407337	4215	1
BCCN_C_04	10	Pulse	99	409358	6236	NA
BCCN_C_04	10	Picture	ITI	413121	9999	1	10166	2	10000	10000	miss	0
BCCN_C_04	11	Picture	cond:1_stimuli_presented:6*_brightness:127	423453	0	1	9999	2	0	10000	hit	36
BCCN_C_04	11	Response	104	427174	3721	1
BCCN_C_04	11	Pulse	99	427358	3905	NA
BCCN_C_04	11	Picture	ITI	433452	9999	1	10166	2	10000	10000	miss	0
BCCN_C_04	12	Picture	cond:1_stimuli_presented:9*_brightness:127	443784	0	1	9999	2	0	10000	hit	41
BCCN_C_04	12	Pulse	99	445358	1574	NA
BCCN_C_04	12	Response	103	448637	4853	1
BCCN_C_04	12	Picture	ITI	453783	9999	1	10166	2	10000	10000	miss	0
BCCN_C_04	12	Pulse	99	463358	19574	NA
BCCN_C_04	13	Picture	cond:4_stimuli_presented:76_brightness:134	464116	0	1	9999	2	0	10000	hit	46
BCCN_C_04	13	Picture	ITI	474115	9999	1	10165	2	10000	10000	miss	0
BCCN_C_04	13	Response	103	475780	11664	1
BCCN_C_04	13	Pulse	99	481358	17242	NA
BCCN_C_04	14	Picture	cond:1_stimuli_presented:2*_brightness:127	484447	0	1	9999	2	0	10000	hit	49
BCCN_C_04	14	Response	104	489369	4922	1
BCCN_C_04	14	Picture	ITI	494446	9999	1	10165	2	10000	10000	miss	0
BCCN_C_04	14	Pulse	99	499357	14910	NA
BCCN_C_04	15	Picture	cond:1_stimuli_presented:7*_brightness:127	504778	0	1	9999	2	0	10000	hit	53
BCCN_C_04	15	Response	103	510393	5615	1
BCCN_C_04	15	Picture	ITI	514777	9999	1	10165	3	10000	10000	miss	0
BCCN_C_04	15	Pulse	99	517357	12579	NA
BCCN_C_04	16	Picture	cond:1_stimuli_presented:3*_brightness:127	525109	0	1	9999	2	0	10000	hit	57
BCCN_C_04	16	Response	103	529868	4759	1
BCCN_C_04	16	Picture	ITI	535108	9999	1	10166	2	10000	10000	miss	0
BCCN_C_04	16	Pulse	99	535357	10248	NA
BCCN_C_04	17	Picture	cond:4_stimuli_presented:48_brightness:128	545440	0	1	9999	2	0	10000	hit	63
BCCN_C_04	17	Pulse	99	553357	7917	NA
BCCN_C_04	17	Picture	ITI	555439	9999	1	10166	2	10000	10000	miss	0
BCCN_C_04	17	Response	104	558638	13198	1
BCCN_C_04	18	Picture	cond:1_stimuli_presented:2*_brightness:127	565771	0	2	9999	4	0	10000	hit	66
BCCN_C_04	18	Pulse	99	571357	5586	NA
BCCN_C_04	18	Response	104	572562	6791	1
BCCN_C_04	18	Picture	ITI	575770	9999	2	10166	3	10000	10000	miss	0
BCCN_C_04	19	Picture	cond:1_stimuli_presented:7*_brightness:127	586103	0	1	9999	2	0	10000	hit	70
BCCN_C_04	19	Pulse	99	589357	3254	NA
BCCN_C_04	19	Response	103	591185	5082	2
BCCN_C_04	19	Picture	ITI	596102	9999	1	10165	2	10000	10000	miss	0
BCCN_C_04	20	Picture	cond:1_stimuli_presented:2*_brightness:127	606434	0	1	9999	2	0	10000	hit	74
BCCN_C_04	20	Pulse	99	607356	922	NA
BCCN_C_04	20	Response	104	611229	4795	1
BCCN_C_04	20	Picture	ITI	616433	9999	1	10165	2	10000	10000	miss	0
BCCN_C_04	20	Pulse	99	625356	18922	NA
BCCN_C_04	21	Picture	cond:1_stimuli_presented:7*_brightness:127	626765	0	1	9999	2	0	10000	hit	78
BCCN_C_04	21	Response	103	631969	5204	1
BCCN_C_04	21	Picture	ITI	636764	9999	1	10166	2	10000	10000	miss	0
BCCN_C_04	21	Pulse	99	643356	16591	NA
BCCN_C_04	22	Picture	cond:1_stimuli_presented:9*_brightness:127	647096	0	1	9999	2	0	10000	hit	82
BCCN_C_04	22	Response	103	651780	4684	1
BCCN_C_04	22	Picture	ITI	657095	9999	1	10166	2	10000	10000	miss	0
BCCN_C_04	22	Pulse	99	661356	14260	NA
BCCN_C_04	23	Picture	cond:4_stimuli_presented:14_brightness:128	667427	0	1	9999	2	0	10000	incorrect	88
BCCN_C_04	23	Picture	ITI	677426	9999	1	10166	2	10000	10000	miss	0
BCCN_C_04	23	Pulse	99	679356	11929	NA
BCCN_C_04	23	Response	4	680394	12967	1
BCCN_C_04	24	Picture	cond:1_stimuli_presented:8*_brightness:127	687758	0	2	9999	4	0	10000	hit	90
BCCN_C_04	24	Response	104	695506	7748	2
BCCN_C_04	24	Pulse	99	697356	9598	NA
BCCN_C_04	24	Picture	ITI	697757	9999	2	10166	3	10000	10000	miss	0
BCCN_C_04	25	Picture	cond:1_stimuli_presented:7*_brightness:127	708090	0	1	9999	2	0	10000	hit	94
BCCN_C_04	25	Response	103	713587	5497	2
BCCN_C_04	25	Pulse	99	715355	7265	NA
BCCN_C_04	25	Picture	ITI	718089	9999	1	10165	2	10000	10000	miss	0
BCCN_C_04	26	Picture	cond:1_stimuli_presented:8*_brightness:127	728421	0	1	9999	2	0	10000	hit	99
BCCN_C_04	26	Pulse	99	733355	4934	NA
BCCN_C_04	26	Response	104	734586	6165	1
BCCN_C_04	26	Picture	ITI	738420	9999	1	10165	2	10000	10000	miss	0
BCCN_C_04	27	Picture	cond:1_stimuli_presented:3*_brightness:127	748752	0	1	9999	2	0	10000	hit	103
BCCN_C_04	27	Pulse	99	751355	2603	NA
BCCN_C_04	27	Response	103	754268	5516	1
BCCN_C_04	27	Picture	ITI	758751	9999	1	10166	2	10000	10000	miss	0
BCCN_C_04	28	Picture	cond:3_stimuli_presented:27_brightness:77	769083	0	1	9999	2	0	10000	hit	107
BCCN_C_04	28	Pulse	99	769355	272	NA
BCCN_C_04	28	Response	102	778932	9849	3
BCCN_C_04	28	Picture	ITI	779082	9999	1	10166	2	10000	10000	miss	0
BCCN_C_04	28	Pulse	99	787355	18272	NA
BCCN_C_04	29	Picture	cond:1_stimuli_presented:9*_brightness:127	789414	0	1	9999	2	0	10000	hit	111
BCCN_C_04	29	Response	103	795051	5637	1
BCCN_C_04	29	Picture	ITI	799413	9999	1	10166	2	10000	10000	miss	0
BCCN_C_04	29	Pulse	99	805355	15941	NA
BCCN_C_04	30	Picture	cond:1_stimuli_presented:2*_brightness:127	809746	0	1	9999	2	0	10000	hit	115
BCCN_C_04	30	Response	104	814810	5064	2
BCCN_C_04	30	Picture	ITI	819745	9999	1	10165	2	10000	10000	miss	0
BCCN_C_04	30	Pulse	99	823354	13608	NA
BCCN_C_04	31	Picture	cond:1_stimuli_presented:9*_brightness:127	830077	0	1	9999	2	0	10000	hit	119
BCCN_C_04	31	Response	103	834570	4493	1
BCCN_C_04	31	Picture	ITI	840076	9999	1	10165	2	10000	10000	miss	0
BCCN_C_04	31	Pulse	99	841354	11277	NA
BCCN_C_04	32	Picture	cond:2_stimuli_presented:36_brightness:175	850408	0	1	9999	2	0	10000	incorrect	125
BCCN_C_04	32	Pulse	99	859354	8946	NA
BCCN_C_04	32	Picture	ITI	860407	9999	1	10165	3	10000	10000	miss	0
BCCN_C_04	32	Response	4	864243	13835	1
BCCN_C_04	33	Picture	cond:1_stimuli_presented:2*_brightness:127	870739	0	1	9999	2	0	10000	hit	127
BCCN_C_04	33	Response	104	875895	5156	2
BCCN_C_04	33	Pulse	99	877354	6615	NA
BCCN_C_04	33	Picture	ITI	880738	9999	1	10166	2	10000	10000	miss	0
BCCN_C_04	34	Picture	cond:1_stimuli_presented:8*_brightness:127	891070	0	1	9999	2	0	10000	hit	132
BCCN_C_04	34	Pulse	99	895354	4284	NA
BCCN_C_04	34	Response	104	896274	5204	2
BCCN_C_04	34	Picture	ITI	901069	9999	1	10166	2	10000	10000	miss	0
BCCN_C_04	35	Picture	cond:1_stimuli_presented:4*_brightness:127	911401	0	2	9999	3	0	10000	hit	136
BCCN_C_04	35	Pulse	99	913354	1953	NA
BCCN_C_04	35	Response	104	916679	5278	1
BCCN_C_04	35	Picture	ITI	921400	9999	1	10166	2	10000	10000	miss	0
BCCN_C_04	35	Pulse	99	931353	19952	NA
BCCN_C_04	36	Picture	cond:1_stimuli_presented:9*_brightness:127	931733	0	1	9999	2	0	10000	hit	140
BCCN_C_04	36	Response	103	937600	5867	1
BCCN_C_04	36	Picture	ITI	941732	9999	1	10165	2	10000	10000	miss	0
BCCN_C_04	36	Pulse	99	949353	17620	NA
BCCN_C_04	37	Picture	cond:1_stimuli_presented:4*_brightness:127	952064	0	1	9999	2	0	10000	hit	144
BCCN_C_04	37	Response	104	957721	5657	1
BCCN_C_04	37	Picture	ITI	962063	9999	1	10165	2	10000	10000	miss	0
BCCN_C_04	37	Pulse	99	967353	15289	NA
BCCN_C_04	38	Picture	cond:4_stimuli_presented:86_brightness:128	972395	0	1	9999	2	0	10000	incorrect	150
BCCN_C_04	38	Picture	ITI	982394	9999	1	10166	2	10000	10000	miss	0
BCCN_C_04	38	Pulse	99	985353	12958	NA
BCCN_C_04	38	Response	2	991008	18613	1
BCCN_C_04	39	Picture	cond:1_stimuli_presented:9*_brightness:127	992726	0	1	9999	2	0	10000	hit	152
BCCN_C_04	39	Response	103	997936	5210	1
BCCN_C_04	39	Picture	ITI	1002725	9999	1	10166	2	10000	10000	miss	0
BCCN_C_04	39	Pulse	99	1003353	10627	NA
BCCN_C_04	40	Picture	cond:1_stimuli_presented:7*_brightness:127	1013057	0	1	9999	2	0	10000	hit	156
BCCN_C_04	40	Response	103	1018289	5232	1
BCCN_C_04	40	Pulse	99	1021353	8296	NA
BCCN_C_04	40	Picture	ITI	1023056	9999	1	10166	2	10000	10000	miss	0
BCCN_C_04	41	Picture	cond:1_stimuli_presented:8*_brightness:127	1033388	0	2	9999	4	0	10000	hit	161
BCCN_C_04	41	Pulse	99	1039352	5964	NA
BCCN_C_04	41	Response	104	1041895	8507	1
BCCN_C_04	41	Picture	ITI	1043387	9999	2	10166	3	10000	10000	miss	0
BCCN_C_04	42	Picture	cond:1_stimuli_presented:7*_brightness:127	1053720	0	1	9999	2	0	10000	hit	165
BCCN_C_04	42	Pulse	99	1057352	3632	NA
BCCN_C_04	42	Response	103	1059202	5482	1
BCCN_C_04	42	Picture	ITI	1063719	9999	1	10165	2	10000	10000	miss	0
BCCN_C_04	43	Picture	cond:2_stimuli_presented:93_brightness:186	1074051	0	1	9999	2	0	10000	hit	169
BCCN_C_04	43	Pulse	99	1075352	1301	NA
BCCN_C_04	43	Response	103	1083479	9428	1
BCCN_C_04	43	Picture	ITI	1084050	9999	1	10165	2	10000	10000	miss	0
BCCN_C_04	43	Pulse	99	1093352	19301	NA
BCCN_C_04	44	Picture	cond:1_stimuli_presented:1*_brightness:127	1094382	0	1	9999	2	0	10000	hit	173
BCCN_C_04	44	Response	103	1100269	5887	1
BCCN_C_04	44	Picture	ITI	1104381	9999	1	10166	2	10000	10000	miss	0
BCCN_C_04	44	Pulse	99	1111352	16970	NA
BCCN_C_04	45	Picture	cond:1_stimuli_presented:2*_brightness:127	1114713	0	1	9999	2	0	10000	hit	177
BCCN_C_04	45	Response	104	1120113	5400	24
BCCN_C_04	45	Picture	ITI	1124712	9999	1	10166	2	10000	10000	miss	0
BCCN_C_04	45	Pulse	99	1129352	14639	NA
BCCN_C_04	46	Picture	cond:1_stimuli_presented:7*_brightness:127	1135044	0	1	9999	2	0	10000	hit	181
BCCN_C_04	46	Response	103	1140201	5157	1
BCCN_C_04	46	Picture	ITI	1145043	9999	1	10166	2	10000	10000	miss	0
BCCN_C_04	46	Pulse	99	1147351	12307	NA
BCCN_C_04	47	Picture	cond:1_stimuli_presented:8*_brightness:127	1155376	0	1	9999	2	0	10000	hit	185
BCCN_C_04	47	Response	104	1160270	4894	1
BCCN_C_04	47	Pulse	99	1165351	9975	NA
BCCN_C_04	47	Picture	ITI	1165375	9999	1	10165	2	10000	10000	miss	0
BCCN_C_04	48	Picture	cond:3_stimuli_presented:42_brightness:81	1175707	0	1	9999	2	0	10000	hit	190
BCCN_C_04	48	Pulse	99	1183351	7644	NA
BCCN_C_04	48	Response	101	1185037	9330	2
BCCN_C_04	48	Picture	ITI	1185706	9999	1	10165	2	10000	10000	miss	0
BCCN_C_04	49	Picture	cond:1_stimuli_presented:6*_brightness:127	1196038	0	1	9999	2	0	10000	hit	194
BCCN_C_04	49	Pulse	99	1201351	5313	NA
BCCN_C_04	49	Response	104	1202163	6125	2
BCCN_C_04	49	Picture	ITI	1206037	9999	1	10165	3	10000	10000	miss	0
BCCN_C_04	50	Picture	cond:1_stimuli_presented:8*_brightness:127	1216369	0	1	9999	2	0	10000	hit	198
BCCN_C_04	50	Pulse	99	1219351	2982	NA
BCCN_C_04	50	Response	104	1222878	6509	1
BCCN_C_04	50	Picture	ITI	1226368	9999	1	10166	2	10000	10000	miss	0
BCCN_C_04	51	Picture	cond:1_stimuli_presented:3*_brightness:127	1236700	0	1	9999	2	0	10000	incorrect	202
BCCN_C_04	51	Pulse	99	1237351	651	NA
BCCN_C_04	51	Response	4	1241320	4620	2
BCCN_C_04	51	Picture	ITI	1246699	9999	1	10166	2	10000	10000	miss	0
BCCN_C_04	51	Pulse	99	1255350	18650	NA
BCCN_C_04	52	Picture	cond:1_stimuli_presented:7*_brightness:127	1257031	0	2	9999	3	0	10000	hit	206
BCCN_C_04	52	Response	103	1263687	6656	1
BCCN_C_04	52	Picture	ITI	1267030	9999	1	10166	2	10000	10000	miss	0
BCCN_C_04	52	Pulse	99	1273350	16319	NA
BCCN_C_04	53	Picture	cond:1_stimuli_presented:4*_brightness:127	1277363	0	1	9999	2	0	10000	hit	210
BCCN_C_04	53	Response	104	1282181	4818	2
BCCN_C_04	53	Picture	ITI	1287362	9999	1	10165	2	10000	10000	miss	0
BCCN_C_04	53	Pulse	99	1291350	13987	NA
BCCN_C_04	54	Picture	cond:3_stimuli_presented:87_brightness:63	1297694	0	1	9999	2	0	10000	hit	214
BCCN_C_04	54	Response	102	1307543	9849	3
BCCN_C_04	54	Picture	ITI	1307693	9999	1	10165	2	10000	10000	miss	0
BCCN_C_04	54	Pulse	99	1309350	11656	NA
BCCN_C_04	55	Picture	cond:1_stimuli_presented:1*_brightness:127	1318025	0	1	9999	2	0	10000	incorrect	218
BCCN_C_04	55	Response	4	1322913	4888	1
BCCN_C_04	55	Pulse	99	1327350	9325	NA
BCCN_C_04	55	Picture	ITI	1328024	9999	1	10166	2	10000	10000	miss	0
BCCN_C_04	56	Picture	cond:1_stimuli_presented:2*_brightness:127	1338356	0	1	9999	2	0	10000	hit	222
BCCN_C_04	56	Response	104	1342905	4549	1
BCCN_C_04	56	Pulse	99	1345349	6993	NA
BCCN_C_04	56	Picture	ITI	1348355	9999	1	10166	2	10000	10000	miss	0
BCCN_C_04	57	Picture	cond:1_stimuli_presented:7*_brightness:127	1358687	0	1	9999	2	0	10000	hit	227
BCCN_C_04	57	Pulse	99	1363349	4662	NA
BCCN_C_04	57	Response	103	1366175	7488	1
BCCN_C_04	57	Picture	ITI	1368686	9999	1	10166	2	10000	10000	miss	0
BCCN_C_04	58	Picture	cond:2_stimuli_presented:21_brightness:183	1379018	0	2	9999	4	0	10000	hit	231
BCCN_C_04	58	Pulse	99	1381349	2331	NA
BCCN_C_04	58	Response	104	1388206	9188	2
BCCN_C_04	58	Picture	ITI	1389017	9999	2	10166	3	10000	10000	miss	0
BCCN_C_04	58	Pulse	99	1399349	20331	NA
BCCN_C_04	59	Picture	cond:1_stimuli_presented:4*_brightness:127	1399350	0	1	9999	2	0	10000	hit	235
BCCN_C_04	59	Response	104	1405565	6215	1
BCCN_C_04	59	Picture	ITI	1409349	9999	1	10165	2	10000	10000	miss	0
BCCN_C_04	59	Pulse	99	1417349	17999	NA
BCCN_C_04	60	Picture	cond:1_stimuli_presented:3*_brightness:127	1419681	0	1	9999	2	0	10000	hit	239
BCCN_C_04	60	Response	103	1425789	6108	1
BCCN_C_04	60	Picture	ITI	1429680	9999	1	10165	2	10000	10000	miss	0
BCCN_C_04	60	Pulse	99	1435349	15668	NA
BCCN_C_04	61	Picture	cond:1_stimuli_presented:6*_brightness:127	1440012	0	1	9999	2	0	10000	hit	243
BCCN_C_04	61	Response	104	1447820	7808	1
BCCN_C_04	61	Picture	ITI	1450011	9999	1	10166	2	10000	10000	miss	0
BCCN_C_04	61	Pulse	99	1453348	13336	NA
BCCN_C_04	62	Picture	cond:1_stimuli_presented:4*_brightness:127	1460343	0	1	9999	2	0	10000	hit	247
BCCN_C_04	62	Response	104	1466030	5687	1
BCCN_C_04	62	Picture	ITI	1470342	9999	1	10166	2	10000	10000	miss	0
BCCN_C_04	62	Pulse	99	1471348	11005	NA
BCCN_C_04	63	Picture	cond:1_stimuli_presented:3*_brightness:127	1480674	0	1	9999	2	0	10000	hit	251
BCCN_C_04	63	Response	103	1486331	5657	1
BCCN_C_04	63	Pulse	99	1489348	8674	NA
BCCN_C_04	63	Picture	ITI	1490673	9999	1	10166	2	10000	10000	miss	0
BCCN_C_04	64	Picture	cond:2_stimuli_presented:84_brightness:172	1501006	0	1	9998	3	0	10000	hit	256
BCCN_C_04	64	Pulse	99	1507348	6342	NA
BCCN_C_04	64	Response	104	1508517	7511	1
BCCN_C_04	64	Picture	ITI	1511004	9998	2	10166	3	10000	10000	miss	0
BCCN_C_04	65	Picture	cond:1_stimuli_presented:7*_brightness:127	1521337	0	1	9999	2	0	10000	hit	260
BCCN_C_04	65	Pulse	99	1525348	4011	NA
BCCN_C_04	65	Response	103	1526211	4874	1
BCCN_C_04	65	Picture	ITI	1531336	9999	1	10165	2	10000	10000	miss	0
BCCN_C_04	66	Picture	cond:1_stimuli_presented:4*_brightness:127	1541668	0	1	9999	2	0	10000	hit	264
BCCN_C_04	66	Pulse	99	1543348	1680	NA
BCCN_C_04	66	Response	104	1548165	6497	1
BCCN_C_04	66	Picture	ITI	1551667	9999	1	10165	3	10000	10000	miss	0
BCCN_C_04	66	Pulse	99	1561347	19679	NA
BCCN_C_04	67	Picture	cond:1_stimuli_presented:7*_brightness:127	1561999	0	1	9999	2	0	10000	hit	268
BCCN_C_04	67	Response	103	1567640	5641	1
BCCN_C_04	67	Picture	ITI	1571998	9999	1	10166	2	10000	10000	miss	0
BCCN_C_04	67	Pulse	99	1579347	17348	NA
BCCN_C_04	68	Picture	cond:1_stimuli_presented:9*_brightness:127	1582330	0	1	9999	2	0	10000	hit	272
BCCN_C_04	68	Response	103	1587838	5508	1
BCCN_C_04	68	Picture	ITI	1592329	9999	1	10166	2	10000	10000	miss	0
BCCN_C_04	68	Pulse	99	1597347	15017	NA
BCCN_C_04	69	Picture	cond:1_stimuli_presented:2*_brightness:127	1602661	0	2	9999	3	0	10000	hit	276
BCCN_C_04	69	Response	104	1608553	5892	1
BCCN_C_04	69	Picture	ITI	1612660	9999	1	10166	2	10000	10000	miss	0
BCCN_C_04	69	Pulse	99	1615347	12686	NA
BCCN_C_04	70	Picture	cond:3_stimuli_presented:39_brightness:73	1622993	0	1	9999	2	0	10000	hit	280
BCCN_C_04	70	Response	102	1632262	9269	1
BCCN_C_04	70	Picture	ITI	1632992	9999	1	10165	2	10000	10000	miss	0
BCCN_C_04	70	Pulse	99	1633347	10354	NA
BCCN_C_04	71	Picture	cond:1_stimuli_presented:4*_brightness:127	1643324	0	1	9999	2	0	10000	hit	284
BCCN_C_04	71	Response	104	1650472	7148	1
BCCN_C_04	71	Pulse	99	1651347	8023	NA
BCCN_C_04	71	Picture	ITI	1653323	9999	1	10165	2	10000	10000	miss	0
BCCN_C_04	72	Picture	cond:1_stimuli_presented:6*_brightness:127	1663655	0	1	9999	2	0	10000	hit	289
BCCN_C_04	72	Pulse	99	1669346	5691	NA
BCCN_C_04	72	Response	104	1670231	6576	2
BCCN_C_04	72	Picture	ITI	1673654	9999	1	10165	3	10000	10000	miss	0
BCCN_C_04	73	Picture	cond:1_stimuli_presented:1*_brightness:127	1683986	0	1	9999	2	0	10000	hit	293
BCCN_C_04	73	Pulse	99	1687346	3360	NA
BCCN_C_04	73	Response	103	1690584	6598	2
BCCN_C_04	73	Picture	ITI	1693985	9999	1	10166	2	10000	10000	miss	0
BCCN_C_04	74	Picture	cond:1_stimuli_presented:6*_brightness:127	1704317	0	1	9999	2	0	10000	hit	297
BCCN_C_04	74	Pulse	99	1705346	1029	NA
BCCN_C_04	74	Response	104	1710473	6156	1
BCCN_C_04	74	Picture	ITI	1714316	9999	1	10166	2	10000	10000	miss	0
BCCN_C_04	74	Pulse	99	1723346	19029	NA
BCCN_C_04	75	Picture	cond:4_stimuli_presented:82_brightness:123	1724648	0	2	9999	4	0	10000	hit	302
BCCN_C_04	75	Picture	ITI	1734647	9999	2	10166	3	10000	10000	miss	0
BCCN_C_04	75	Response	101	1739939	15291	1
BCCN_C_04	75	Pulse	99	1741346	16698	NA
BCCN_C_04	76	Picture	cond:1_stimuli_presented:9*_brightness:127	1744980	0	1	9999	2	0	10000	hit	305
BCCN_C_04	76	Response	103	1750482	5502	1
BCCN_C_04	76	Picture	ITI	1754979	9999	1	10165	2	10000	10000	miss	0
BCCN_C_04	76	Pulse	99	1759346	14366	NA
BCCN_C_04	77	Picture	cond:1_stimuli_presented:3*_brightness:127	1765311	0	1	9999	2	0	10000	hit	309
BCCN_C_04	77	Response	103	1771790	6479	1
BCCN_C_04	77	Picture	ITI	1775310	9999	1	10165	3	10000	10000	miss	0
BCCN_C_04	77	Pulse	99	1777345	12034	NA
BCCN_C_04	78	Picture	cond:1_stimuli_presented:1*_brightness:127	1785642	0	1	9999	2	0	10000	incorrect	313
BCCN_C_04	78	Response	4	1792298	6656	1
BCCN_C_04	78	Pulse	99	1795345	9703	NA
BCCN_C_04	78	Picture	ITI	1795641	9999	1	10166	2	10000	10000	miss	0
BCCN_C_04	79	Picture	cond:1_stimuli_presented:4*_brightness:127	1805973	0	1	9999	2	0	10000	hit	317
BCCN_C_04	79	Response	104	1812186	6213	1
BCCN_C_04	79	Pulse	99	1813345	7372	NA
BCCN_C_04	79	Picture	ITI	1815972	9999	1	10166	2	10000	10000	miss	0
BCCN_C_04	80	Picture	cond:1_stimuli_presented:9*_brightness:127	1826304	0	2	9999	3	0	10000	hit	322
BCCN_C_04	80	Pulse	99	1831345	5041	NA
BCCN_C_04	80	Response	103	1831868	5564	1
BCCN_C_04	80	Picture	ITI	1836303	9999	1	10166	2	10000	10000	miss	0
BCCN_C_04	81	Picture	cond:2_stimuli_presented:63_brightness:184	1846636	0	1	9998	3	0	10000	hit	326
BCCN_C_04	81	Pulse	99	1849345	2709	NA
BCCN_C_04	81	Response	104	1855164	8528	1
BCCN_C_04	81	Picture	ITI	1856634	9998	2	10166	3	10000	10000	miss	0
BCCN_C_04	82	Picture	cond:1_stimuli_presented:2*_brightness:127	1866967	0	1	9999	2	0	10000	hit	330
BCCN_C_04	82	Pulse	99	1867345	378	NA
BCCN_C_04	82	Response	104	1872187	5220	1
BCCN_C_04	82	Picture	ITI	1876966	9999	1	10165	2	10000	10000	miss	0
BCCN_C_04	82	Pulse	99	1885344	18377	NA
BCCN_C_04	83	Picture	cond:1_stimuli_presented:3*_brightness:127	1887298	0	1	9999	2	0	10000	hit	334
BCCN_C_04	83	Response	103	1892824	5526	1
BCCN_C_04	83	Picture	ITI	1897297	9999	1	10165	3	10000	10000	miss	0
BCCN_C_04	83	Pulse	99	1903344	16046	NA
BCCN_C_04	84	Picture	cond:1_stimuli_presented:6*_brightness:127	1907629	0	1	9999	2	0	10000	hit	338
BCCN_C_04	84	Response	104	1913074	5445	1
BCCN_C_04	84	Picture	ITI	1917628	9999	1	10166	2	10000	10000	miss	0
BCCN_C_04	84	Pulse	99	1921344	13715	NA
BCCN_C_04	85	Picture	cond:4_stimuli_presented:18_brightness:128	1927960	0	1	9999	2	0	10000	miss	0
BCCN_C_04	85	Picture	ITI	1937959	9999	1	10166	2	10000	10000	miss	0
BCCN_C_04	85	Pulse	99	1939344	11384	NA
BCCN_C_04	86	Picture	cond:1_stimuli_presented:9*_brightness:127	1948291	0	2	9999	3	0	10000	incorrect	345
BCCN_C_04	86	Response	2	1948917	626	1
BCCN_C_04	86	Response	3	1953315	5024	1
BCCN_C_04	86	Pulse	99	1957344	9053	NA
BCCN_C_04	86	Picture	ITI	1958290	9999	1	10166	2	10000	10000	miss	0
BCCN_C_04	87	Picture	cond:1_stimuli_presented:1*_brightness:127	1968623	0	1	9999	2	0	10000	hit	351
BCCN_C_04	87	Pulse	99	1975344	6721	NA
BCCN_C_04	87	Response	103	1975759	7136	1
BCCN_C_04	87	Picture	ITI	1978622	9999	1	10165	2	10000	10000	miss	0
BCCN_C_04	88	Picture	cond:1_stimuli_presented:2*_brightness:127	1988954	0	1	9999	2	0	10000	hit	355
BCCN_C_04	88	Pulse	99	1993343	4389	NA
BCCN_C_04	88	Response	104	1994925	5971	1
BCCN_C_04	88	Picture	ITI	1998953	9999	1	10165	2	10000	10000	miss	0
BCCN_C_04	89	Picture	cond:1_stimuli_presented:8*_brightness:127	2009285	0	1	9999	2	0	10000	hit	359
BCCN_C_04	89	Pulse	99	2011343	2058	NA
BCCN_C_04	89	Response	104	2018995	9710	1
BCCN_C_04	89	Picture	ITI	2019284	9999	1	10165	3	10000	10000	miss	0
BCCN_C_04	89	Pulse	99	2029343	20058	NA
BCCN_C_04	90	Picture	cond:1_stimuli_presented:4*_brightness:127	2029616	0	1	9999	2	0	10000	hit	363
BCCN_C_04	90	Response	104	2034959	5343	2
BCCN_C_04	90	Picture	ITI	2039615	9999	1	10166	2	10000	10000	miss	0
BCCN_C_04	90	Pulse	99	2047343	17727	NA
BCCN_C_04	91	Picture	cond:1_stimuli_presented:7*_brightness:127	2049947	0	1	9999	2	0	10000	hit	367
BCCN_C_04	91	Response	103	2055209	5262	1
BCCN_C_04	91	Picture	ITI	2059946	9999	1	10166	2	10000	10000	miss	0
BCCN_C_04	91	Pulse	99	2065343	15396	NA
BCCN_C_04	92	Picture	cond:1_stimuli_presented:6*_brightness:127	2070278	0	2	9999	4	0	10000	hit	371
BCCN_C_04	92	Response	104	2075820	5542	1
BCCN_C_04	92	Picture	ITI	2080277	9999	2	10166	3	10000	10000	miss	0
BCCN_C_04	92	Pulse	99	2083343	13065	NA
BCCN_C_04	93	Picture	cond:4_stimuli_presented:14_brightness:128	2090610	0	1	9999	2	0	10000	incorrect	377
BCCN_C_04	93	Picture	ITI	2100609	9999	1	10165	2	10000	10000	miss	0
BCCN_C_04	93	Pulse	99	2101342	10732	NA
BCCN_C_04	93	Response	1	2105726	15116	1
BCCN_C_04	94	Picture	cond:1_stimuli_presented:9*_brightness:127	2110941	0	1	9999	2	0	10000	hit	379
BCCN_C_04	94	Response	103	2117120	6179	1
BCCN_C_04	94	Pulse	99	2119342	8401	NA
BCCN_C_04	94	Picture	ITI	2120940	9999	1	10165	2	10000	10000	miss	0
BCCN_C_04	95	Picture	cond:1_stimuli_presented:4*_brightness:127	2131272	0	1	9999	2	0	10000	hit	384
BCCN_C_04	95	Pulse	99	2137342	6070	NA
BCCN_C_04	95	Response	104	2138997	7725	1
BCCN_C_04	95	Picture	ITI	2141271	9999	1	10166	2	10000	10000	miss	0
BCCN_C_04	96	Picture	cond:1_stimuli_presented:2*_brightness:127	2151603	0	1	9999	2	0	10000	hit	388
BCCN_C_04	96	Pulse	99	2155342	3739	NA
BCCN_C_04	96	Response	104	2156613	5010	1
BCCN_C_04	96	Picture	ITI	2161602	9999	1	10166	2	10000	10000	miss	0
BCCN_C_04	97	Picture	cond:1_stimuli_presented:7*_brightness:127	2171934	0	2	9999	3	0	10000	hit	392
BCCN_C_04	97	Pulse	99	2173342	1408	NA
BCCN_C_04	97	Response	103	2177224	5290	1
BCCN_C_04	97	Picture	ITI	2181933	9999	1	10166	2	10000	10000	miss	0
BCCN_C_04	97	Pulse	99	2191342	19408	NA
BCCN_C_04	98	Picture	cond:3_stimuli_presented:43_brightness:66	2192266	0	1	9998	3	0	10000	hit	396
BCCN_C_04	98	Response	101	2201630	9364	2
BCCN_C_04	98	Picture	ITI	2202264	9998	2	10166	3	10000	10000	miss	0
BCCN_C_04	98	Pulse	99	2209341	17075	NA
BCCN_C_04	99	Picture	cond:1_stimuli_presented:2*_brightness:127	2212597	0	1	9999	2	0	10000	hit	400
BCCN_C_04	99	Response	104	2217827	5230	1
BCCN_C_04	99	Picture	ITI	2222596	9999	1	10165	2	10000	10000	miss	0
BCCN_C_04	99	Pulse	99	2227341	14744	NA
BCCN_C_04	100	Picture	cond:1_stimuli_presented:9*_brightness:127	2232928	0	1	9999	2	0	10000	hit	404
BCCN_C_04	100	Response	103	2238231	5303	2
BCCN_C_04	100	Picture	ITI	2242927	9999	1	10165	3	10000	10000	miss	0
BCCN_C_04	100	Pulse	99	2245341	12413	NA
BCCN_C_04	101	Picture	cond:1_stimuli_presented:1*_brightness:127	2253259	0	1	9999	2	0	10000	incorrect	408
BCCN_C_04	101	Response	4	2257965	4706	1
BCCN_C_04	101	Picture	ITI	2263258	9999	1	10166	2	10000	10000	miss	0
BCCN_C_04	101	Pulse	99	2263341	10082	NA
BCCN_C_04	102	Picture	cond:1_stimuli_presented:8*_brightness:127	2273590	0	1	9999	2	0	10000	hit	412
BCCN_C_04	102	Response	104	2278370	4780	1
BCCN_C_04	102	Pulse	99	2281341	7751	NA
BCCN_C_04	102	Picture	ITI	2283589	9999	1	10166	2	10000	10000	miss	0
BCCN_C_04	103	Picture	cond:4_stimuli_presented:41_brightness:135	2293921	0	2	9999	3	0	10000	hit	418
BCCN_C_04	103	Pulse	99	2299340	5419	NA
BCCN_C_04	103	Picture	ITI	2303920	9999	1	10166	2	10000	10000	miss	0
BCCN_C_04	103	Response	104	2308714	14793	1
BCCN_C_04	104	Picture	cond:1_stimuli_presented:8*_brightness:127	2314253	0	1	9999	2	0	10000	hit	421
BCCN_C_04	104	Pulse	99	2317340	3087	NA
BCCN_C_04	104	Response	104	2319927	5674	2
BCCN_C_04	104	Picture	ITI	2324252	9999	1	10165	2	10000	10000	miss	0
BCCN_C_04	105	Picture	cond:1_stimuli_presented:9*_brightness:127	2334584	0	1	9999	2	0	10000	hit	425
BCCN_C_04	105	Pulse	99	2335340	756	NA
BCCN_C_04	105	Response	103	2339893	5309	1
BCCN_C_04	105	Picture	ITI	2344583	9999	1	10165	2	10000	10000	miss	0
BCCN_C_04	105	Pulse	99	2353340	18756	NA
BCCN_C_04	106	Picture	cond:1_stimuli_presented:1*_brightness:127	2354915	0	1	9999	2	0	10000	hit	429
BCCN_C_04	106	Response	103	2363628	8713	2
BCCN_C_04	106	Picture	ITI	2364914	9999	1	10166	2	10000	10000	miss	0
BCCN_C_04	106	Pulse	99	2371340	16425	NA
BCCN_C_04	107	Picture	cond:4_stimuli_presented:68_brightness:124	2375246	0	1	9999	2	0	10000	incorrect	435
BCCN_C_04	107	Picture	ITI	2385245	9999	1	10166	2	10000	10000	miss	0
BCCN_C_04	107	Pulse	99	2389340	14094	NA
BCCN_C_04	107	Response	1	2389455	14209	1
BCCN_C_04	108	Picture	cond:1_stimuli_presented:9*_brightness:127	2395577	0	1	9999	2	0	10000	hit	437
BCCN_C_04	108	Response	103	2402192	6615	1
BCCN_C_04	108	Picture	ITI	2405576	9999	1	10166	2	10000	10000	miss	0
BCCN_C_04	108	Pulse	99	2407339	11762	NA
BCCN_C_04	109	Picture	cond:1_stimuli_presented:8*_brightness:127	2415908	0	2	9999	4	0	10000	hit	441
BCCN_C_04	109	Response	104	2424739	8831	1
BCCN_C_04	109	Pulse	99	2425339	9431	NA
BCCN_C_04	109	Picture	ITI	2425907	9999	2	10166	3	10000	10000	miss	0
BCCN_C_04	110	Picture	cond:1_stimuli_presented:1*_brightness:127	2436240	0	1	9999	2	0	10000	hit	445
BCCN_C_04	110	Response	103	2443078	6838	2
BCCN_C_04	110	Pulse	99	2443339	7099	NA
BCCN_C_04	110	Picture	ITI	2446239	9999	1	10165	2	10000	10000	miss	0
BCCN_C_04	111	Picture	cond:1_stimuli_presented:9*_brightness:127	2456571	0	1	9999	2	0	10000	hit	450
BCCN_C_04	111	Pulse	99	2461339	4768	NA
BCCN_C_04	111	Response	103	2461831	5260	1
BCCN_C_04	111	Picture	ITI	2466570	9999	1	10165	3	10000	10000	miss	0
BCCN_C_04	112	Picture	cond:1_stimuli_presented:6*_brightness:127	2476902	0	1	9999	2	0	10000	hit	454
BCCN_C_04	112	Pulse	99	2479339	2437	NA
BCCN_C_04	112	Response	104	2482235	5333	2
BCCN_C_04	112	Picture	ITI	2486901	9999	1	10166	2	10000	10000	miss	0
BCCN_C_04	113	Picture	cond:3_stimuli_presented:89_brightness:81	2497233	0	1	9999	2	0	10000	hit	459
BCCN_C_04	113	Pulse	99	2497339	106	NA
BCCN_C_04	113	Picture	ITI	2507232	9999	1	10166	2	10000	10000	miss	0
BCCN_C_04	113	Response	102	2507287	10054	1
BCCN_C_04	113	Pulse	99	2515338	18105	NA
BCCN_C_04	114	Picture	cond:1_stimuli_presented:4*_brightness:127	2517564	0	1	9999	2	0	10000	hit	462
BCCN_C_04	114	Response	104	2523897	6333	1
BCCN_C_04	114	Picture	ITI	2527563	9999	1	10166	2	10000	10000	miss	0
BCCN_C_04	114	Pulse	99	2533338	15774	NA
BCCN_C_04	115	Picture	cond:1_stimuli_presented:8*_brightness:127	2537896	0	1	9998	3	0	10000	hit	466
BCCN_C_04	115	Response	104	2544534	6638	1
BCCN_C_04	115	Picture	ITI	2547894	9998	2	10166	3	10000	10000	miss	0
BCCN_C_04	115	Pulse	99	2551338	13442	NA
BCCN_C_04	116	Picture	cond:1_stimuli_presented:4*_brightness:127	2558227	0	1	9999	2	0	10000	hit	470
BCCN_C_04	116	Response	104	2562950	4723	2
BCCN_C_04	116	Picture	ITI	2568226	9999	1	10165	2	10000	10000	miss	0
BCCN_C_04	116	Pulse	99	2569338	11111	NA
BCCN_C_04	117	Picture	cond:1_stimuli_presented:3*_brightness:127	2578558	0	1	9999	2	0	10000	hit	474
BCCN_C_04	117	Response	103	2583665	5107	1
BCCN_C_04	117	Pulse	99	2587338	8780	NA
BCCN_C_04	117	Picture	ITI	2588557	9999	1	10165	3	10000	10000	miss	0
BCCN_C_04	118	Picture	cond:2_stimuli_presented:67_brightness:186	2598889	0	1	9999	2	0	10000	hit	479
BCCN_C_04	118	Pulse	99	2605338	6449	NA
BCCN_C_04	118	Response	104	2607038	8149	2
BCCN_C_04	118	Picture	ITI	2608888	9999	1	10166	2	10000	10000	miss	0
BCCN_C_04	119	Picture	cond:1_stimuli_presented:4*_brightness:127	2619220	0	1	9999	2	0	10000	hit	483
BCCN_C_04	119	Pulse	99	2623337	4117	NA
BCCN_C_04	119	Response	104	2624423	5203	1
BCCN_C_04	119	Picture	ITI	2629219	9999	1	10166	2	10000	10000	miss	0
BCCN_C_04	120	Picture	cond:1_stimuli_presented:7*_brightness:127	2639551	0	2	9999	3	0	10000	hit	487
BCCN_C_04	120	Pulse	99	2641337	1786	NA
BCCN_C_04	120	Response	103	2644233	4682	2
BCCN_C_04	120	Picture	ITI	2649550	9999	1	10166	2	10000	10000	miss	0
BCCN_C_04	120	Pulse	99	2659337	19786	NA
BCCN_C_04	121	Picture	cond:1_stimuli_presented:6*_brightness:127	2659883	0	1	9999	2	0	10000	hit	491
BCCN_C_04	121	Response	104	2665258	5375	1
BCCN_C_04	121	Picture	ITI	2669882	9999	1	10165	2	10000	10000	miss	0
BCCN_C_04	121	Pulse	99	2677337	17454	NA
BCCN_C_04	122	Picture	cond:3_stimuli_presented:18_brightness:80	2680214	0	1	9999	2	0	10000	hit	495
BCCN_C_04	122	Response	102	2690129	9915	1
BCCN_C_04	122	Picture	ITI	2690213	9999	1	10165	2	10000	10000	miss	0
BCCN_C_04	122	Pulse	99	2695337	15123	NA
BCCN_C_04	123	Picture	cond:1_stimuli_presented:3*_brightness:127	2700545	0	1	9999	2	0	10000	incorrect	499
BCCN_C_04	123	Response	4	2707358	6813	1
BCCN_C_04	123	Picture	ITI	2710544	9999	1	10165	3	10000	10000	miss	0
BCCN_C_04	123	Pulse	99	2713337	12792	NA
BCCN_C_04	124	Picture	cond:1_stimuli_presented:4*_brightness:127	2720876	0	1	9999	2	0	10000	hit	503
BCCN_C_04	124	Response	104	2725620	4744	1
BCCN_C_04	124	Picture	ITI	2730875	9999	1	10166	2	10000	10000	miss	0
BCCN_C_04	124	Pulse	99	2731336	10460	NA
BCCN_C_04	125	Picture	cond:1_stimuli_presented:2*_brightness:127	2741207	0	1	9999	2	0	10000	hit	507
BCCN_C_04	125	Response	104	2745973	4766	1
BCCN_C_04	125	Pulse	99	2749336	8129	NA
BCCN_C_04	125	Picture	ITI	2751206	9999	1	10166	2	10000	10000	miss	0
BCCN_C_04	126	Picture	cond:1_stimuli_presented:8*_brightness:127	2761539	0	1	9998	3	0	10000	hit	512
BCCN_C_04	126	Pulse	99	2767336	5797	NA
BCCN_C_04	126	Response	104	2767539	6000	1
BCCN_C_04	126	Picture	ITI	2771537	9998	2	10166	3	10000	10000	miss	0
BCCN_C_04	127	Picture	cond:1_stimuli_presented:7*_brightness:127	2781870	0	1	9999	2	0	10000	hit	516
BCCN_C_04	127	Pulse	99	2785336	3466	NA
BCCN_C_04	127	Response	103	2787221	5351	1
BCCN_C_04	127	Picture	ITI	2791869	9999	1	10165	2	10000	10000	miss	0
BCCN_C_04	128	Picture	cond:2_stimuli_presented:18_brightness:177	2802201	0	1	9999	2	0	10000	incorrect	520
BCCN_C_04	128	Pulse	99	2803336	1135	NA
BCCN_C_04	128	Response	4	2810001	7800	1
BCCN_C_04	128	Picture	ITI	2812200	9999	1	10165	2	10000	10000	miss	0
BCCN_C_04	128	Pulse	99	2821336	19135	NA
BCCN_C_04	129	Picture	cond:1_stimuli_presented:3*_brightness:127	2822532	0	1	9999	2	0	10000	incorrect	524
BCCN_C_04	129	Response	4	2828831	6299	1
BCCN_C_04	129	Picture	ITI	2832531	9999	1	10166	2	10000	10000	miss	0
BCCN_C_04	129	Pulse	99	2839335	16803	NA
BCCN_C_04	130	Picture	cond:1_stimuli_presented:8*_brightness:127	2842863	0	1	9999	2	0	10000	hit	528
BCCN_C_04	130	Response	104	2848745	5882	1
BCCN_C_04	130	Picture	ITI	2852862	9999	1	10166	2	10000	10000	miss	0
BCCN_C_04	130	Pulse	99	2857335	14472	NA
BCCN_C_04	131	Picture	cond:1_stimuli_presented:6*_brightness:127	2863194	0	1	9999	2	0	10000	hit	532
BCCN_C_04	131	Response	104	2868865	5671	2
BCCN_C_04	131	Picture	ITI	2873193	9999	1	10166	2	10000	10000	miss	0
BCCN_C_04	131	Pulse	99	2875335	12141	NA
BCCN_C_04	132	Picture	cond:3_stimuli_presented:74_brightness:79	2883526	0	1	9999	2	0	10000	hit	538
BCCN_C_04	132	Pulse	99	2893335	9809	NA
BCCN_C_04	132	Picture	ITI	2893525	9999	1	10165	2	10000	10000	miss	0
BCCN_C_04	132	Response	101	2894124	10598	1
BCCN_C_04	133	Picture	cond:1_stimuli_presented:9*_brightness:127	2903857	0	1	9999	2	0	10000	hit	540
BCCN_C_04	133	Response	103	2910449	6592	1
BCCN_C_04	133	Pulse	99	2911335	7478	NA
BCCN_C_04	133	Picture	ITI	2913856	9999	1	10165	2	10000	10000	miss	0
BCCN_C_04	134	Picture	cond:1_stimuli_presented:8*_brightness:127	2924188	0	1	9999	2	0	10000	hit	545
BCCN_C_04	134	Pulse	99	2929335	5147	NA
BCCN_C_04	134	Response	104	2930183	5995	1
BCCN_C_04	134	Picture	ITI	2934187	9999	1	10165	3	10000	10000	miss	0
BCCN_C_04	135	Picture	cond:1_stimuli_presented:3*_brightness:127	2944519	0	1	9999	2	0	10000	hit	550
BCCN_C_04	135	Pulse	99	2947334	2815	NA
BCCN_C_04	135	Picture	ITI	2954518	9999	1	10166	2	10000	10000	miss	0
BCCN_C_04	135	Response	103	2961250	16731	1
BCCN_C_04	136	Picture	cond:3_stimuli_presented:84_brightness:64	2964850	0	1	9999	2	0	10000	hit	554
BCCN_C_04	136	Pulse	99	2965334	484	NA
BCCN_C_04	136	Picture	ITI	2974849	9999	1	10166	2	10000	10000	miss	0
BCCN_C_04	136	Response	101	2980364	15514	1
BCCN_C_04	136	Pulse	99	2983334	18484	NA
BCCN_C_04	137	Picture	cond:1_stimuli_presented:3*_brightness:127	2985181	0	2	9999	3	0	10000	hit	557
BCCN_C_04	137	Response	103	2991629	6448	1
BCCN_C_04	137	Picture	ITI	2995180	9999	1	10166	2	10000	10000	miss	0
BCCN_C_04	137	Pulse	99	3001334	16153	NA
BCCN_C_04	138	Picture	cond:1_stimuli_presented:8*_brightness:127	3005513	0	1	9999	2	0	10000	hit	561
BCCN_C_04	138	Response	104	3012886	7373	1
BCCN_C_04	138	Picture	ITI	3015512	9999	1	10165	2	10000	10000	miss	0
BCCN_C_04	138	Pulse	99	3019334	13821	NA
BCCN_C_04	139	Picture	cond:1_stimuli_presented:2*_brightness:127	3025844	0	1	9999	2	0	10000	hit	565
BCCN_C_04	139	Response	104	3031999	6155	2
BCCN_C_04	139	Picture	ITI	3035843	9999	1	10165	2	10000	10000	miss	0
BCCN_C_04	139	Pulse	99	3037334	11490	NA
BCCN_C_04	140	Picture	cond:1_stimuli_presented:7*_brightness:127	3046175	0	1	9999	2	0	10000	hit	569
BCCN_C_04	140	Response	103	3051733	5558	1
BCCN_C_04	140	Pulse	99	3055333	9158	NA
BCCN_C_04	140	Picture	ITI	3056174	9999	1	10166	2	10000	10000	miss	0
BCCN_C_04	141	Picture	cond:1_stimuli_presented:9*_brightness:127	3066506	0	1	9999	2	0	10000	hit	573
BCCN_C_04	141	Response	103	3072396	5890	1
BCCN_C_04	141	Pulse	99	3073333	6827	NA
BCCN_C_04	141	Picture	ITI	3076505	9999	1	10166	2	10000	10000	miss	0
BCCN_C_04	142	Picture	cond:3_stimuli_presented:61_brightness:71	3086837	0	1	9999	2	0	10000	hit	578
BCCN_C_04	142	Pulse	99	3091333	4496	NA
BCCN_C_04	142	Response	101	3095950	9113	1
BCCN_C_04	142	Picture	ITI	3096836	9999	1	10166	2	10000	10000	miss	0
BCCN_C_04	143	Picture	cond:1_stimuli_presented:2*_brightness:127	3107168	0	2	9999	4	0	10000	hit	582
BCCN_C_04	143	Pulse	99	3109333	2165	NA
BCCN_C_04	143	Response	104	3113954	6786	1
BCCN_C_04	143	Picture	ITI	3117167	9999	2	10166	3	10000	10000	miss	0
BCCN_C_04	143	Pulse	99	3127333	20165	NA
BCCN_C_04	144	Picture	cond:1_stimuli_presented:6*_brightness:127	3127500	0	1	9999	2	0	10000	hit	586
BCCN_C_04	144	Response	104	3135236	7736	1
BCCN_C_04	144	Picture	ITI	3137499	9999	1	10165	2	10000	10000	miss	0
BCCN_C_04	144	Pulse	99	3145333	17833	NA
BCCN_C_04	145	Picture	cond:1_stimuli_presented:3*_brightness:127	3147831	0	1	9999	2	0	10000	hit	590
BCCN_C_04	145	Response	103	3154686	6855	1
BCCN_C_04	145	Picture	ITI	3157830	9999	1	10165	2	10000	10000	miss	0
BCCN_C_04	145	Pulse	99	3163332	15501	NA
BCCN_C_04	146	Picture	cond:2_stimuli_presented:74_brightness:181	3168162	0	1	9999	2	0	10000	hit	594
BCCN_C_04	146	Response	103	3175787	7625	1
BCCN_C_04	146	Picture	ITI	3178161	9999	1	10166	2	10000	10000	miss	0
BCCN_C_04	146	Pulse	99	3181332	13170	NA
BCCN_C_04	147	Picture	cond:1_stimuli_presented:3*_brightness:127	3188493	0	1	9999	2	0	10000	hit	598
BCCN_C_04	147	Response	103	3194695	6202	1
BCCN_C_04	147	Picture	ITI	3198492	9999	1	10166	2	10000	10000	miss	0
BCCN_C_04	147	Pulse	99	3199332	10839	NA
BCCN_C_04	148	Picture	cond:1_stimuli_presented:8*_brightness:127	3208824	0	1	9999	2	0	10000	hit	602
BCCN_C_04	148	Response	104	3215099	6275	2
BCCN_C_04	148	Pulse	99	3217332	8508	NA
BCCN_C_04	148	Picture	ITI	3218823	9999	1	10166	2	10000	10000	miss	0
BCCN_C_04	149	Picture	cond:1_stimuli_presented:4*_brightness:127	3229156	0	1	9998	3	0	10000	hit	607
BCCN_C_04	149	Pulse	99	3235332	6176	NA
BCCN_C_04	149	Response	104	3235685	6529	1
BCCN_C_04	149	Picture	ITI	3239154	9998	2	10166	3	10000	10000	miss	0
BCCN_C_04	150	Picture	cond:2_stimuli_presented:73_brightness:172	3249487	0	1	9999	2	0	10000	hit	611
BCCN_C_04	150	Pulse	99	3253331	3844	NA
BCCN_C_04	150	Response	103	3257845	8358	1
BCCN_C_04	150	Picture	ITI	3259486	9999	1	10165	2	10000	10000	miss	0
BCCN_C_04	151	Picture	cond:1_stimuli_presented:8*_brightness:127	3269818	0	1	9999	2	0	10000	hit	615
BCCN_C_04	151	Pulse	99	3271331	1513	NA
BCCN_C_04	151	Response	104	3275952	6134	1
BCCN_C_04	151	Picture	ITI	3279817	9999	1	10165	3	10000	10000	miss	0
BCCN_C_04	151	Pulse	99	3289331	19513	NA
BCCN_C_04	152	Picture	cond:1_stimuli_presented:2*_brightness:127	3290149	0	1	9999	2	0	10000	hit	619
BCCN_C_04	152	Response	104	3295272	5123	1
BCCN_C_04	152	Picture	ITI	3300148	9999	1	10166	2	10000	10000	miss	0
BCCN_C_04	152	Pulse	99	3307331	17182	NA
BCCN_C_04	153	Picture	cond:1_stimuli_presented:1*_brightness:127	3310480	0	1	9999	2	0	10000	hit	623
BCCN_C_04	153	Response	103	3316141	5661	2
BCCN_C_04	153	Picture	ITI	3320479	9999	1	10166	2	10000	10000	miss	0
BCCN_C_04	153	Pulse	99	3325331	14851	NA
BCCN_C_04	154	Picture	cond:4_stimuli_presented:48_brightness:128	3330811	0	2	9999	3	0	10000	hit	627
BCCN_C_04	154	Response	104	3338302	7491	1
BCCN_C_04	154	Picture	ITI	3340810	9999	1	10166	2	10000	10000	miss	0
BCCN_C_04	154	Pulse	99	3343331	12520	NA
BCCN_C_04	154	Manual	Prozent korrekt Baseline: 95.0%	3350984	20173
BCCN_C_04	154	Manual	Prozent korrekt Distraktor: 80.0%	3350984	20173
BCCN_C_04	154	Manual	Prozent korrekt Switch: 100.0%	3350985	20174
BCCN_C_04	155	Picture	ENDE	3351143	0	1	30163	2	0	30000	other	0
BCCN_C_04	155	Pulse	99	3361331	10188	NA
BCCN_C_04	155	Pulse	99	3379330	28187	NA
BCCN_C_04	156	Picture	ende info	3381473	0	1	194420	2	0	next	other	0
BCCN_C_04	156	Response	5	3570315	188842	1
