BCCN_C_02 Scenario - Flex_main_Maenner_1
BCCN_C_02 Logfile written - 01/10/2012 13:36:23
BCCN_C_02 
BCCN_C_02 Trial	Event Type	Code	Time	TTime	Uncertainty	Duration	Uncertainty	ReqTime	ReqDur	Stim Type	Pair Index
BCCN_C_02 
BCCN_C_02 0	Manual	m1_r_b1	-9998	-9998
BCCN_C_02 1	Picture	instructreminder	-5335	0	2	53827	3	0	next	hit	3
BCCN_C_02 1	Response	101	48444	53779	1
BCCN_C_02 2	Picture	warning	48492	0	1	141318	3	0	next	other	0
BCCN_C_02 2	Pulse	99	189761	141269	NA
BCCN_C_02 3	Picture	dummyscans	189810	0	2	37163	3	0	37000	other	0
BCCN_C_02 3	Pulse	99	207761	17951	NA
BCCN_C_02 3	Pulse	99	225761	35951	NA
BCCN_C_02 4	Picture	beginning_fix	227140	0	1	16665	2	0	next	other	0
BCCN_C_02 4	Pulse	99	243761	16621	NA
BCCN_C_02 5	Picture	cond:1_stimuli_presented:9*_brightness:127	243805	0	1	9999	2	0	10000	hit	12
BCCN_C_02 5	Response	101	250988	7183	1
BCCN_C_02 5	Picture	ITI	253804	9999	1	10165	2	10000	10000	miss	0
BCCN_C_02 5	Pulse	99	261760	17955	NA
BCCN_C_02 6	Picture	cond:1_stimuli_presented:3*_brightness:127	264136	0	1	9999	2	0	10000	hit	16
BCCN_C_02 6	Response	101	270028	5892	24
BCCN_C_02 6	Picture	ITI	274135	9999	1	10165	2	10000	10000	miss	0
BCCN_C_02 6	Pulse	99	279760	15624	NA
BCCN_C_02 7	Picture	cond:1_stimuli_presented:1*_brightness:127	284467	0	1	9999	2	0	10000	hit	20
BCCN_C_02 7	Response	101	290030	5563	24
BCCN_C_02 7	Picture	ITI	294466	9999	1	10166	2	10000	10000	miss	0
BCCN_C_02 7	Pulse	99	297760	13293	NA
BCCN_C_02 8	Picture	cond:4_stimuli_presented:27_brightness:128	304798	0	1	9999	2	0	10000	incorrect	26
BCCN_C_02 8	Picture	ITI	314797	9999	1	10166	2	10000	10000	miss	0
BCCN_C_02 8	Pulse	99	315760	10962	NA
BCCN_C_02 8	Response	4	319457	14659	1
BCCN_C_02 9	Picture	cond:1_stimuli_presented:8*_brightness:127	325129	0	1	9999	2	0	10000	hit	29
BCCN_C_02 9	Pulse	99	333760	8631	NA
BCCN_C_02 9	Response	102	335085	9956	1
BCCN_C_02 9	Picture	ITI	335128	9999	1	10166	2	10000	10000	miss	0
BCCN_C_02 10	Picture	cond:1_stimuli_presented:7*_brightness:127	345461	0	1	9998	3	0	10000	hit	32
BCCN_C_02 10	Response	101	351204	5743	2
BCCN_C_02 10	Pulse	99	351760	6299	NA
BCCN_C_02 10	Picture	ITI	355459	9998	2	10166	3	10000	10000	miss	0
BCCN_C_02 11	Picture	cond:1_stimuli_presented:1*_brightness:127	365792	0	1	9999	2	0	10000	hit	37
BCCN_C_02 11	Pulse	99	369759	3967	NA
BCCN_C_02 11	Response	101	370680	4888	1
BCCN_C_02 11	Picture	ITI	375791	9999	1	10165	2	10000	10000	miss	0
BCCN_C_02 12	Picture	cond:4_stimuli_presented:86_brightness:128	386123	0	1	9999	2	0	10000	incorrect	42
BCCN_C_02 12	Pulse	99	387759	1636	NA
BCCN_C_02 12	Picture	ITI	396122	9999	1	10165	3	10000	10000	miss	0
BCCN_C_02 12	Response	4	403760	17637	2
BCCN_C_02 12	Pulse	99	405759	19636	NA
BCCN_C_02 13	Picture	cond:1_stimuli_presented:3*_brightness:127	406454	0	1	9999	2	0	10000	hit	46
BCCN_C_02 13	Picture	ITI	416453	9999	1	10166	2	10000	10000	miss	0
BCCN_C_02 13	Response	101	421041	14587	1
BCCN_C_02 13	Pulse	99	423759	17305	NA
BCCN_C_02 14	Picture	cond:1_stimuli_presented:9*_brightness:127	426785	0	1	9999	2	0	10000	hit	49
BCCN_C_02 14	Response	101	432307	5522	1
BCCN_C_02 14	Picture	ITI	436784	9999	1	10166	2	10000	10000	miss	0
BCCN_C_02 14	Pulse	99	441759	14974	NA
BCCN_C_02 15	Picture	cond:1_stimuli_presented:1*_brightness:127	447116	0	2	9999	3	0	10000	hit	53
BCCN_C_02 15	Response	101	453512	6396	1
BCCN_C_02 15	Picture	ITI	457115	9999	1	10166	2	10000	10000	miss	0
BCCN_C_02 15	Pulse	99	459759	12643	NA
BCCN_C_02 16	Picture	cond:3_stimuli_presented:46_brightness:77	467448	0	1	9999	2	0	10000	hit	59
BCCN_C_02 16	Picture	ITI	477447	9999	1	10165	2	10000	10000	miss	0
BCCN_C_02 16	Pulse	99	477758	10310	NA
BCCN_C_02 16	Response	104	481971	14523	1
BCCN_C_02 17	Picture	cond:1_stimuli_presented:2*_brightness:127	487779	0	1	9999	2	0	10000	hit	63
BCCN_C_02 17	Pulse	99	495758	7979	NA
BCCN_C_02 17	Picture	ITI	497778	9999	1	10165	2	10000	10000	miss	0
BCCN_C_02 17	Response	102	498658	10879	2
BCCN_C_02 18	Picture	cond:1_stimuli_presented:7*_brightness:127	508110	0	1	9999	2	0	10000	hit	65
BCCN_C_02 18	Response	101	513512	5402	1
BCCN_C_02 18	Pulse	99	513758	5648	NA
BCCN_C_02 18	Picture	ITI	518109	9999	1	10165	3	10000	10000	miss	0
BCCN_C_02 19	Picture	cond:1_stimuli_presented:4*_brightness:127	528441	0	1	9999	2	0	10000	hit	70
BCCN_C_02 19	Pulse	99	531758	3317	NA
BCCN_C_02 19	Response	102	535234	6793	1
BCCN_C_02 19	Picture	ITI	538440	9999	1	10166	2	10000	10000	miss	0
BCCN_C_02 20	Picture	cond:3_stimuli_presented:23_brightness:73	548772	0	1	9999	2	0	10000	hit	75
BCCN_C_02 20	Pulse	99	549758	986	NA
BCCN_C_02 20	Picture	ITI	558771	9999	1	10166	2	10000	10000	miss	0
BCCN_C_02 20	Response	103	561163	12391	1
BCCN_C_02 20	Pulse	99	567758	18986	NA
BCCN_C_02 21	Picture	cond:1_stimuli_presented:4*_brightness:127	569103	0	2	9999	4	0	10000	hit	79
BCCN_C_02 21	Picture	ITI	579102	9999	2	10166	3	10000	10000	miss	0
BCCN_C_02 21	Response	102	581748	12645	2
BCCN_C_02 21	Pulse	99	585757	16654	NA
BCCN_C_02 22	Picture	cond:1_stimuli_presented:8*_brightness:127	589435	0	1	9999	2	0	10000	hit	82
BCCN_C_02 22	Response	102	596732	7297	1
BCCN_C_02 22	Picture	ITI	599434	9999	1	10165	2	10000	10000	miss	0
BCCN_C_02 22	Pulse	99	603757	14322	NA
BCCN_C_02 23	Picture	cond:1_stimuli_presented:9*_brightness:127	609766	0	1	9999	2	0	10000	hit	86
BCCN_C_02 23	Response	101	616000	6234	2
BCCN_C_02 23	Picture	ITI	619765	9999	1	10165	2	10000	10000	miss	0
BCCN_C_02 23	Pulse	99	621757	11991	NA
BCCN_C_02 24	Picture	cond:4_stimuli_presented:48_brightness:128	630097	0	1	9999	2	0	10000	incorrect	92
BCCN_C_02 24	Pulse	99	639757	9660	NA
BCCN_C_02 24	Picture	ITI	640096	9999	1	10166	2	10000	10000	miss	0
BCCN_C_02 24	Response	4	640587	10490	2
BCCN_C_02 25	Picture	cond:1_stimuli_presented:1*_brightness:127	650428	0	1	9999	2	0	10000	hit	96
BCCN_C_02 25	Pulse	99	657757	7329	NA
BCCN_C_02 25	Picture	ITI	660427	9999	1	10166	2	10000	10000	miss	0
BCCN_C_02 25	Response	101	660682	10254	1
BCCN_C_02 26	Picture	cond:1_stimuli_presented:6*_brightness:127	670759	0	1	9999	2	0	10000	hit	99
BCCN_C_02 26	Pulse	99	675757	4998	NA
BCCN_C_02 26	Response	102	677472	6713	2
BCCN_C_02 26	Picture	ITI	680758	9999	1	10166	2	10000	10000	miss	0
BCCN_C_02 27	Picture	cond:1_stimuli_presented:4*_brightness:127	691091	0	1	9998	3	0	10000	hit	103
BCCN_C_02 27	Pulse	99	693756	2665	NA
BCCN_C_02 27	Response	102	696638	5547	1
BCCN_C_02 27	Picture	ITI	701089	9998	2	10166	3	10000	10000	miss	0
BCCN_C_02 28	Picture	cond:1_stimuli_presented:9*_brightness:127	711422	0	1	9999	2	0	10000	incorrect	107
BCCN_C_02 28	Pulse	99	711756	334	NA
BCCN_C_02 28	Response	2	716113	4691	1
BCCN_C_02 28	Picture	ITI	721421	9999	1	10165	2	10000	10000	miss	0
BCCN_C_02 28	Pulse	99	729756	18334	NA
BCCN_C_02 29	Picture	cond:1_stimuli_presented:1*_brightness:127	731753	0	1	9999	2	0	10000	hit	111
BCCN_C_02 29	Response	101	737215	5462	1
BCCN_C_02 29	Picture	ITI	741752	9999	1	10165	3	10000	10000	miss	0
BCCN_C_02 29	Pulse	99	747756	16003	NA
BCCN_C_02 30	Picture	cond:2_stimuli_presented:38_brightness:185	752084	0	1	9999	2	0	10000	hit	116
BCCN_C_02 30	Picture	ITI	762083	9999	1	10166	2	10000	10000	miss	0
BCCN_C_02 30	Response	101	762241	10157	1
BCCN_C_02 30	Pulse	99	765756	13672	NA
BCCN_C_02 31	Picture	cond:1_stimuli_presented:2*_brightness:127	772415	0	1	9999	2	0	10000	hit	119
BCCN_C_02 31	Response	102	780554	8139	1
BCCN_C_02 31	Picture	ITI	782414	9999	1	10166	2	10000	10000	miss	0
BCCN_C_02 31	Pulse	99	783756	11341	NA
BCCN_C_02 32	Picture	cond:1_stimuli_presented:8*_brightness:127	792746	0	1	9999	2	0	10000	hit	125
BCCN_C_02 32	Pulse	99	801755	9009	NA
BCCN_C_02 32	Picture	ITI	802745	9999	1	10166	2	10000	10000	miss	0
BCCN_C_02 32	Response	102	803644	10898	1
BCCN_C_02 33	Picture	cond:1_stimuli_presented:4*_brightness:127	813078	0	1	9998	3	0	10000	hit	128
BCCN_C_02 33	Pulse	99	819755	6677	NA
BCCN_C_02 33	Response	102	820047	6969	1
BCCN_C_02 33	Picture	ITI	823076	9998	2	10166	3	10000	10000	miss	0
BCCN_C_02 34	Picture	cond:4_stimuli_presented:37_brightness:128	833409	0	1	9999	2	0	10000	incorrect	133
BCCN_C_02 34	Pulse	99	837755	4346	NA
BCCN_C_02 34	Picture	ITI	843408	9999	1	10165	2	10000	10000	miss	0
BCCN_C_02 34	Response	4	845357	11948	1
BCCN_C_02 35	Picture	cond:1_stimuli_presented:6*_brightness:127	853740	0	1	9999	2	0	10000	hit	136
BCCN_C_02 35	Pulse	99	855755	2015	NA
BCCN_C_02 35	Response	102	862767	9027	1
BCCN_C_02 35	Picture	ITI	863739	9999	1	10165	3	10000	10000	miss	0
BCCN_C_02 35	Pulse	99	873755	20015	NA
BCCN_C_02 36	Picture	cond:1_stimuli_presented:9*_brightness:127	874071	0	1	9999	2	0	10000	incorrect	140
BCCN_C_02 36	Response	2	880616	6545	1
BCCN_C_02 36	Response	1	882432	8361	1
BCCN_C_02 36	Picture	ITI	884070	9999	1	10166	2	10000	10000	miss	0
BCCN_C_02 36	Pulse	99	891754	17683	NA
BCCN_C_02 37	Picture	cond:1_stimuli_presented:6*_brightness:127	894402	0	1	9999	2	0	10000	hit	145
BCCN_C_02 37	Response	102	901210	6808	1
BCCN_C_02 37	Picture	ITI	904401	9999	1	10166	2	10000	10000	miss	0
BCCN_C_02 37	Pulse	99	909754	15352	NA
BCCN_C_02 38	Picture	cond:1_stimuli_presented:7*_brightness:127	914733	0	2	9999	3	0	10000	hit	149
BCCN_C_02 38	Response	101	923293	8560	1
BCCN_C_02 38	Picture	ITI	924732	9999	1	10166	2	10000	10000	miss	0
BCCN_C_02 38	Pulse	99	927754	13021	NA
BCCN_C_02 39	Picture	cond:1_stimuli_presented:9*_brightness:127	935065	0	1	9999	2	0	10000	hit	153
BCCN_C_02 39	Response	101	942871	7806	2
BCCN_C_02 39	Picture	ITI	945064	9999	1	10165	2	10000	10000	miss	0
BCCN_C_02 39	Pulse	99	945754	10689	NA
BCCN_C_02 40	Picture	cond:4_stimuli_presented:36_brightness:124	955396	0	1	9999	2	0	10000	hit	159
BCCN_C_02 40	Pulse	99	963754	8358	NA
BCCN_C_02 40	Picture	ITI	965395	9999	1	10165	2	10000	10000	miss	0
BCCN_C_02 40	Response	104	966684	11288	1
BCCN_C_02 41	Picture	cond:1_stimuli_presented:1*_brightness:127	975727	0	1	9999	2	0	10000	hit	163
BCCN_C_02 41	Pulse	99	981754	6027	NA
BCCN_C_02 41	Picture	ITI	985726	9999	1	10165	3	10000	10000	miss	0
BCCN_C_02 41	Response	101	988999	13272	1
BCCN_C_02 42	Picture	cond:1_stimuli_presented:7*_brightness:127	996058	0	1	9999	2	0	10000	hit	166
BCCN_C_02 42	Pulse	99	999753	3695	NA
BCCN_C_02 42	Response	101	1002769	6711	1
BCCN_C_02 42	Picture	ITI	1006057	9999	1	10166	2	10000	10000	miss	0
BCCN_C_02 43	Picture	cond:1_stimuli_presented:2*_brightness:127	1016389	0	1	9999	2	0	10000	hit	170
BCCN_C_02 43	Pulse	99	1017753	1364	NA
BCCN_C_02 43	Response	102	1022734	6345	2
BCCN_C_02 43	Picture	ITI	1026388	9999	1	10166	2	10000	10000	miss	0
BCCN_C_02 43	Pulse	99	1035753	19364	NA
BCCN_C_02 44	Picture	cond:1_stimuli_presented:6*_brightness:127	1036721	0	1	9998	3	0	10000	hit	174
BCCN_C_02 44	Response	102	1044972	8251	1
BCCN_C_02 44	Picture	ITI	1046719	9998	2	10166	3	10000	10000	miss	0
BCCN_C_02 44	Pulse	99	1053753	17032	NA
BCCN_C_02 45	Picture	cond:3_stimuli_presented:87_brightness:69	1057052	0	1	9999	2	0	10000	hit	178
BCCN_C_02 45	Response	104	1065403	8351	1
BCCN_C_02 45	Picture	ITI	1067051	9999	1	10165	2	10000	10000	miss	0
BCCN_C_02 45	Pulse	99	1071753	14701	NA
BCCN_C_02 46	Picture	cond:1_stimuli_presented:4*_brightness:127	1077383	0	1	9999	2	0	10000	hit	182
BCCN_C_02 46	Response	102	1084594	7211	1
BCCN_C_02 46	Picture	ITI	1087382	9999	1	10165	2	10000	10000	miss	0
BCCN_C_02 46	Pulse	99	1089753	12370	NA
BCCN_C_02 47	Picture	cond:1_stimuli_presented:2*_brightness:127	1097714	0	1	9999	2	0	10000	hit	186
BCCN_C_02 47	Response	102	1104689	6975	1
BCCN_C_02 47	Picture	ITI	1107713	9999	1	10166	2	10000	10000	miss	0
BCCN_C_02 47	Pulse	99	1107752	10038	NA
BCCN_C_02 48	Picture	cond:1_stimuli_presented:9*_brightness:127	1118045	0	1	9999	2	0	10000	hit	190
BCCN_C_02 48	Response	101	1123983	5938	1
BCCN_C_02 48	Pulse	99	1125752	7707	NA
BCCN_C_02 48	Picture	ITI	1128044	9999	1	10166	2	10000	10000	miss	0
BCCN_C_02 49	Picture	cond:1_stimuli_presented:1*_brightness:127	1138376	0	1	9999	2	0	10000	incorrect	195
BCCN_C_02 49	Pulse	99	1143752	5376	NA
BCCN_C_02 49	Response	2	1147047	8671	1
BCCN_C_02 49	Picture	ITI	1148375	9999	1	10166	2	10000	10000	miss	0
BCCN_C_02 50	Picture	cond:1_stimuli_presented:2*_brightness:127	1158708	0	1	9998	3	0	10000	hit	199
BCCN_C_02 50	Pulse	99	1161752	3044	NA
BCCN_C_02 50	Response	102	1166522	7814	2
BCCN_C_02 50	Picture	ITI	1168706	9998	2	10166	3	10000	10000	miss	0
BCCN_C_02 51	Picture	cond:3_stimuli_presented:39_brightness:71	1179039	0	1	9999	2	0	10000	hit	204
BCCN_C_02 51	Pulse	99	1179752	713	NA
BCCN_C_02 51	Picture	ITI	1189038	9999	1	10165	2	10000	10000	miss	0
BCCN_C_02 51	Response	104	1194336	15297	2
BCCN_C_02 51	Pulse	99	1197752	18713	NA
BCCN_C_02 52	Picture	cond:1_stimuli_presented:8*_brightness:127	1199370	0	1	9999	2	0	10000	hit	209
BCCN_C_02 52	Picture	ITI	1209369	9999	1	10165	2	10000	10000	miss	0
BCCN_C_02 52	Pulse	99	1215751	16381	NA
BCCN_C_02 52	Response	102	1217452	18082	1
BCCN_C_02 53	Picture	cond:1_stimuli_presented:1*_brightness:127	1219701	0	1	9999	2	0	10000	hit	211
BCCN_C_02 53	Response	101	1225232	5531	1
BCCN_C_02 53	Picture	ITI	1229700	9999	1	10166	2	10000	10000	miss	0
BCCN_C_02 53	Pulse	99	1233751	14050	NA
BCCN_C_02 54	Picture	cond:1_stimuli_presented:7*_brightness:127	1240032	0	1	9999	2	0	10000	hit	215
BCCN_C_02 54	Response	101	1246360	6328	1
BCCN_C_02 54	Picture	ITI	1250031	9999	1	10166	2	10000	10000	miss	0
BCCN_C_02 54	Pulse	99	1251751	11719	NA
BCCN_C_02 55	Picture	cond:2_stimuli_presented:34_brightness:191	1260363	0	2	9999	3	0	10000	hit	220
BCCN_C_02 55	Pulse	99	1269751	9388	NA
BCCN_C_02 55	Response	101	1269888	9525	1
BCCN_C_02 55	Picture	ITI	1270362	9999	1	10166	2	10000	10000	miss	0
BCCN_C_02 56	Picture	cond:1_stimuli_presented:6*_brightness:127	1280695	0	1	9999	2	0	10000	hit	224
BCCN_C_02 56	Pulse	99	1287751	7056	NA
BCCN_C_02 56	Response	102	1287892	7197	1
BCCN_C_02 56	Picture	ITI	1290694	9999	1	10165	2	10000	10000	miss	0
BCCN_C_02 57	Picture	cond:1_stimuli_presented:4*_brightness:127	1301026	0	1	9999	2	0	10000	hit	228
BCCN_C_02 57	Pulse	99	1305751	4725	NA
BCCN_C_02 57	Response	102	1307057	6031	1
BCCN_C_02 57	Picture	ITI	1311025	9999	1	10165	2	10000	10000	miss	0
BCCN_C_02 58	Picture	cond:1_stimuli_presented:9*_brightness:127	1321357	0	1	9999	2	0	10000	hit	232
BCCN_C_02 58	Pulse	99	1323750	2393	NA
BCCN_C_02 58	Response	101	1327978	6621	2
BCCN_C_02 58	Picture	ITI	1331356	9999	1	10165	3	10000	10000	miss	0
BCCN_C_02 59	Picture	cond:2_stimuli_presented:63_brightness:188	1341688	0	1	9999	2	0	10000	hit	237
BCCN_C_02 59	Pulse	99	1341750	62	NA
BCCN_C_02 59	Picture	ITI	1351687	9999	1	10166	2	10000	10000	miss	0
BCCN_C_02 59	Response	102	1351920	10232	1
BCCN_C_02 59	Pulse	99	1359750	18062	NA
BCCN_C_02 60	Picture	cond:1_stimuli_presented:2*_brightness:127	1362019	0	1	9999	2	0	10000	hit	240
BCCN_C_02 60	Response	102	1370079	8060	1
BCCN_C_02 60	Picture	ITI	1372018	9999	1	10166	2	10000	10000	miss	0
BCCN_C_02 60	Pulse	99	1377750	15731	NA
BCCN_C_02 61	Picture	cond:1_stimuli_presented:4*_brightness:127	1382350	0	2	9999	4	0	10000	hit	244
BCCN_C_02 61	Response	102	1388134	5784	1
BCCN_C_02 61	Picture	ITI	1392349	9999	2	10166	3	10000	10000	miss	0
BCCN_C_02 61	Pulse	99	1395750	13400	NA
BCCN_C_02 62	Picture	cond:1_stimuli_presented:1*_brightness:127	1402682	0	1	9999	2	0	10000	hit	248
BCCN_C_02 62	Response	101	1408745	6063	1
BCCN_C_02 62	Picture	ITI	1412681	9999	1	10165	2	10000	10000	miss	0
BCCN_C_02 62	Pulse	99	1413750	11068	NA
BCCN_C_02 63	Picture	cond:3_stimuli_presented:32_brightness:74	1423013	0	1	9999	2	0	10000	hit	254
BCCN_C_02 63	Pulse	99	1431749	8736	NA
BCCN_C_02 63	Picture	ITI	1433012	9999	1	10165	2	10000	10000	miss	0
BCCN_C_02 63	Response	103	1438057	15044	1
BCCN_C_02 64	Picture	cond:1_stimuli_presented:6*_brightness:127	1443344	0	1	9999	2	0	10000	hit	257
BCCN_C_02 64	Pulse	99	1449749	6405	NA
BCCN_C_02 64	Response	102	1452007	8663	1
BCCN_C_02 64	Picture	ITI	1453343	9999	1	10166	2	10000	10000	miss	0
BCCN_C_02 65	Picture	cond:1_stimuli_presented:4*_brightness:127	1463675	0	1	9999	2	0	10000	hit	261
BCCN_C_02 65	Pulse	99	1467749	4074	NA
BCCN_C_02 65	Response	102	1469391	5716	1
BCCN_C_02 65	Picture	ITI	1473674	9999	1	10166	2	10000	10000	miss	0
BCCN_C_02 66	Picture	cond:1_stimuli_presented:7*_brightness:127	1484006	0	1	9999	2	0	10000	hit	265
BCCN_C_02 66	Pulse	99	1485749	1743	NA
BCCN_C_02 66	Response	101	1490209	6203	1
BCCN_C_02 66	Picture	ITI	1494005	9999	1	10166	2	10000	10000	miss	0
BCCN_C_02 66	Pulse	99	1503749	19743	NA
BCCN_C_02 67	Picture	cond:1_stimuli_presented:6*_brightness:127	1504337	0	2	9999	4	0	10000	hit	269
BCCN_C_02 67	Response	102	1512292	7955	1
BCCN_C_02 67	Picture	ITI	1514336	9999	2	10166	3	10000	10000	miss	0
BCCN_C_02 67	Pulse	99	1521749	17412	NA
BCCN_C_02 68	Picture	cond:2_stimuli_presented:37_brightness:192	1524669	0	1	9999	2	0	10000	hit	273
BCCN_C_02 68	Response	101	1533290	8621	1
BCCN_C_02 68	Picture	ITI	1534668	9999	1	10165	2	10000	10000	miss	0
BCCN_C_02 68	Pulse	99	1539748	15079	NA
BCCN_C_02 69	Picture	cond:1_stimuli_presented:1*_brightness:127	1545000	0	1	9999	2	0	10000	hit	277
BCCN_C_02 69	Response	101	1553488	8488	1
BCCN_C_02 69	Picture	ITI	1554999	9999	1	10165	3	10000	10000	miss	0
BCCN_C_02 69	Pulse	99	1557748	12748	NA
BCCN_C_02 70	Picture	cond:1_stimuli_presented:9*_brightness:127	1565331	0	1	9999	2	0	10000	hit	281
BCCN_C_02 70	Response	101	1573919	8588	1
BCCN_C_02 70	Picture	ITI	1575330	9999	1	10166	2	10000	10000	miss	0
BCCN_C_02 70	Pulse	99	1575748	10417	NA
BCCN_C_02 71	Picture	cond:1_stimuli_presented:6*_brightness:127	1585662	0	1	9999	2	0	10000	hit	285
BCCN_C_02 71	Response	102	1593032	7370	2
BCCN_C_02 71	Pulse	99	1593748	8086	NA
BCCN_C_02 71	Picture	ITI	1595661	9999	1	10166	2	10000	10000	miss	0
BCCN_C_02 72	Picture	cond:1_stimuli_presented:1*_brightness:127	1605993	0	2	9999	3	0	10000	hit	290
BCCN_C_02 72	Pulse	99	1611748	5755	NA
BCCN_C_02 72	Response	101	1613360	7367	1
BCCN_C_02 72	Picture	ITI	1615992	9999	1	10166	2	10000	10000	miss	0
BCCN_C_02 73	Picture	cond:1_stimuli_presented:6*_brightness:127	1626325	0	1	9999	2	0	10000	hit	294
BCCN_C_02 73	Pulse	99	1629747	3422	NA
BCCN_C_02 73	Response	102	1632706	6381	1
BCCN_C_02 73	Picture	ITI	1636324	9999	1	10165	2	10000	10000	miss	0
BCCN_C_02 74	Picture	cond:1_stimuli_presented:2*_brightness:127	1646656	0	1	9999	2	0	10000	incorrect	298
BCCN_C_02 74	Pulse	99	1647747	1091	NA
BCCN_C_02 74	Response	1	1653291	6635	1
BCCN_C_02 74	Picture	ITI	1656655	9999	1	10165	2	10000	10000	miss	0
BCCN_C_02 74	Pulse	99	1665747	19091	NA
BCCN_C_02 75	Picture	cond:2_stimuli_presented:73_brightness:181	1666987	0	1	9999	2	0	10000	hit	303
BCCN_C_02 75	Picture	ITI	1676986	9999	1	10165	3	10000	10000	miss	0
BCCN_C_02 75	Response	101	1677646	10659	1
BCCN_C_02 75	Pulse	99	1683747	16760	NA
BCCN_C_02 76	Picture	cond:1_stimuli_presented:9*_brightness:127	1687318	0	1	9999	2	0	10000	hit	306
BCCN_C_02 76	Response	101	1695805	8487	1
BCCN_C_02 76	Picture	ITI	1697317	9999	1	10166	2	10000	10000	miss	0
BCCN_C_02 76	Pulse	99	1701747	14429	NA
BCCN_C_02 77	Picture	cond:1_stimuli_presented:2*_brightness:127	1707649	0	1	9999	2	0	10000	hit	310
BCCN_C_02 77	Response	102	1714737	7088	2
BCCN_C_02 77	Picture	ITI	1717648	9999	1	10166	2	10000	10000	miss	0
BCCN_C_02 77	Pulse	99	1719747	12098	NA
BCCN_C_02 78	Picture	cond:1_stimuli_presented:1*_brightness:127	1727980	0	2	9999	3	0	10000	hit	314
BCCN_C_02 78	Response	101	1733412	5432	2
BCCN_C_02 78	Pulse	99	1737746	9766	NA
BCCN_C_02 78	Picture	ITI	1737979	9999	1	10166	2	10000	10000	miss	0
BCCN_C_02 79	Picture	cond:1_stimuli_presented:7*_brightness:127	1748312	0	1	9999	2	0	10000	hit	319
BCCN_C_02 79	Pulse	99	1755746	7434	NA
BCCN_C_02 79	Response	101	1755960	7648	1
BCCN_C_02 79	Picture	ITI	1758311	9999	1	10165	2	10000	10000	miss	0
BCCN_C_02 80	Picture	cond:1_stimuli_presented:9*_brightness:127	1768643	0	1	9999	2	0	10000	hit	323
BCCN_C_02 80	Pulse	99	1773746	5103	NA
BCCN_C_02 80	Response	101	1776984	8341	1
BCCN_C_02 80	Picture	ITI	1778642	9999	1	10165	2	10000	10000	miss	0
BCCN_C_02 81	Picture	cond:3_stimuli_presented:12_brightness:85	1788974	0	1	9999	2	0	10000	hit	328
BCCN_C_02 81	Pulse	99	1791746	2772	NA
BCCN_C_02 81	Picture	ITI	1798973	9999	1	10165	3	10000	10000	miss	0
BCCN_C_02 81	Response	103	1805676	16702	1
BCCN_C_02 82	Picture	cond:1_stimuli_presented:9*_brightness:127	1809305	0	1	9999	2	0	10000	hit	332
BCCN_C_02 82	Pulse	99	1809746	441	NA
BCCN_C_02 82	Picture	ITI	1819304	9999	1	10166	2	10000	10000	miss	0
BCCN_C_02 82	Response	101	1821434	12129	1
BCCN_C_02 82	Pulse	99	1827746	18441	NA
BCCN_C_02 83	Picture	cond:1_stimuli_presented:3*_brightness:127	1829636	0	1	9999	2	0	10000	hit	335
BCCN_C_02 83	Response	101	1835746	6110	1
BCCN_C_02 83	Picture	ITI	1839635	9999	1	10166	2	10000	10000	miss	0
BCCN_C_02 83	Pulse	99	1845745	16109	NA
BCCN_C_02 84	Picture	cond:1_stimuli_presented:6*_brightness:127	1849967	0	2	9999	4	0	10000	hit	339
BCCN_C_02 84	Response	102	1857983	8016	1
BCCN_C_02 84	Picture	ITI	1859966	9999	2	10166	3	10000	10000	miss	0
BCCN_C_02 84	Pulse	99	1863745	13778	NA
BCCN_C_02 85	Picture	cond:3_stimuli_presented:42_brightness:75	1870299	0	1	9999	2	0	10000	hit	345
BCCN_C_02 85	Picture	ITI	1880298	9999	1	10165	2	10000	10000	miss	0
BCCN_C_02 85	Pulse	99	1881745	11446	NA
BCCN_C_02 85	Response	103	1881976	11677	2
BCCN_C_02 86	Picture	cond:1_stimuli_presented:9*_brightness:127	1890630	0	1	9999	2	0	10000	hit	349
BCCN_C_02 86	Pulse	99	1899745	9115	NA
BCCN_C_02 86	Picture	ITI	1900629	9999	1	10165	2	10000	10000	miss	0
BCCN_C_02 86	Response	101	1900729	10099	1
BCCN_C_02 87	Picture	cond:1_stimuli_presented:4*_brightness:127	1910961	0	1	9999	2	0	10000	hit	351
BCCN_C_02 87	Response	102	1916486	5525	2
BCCN_C_02 87	Pulse	99	1917745	6784	NA
BCCN_C_02 87	Picture	ITI	1920960	9999	1	10166	2	10000	10000	miss	0
BCCN_C_02 88	Picture	cond:1_stimuli_presented:2*_brightness:127	1931292	0	1	9999	2	0	10000	hit	356
BCCN_C_02 88	Pulse	99	1935745	4453	NA
BCCN_C_02 88	Response	102	1937640	6348	1
BCCN_C_02 88	Picture	ITI	1941291	9999	1	10166	2	10000	10000	miss	0
BCCN_C_02 89	Picture	cond:1_stimuli_presented:9*_brightness:127	1951623	0	2	9999	3	0	10000	hit	360
BCCN_C_02 89	Pulse	99	1953744	2121	NA
BCCN_C_02 89	Response	101	1959852	8229	1
BCCN_C_02 89	Picture	ITI	1961622	9999	1	10166	2	10000	10000	miss	0
BCCN_C_02 89	Pulse	99	1971744	20121	NA
BCCN_C_02 90	Picture	cond:1_stimuli_presented:7*_brightness:127	1971955	0	1	9998	3	0	10000	hit	364
BCCN_C_02 90	Response	101	1979869	7914	1
BCCN_C_02 90	Picture	ITI	1981953	9998	2	10166	3	10000	10000	miss	0
BCCN_C_02 90	Pulse	99	1989744	17789	NA
BCCN_C_02 91	Picture	cond:1_stimuli_presented:4*_brightness:127	1992286	0	1	9999	2	0	10000	hit	368
BCCN_C_02 91	Response	102	1998363	6077	1
BCCN_C_02 91	Picture	ITI	2002285	9999	1	10165	2	10000	10000	miss	0
BCCN_C_02 91	Pulse	99	2007744	15458	NA
BCCN_C_02 92	Picture	cond:1_stimuli_presented:2*_brightness:127	2012617	0	1	9999	2	0	10000	hit	372
BCCN_C_02 92	Response	102	2020549	7932	2
BCCN_C_02 92	Picture	ITI	2022616	9999	1	10165	3	10000	10000	miss	0
BCCN_C_02 92	Pulse	99	2025744	13127	NA
BCCN_C_02 93	Picture	cond:1_stimuli_presented:3*_brightness:127	2032948	0	1	9999	2	0	10000	hit	376
BCCN_C_02 93	Response	101	2037908	4960	1
BCCN_C_02 93	Picture	ITI	2042947	9999	1	10166	2	10000	10000	miss	0
BCCN_C_02 93	Pulse	99	2043744	10796	NA
BCCN_C_02 94	Picture	cond:4_stimuli_presented:79_brightness:135	2053279	0	1	9999	2	0	10000	miss	0
BCCN_C_02 94	Pulse	99	2061743	8464	NA
BCCN_C_02 94	Picture	ITI	2063278	9999	1	10166	2	10000	10000	miss	0
BCCN_C_02 95	Picture	cond:1_stimuli_presented:1*_brightness:127	2073610	0	1	9999	2	0	10000	hit	385
BCCN_C_02 95	Pulse	99	2079743	6133	NA
BCCN_C_02 95	Picture	ITI	2083609	9999	1	10166	2	10000	10000	miss	0
BCCN_C_02 95	Response	101	2085756	12146	1
BCCN_C_02 96	Picture	cond:1_stimuli_presented:6*_brightness:127	2093942	0	1	9999	2	0	10000	hit	388
BCCN_C_02 96	Pulse	99	2097743	3801	NA
BCCN_C_02 96	Response	102	2100636	6694	1
BCCN_C_02 96	Picture	ITI	2103941	9999	1	10165	2	10000	10000	miss	0
BCCN_C_02 97	Picture	cond:1_stimuli_presented:4*_brightness:127	2114273	0	1	9999	2	0	10000	hit	392
BCCN_C_02 97	Pulse	99	2115743	1470	NA
BCCN_C_02 97	Response	102	2120550	6277	1
BCCN_C_02 97	Picture	ITI	2124272	9999	1	10165	2	10000	10000	miss	0
BCCN_C_02 97	Pulse	99	2133743	19470	NA
BCCN_C_02 98	Picture	cond:1_stimuli_presented:8*_brightness:127	2134604	0	1	9999	2	0	10000	hit	396
BCCN_C_02 98	Response	102	2140128	5524	1
BCCN_C_02 98	Picture	ITI	2144603	9999	1	10166	2	10000	10000	miss	0
BCCN_C_02 98	Pulse	99	2151742	17138	NA
BCCN_C_02 99	Picture	cond:4_stimuli_presented:14_brightness:131	2154935	0	1	9999	2	0	10000	incorrect	401
BCCN_C_02 99	Picture	ITI	2164934	9999	1	10166	2	10000	10000	miss	0
BCCN_C_02 99	Response	3	2166058	11123	1
BCCN_C_02 99	Pulse	99	2169742	14807	NA
BCCN_C_02 100	Picture	cond:1_stimuli_presented:9*_brightness:127	2175266	0	1	9999	2	0	10000	hit	405
BCCN_C_02 100	Picture	ITI	2185265	9999	1	10166	2	10000	10000	miss	0
BCCN_C_02 100	Response	101	2185817	10551	1
BCCN_C_02 100	Pulse	99	2187742	12476	NA
BCCN_C_02 101	Picture	cond:1_stimuli_presented:1*_brightness:127	2195597	0	2	9999	4	0	10000	hit	408
BCCN_C_02 101	Response	101	2202375	6778	1
BCCN_C_02 101	Picture	ITI	2205596	9999	2	10166	3	10000	10000	miss	0
BCCN_C_02 101	Pulse	99	2205742	10145	NA
BCCN_C_02 102	Picture	cond:1_stimuli_presented:8*_brightness:127	2215929	0	1	9999	2	0	10000	hit	413
BCCN_C_02 102	Pulse	99	2223742	7813	NA
BCCN_C_02 102	Response	102	2224690	8761	1
BCCN_C_02 102	Picture	ITI	2225928	9999	1	10165	2	10000	10000	miss	0
BCCN_C_02 103	Picture	cond:4_stimuli_presented:34_brightness:128	2236260	0	1	9999	2	0	10000	incorrect	418
BCCN_C_02 103	Pulse	99	2241742	5482	NA
BCCN_C_02 103	Picture	ITI	2246259	9999	1	10165	2	10000	10000	miss	0
BCCN_C_02 103	Response	3	2247547	11287	2
BCCN_C_02 104	Picture	cond:1_stimuli_presented:1*_brightness:127	2256591	0	1	9999	2	0	10000	hit	421
BCCN_C_02 104	Pulse	99	2259742	3151	NA
BCCN_C_02 104	Response	101	2264880	8289	1
BCCN_C_02 104	Picture	ITI	2266590	9999	1	10166	2	10000	10000	miss	0
BCCN_C_02 105	Picture	cond:1_stimuli_presented:9*_brightness:127	2276922	0	1	9999	2	0	10000	hit	425
BCCN_C_02 105	Pulse	99	2277741	819	NA
BCCN_C_02 105	Response	101	2283400	6478	1
BCCN_C_02 105	Picture	ITI	2286921	9999	1	10166	2	10000	10000	miss	0
BCCN_C_02 105	Pulse	99	2295741	18819	NA
BCCN_C_02 106	Picture	cond:1_stimuli_presented:2*_brightness:127	2297253	0	1	9999	2	0	10000	hit	429
BCCN_C_02 106	Response	102	2303753	6500	1
BCCN_C_02 106	Picture	ITI	2307252	9999	1	10166	2	10000	10000	miss	0
BCCN_C_02 106	Pulse	99	2313741	16488	NA
BCCN_C_02 107	Picture	cond:1_stimuli_presented:9*_brightness:127	2317585	0	1	9998	3	0	10000	hit	433
BCCN_C_02 107	Response	101	2324054	6469	1
BCCN_C_02 107	Picture	ITI	2327583	9998	2	10166	3	10000	10000	miss	0
BCCN_C_02 107	Pulse	99	2331741	14156	NA
BCCN_C_02 108	Picture	cond:2_stimuli_presented:47_brightness:190	2337916	0	1	9999	2	0	10000	hit	438
BCCN_C_02 108	Picture	ITI	2347915	9999	1	10165	2	10000	10000	miss	0
BCCN_C_02 108	Response	102	2349080	11164	1
BCCN_C_02 108	Pulse	99	2349741	11825	NA
BCCN_C_02 109	Picture	cond:1_stimuli_presented:8*_brightness:127	2358247	0	1	9999	2	0	10000	incorrect	443
BCCN_C_02 109	Pulse	99	2367740	9493	NA
BCCN_C_02 109	Picture	ITI	2368246	9999	1	10165	2	10000	10000	miss	0
BCCN_C_02 109	Response	1	2369614	11367	1
BCCN_C_02 110	Picture	cond:1_stimuli_presented:1*_brightness:127	2378578	0	1	9999	2	0	10000	hit	446
BCCN_C_02 110	Pulse	99	2385740	7162	NA
BCCN_C_02 110	Response	101	2387334	8756	1
BCCN_C_02 110	Picture	ITI	2388577	9999	1	10166	2	10000	10000	miss	0
BCCN_C_02 111	Picture	cond:1_stimuli_presented:4*_brightness:127	2398909	0	1	9999	2	0	10000	incorrect	450
BCCN_C_02 111	Pulse	99	2403740	4831	NA
BCCN_C_02 111	Response	1	2405466	6557	1
BCCN_C_02 111	Picture	ITI	2408908	9999	1	10166	2	10000	10000	miss	0
BCCN_C_02 112	Picture	cond:3_stimuli_presented:38_brightness:74	2419240	0	2	9999	3	0	10000	hit	455
BCCN_C_02 112	Pulse	99	2421740	2500	NA
BCCN_C_02 112	Picture	ITI	2429239	9999	1	10166	2	10000	10000	miss	0
BCCN_C_02 112	Response	104	2431112	11872	1
BCCN_C_02 113	Picture	cond:1_stimuli_presented:6*_brightness:127	2439572	0	1	9998	3	0	10000	hit	458
BCCN_C_02 113	Pulse	99	2439740	168	NA
BCCN_C_02 113	Response	102	2448548	8976	1
BCCN_C_02 113	Picture	ITI	2449570	9998	2	10166	3	10000	10000	miss	0
BCCN_C_02 113	Pulse	99	2457740	18168	NA
BCCN_C_02 114	Picture	cond:1_stimuli_presented:7*_brightness:127	2459903	0	1	9999	2	0	10000	hit	462
BCCN_C_02 114	Response	101	2467326	7423	1
BCCN_C_02 114	Picture	ITI	2469902	9999	1	10165	2	10000	10000	miss	0
BCCN_C_02 114	Pulse	99	2475739	15836	NA
BCCN_C_02 115	Picture	cond:1_stimuli_presented:8*_brightness:127	2480234	0	1	9999	2	0	10000	hit	466
BCCN_C_02 115	Response	102	2486956	6722	1
BCCN_C_02 115	Picture	ITI	2490233	9999	1	10165	3	10000	10000	miss	0
BCCN_C_02 115	Pulse	99	2493739	13505	NA
BCCN_C_02 116	Picture	cond:1_stimuli_presented:3*_brightness:127	2500565	0	1	9999	2	0	10000	incorrect	470
BCCN_C_02 116	Response	2	2508548	7983	1
BCCN_C_02 116	Response	1	2510545	9980	1
BCCN_C_02 116	Picture	ITI	2510564	9999	1	10166	2	10000	10000	miss	0
BCCN_C_02 116	Pulse	99	2511739	11174	NA
BCCN_C_02 117	Picture	cond:3_stimuli_presented:14_brightness:74	2520896	0	1	9999	2	0	10000	hit	477
BCCN_C_02 117	Pulse	99	2529739	8843	NA
BCCN_C_02 117	Picture	ITI	2530895	9999	1	10166	2	10000	10000	miss	0
BCCN_C_02 117	Response	103	2532034	11138	1
BCCN_C_02 118	Picture	cond:1_stimuli_presented:8*_brightness:127	2541227	0	2	9999	4	0	10000	hit	480
BCCN_C_02 118	Pulse	99	2547739	6512	NA
BCCN_C_02 118	Response	102	2550761	9534	1
BCCN_C_02 118	Picture	ITI	2551226	9999	2	10166	3	10000	10000	miss	0
BCCN_C_02 119	Picture	cond:1_stimuli_presented:2*_brightness:127	2561559	0	1	9999	2	0	10000	hit	484
BCCN_C_02 119	Pulse	99	2565739	4180	NA
BCCN_C_02 119	Response	102	2568842	7283	1
BCCN_C_02 119	Picture	ITI	2571558	9999	1	10165	2	10000	10000	miss	0
BCCN_C_02 120	Picture	cond:1_stimuli_presented:9*_brightness:127	2581890	0	1	9999	2	0	10000	hit	488
BCCN_C_02 120	Pulse	99	2583738	1848	NA
BCCN_C_02 120	Response	101	2587284	5394	2
BCCN_C_02 120	Picture	ITI	2591889	9999	1	10165	2	10000	10000	miss	0
BCCN_C_02 120	Pulse	99	2601738	19848	NA
BCCN_C_02 121	Picture	cond:1_stimuli_presented:3*_brightness:127	2602221	0	1	9999	2	0	10000	hit	492
BCCN_C_02 121	Response	101	2611149	8928	1
BCCN_C_02 121	Picture	ITI	2612220	9999	1	10166	2	10000	10000	miss	0
BCCN_C_02 121	Pulse	99	2619738	17517	NA
BCCN_C_02 122	Picture	cond:1_stimuli_presented:7*_brightness:127	2622552	0	1	9999	2	0	10000	hit	496
BCCN_C_02 122	Response	101	2628171	5619	1
BCCN_C_02 122	Picture	ITI	2632551	9999	1	10166	2	10000	10000	miss	0
BCCN_C_02 122	Pulse	99	2637738	15186	NA
BCCN_C_02 123	Picture	cond:4_stimuli_presented:86_brightness:128	2642883	0	1	9999	2	0	10000	miss	0
BCCN_C_02 123	Picture	ITI	2652882	9999	1	10166	2	10000	10000	miss	0
BCCN_C_02 123	Pulse	99	2655738	12855	NA
BCCN_C_02 124	Picture	cond:1_stimuli_presented:9*_brightness:127	2663215	0	1	9998	3	0	10000	hit	503
BCCN_C_02 124	Response	101	2671398	8183	1
BCCN_C_02 124	Picture	ITI	2673213	9998	2	10166	3	10000	10000	miss	0
BCCN_C_02 124	Pulse	99	2673738	10523	NA
BCCN_C_02 125	Picture	cond:1_stimuli_presented:7*_brightness:127	2683546	0	1	9999	2	0	10000	hit	508
BCCN_C_02 125	Pulse	99	2691737	8191	NA
BCCN_C_02 125	Response	101	2692061	8515	1
BCCN_C_02 125	Picture	ITI	2693545	9999	1	10165	2	10000	10000	miss	0
BCCN_C_02 126	Picture	cond:1_stimuli_presented:8*_brightness:127	2703877	0	1	9999	2	0	10000	hit	512
BCCN_C_02 126	Pulse	99	2709737	5860	NA
BCCN_C_02 126	Response	102	2711097	7220	2
BCCN_C_02 126	Picture	ITI	2713876	9999	1	10165	2	10000	10000	miss	0
BCCN_C_02 127	Picture	cond:1_stimuli_presented:7*_brightness:127	2724208	0	1	9999	2	0	10000	hit	516
BCCN_C_02 127	Pulse	99	2727737	3529	NA
BCCN_C_02 127	Response	101	2729359	5151	1
BCCN_C_02 127	Picture	ITI	2734207	9999	1	10166	2	10000	10000	miss	0
BCCN_C_02 128	Picture	cond:1_stimuli_presented:4*_brightness:127	2744539	0	1	9999	2	0	10000	hit	520
BCCN_C_02 128	Pulse	99	2745737	1198	NA
BCCN_C_02 128	Response	102	2750771	6232	1
BCCN_C_02 128	Picture	ITI	2754538	9999	1	10166	2	10000	10000	miss	0
BCCN_C_02 128	Pulse	99	2763737	19198	NA
BCCN_C_02 129	Picture	cond:2_stimuli_presented:26_brightness:173	2764870	0	1	9999	2	0	10000	hit	525
BCCN_C_02 129	Picture	ITI	2774869	9999	1	10166	2	10000	10000	miss	0
BCCN_C_02 129	Response	102	2777088	12218	1
BCCN_C_02 129	Pulse	99	2781736	16866	NA
BCCN_C_02 130	Picture	cond:1_stimuli_presented:3*_brightness:127	2785202	0	1	9998	3	0	10000	hit	529
BCCN_C_02 130	Picture	ITI	2795200	9998	2	10166	3	10000	10000	miss	0
BCCN_C_02 130	Response	101	2796098	10896	1
BCCN_C_02 130	Pulse	99	2799736	14534	NA
BCCN_C_02 131	Picture	cond:1_stimuli_presented:8*_brightness:127	2805532	0	2	10000	3	0	10000	hit	532
BCCN_C_02 131	Response	102	2812501	6969	1
BCCN_C_02 131	Picture	ITI	2815532	10000	1	10165	2	10000	10000	miss	0
BCCN_C_02 131	Pulse	99	2817736	12204	NA
BCCN_C_02 132	Picture	cond:1_stimuli_presented:1*_brightness:127	2825864	0	1	9999	2	0	10000	hit	536
BCCN_C_02 132	Response	101	2831383	5519	1
BCCN_C_02 132	Pulse	99	2835736	9872	NA
BCCN_C_02 132	Picture	ITI	2835863	9999	1	10165	3	10000	10000	miss	0
BCCN_C_02 133	Picture	cond:1_stimuli_presented:9*_brightness:127	2846195	0	1	9999	2	0	10000	hit	541
BCCN_C_02 133	Pulse	99	2853736	7541	NA
BCCN_C_02 133	Response	101	2855995	9800	2
BCCN_C_02 133	Picture	ITI	2856194	9999	1	10166	2	10000	10000	miss	0
BCCN_C_02 134	Picture	cond:4_stimuli_presented:82_brightness:123	2866526	0	1	9999	2	0	10000	incorrect	546
BCCN_C_02 134	Pulse	99	2871736	5210	NA
BCCN_C_02 134	Picture	ITI	2876525	9999	1	10166	2	10000	10000	miss	0
BCCN_C_02 134	Response	2	2881718	15192	2
BCCN_C_02 135	Picture	cond:1_stimuli_presented:1*_brightness:127	2886857	0	2	9999	4	0	10000	hit	549
BCCN_C_02 135	Pulse	99	2889735	2878	NA
BCCN_C_02 135	Response	101	2895591	8734	2
BCCN_C_02 135	Picture	ITI	2896856	9999	2	10166	3	10000	10000	miss	0
BCCN_C_02 136	Picture	cond:1_stimuli_presented:8*_brightness:127	2907189	0	1	9999	2	0	10000	hit	553
BCCN_C_02 136	Pulse	99	2907735	546	NA
BCCN_C_02 136	Response	102	2914886	7697	1
BCCN_C_02 136	Picture	ITI	2917188	9999	1	10165	2	10000	10000	miss	0
BCCN_C_02 136	Pulse	99	2925735	18546	NA
BCCN_C_02 137	Picture	cond:1_stimuli_presented:7*_brightness:127	2927520	0	1	9999	2	0	10000	hit	557
BCCN_C_02 137	Response	101	2936401	8881	1
BCCN_C_02 137	Picture	ITI	2937519	9999	1	10165	2	10000	10000	miss	0
BCCN_C_02 137	Pulse	99	2943735	16215	NA
BCCN_C_02 138	Picture	cond:2_stimuli_presented:89_brightness:184	2947851	0	1	9999	2	0	10000	hit	561
BCCN_C_02 138	Response	102	2954921	7070	1
BCCN_C_02 138	Picture	ITI	2957850	9999	1	10166	2	10000	10000	miss	0
BCCN_C_02 138	Pulse	99	2961735	13884	NA
BCCN_C_02 139	Picture	cond:1_stimuli_presented:7*_brightness:127	2968182	0	1	9999	2	0	10000	hit	565
BCCN_C_02 139	Response	101	2974628	6446	1
BCCN_C_02 139	Picture	ITI	2978181	9999	1	10166	2	10000	10000	miss	0
BCCN_C_02 139	Pulse	99	2979735	11553	NA
BCCN_C_02 140	Picture	cond:1_stimuli_presented:9*_brightness:127	2988513	0	1	9999	2	0	10000	hit	569
BCCN_C_02 140	Response	101	2995937	7424	1
BCCN_C_02 140	Pulse	99	2997734	9221	NA
BCCN_C_02 140	Picture	ITI	2998512	9999	1	10166	2	10000	10000	miss	0
BCCN_C_02 141	Picture	cond:1_stimuli_presented:8*_brightness:127	3008845	0	1	9998	3	0	10000	hit	573
BCCN_C_02 141	Response	102	3014121	5276	1
BCCN_C_02 141	Pulse	99	3015734	6889	NA
BCCN_C_02 141	Picture	ITI	3018843	9998	2	10166	3	10000	10000	miss	0
BCCN_C_02 142	Picture	cond:2_stimuli_presented:36_brightness:176	3029176	0	1	9999	2	0	10000	incorrect	578
BCCN_C_02 142	Pulse	99	3033734	4558	NA
BCCN_C_02 142	Response	2	3036204	7028	1
BCCN_C_02 142	Picture	ITI	3039175	9999	1	10165	2	10000	10000	miss	0
BCCN_C_02 143	Picture	cond:1_stimuli_presented:4*_brightness:127	3049507	0	1	9999	2	0	10000	hit	583
BCCN_C_02 143	Pulse	99	3051734	2227	NA
BCCN_C_02 143	Picture	ITI	3059506	9999	1	10165	2	10000	10000	miss	0
BCCN_C_02 143	Response	102	3064250	14743	1
BCCN_C_02 143	Pulse	99	3069734	20227	NA
BCCN_C_02 144	Picture	cond:1_stimuli_presented:1*_brightness:127	3069838	0	1	9999	2	0	10000	hit	586
BCCN_C_02 144	Response	101	3075929	6091	1
BCCN_C_02 144	Picture	ITI	3079837	9999	1	10166	2	10000	10000	miss	0
BCCN_C_02 144	Pulse	99	3087734	17896	NA
BCCN_C_02 145	Picture	cond:1_stimuli_presented:6*_brightness:127	3090169	0	1	9999	2	0	10000	hit	590
BCCN_C_02 145	Response	102	3097108	6939	1
BCCN_C_02 145	Picture	ITI	3100168	9999	1	10144	24	10000	10000	miss	0
BCCN_C_02 145	Pulse	99	3105733	15564	NA
BCCN_C_02 146	Picture	cond:1_stimuli_presented:4*_brightness:127	3110500	0	1	9999	2	0	10000	hit	594
BCCN_C_02 146	Response	102	3118649	8149	1
BCCN_C_02 146	Picture	ITI	3120499	9999	1	10166	2	10000	10000	miss	0
BCCN_C_02 146	Pulse	99	3123733	13233	NA
BCCN_C_02 147	Picture	cond:1_stimuli_presented:1*_brightness:127	3130832	0	1	9998	3	0	10000	hit	598
BCCN_C_02 147	Response	101	3136239	5407	1
BCCN_C_02 147	Picture	ITI	3140830	9998	2	10166	3	10000	10000	miss	0
BCCN_C_02 147	Pulse	99	3141733	10901	NA
BCCN_C_02 148	Picture	cond:2_stimuli_presented:29_brightness:171	3151163	0	1	9998	3	0	10000	hit	602
BCCN_C_02 148	Response	102	3159613	8450	1
BCCN_C_02 148	Pulse	99	3159733	8570	NA
BCCN_C_02 148	Picture	ITI	3161161	9998	2	10166	3	10000	10000	miss	0
BCCN_C_02 149	Picture	cond:1_stimuli_presented:3*_brightness:127	3171494	0	1	9999	2	0	10000	hit	606
BCCN_C_02 149	Response	101	3176713	5219	1
BCCN_C_02 149	Pulse	99	3177733	6239	NA
BCCN_C_02 149	Picture	ITI	3181493	9999	1	10165	3	10000	10000	miss	0
BCCN_C_02 150	Picture	cond:1_stimuli_presented:2*_brightness:127	3191825	0	1	9999	2	0	10000	hit	611
BCCN_C_02 150	Pulse	99	3195733	3908	NA
BCCN_C_02 150	Response	102	3199699	7874	1
BCCN_C_02 150	Picture	ITI	3201824	9999	1	10166	2	10000	10000	miss	0
BCCN_C_02 151	Picture	cond:1_stimuli_presented:8*_brightness:127	3212156	0	1	9999	2	0	10000	hit	615
BCCN_C_02 151	Pulse	99	3213732	1576	NA
BCCN_C_02 151	Response	102	3220323	8167	23
BCCN_C_02 151	Picture	ITI	3222155	9999	1	10166	2	10000	10000	miss	0
BCCN_C_02 151	Pulse	99	3231732	19576	NA
BCCN_C_02 152	Picture	cond:1_stimuli_presented:1*_brightness:127	3232487	0	2	9999	4	0	10000	hit	619
BCCN_C_02 152	Response	101	3238805	6318	1
BCCN_C_02 152	Picture	ITI	3242486	9999	2	10166	3	10000	10000	miss	0
BCCN_C_02 152	Pulse	99	3249732	17245	NA
BCCN_C_02 153	Picture	cond:1_stimuli_presented:6*_brightness:127	3252819	0	1	9999	2	0	10000	hit	623
BCCN_C_02 153	Response	102	3259622	6803	2
BCCN_C_02 153	Picture	ITI	3262818	9999	1	10165	2	10000	10000	miss	0
BCCN_C_02 153	Pulse	99	3267732	14913	NA
BCCN_C_02 154	Picture	cond:3_stimuli_presented:89_brightness:62	3273150	0	1	9999	2	0	10000	hit	629
BCCN_C_02 154	Picture	ITI	3283149	9999	1	10165	2	10000	10000	miss	0
BCCN_C_02 154	Pulse	99	3285732	12582	NA
BCCN_C_02 154	Response	104	3288314	15164	1
BCCN_C_02 154	Manual	Prozent korrekt Baseline: 95.8%	3293324	20174
BCCN_C_02 154	Manual	Prozent korrekt Distraktor: 90.0%	3293324	20174
BCCN_C_02 154	Manual	Prozent korrekt Switch: 100.0%	3293324	20174
BCCN_C_02 155	Picture	ENDE	3293481	0	1	30163	2	0	30000	other	0
BCCN_C_02 155	Pulse	99	3303732	10251	NA
BCCN_C_02 155	Pulse	99	3321731	28250	NA
BCCN_C_02 156	Picture	ende info	3323811	0	1	87743	2	0	next	other	0
BCCN_C_02 156	Response	5	3405912	82101	1
