Scenario - Flex_main_1
Logfile written - 02/07/2012 12:46:12

Subject	Trial	Event Type	Code	Time	TTime	Uncertainty	Duration	Uncertainty	ReqTime	ReqDur	Stim Type	Pair Index

BCCN_C_05	0	Manual	m2_l_b1	-9999	-9999
BCCN_C_05	1	Picture	instructreminder	-5834	0	2	116988	3	0	next	hit	3
BCCN_C_05	1	Response	101	111111	116945	1
BCCN_C_05	2	Picture	warning	111154	0	1	118489	2	0	next	other	0
BCCN_C_05	2	Pulse	99	229542	118388	NA
BCCN_C_05	3	Picture	dummyscans	229643	0	1	37163	2	0	37000	other	0
BCCN_C_05	3	Pulse	99	247542	17899	NA
BCCN_C_05	3	Pulse	99	265542	35899	NA
BCCN_C_05	4	Picture	beginning_fix	266972	0	1	16665	3	0	next	other	0
BCCN_C_05	4	Pulse	99	283542	16570	NA
BCCN_C_05	5	Picture	cond:1_stimuli_presented:7*_brightness:127	283637	0	2	9999	4	0	10000	hit	12
BCCN_C_05	5	Response	103	289027	5390	1
BCCN_C_05	5	Picture	ITI	293636	9999	2	10166	3	10000	10000	miss	0
BCCN_C_05	5	Pulse	99	301542	17905	NA
BCCN_C_05	6	Picture	cond:1_stimuli_presented:6*_brightness:127	303969	0	1	9999	2	0	10000	hit	16
BCCN_C_05	6	Response	104	309794	5825	1
BCCN_C_05	6	Picture	ITI	313968	9999	1	10165	3	10000	10000	miss	0
BCCN_C_05	6	Pulse	99	319542	15573	NA
BCCN_C_05	7	Picture	cond:1_stimuli_presented:2*_brightness:127	324300	0	1	9999	2	0	10000	hit	20
BCCN_C_05	7	Response	104	330689	6389	1
BCCN_C_05	7	Picture	ITI	334299	9999	1	10166	2	10000	10000	miss	0
BCCN_C_05	7	Pulse	99	337542	13242	NA
BCCN_C_05	8	Picture	cond:1_stimuli_presented:7*_brightness:127	344631	0	2	9999	4	0	10000	hit	24
BCCN_C_05	8	Response	103	349648	5017	1
BCCN_C_05	8	Picture	ITI	354630	9999	2	10166	3	10000	10000	miss	0
BCCN_C_05	8	Pulse	99	355542	10911	NA
BCCN_C_05	9	Picture	cond:2_stimuli_presented:69_brightness:180	364963	0	1	9999	2	0	10000	hit	28
BCCN_C_05	9	Response	104	371215	6252	1
BCCN_C_05	9	Pulse	99	373542	8579	NA
BCCN_C_05	9	Picture	ITI	374962	9999	1	10166	2	10000	10000	miss	0
BCCN_C_05	10	Picture	cond:1_stimuli_presented:4*_brightness:127	385294	0	1	9999	2	0	10000	hit	33
BCCN_C_05	10	Pulse	99	391542	6248	NA
BCCN_C_05	10	Response	104	391697	6403	1
BCCN_C_05	10	Picture	ITI	395293	9999	1	10166	2	10000	10000	miss	0
BCCN_C_05	11	Picture	cond:1_stimuli_presented:6*_brightness:127	405626	0	1	9999	2	0	10000	hit	37
BCCN_C_05	11	Pulse	99	409542	3916	NA
BCCN_C_05	11	Response	104	409933	4307	1
BCCN_C_05	11	Picture	ITI	415625	9999	1	10165	2	10000	10000	miss	0
BCCN_C_05	12	Picture	cond:1_stimuli_presented:9*_brightness:127	425957	0	1	9999	2	0	10000	hit	41
BCCN_C_05	12	Pulse	99	427542	1585	NA
BCCN_C_05	12	Response	103	432016	6059	1
BCCN_C_05	12	Picture	ITI	435956	9999	1	10166	2	10000	10000	miss	0
BCCN_C_05	12	Pulse	99	445542	19585	NA
BCCN_C_05	13	Picture	cond:4_stimuli_presented:76_brightness:134	446288	0	1	9999	2	0	10000	incorrect	46
BCCN_C_05	13	Picture	ITI	456287	9999	1	10166	2	10000	10000	incorrect	47
BCCN_C_05	13	Response	1	456655	10367	1
BCCN_C_05	13	Response	1	457542	11254	1
BCCN_C_05	13	Pulse	99	463542	17254	NA
BCCN_C_05	14	Picture	cond:1_stimuli_presented:2*_brightness:127	466620	0	1	9999	2	0	10000	hit	50
BCCN_C_05	14	Response	104	476398	9778	1
BCCN_C_05	14	Picture	ITI	476619	9999	1	10165	2	10000	10000	miss	0
BCCN_C_05	14	Pulse	99	481542	14922	NA
BCCN_C_05	15	Picture	cond:1_stimuli_presented:7*_brightness:127	486951	0	1	9999	2	0	10000	hit	54
BCCN_C_05	15	Response	103	493034	6083	1
BCCN_C_05	15	Picture	ITI	496950	9999	1	10166	2	10000	10000	miss	0
BCCN_C_05	15	Pulse	99	499542	12591	NA
BCCN_C_05	16	Picture	cond:1_stimuli_presented:3*_brightness:127	507282	0	1	9999	3	0	10000	hit	58
BCCN_C_05	16	Response	103	513800	6518	1
BCCN_C_05	16	Picture	ITI	517281	9999	2	10166	3	10000	10000	miss	0
BCCN_C_05	16	Pulse	99	517542	10260	NA
BCCN_C_05	17	Picture	cond:4_stimuli_presented:48_brightness:128	527614	0	1	9999	2	0	10000	incorrect	63
BCCN_C_05	17	Pulse	99	535542	7928	NA
BCCN_C_05	17	Response	2	535754	8140	1
BCCN_C_05	17	Picture	ITI	537613	9999	1	10165	3	10000	10000	miss	0
BCCN_C_05	18	Picture	cond:1_stimuli_presented:2*_brightness:127	547945	0	1	9999	2	0	10000	hit	67
BCCN_C_05	18	Pulse	99	553542	5597	NA
BCCN_C_05	18	Response	104	557165	9220	2
BCCN_C_05	18	Picture	ITI	557944	9999	1	10166	2	10000	10000	miss	0
BCCN_C_05	19	Picture	cond:1_stimuli_presented:7*_brightness:127	568276	0	2	10000	3	0	10000	hit	71
BCCN_C_05	19	Pulse	99	571542	3266	NA
BCCN_C_05	19	Response	103	573930	5654	1
BCCN_C_05	19	Picture	ITI	578276	10000	1	10165	2	10000	10000	miss	0
BCCN_C_05	20	Picture	cond:1_stimuli_presented:2*_brightness:127	588608	0	1	9999	2	0	10000	hit	75
BCCN_C_05	20	Pulse	99	589542	934	NA
BCCN_C_05	20	Response	104	595006	6398	1
BCCN_C_05	20	Picture	ITI	598607	9999	1	10166	2	10000	10000	miss	0
BCCN_C_05	20	Pulse	99	607542	18934	NA
BCCN_C_05	21	Picture	cond:1_stimuli_presented:7*_brightness:127	608939	0	1	9999	2	0	10000	hit	79
BCCN_C_05	21	Response	103	616160	7221	1
BCCN_C_05	21	Picture	ITI	618938	9999	1	10166	2	10000	10000	miss	0
BCCN_C_05	21	Pulse	99	625542	16603	NA
BCCN_C_05	22	Picture	cond:1_stimuli_presented:9*_brightness:127	629271	0	1	9999	2	0	10000	hit	83
BCCN_C_05	22	Response	103	635713	6442	1
BCCN_C_05	22	Picture	ITI	639270	9999	1	10165	2	10000	10000	miss	0
BCCN_C_05	22	Pulse	99	643542	14271	NA
BCCN_C_05	23	Picture	cond:4_stimuli_presented:14_brightness:128	649602	0	1	9999	2	0	10000	incorrect	87
BCCN_C_05	23	Response	2	655808	6206	1
BCCN_C_05	23	Picture	ITI	659601	9999	1	10166	2	10000	10000	miss	0
BCCN_C_05	23	Pulse	99	661542	11940	NA
BCCN_C_05	24	Picture	cond:1_stimuli_presented:8*_brightness:127	669933	0	1	9999	2	0	10000	hit	91
BCCN_C_05	24	Response	104	676213	6280	1
BCCN_C_05	24	Pulse	99	679542	9609	NA
BCCN_C_05	24	Picture	ITI	679932	9999	1	10166	2	10000	10000	miss	0
BCCN_C_05	25	Picture	cond:1_stimuli_presented:7*_brightness:127	690265	0	1	9999	2	0	10000	hit	96
BCCN_C_05	25	Pulse	99	697542	7277	NA
BCCN_C_05	25	Response	103	697753	7488	1
BCCN_C_05	25	Picture	ITI	700264	9999	1	10165	2	10000	10000	miss	0
BCCN_C_05	26	Picture	cond:1_stimuli_presented:8*_brightness:127	710596	0	1	9999	2	0	10000	hit	100
BCCN_C_05	26	Pulse	99	715542	4946	NA
BCCN_C_05	26	Response	104	715860	5264	2
BCCN_C_05	26	Picture	ITI	720595	9999	1	10166	2	10000	10000	miss	0
BCCN_C_05	27	Picture	cond:1_stimuli_presented:3*_brightness:127	730927	0	1	9999	3	0	10000	hit	104
BCCN_C_05	27	Pulse	99	733542	2615	NA
BCCN_C_05	27	Response	103	736911	5984	1
BCCN_C_05	27	Picture	ITI	740926	9999	2	10166	3	10000	10000	miss	0
BCCN_C_05	28	Picture	cond:3_stimuli_presented:27_brightness:77	751259	0	1	9999	2	0	10000	hit	108
BCCN_C_05	28	Pulse	99	751542	283	NA
BCCN_C_05	28	Response	102	760130	8871	1
BCCN_C_05	28	Picture	ITI	761258	9999	1	10165	3	10000	10000	miss	0
BCCN_C_05	28	Pulse	99	769542	18283	NA
BCCN_C_05	29	Picture	cond:1_stimuli_presented:9*_brightness:127	771590	0	1	9999	2	0	10000	hit	113
BCCN_C_05	29	Picture	ITI	781589	9999	1	10166	2	10000	10000	miss	0
BCCN_C_05	29	Response	103	783142	11552	1
BCCN_C_05	29	Pulse	99	787542	15952	NA
BCCN_C_05	30	Picture	cond:1_stimuli_presented:2*_brightness:127	791921	0	2	9999	4	0	10000	hit	116
BCCN_C_05	30	Response	104	797506	5585	1
BCCN_C_05	30	Picture	ITI	801920	9999	2	10166	3	10000	10000	miss	0
BCCN_C_05	30	Pulse	99	805542	13621	NA
BCCN_C_05	31	Picture	cond:1_stimuli_presented:9*_brightness:127	812253	0	1	9999	2	0	10000	hit	120
BCCN_C_05	31	Response	103	817859	5606	1
BCCN_C_05	31	Picture	ITI	822252	9999	1	10166	2	10000	10000	miss	0
BCCN_C_05	31	Pulse	99	823542	11289	NA
BCCN_C_05	32	Picture	cond:2_stimuli_presented:36_brightness:175	832584	0	1	9999	2	0	10000	incorrect	125
BCCN_C_05	32	Pulse	99	841542	8958	NA
BCCN_C_05	32	Response	4	841852	9268	2
BCCN_C_05	32	Picture	ITI	842583	9999	1	10166	2	10000	10000	miss	0
BCCN_C_05	33	Picture	cond:1_stimuli_presented:2*_brightness:127	852916	0	1	9999	2	0	10000	hit	128
BCCN_C_05	33	Response	104	857016	4100	1
BCCN_C_05	33	Pulse	99	859542	6626	NA
BCCN_C_05	33	Picture	ITI	862915	9999	1	10165	2	10000	10000	miss	0
BCCN_C_05	34	Picture	cond:1_stimuli_presented:8*_brightness:127	873247	0	1	9999	2	0	10000	incorrect	133
BCCN_C_05	34	Pulse	99	877542	4295	NA
BCCN_C_05	34	Response	3	880080	6833	2
BCCN_C_05	34	Picture	ITI	883246	9999	1	10166	2	10000	10000	miss	0
BCCN_C_05	35	Picture	cond:1_stimuli_presented:4*_brightness:127	893578	0	1	9999	2	0	10000	hit	137
BCCN_C_05	35	Pulse	99	895542	1964	NA
BCCN_C_05	35	Response	104	897800	4222	1
BCCN_C_05	35	Picture	ITI	903577	9999	1	10166	2	10000	10000	miss	0
BCCN_C_05	35	Pulse	99	913542	19964	NA
BCCN_C_05	36	Picture	cond:1_stimuli_presented:9*_brightness:127	913910	0	1	9999	2	0	10000	hit	141
BCCN_C_05	36	Response	103	919470	5560	1
BCCN_C_05	36	Picture	ITI	923909	9999	1	10165	2	10000	10000	miss	0
BCCN_C_05	36	Pulse	99	931542	17632	NA
BCCN_C_05	37	Picture	cond:1_stimuli_presented:4*_brightness:127	934241	0	1	9999	2	0	10000	hit	145
BCCN_C_05	37	Response	104	939540	5299	1
BCCN_C_05	37	Picture	ITI	944240	9999	1	10166	2	10000	10000	miss	0
BCCN_C_05	37	Pulse	99	949542	15301	NA
BCCN_C_05	38	Picture	cond:4_stimuli_presented:86_brightness:128	954572	0	1	9999	2	0	10000	incorrect	149
BCCN_C_05	38	Response	2	963171	8599	2
BCCN_C_05	38	Picture	ITI	964571	9999	1	10166	2	10000	10000	miss	0
BCCN_C_05	38	Pulse	99	967542	12970	NA
BCCN_C_05	39	Picture	cond:1_stimuli_presented:9*_brightness:127	974904	0	1	9999	2	0	10000	hit	153
BCCN_C_05	39	Response	103	983396	8492	1
BCCN_C_05	39	Picture	ITI	984903	9999	1	10165	3	10000	10000	miss	0
BCCN_C_05	39	Pulse	99	985542	10638	NA
BCCN_C_05	40	Picture	cond:1_stimuli_presented:7*_brightness:127	995235	0	1	9999	2	0	10000	hit	157
BCCN_C_05	40	Response	103	1000625	5390	1
BCCN_C_05	40	Pulse	99	1003542	8307	NA
BCCN_C_05	40	Picture	ITI	1005234	9999	1	10166	2	10000	10000	miss	0
BCCN_C_05	41	Picture	cond:1_stimuli_presented:8*_brightness:127	1015566	0	2	9999	4	0	10000	hit	162
BCCN_C_05	41	Pulse	99	1021542	5976	NA
BCCN_C_05	41	Response	104	1022915	7349	1
BCCN_C_05	41	Picture	ITI	1025565	9999	2	10166	3	10000	10000	miss	0
BCCN_C_05	42	Picture	cond:1_stimuli_presented:7*_brightness:127	1035898	0	1	9999	2	0	10000	hit	166
BCCN_C_05	42	Pulse	99	1039542	3644	NA
BCCN_C_05	42	Response	103	1041254	5356	1
BCCN_C_05	42	Picture	ITI	1045897	9999	1	10165	3	10000	10000	miss	0
BCCN_C_05	43	Picture	cond:2_stimuli_presented:93_brightness:186	1056229	0	1	9999	2	0	10000	hit	171
BCCN_C_05	43	Pulse	99	1057542	1313	NA
BCCN_C_05	43	Picture	ITI	1066228	9999	1	10166	2	10000	10000	miss	0
BCCN_C_05	43	Response	103	1067597	11368	1
BCCN_C_05	43	Pulse	99	1075542	19313	NA
BCCN_C_05	44	Picture	cond:1_stimuli_presented:1*_brightness:127	1076560	0	2	10000	3	0	10000	hit	174
BCCN_C_05	44	Response	103	1085652	9092	1
BCCN_C_05	44	Picture	ITI	1086560	10000	1	10165	2	10000	10000	miss	0
BCCN_C_05	44	Pulse	99	1093542	16982	NA
BCCN_C_05	45	Picture	cond:1_stimuli_presented:2*_brightness:127	1096892	0	1	9999	2	0	10000	hit	178
BCCN_C_05	45	Response	104	1100945	4053	2
BCCN_C_05	45	Picture	ITI	1106891	9999	1	10166	2	10000	10000	miss	0
BCCN_C_05	45	Pulse	99	1111542	14650	NA
BCCN_C_05	46	Picture	cond:1_stimuli_presented:7*_brightness:127	1117223	0	1	9999	2	0	10000	hit	182
BCCN_C_05	46	Response	103	1122099	4876	1
BCCN_C_05	46	Picture	ITI	1127222	9999	1	10166	2	10000	10000	miss	0
BCCN_C_05	46	Pulse	99	1129542	12319	NA
BCCN_C_05	47	Picture	cond:1_stimuli_presented:8*_brightness:127	1137555	0	1	9999	2	0	10000	hit	186
BCCN_C_05	47	Response	104	1145137	7582	1
BCCN_C_05	47	Pulse	99	1147542	9987	NA
BCCN_C_05	47	Picture	ITI	1147554	9999	1	10165	2	10000	10000	miss	0
BCCN_C_05	48	Picture	cond:3_stimuli_presented:42_brightness:81	1157886	0	1	9999	2	0	10000	hit	191
BCCN_C_05	48	Pulse	99	1165542	7656	NA
BCCN_C_05	48	Response	101	1167143	9257	1
BCCN_C_05	48	Picture	ITI	1167885	9999	1	10166	2	10000	10000	miss	0
BCCN_C_05	49	Picture	cond:1_stimuli_presented:6*_brightness:127	1178217	0	1	9999	2	0	10000	hit	196
BCCN_C_05	49	Pulse	99	1183542	5325	NA
BCCN_C_05	49	Picture	ITI	1188216	9999	1	10166	2	10000	10000	miss	0
BCCN_C_05	49	Response	104	1188322	10105	1
BCCN_C_05	50	Picture	cond:1_stimuli_presented:8*_brightness:127	1198549	0	1	9999	2	0	10000	hit	199
BCCN_C_05	50	Pulse	99	1201542	2993	NA
BCCN_C_05	50	Response	104	1203925	5376	1
BCCN_C_05	50	Picture	ITI	1208548	9999	1	10165	2	10000	10000	miss	0
BCCN_C_05	51	Picture	cond:1_stimuli_presented:3*_brightness:127	1218880	0	1	9999	2	0	10000	hit	203
BCCN_C_05	51	Pulse	99	1219542	662	NA
BCCN_C_05	51	Response	103	1224304	5424	1
BCCN_C_05	51	Picture	ITI	1228879	9999	1	10166	2	10000	10000	miss	0
BCCN_C_05	51	Pulse	99	1237542	18662	NA
BCCN_C_05	52	Picture	cond:1_stimuli_presented:7*_brightness:127	1239211	0	1	9999	3	0	10000	hit	207
BCCN_C_05	52	Response	103	1244115	4904	1
BCCN_C_05	52	Picture	ITI	1249210	9999	2	10166	3	10000	10000	miss	0
BCCN_C_05	52	Pulse	99	1255542	16331	NA
BCCN_C_05	53	Picture	cond:1_stimuli_presented:4*_brightness:127	1259543	0	1	9999	2	0	10000	hit	211
BCCN_C_05	53	Response	104	1265191	5648	1
BCCN_C_05	53	Picture	ITI	1269542	9999	1	10165	3	10000	10000	miss	0
BCCN_C_05	53	Pulse	99	1273542	13999	NA
BCCN_C_05	54	Picture	cond:3_stimuli_presented:87_brightness:63	1279874	0	1	9999	2	0	10000	hit	215
BCCN_C_05	54	Response	102	1288668	8794	1
BCCN_C_05	54	Picture	ITI	1289873	9999	1	10166	2	10000	10000	miss	0
BCCN_C_05	54	Pulse	99	1291542	11668	NA
BCCN_C_05	55	Picture	cond:1_stimuli_presented:1*_brightness:127	1300205	0	2	10000	3	0	10000	hit	219
BCCN_C_05	55	Response	103	1306388	6183	1
BCCN_C_05	55	Pulse	99	1309542	9337	NA
BCCN_C_05	55	Picture	ITI	1310205	10000	1	10165	2	10000	10000	miss	0
BCCN_C_05	56	Picture	cond:1_stimuli_presented:2*_brightness:127	1320537	0	1	9999	2	0	10000	hit	223
BCCN_C_05	56	Response	104	1326844	6307	2
BCCN_C_05	56	Pulse	99	1327542	7005	NA
BCCN_C_05	56	Picture	ITI	1330536	9999	1	10166	2	10000	10000	miss	0
BCCN_C_05	57	Picture	cond:1_stimuli_presented:7*_brightness:127	1340868	0	1	9999	2	0	10000	hit	228
BCCN_C_05	57	Pulse	99	1345542	4674	NA
BCCN_C_05	57	Response	103	1345700	4832	2
BCCN_C_05	57	Picture	ITI	1350867	9999	1	10166	2	10000	10000	miss	0
BCCN_C_05	58	Picture	cond:2_stimuli_presented:21_brightness:183	1361200	0	1	9999	2	0	10000	hit	232
BCCN_C_05	58	Pulse	99	1363542	2342	NA
BCCN_C_05	58	Response	104	1369384	8184	1
BCCN_C_05	58	Picture	ITI	1371199	9999	1	10165	2	10000	10000	miss	0
BCCN_C_05	59	Picture	cond:1_stimuli_presented:4*_brightness:127	1381531	0	1	9999	2	0	10000	hit	237
BCCN_C_05	59	Pulse	99	1381542	11	NA
BCCN_C_05	59	Picture	ITI	1391530	9999	1	10166	2	10000	10000	miss	0
BCCN_C_05	59	Response	104	1391544	10013	2
BCCN_C_05	59	Pulse	99	1399542	18011	NA
BCCN_C_05	60	Picture	cond:1_stimuli_presented:3*_brightness:127	1401862	0	1	9999	2	0	10000	hit	240
BCCN_C_05	60	Response	103	1408051	6189	1
BCCN_C_05	60	Picture	ITI	1411861	9999	1	10166	2	10000	10000	miss	0
BCCN_C_05	60	Pulse	99	1417542	15680	NA
BCCN_C_05	61	Picture	cond:1_stimuli_presented:6*_brightness:127	1422194	0	1	9999	2	0	10000	hit	244
BCCN_C_05	61	Response	104	1427449	5255	1
BCCN_C_05	61	Picture	ITI	1432193	9999	1	10165	2	10000	10000	miss	0
BCCN_C_05	61	Pulse	99	1435542	13348	NA
BCCN_C_05	62	Picture	cond:1_stimuli_presented:4*_brightness:127	1442525	0	1	9999	2	0	10000	hit	248
BCCN_C_05	62	Response	104	1447905	5380	2
BCCN_C_05	62	Picture	ITI	1452524	9999	1	10166	2	10000	10000	miss	0
BCCN_C_05	62	Pulse	99	1453542	11017	NA
BCCN_C_05	63	Picture	cond:1_stimuli_presented:3*_brightness:127	1462856	0	1	9999	3	0	10000	hit	252
BCCN_C_05	63	Response	103	1467510	4654	1
BCCN_C_05	63	Pulse	99	1471542	8686	NA
BCCN_C_05	63	Picture	ITI	1472855	9999	2	10166	3	10000	10000	miss	0
BCCN_C_05	64	Picture	cond:2_stimuli_presented:84_brightness:172	1483188	0	1	9999	2	0	10000	hit	258
BCCN_C_05	64	Pulse	99	1489542	6354	NA
BCCN_C_05	64	Picture	ITI	1493187	9999	1	10165	3	10000	10000	miss	0
BCCN_C_05	64	Response	104	1494162	10974	2
BCCN_C_05	65	Picture	cond:1_stimuli_presented:7*_brightness:127	1503519	0	1	9999	2	0	10000	hit	261
BCCN_C_05	65	Pulse	99	1507542	4023	NA
BCCN_C_05	65	Response	103	1510204	6685	1
BCCN_C_05	65	Picture	ITI	1513518	9999	1	10166	2	10000	10000	miss	0
BCCN_C_05	66	Picture	cond:1_stimuli_presented:4*_brightness:127	1523850	0	2	10000	3	0	10000	hit	266
BCCN_C_05	66	Pulse	99	1525542	1692	NA
BCCN_C_05	66	Picture	ITI	1533850	10000	1	10165	2	10000	10000	miss	0
BCCN_C_05	66	Response	104	1538354	14504	2
BCCN_C_05	66	Pulse	99	1543542	19692	NA
BCCN_C_05	67	Picture	cond:1_stimuli_presented:7*_brightness:127	1544182	0	1	9999	2	0	10000	hit	269
BCCN_C_05	67	Response	103	1550156	5974	24
BCCN_C_05	67	Picture	ITI	1554181	9999	1	10166	2	10000	10000	miss	0
BCCN_C_05	67	Pulse	99	1561542	17360	NA
BCCN_C_05	68	Picture	cond:1_stimuli_presented:9*_brightness:127	1564513	0	1	9999	2	0	10000	hit	273
BCCN_C_05	68	Response	103	1569947	5434	1
BCCN_C_05	68	Picture	ITI	1574512	9999	1	10166	2	10000	10000	miss	0
BCCN_C_05	68	Pulse	99	1579542	15029	NA
BCCN_C_05	69	Picture	cond:1_stimuli_presented:2*_brightness:127	1584845	0	1	9999	2	0	10000	hit	277
BCCN_C_05	69	Response	104	1589552	4707	1
BCCN_C_05	69	Picture	ITI	1594844	9999	1	10165	2	10000	10000	miss	0
BCCN_C_05	69	Pulse	99	1597542	12697	NA
BCCN_C_05	70	Picture	cond:3_stimuli_presented:39_brightness:73	1605176	0	1	9999	2	0	10000	hit	281
BCCN_C_05	70	Response	102	1612951	7775	2
BCCN_C_05	70	Picture	ITI	1615175	9999	1	10166	2	10000	10000	miss	0
BCCN_C_05	70	Pulse	99	1615542	10366	NA
BCCN_C_05	71	Picture	cond:1_stimuli_presented:4*_brightness:127	1625507	0	1	9999	2	0	10000	hit	285
BCCN_C_05	71	Response	104	1631033	5526	1
BCCN_C_05	71	Pulse	99	1633542	8035	NA
BCCN_C_05	71	Picture	ITI	1635506	9999	1	10166	2	10000	10000	miss	0
BCCN_C_05	72	Picture	cond:1_stimuli_presented:6*_brightness:127	1645839	0	1	9999	2	0	10000	hit	289
BCCN_C_05	72	Response	104	1650276	4437	1
BCCN_C_05	72	Pulse	99	1651542	5703	NA
BCCN_C_05	72	Picture	ITI	1655838	9999	1	10165	2	10000	10000	miss	0
BCCN_C_05	73	Picture	cond:1_stimuli_presented:1*_brightness:127	1666170	0	1	9999	2	0	10000	hit	294
BCCN_C_05	73	Pulse	99	1669542	3372	NA
BCCN_C_05	73	Response	103	1671429	5259	2
BCCN_C_05	73	Picture	ITI	1676169	9999	1	10166	2	10000	10000	miss	0
BCCN_C_05	74	Picture	cond:1_stimuli_presented:6*_brightness:127	1686501	0	1	9999	2	0	10000	hit	298
BCCN_C_05	74	Pulse	99	1687542	1041	NA
BCCN_C_05	74	Response	104	1691421	4920	1
BCCN_C_05	74	Picture	ITI	1696500	9999	1	10166	2	10000	10000	miss	0
BCCN_C_05	74	Pulse	99	1705542	19041	NA
BCCN_C_05	75	Picture	cond:4_stimuli_presented:82_brightness:123	1706833	0	1	9999	2	0	10000	hit	303
BCCN_C_05	75	Picture	ITI	1716832	9999	1	10165	3	10000	10000	miss	0
BCCN_C_05	75	Response	101	1722463	15630	1
BCCN_C_05	75	Pulse	99	1723541	16708	NA
BCCN_C_05	76	Picture	cond:1_stimuli_presented:9*_brightness:127	1727164	0	1	9999	2	0	10000	hit	306
BCCN_C_05	76	Response	103	1733986	6822	2
BCCN_C_05	76	Picture	ITI	1737163	9999	1	10166	2	10000	10000	miss	0
BCCN_C_05	76	Pulse	99	1741541	14377	NA
BCCN_C_05	77	Picture	cond:1_stimuli_presented:3*_brightness:127	1747495	0	2	9999	4	0	10000	hit	310
BCCN_C_05	77	Response	103	1756560	9065	1
BCCN_C_05	77	Picture	ITI	1757494	9999	2	10166	3	10000	10000	miss	0
BCCN_C_05	77	Pulse	99	1759541	12046	NA
BCCN_C_05	78	Picture	cond:1_stimuli_presented:1*_brightness:127	1767827	0	1	9999	2	0	10000	hit	314
BCCN_C_05	78	Response	103	1772860	5033	1
BCCN_C_05	78	Pulse	99	1777541	9714	NA
BCCN_C_05	78	Picture	ITI	1777826	9999	1	10166	2	10000	10000	miss	0
BCCN_C_05	79	Picture	cond:1_stimuli_presented:4*_brightness:127	1788158	0	1	9999	2	0	10000	hit	318
BCCN_C_05	79	Response	104	1792929	4771	1
BCCN_C_05	79	Pulse	99	1795541	7383	NA
BCCN_C_05	79	Picture	ITI	1798157	9999	1	10166	2	10000	10000	miss	0
BCCN_C_05	80	Picture	cond:1_stimuli_presented:9*_brightness:127	1808490	0	1	9999	2	0	10000	hit	323
BCCN_C_05	80	Pulse	99	1813541	5051	NA
BCCN_C_05	80	Response	103	1815167	6677	1
BCCN_C_05	80	Picture	ITI	1818489	9999	1	10165	2	10000	10000	miss	0
BCCN_C_05	81	Picture	cond:2_stimuli_presented:63_brightness:184	1828821	0	1	9999	2	0	10000	hit	327
BCCN_C_05	81	Pulse	99	1831541	2720	NA
BCCN_C_05	81	Response	104	1837302	8481	1
BCCN_C_05	81	Picture	ITI	1838820	9999	1	10166	2	10000	10000	miss	0
BCCN_C_05	82	Picture	cond:1_stimuli_presented:2*_brightness:127	1849152	0	1	9999	2	0	10000	hit	331
BCCN_C_05	82	Pulse	99	1849541	389	NA
BCCN_C_05	82	Response	104	1853834	4682	1
BCCN_C_05	82	Picture	ITI	1859151	9999	1	10166	2	10000	10000	miss	0
BCCN_C_05	82	Pulse	99	1867541	18389	NA
BCCN_C_05	83	Picture	cond:1_stimuli_presented:3*_brightness:127	1869484	0	1	9999	2	0	10000	hit	335
BCCN_C_05	83	Response	103	1874135	4651	2
BCCN_C_05	83	Picture	ITI	1879483	9999	1	10165	2	10000	10000	miss	0
BCCN_C_05	83	Pulse	99	1885541	16057	NA
BCCN_C_05	84	Picture	cond:1_stimuli_presented:6*_brightness:127	1889815	0	1	9999	2	0	10000	hit	339
BCCN_C_05	84	Response	104	1894489	4674	1
BCCN_C_05	84	Picture	ITI	1899814	9999	1	10166	2	10000	10000	miss	0
BCCN_C_05	84	Pulse	99	1903542	13727	NA
BCCN_C_05	85	Picture	cond:4_stimuli_presented:18_brightness:128	1910146	0	1	9999	2	0	10000	incorrect	343
BCCN_C_05	85	Response	2	1917837	7691	1
BCCN_C_05	85	Picture	ITI	1920145	9999	1	10166	2	10000	10000	miss	0
BCCN_C_05	85	Pulse	99	1921541	11395	NA
BCCN_C_05	86	Picture	cond:1_stimuli_presented:9*_brightness:127	1930478	0	1	9999	2	0	10000	hit	347
BCCN_C_05	86	Response	103	1936822	6344	1
BCCN_C_05	86	Pulse	99	1939541	9063	NA
BCCN_C_05	86	Picture	ITI	1940477	9999	1	10165	3	10000	10000	miss	0
BCCN_C_05	87	Picture	cond:1_stimuli_presented:1*_brightness:127	1950809	0	1	9999	2	0	10000	hit	351
BCCN_C_05	87	Response	103	1955755	4946	1
BCCN_C_05	87	Pulse	99	1957541	6732	NA
BCCN_C_05	87	Picture	ITI	1960808	9999	1	10166	2	10000	10000	miss	0
BCCN_C_05	88	Picture	cond:1_stimuli_presented:2*_brightness:127	1971140	0	2	9999	4	0	10000	hit	356
BCCN_C_05	88	Pulse	99	1975541	4401	NA
BCCN_C_05	88	Response	104	1977089	5949	1
BCCN_C_05	88	Picture	ITI	1981139	9999	2	10166	3	10000	10000	miss	0
BCCN_C_05	89	Picture	cond:1_stimuli_presented:8*_brightness:127	1991472	0	1	9999	2	0	10000	incorrect	360
BCCN_C_05	89	Pulse	99	1993541	2069	NA
BCCN_C_05	89	Response	3	1997520	6048	1
BCCN_C_05	89	Picture	ITI	2001471	9999	1	10165	3	10000	10000	miss	0
BCCN_C_05	89	Pulse	99	2011541	20069	NA
BCCN_C_05	90	Picture	cond:1_stimuli_presented:4*_brightness:127	2011803	0	1	9999	2	0	10000	hit	364
BCCN_C_05	90	Response	104	2017847	6044	2
BCCN_C_05	90	Picture	ITI	2021802	9999	1	10166	2	10000	10000	miss	0
BCCN_C_05	90	Pulse	99	2029541	17738	NA
BCCN_C_05	91	Picture	cond:1_stimuli_presented:7*_brightness:127	2032134	0	2	10000	3	0	10000	hit	368
BCCN_C_05	91	Response	103	2037684	5550	1
BCCN_C_05	91	Picture	ITI	2042134	10000	1	10165	2	10000	10000	miss	0
BCCN_C_05	91	Pulse	99	2047541	15407	NA
BCCN_C_05	92	Picture	cond:1_stimuli_presented:6*_brightness:127	2052466	0	1	9999	2	0	10000	hit	372
BCCN_C_05	92	Response	104	2057392	4926	1
BCCN_C_05	92	Picture	ITI	2062465	9999	1	10166	2	10000	10000	miss	0
BCCN_C_05	92	Pulse	99	2065541	13075	NA
BCCN_C_05	93	Picture	cond:4_stimuli_presented:14_brightness:128	2072797	0	1	9999	2	0	10000	incorrect	376
BCCN_C_05	93	Response	2	2080792	7995	1
BCCN_C_05	93	Picture	ITI	2082796	9999	1	10166	2	10000	10000	miss	0
BCCN_C_05	93	Pulse	99	2083541	10744	NA
BCCN_C_05	94	Picture	cond:1_stimuli_presented:9*_brightness:127	2093129	0	1	9999	2	0	10000	hit	380
BCCN_C_05	94	Response	103	2099596	6467	1
BCCN_C_05	94	Pulse	99	2101541	8412	NA
BCCN_C_05	94	Picture	ITI	2103128	9999	1	10165	2	10000	10000	miss	0
BCCN_C_05	95	Picture	cond:1_stimuli_presented:4*_brightness:127	2113460	0	1	9999	2	0	10000	hit	386
BCCN_C_05	95	Pulse	99	2119541	6081	NA
BCCN_C_05	95	Picture	ITI	2123459	9999	1	10166	2	10000	10000	miss	0
BCCN_C_05	95	Response	104	2127152	13692	1
BCCN_C_05	96	Picture	cond:1_stimuli_presented:2*_brightness:127	2133791	0	1	9999	2	0	10000	incorrect	389
BCCN_C_05	96	Pulse	99	2137541	3750	NA
BCCN_C_05	96	Response	3	2138237	4446	1
BCCN_C_05	96	Picture	ITI	2143790	9999	1	10166	2	10000	10000	miss	0
BCCN_C_05	97	Picture	cond:1_stimuli_presented:7*_brightness:127	2154123	0	1	9999	2	0	10000	hit	393
BCCN_C_05	97	Pulse	99	2155541	1418	NA
BCCN_C_05	97	Response	103	2159236	5113	1
BCCN_C_05	97	Picture	ITI	2164122	9999	1	10165	2	10000	10000	miss	0
BCCN_C_05	97	Pulse	99	2173541	19418	NA
BCCN_C_05	98	Picture	cond:3_stimuli_presented:43_brightness:66	2174454	0	1	9999	2	0	10000	hit	397
BCCN_C_05	98	Response	101	2181473	7019	2
BCCN_C_05	98	Picture	ITI	2184453	9999	1	10166	2	10000	10000	miss	0
BCCN_C_05	98	Pulse	99	2191541	17087	NA
BCCN_C_05	99	Picture	cond:1_stimuli_presented:2*_brightness:127	2194785	0	2	9999	3	0	10000	hit	401
BCCN_C_05	99	Response	104	2203686	8901	1
BCCN_C_05	99	Picture	ITI	2204784	9999	1	10166	2	10000	10000	miss	0
BCCN_C_05	99	Pulse	99	2209541	14756	NA
BCCN_C_05	100	Picture	cond:1_stimuli_presented:9*_brightness:127	2215117	0	1	9999	2	0	10000	hit	405
BCCN_C_05	100	Response	103	2222025	6908	1
BCCN_C_05	100	Picture	ITI	2225116	9999	1	10165	3	10000	10000	miss	0
BCCN_C_05	100	Pulse	99	2227541	12424	NA
BCCN_C_05	101	Picture	cond:1_stimuli_presented:1*_brightness:127	2235448	0	1	9999	2	0	10000	hit	409
BCCN_C_05	101	Response	103	2240726	5278	1
BCCN_C_05	101	Picture	ITI	2245447	9999	1	10166	2	10000	10000	miss	0
BCCN_C_05	101	Pulse	99	2245541	10093	NA
BCCN_C_05	102	Picture	cond:1_stimuli_presented:8*_brightness:127	2255779	0	2	10000	3	0	10000	hit	413
BCCN_C_05	102	Response	104	2261053	5274	2
BCCN_C_05	102	Pulse	99	2263541	7762	NA
BCCN_C_05	102	Picture	ITI	2265779	10000	1	10165	2	10000	10000	miss	0
BCCN_C_05	103	Picture	cond:4_stimuli_presented:41_brightness:135	2276111	0	1	9999	2	0	10000	incorrect	419
BCCN_C_05	103	Pulse	99	2281541	5430	NA
BCCN_C_05	103	Picture	ITI	2286110	9999	1	10166	2	10000	10000	miss	0
BCCN_C_05	103	Response	3	2287422	11311	1
BCCN_C_05	104	Picture	cond:1_stimuli_presented:8*_brightness:127	2296442	0	1	9999	2	0	10000	hit	422
BCCN_C_05	104	Pulse	99	2299541	3099	NA
BCCN_C_05	104	Response	104	2302999	6557	1
BCCN_C_05	104	Picture	ITI	2306441	9999	1	10166	2	10000	10000	miss	0
BCCN_C_05	105	Picture	cond:1_stimuli_presented:9*_brightness:127	2316774	0	1	9999	2	0	10000	hit	426
BCCN_C_05	105	Pulse	99	2317541	767	NA
BCCN_C_05	105	Response	103	2323249	6475	1
BCCN_C_05	105	Picture	ITI	2326773	9999	1	10165	2	10000	10000	miss	0
BCCN_C_05	105	Pulse	99	2335541	18767	NA
BCCN_C_05	106	Picture	cond:1_stimuli_presented:1*_brightness:127	2337105	0	1	9999	2	0	10000	hit	430
BCCN_C_05	106	Response	103	2342466	5361	1
BCCN_C_05	106	Picture	ITI	2347104	9999	1	10166	2	10000	10000	miss	0
BCCN_C_05	106	Pulse	99	2353541	16436	NA
BCCN_C_05	107	Picture	cond:4_stimuli_presented:68_brightness:124	2357436	0	1	9999	2	0	10000	hit	435
BCCN_C_05	107	Picture	ITI	2367435	9999	1	10166	2	10000	10000	miss	0
BCCN_C_05	107	Response	102	2369532	12096	1
BCCN_C_05	107	Pulse	99	2371541	14105	NA
BCCN_C_05	108	Picture	cond:1_stimuli_presented:9*_brightness:127	2377768	0	1	9999	2	0	10000	hit	438
BCCN_C_05	108	Response	103	2385341	7573	2
BCCN_C_05	108	Picture	ITI	2387767	9999	1	10165	3	10000	10000	miss	0
BCCN_C_05	108	Pulse	99	2389541	11773	NA
BCCN_C_05	109	Picture	cond:1_stimuli_presented:8*_brightness:127	2398099	0	1	9999	2	0	10000	hit	444
BCCN_C_05	109	Pulse	99	2407541	9442	NA
BCCN_C_05	109	Picture	ITI	2408098	9999	1	10166	2	10000	10000	miss	0
BCCN_C_05	109	Response	104	2410729	12630	1
BCCN_C_05	110	Picture	cond:1_stimuli_presented:1*_brightness:127	2418430	0	1	9999	3	0	10000	hit	446
BCCN_C_05	110	Response	103	2422046	3616	1
BCCN_C_05	110	Pulse	99	2425541	7111	NA
BCCN_C_05	110	Picture	ITI	2428429	9999	2	10166	3	10000	10000	miss	0
BCCN_C_05	111	Picture	cond:1_stimuli_presented:9*_brightness:127	2438762	0	1	9999	2	0	10000	hit	451
BCCN_C_05	111	Pulse	99	2443541	4779	NA
BCCN_C_05	111	Response	103	2445291	6529	1
BCCN_C_05	111	Picture	ITI	2448761	9999	1	10165	3	10000	10000	miss	0
BCCN_C_05	112	Picture	cond:1_stimuli_presented:6*_brightness:127	2459093	0	1	9999	2	0	10000	hit	455
BCCN_C_05	112	Pulse	99	2461541	2448	NA
BCCN_C_05	112	Response	104	2464173	5080	1
BCCN_C_05	112	Picture	ITI	2469092	9999	1	10166	2	10000	10000	miss	0
BCCN_C_05	113	Picture	cond:3_stimuli_presented:89_brightness:81	2479424	0	2	9999	4	0	10000	hit	459
BCCN_C_05	113	Pulse	99	2479541	117	NA
BCCN_C_05	113	Response	102	2486927	7503	1
BCCN_C_05	113	Picture	ITI	2489423	9999	2	10166	3	10000	10000	miss	0
BCCN_C_05	113	Pulse	99	2497541	18117	NA
BCCN_C_05	114	Picture	cond:1_stimuli_presented:4*_brightness:127	2499756	0	1	9999	2	0	10000	incorrect	463
BCCN_C_05	114	Response	3	2507900	8144	1
BCCN_C_05	114	Picture	ITI	2509755	9999	1	10166	2	10000	10000	miss	0
BCCN_C_05	114	Pulse	99	2515541	15785	NA
BCCN_C_05	115	Picture	cond:1_stimuli_presented:8*_brightness:127	2520087	0	1	9999	2	0	10000	hit	467
BCCN_C_05	115	Response	104	2524948	4861	1
BCCN_C_05	115	Picture	ITI	2530086	9999	1	10166	2	10000	10000	miss	0
BCCN_C_05	115	Pulse	99	2533541	13454	NA
BCCN_C_05	116	Picture	cond:1_stimuli_presented:4*_brightness:127	2540419	0	1	9999	2	0	10000	hit	472
BCCN_C_05	116	Picture	ITI	2550418	9999	1	10165	2	10000	10000	miss	0
BCCN_C_05	116	Response	104	2550568	10149	1
BCCN_C_05	116	Pulse	99	2551541	11122	NA
BCCN_C_05	117	Picture	cond:1_stimuli_presented:3*_brightness:127	2560750	0	1	9999	2	0	10000	hit	475
BCCN_C_05	117	Response	103	2566610	5860	1
BCCN_C_05	117	Pulse	99	2569541	8791	NA
BCCN_C_05	117	Picture	ITI	2570749	9999	1	10166	2	10000	10000	miss	0
BCCN_C_05	118	Picture	cond:2_stimuli_presented:67_brightness:186	2581081	0	1	9999	2	0	10000	hit	481
BCCN_C_05	118	Pulse	99	2587541	6460	NA
BCCN_C_05	118	Picture	ITI	2591080	9999	1	10166	2	10000	10000	miss	0
BCCN_C_05	118	Response	104	2592643	11562	1
BCCN_C_05	119	Picture	cond:1_stimuli_presented:4*_brightness:127	2601413	0	1	9999	2	0	10000	hit	484
BCCN_C_05	119	Pulse	99	2605541	4128	NA
BCCN_C_05	119	Response	104	2609175	7762	1
BCCN_C_05	119	Picture	ITI	2611412	9999	1	10165	2	10000	10000	miss	0
BCCN_C_05	120	Picture	cond:1_stimuli_presented:7*_brightness:127	2621744	0	1	9999	2	0	10000	hit	488
BCCN_C_05	120	Pulse	99	2623541	1797	NA
BCCN_C_05	120	Response	103	2630561	8817	1
BCCN_C_05	120	Picture	ITI	2631743	9999	1	10166	2	10000	10000	miss	0
BCCN_C_05	120	Pulse	99	2641541	19797	NA
BCCN_C_05	121	Picture	cond:1_stimuli_presented:6*_brightness:127	2642075	0	1	9999	2	0	10000	hit	492
BCCN_C_05	121	Response	104	2646913	4838	1
BCCN_C_05	121	Picture	ITI	2652074	9999	1	10166	2	10000	10000	miss	0
BCCN_C_05	121	Pulse	99	2659541	17466	NA
BCCN_C_05	122	Picture	cond:3_stimuli_presented:18_brightness:80	2662407	0	1	9999	2	0	10000	hit	496
BCCN_C_05	122	Response	102	2670390	7983	1
BCCN_C_05	122	Picture	ITI	2672406	9999	1	10165	3	10000	10000	miss	0
BCCN_C_05	122	Pulse	99	2677541	15134	NA
BCCN_C_05	123	Picture	cond:1_stimuli_presented:3*_brightness:127	2682738	0	1	9999	2	0	10000	incorrect	500
BCCN_C_05	123	Response	4	2689891	7153	1
BCCN_C_05	123	Picture	ITI	2692737	9999	1	10166	2	10000	10000	miss	0
BCCN_C_05	123	Pulse	99	2695541	12803	NA
BCCN_C_05	124	Picture	cond:1_stimuli_presented:4*_brightness:127	2703069	0	2	9999	4	0	10000	hit	504
BCCN_C_05	124	Response	104	2706759	3690	1
BCCN_C_05	124	Picture	ITI	2713068	9999	2	10166	3	10000	10000	miss	0
BCCN_C_05	124	Pulse	99	2713541	10472	NA
BCCN_C_05	125	Picture	cond:1_stimuli_presented:2*_brightness:127	2723401	0	1	9999	2	0	10000	incorrect	508
BCCN_C_05	125	Response	3	2729023	5622	1
BCCN_C_05	125	Pulse	99	2731541	8140	NA
BCCN_C_05	125	Picture	ITI	2733400	9999	1	10166	2	10000	10000	miss	0
BCCN_C_05	126	Picture	cond:1_stimuli_presented:8*_brightness:127	2743732	0	1	9999	2	0	10000	hit	513
BCCN_C_05	126	Pulse	99	2749541	5809	NA
BCCN_C_05	126	Response	104	2749841	6109	1
BCCN_C_05	126	Picture	ITI	2753731	9999	1	10166	2	10000	10000	miss	0
BCCN_C_05	127	Picture	cond:1_stimuli_presented:7*_brightness:127	2764064	0	1	9999	2	0	10000	hit	517
BCCN_C_05	127	Pulse	99	2767541	3477	NA
BCCN_C_05	127	Response	103	2769626	5562	1
BCCN_C_05	127	Picture	ITI	2774063	9999	1	10165	2	10000	10000	miss	0
BCCN_C_05	128	Picture	cond:2_stimuli_presented:18_brightness:177	2784395	0	1	9999	2	0	10000	hit	521
BCCN_C_05	128	Pulse	99	2785541	1146	NA
BCCN_C_05	128	Response	103	2793645	9250	1
BCCN_C_05	128	Picture	ITI	2794394	9999	1	10166	2	10000	10000	miss	0
BCCN_C_05	128	Pulse	99	2803541	19146	NA
BCCN_C_05	129	Picture	cond:1_stimuli_presented:3*_brightness:127	2804726	0	1	9999	2	0	10000	hit	525
BCCN_C_05	129	Response	103	2811727	7001	1
BCCN_C_05	129	Picture	ITI	2814725	9999	1	10166	2	10000	10000	miss	0
BCCN_C_05	129	Pulse	99	2821541	16815	NA
BCCN_C_05	130	Picture	cond:1_stimuli_presented:8*_brightness:127	2825058	0	1	9999	2	0	10000	hit	529
BCCN_C_05	130	Response	104	2829704	4646	2
BCCN_C_05	130	Picture	ITI	2835057	9999	1	10165	2	10000	10000	miss	0
BCCN_C_05	130	Pulse	99	2839541	14483	NA
BCCN_C_05	131	Picture	cond:1_stimuli_presented:6*_brightness:127	2845389	0	1	9999	2	0	10000	hit	533
BCCN_C_05	131	Response	104	2850419	5030	1
BCCN_C_05	131	Picture	ITI	2855388	9999	1	10166	2	10000	10000	miss	0
BCCN_C_05	131	Pulse	99	2857541	12152	NA
BCCN_C_05	132	Picture	cond:3_stimuli_presented:74_brightness:79	2865720	0	1	9999	2	0	10000	hit	537
BCCN_C_05	132	Response	101	2874103	8383	1
BCCN_C_05	132	Pulse	99	2875541	9821	NA
BCCN_C_05	132	Picture	ITI	2875719	9999	1	10166	2	10000	10000	miss	0
BCCN_C_05	133	Picture	cond:1_stimuli_presented:9*_brightness:127	2886052	0	1	9999	2	0	10000	hit	541
BCCN_C_05	133	Response	103	2891358	5306	1
BCCN_C_05	133	Pulse	99	2893541	7489	NA
BCCN_C_05	133	Picture	ITI	2896051	9999	1	10165	2	10000	10000	miss	0
BCCN_C_05	134	Picture	cond:1_stimuli_presented:8*_brightness:127	2906383	0	1	9999	2	0	10000	hit	545
BCCN_C_05	134	Response	104	2911066	4683	1
BCCN_C_05	134	Pulse	99	2911541	5158	NA
BCCN_C_05	134	Picture	ITI	2916382	9999	1	10166	2	10000	10000	miss	0
BCCN_C_05	135	Picture	cond:1_stimuli_presented:3*_brightness:127	2926714	0	2	9999	4	0	10000	hit	550
BCCN_C_05	135	Pulse	99	2929541	2827	NA
BCCN_C_05	135	Response	103	2930877	4163	1
BCCN_C_05	135	Picture	ITI	2936713	9999	2	10166	3	10000	10000	miss	0
BCCN_C_05	136	Picture	cond:3_stimuli_presented:84_brightness:64	2947046	0	1	9999	2	0	10000	hit	554
BCCN_C_05	136	Pulse	99	2947541	495	NA
BCCN_C_05	136	Response	101	2955671	8625	1
BCCN_C_05	136	Picture	ITI	2957045	9999	1	10166	2	10000	10000	miss	0
BCCN_C_05	136	Pulse	99	2965541	18495	NA
BCCN_C_05	137	Picture	cond:1_stimuli_presented:3*_brightness:127	2967377	0	1	9999	2	0	10000	hit	558
BCCN_C_05	137	Response	103	2973520	6143	1
BCCN_C_05	137	Picture	ITI	2977376	9999	1	10166	2	10000	10000	miss	0
BCCN_C_05	137	Pulse	99	2983541	16164	NA
BCCN_C_05	138	Picture	cond:1_stimuli_presented:8*_brightness:127	2987709	0	1	9999	2	0	10000	hit	562
BCCN_C_05	138	Response	104	2993873	6164	1
BCCN_C_05	138	Picture	ITI	2997708	9999	1	10165	2	10000	10000	miss	0
BCCN_C_05	138	Pulse	99	3001541	13832	NA
BCCN_C_05	139	Picture	cond:1_stimuli_presented:2*_brightness:127	3008040	0	1	9999	2	0	10000	hit	566
BCCN_C_05	139	Response	104	3015362	7322	1
BCCN_C_05	139	Picture	ITI	3018039	9999	1	10166	2	10000	10000	miss	0
BCCN_C_05	139	Pulse	99	3019541	11501	NA
BCCN_C_05	140	Picture	cond:1_stimuli_presented:7*_brightness:127	3028371	0	1	9999	2	0	10000	hit	572
BCCN_C_05	140	Pulse	99	3037541	9170	NA
BCCN_C_05	140	Picture	ITI	3038370	9999	1	10166	2	10000	10000	miss	0
BCCN_C_05	140	Response	103	3040672	12301	1
BCCN_C_05	141	Picture	cond:1_stimuli_presented:9*_brightness:127	3048703	0	1	9999	2	0	10000	hit	576
BCCN_C_05	141	Pulse	99	3055541	6838	NA
BCCN_C_05	141	Picture	ITI	3058702	9999	1	10165	2	10000	10000	miss	0
BCCN_C_05	141	Response	103	3062187	13484	2
BCCN_C_05	142	Picture	cond:3_stimuli_presented:61_brightness:71	3069034	0	1	9999	2	0	10000	hit	579
BCCN_C_05	142	Pulse	99	3073541	4507	NA
BCCN_C_05	142	Response	101	3077506	8472	1
BCCN_C_05	142	Picture	ITI	3079033	9999	1	10166	2	10000	10000	miss	0
BCCN_C_05	143	Picture	cond:1_stimuli_presented:2*_brightness:127	3089365	0	1	9999	2	0	10000	hit	583
BCCN_C_05	143	Pulse	99	3091541	2176	NA
BCCN_C_05	143	Response	104	3095174	5809	1
BCCN_C_05	143	Picture	ITI	3099364	9999	1	10166	2	10000	10000	miss	0
BCCN_C_05	143	Pulse	99	3109541	20176	NA
BCCN_C_05	144	Picture	cond:1_stimuli_presented:6*_brightness:127	3109697	0	1	9999	2	0	10000	hit	587
BCCN_C_05	144	Response	104	3118729	9032	1
BCCN_C_05	144	Picture	ITI	3119696	9999	1	10165	2	10000	10000	miss	0
BCCN_C_05	144	Pulse	99	3127541	17844	NA
BCCN_C_05	145	Picture	cond:1_stimuli_presented:3*_brightness:127	3130028	0	1	9999	2	0	10000	hit	591
BCCN_C_05	145	Response	103	3136784	6756	2
BCCN_C_05	145	Picture	ITI	3140027	9999	1	10166	2	10000	10000	miss	0
BCCN_C_05	145	Pulse	99	3145541	15513	NA
BCCN_C_05	146	Picture	cond:2_stimuli_presented:74_brightness:181	3150359	0	1	9999	3	0	10000	hit	596
BCCN_C_05	146	Picture	ITI	3160358	9999	2	10166	3	10000	10000	miss	0
BCCN_C_05	146	Response	103	3161785	11426	1
BCCN_C_05	146	Pulse	99	3163541	13182	NA
BCCN_C_05	147	Picture	cond:1_stimuli_presented:3*_brightness:127	3170691	0	1	9999	2	0	10000	hit	599
BCCN_C_05	147	Response	103	3180021	9330	1
BCCN_C_05	147	Picture	ITI	3180690	9999	1	10165	3	10000	10000	miss	0
BCCN_C_05	147	Pulse	99	3181541	10850	NA
BCCN_C_05	148	Picture	cond:1_stimuli_presented:8*_brightness:127	3191022	0	1	9999	2	0	10000	hit	603
BCCN_C_05	148	Response	104	3197457	6435	1
BCCN_C_05	148	Pulse	99	3199541	8519	NA
BCCN_C_05	148	Picture	ITI	3201021	9999	1	10166	2	10000	10000	miss	0
BCCN_C_05	149	Picture	cond:1_stimuli_presented:4*_brightness:127	3211354	0	1	9999	2	0	10000	incorrect	608
BCCN_C_05	149	Pulse	99	3217541	6187	NA
BCCN_C_05	149	Response	3	3217578	6224	1
BCCN_C_05	149	Picture	ITI	3221353	9999	1	10165	2	10000	10000	miss	0
BCCN_C_05	150	Picture	cond:2_stimuli_presented:73_brightness:172	3231685	0	1	9999	2	0	10000	hit	613
BCCN_C_05	150	Pulse	99	3235541	3856	NA
BCCN_C_05	150	Picture	ITI	3241684	9999	1	10166	2	10000	10000	miss	0
BCCN_C_05	150	Response	103	3242759	11074	1
BCCN_C_05	151	Picture	cond:1_stimuli_presented:8*_brightness:127	3252016	0	1	9999	2	0	10000	hit	617
BCCN_C_05	151	Pulse	99	3253541	1525	NA
BCCN_C_05	151	Picture	ITI	3262015	9999	1	10166	2	10000	10000	miss	0
BCCN_C_05	151	Response	104	3262647	10631	2
BCCN_C_05	151	Pulse	99	3271541	19525	NA
BCCN_C_05	152	Picture	cond:1_stimuli_presented:2*_brightness:127	3272348	0	1	9999	2	0	10000	hit	620
BCCN_C_05	152	Response	104	3278792	6444	1
BCCN_C_05	152	Picture	ITI	3282347	9999	1	10165	2	10000	10000	miss	0
BCCN_C_05	152	Pulse	99	3289541	17193	NA
BCCN_C_05	153	Picture	cond:1_stimuli_presented:1*_brightness:127	3292679	0	1	9999	2	0	10000	hit	624
BCCN_C_05	153	Response	103	3298035	5356	1
BCCN_C_05	153	Picture	ITI	3302678	9999	1	10166	2	10000	10000	miss	0
BCCN_C_05	153	Pulse	99	3307541	14862	NA
BCCN_C_05	154	Picture	cond:4_stimuli_presented:48_brightness:128	3313010	0	1	9999	2	0	10000	incorrect	630
BCCN_C_05	154	Picture	ITI	3323009	9999	1	10166	2	10000	10000	miss	0
BCCN_C_05	154	Pulse	99	3325541	12531	NA
BCCN_C_05	154	Response	2	3328870	15860	2
BCCN_C_05	154	Manual	Prozent korrekt Baseline: 94.2%	3333183	20173
BCCN_C_05	154	Manual	Prozent korrekt Distraktor: 90.0%	3333184	20174
BCCN_C_05	154	Manual	Prozent korrekt Switch: 100.0%	3333184	20174
BCCN_C_05	155	Picture	ENDE	3333342	0	1	30163	2	0	30000	other	0
BCCN_C_05	155	Pulse	99	3343541	10199	NA
BCCN_C_05	155	Pulse	99	3361541	28199	NA
BCCN_C_05	156	Picture	ende info	3363672	0	1	94787	2	0	next	other	0
BCCN_C_05	156	Response	5	3450988	87316	1
