Scenario - Flex_main_Frauen_1
Logfile written - 01/17/2012 15:30:01

Subject	Trial	Event Type	Code	Time	TTime	Uncertainty	Duration	Uncertainty	ReqTime	ReqDur	Stim Type	Pair Index

BCCN_C_01	0	Manual	f1_r_b1	-9999	-9999
BCCN_C_01	1	Picture	instructreminder	-5834	0	2	72659	3	0	next	hit	3
BCCN_C_01	1	Response	101	66731	72565	1
BCCN_C_01	2	Picture	warning	66825	0	1	139653	2	0	next	other	0
BCCN_C_01	2	Pulse	99	206383	139558	NA
BCCN_C_01	3	Picture	dummyscans	206478	0	1	37162	3	0	37000	other	0
BCCN_C_01	3	Pulse	99	224383	17905	NA
BCCN_C_01	3	Pulse	99	242383	35905	NA
BCCN_C_01	4	Picture	beginning_fix	243807	0	1	16665	2	0	next	other	0
BCCN_C_01	4	Pulse	99	260383	16576	NA
BCCN_C_01	5	Picture	cond:1_stimuli_presented:9*_brightness:127	260472	0	1	9999	2	0	10000	hit	12
BCCN_C_01	5	Response	101	268811	8339	1
BCCN_C_01	5	Picture	ITI	270471	9999	1	10166	2	10000	10000	miss	0
BCCN_C_01	5	Pulse	99	278383	17911	NA
BCCN_C_01	6	Picture	cond:1_stimuli_presented:3*_brightness:127	280803	0	1	9999	2	0	10000	hit	16
BCCN_C_01	6	Response	101	286867	6064	1
BCCN_C_01	6	Picture	ITI	290802	9999	1	10166	2	10000	10000	miss	0
BCCN_C_01	6	Pulse	99	296383	15580	NA
BCCN_C_01	7	Picture	cond:1_stimuli_presented:1*_brightness:127	301135	0	1	9999	2	0	10000	hit	20
BCCN_C_01	7	Response	101	306445	5310	2
BCCN_C_01	7	Picture	ITI	311134	9999	1	10165	2	10000	10000	miss	0
BCCN_C_01	7	Pulse	99	314383	13248	NA
BCCN_C_01	8	Picture	cond:4_stimuli_presented:27_brightness:128	321466	0	1	9999	2	0	10000	miss	0
BCCN_C_01	8	Picture	ITI	331465	9999	1	10166	2	10000	10000	miss	0
BCCN_C_01	8	Pulse	99	332383	10917	NA
BCCN_C_01	9	Picture	cond:1_stimuli_presented:8*_brightness:127	341797	0	1	9999	2	0	10000	hit	27
BCCN_C_01	9	Response	102	347607	5810	1
BCCN_C_01	9	Pulse	99	350383	8586	NA
BCCN_C_01	9	Picture	ITI	351796	9999	1	10166	2	10000	10000	miss	0
BCCN_C_01	10	Picture	cond:1_stimuli_presented:7*_brightness:127	362129	0	1	9999	2	0	10000	hit	31
BCCN_C_01	10	Response	101	367935	5806	1
BCCN_C_01	10	Pulse	99	368382	6253	NA
BCCN_C_01	10	Picture	ITI	372128	9999	1	10165	2	10000	10000	miss	0
BCCN_C_01	11	Picture	cond:1_stimuli_presented:1*_brightness:127	382460	0	1	9999	2	0	10000	hit	36
BCCN_C_01	11	Pulse	99	386382	3922	NA
BCCN_C_01	11	Response	101	388520	6060	1
BCCN_C_01	11	Picture	ITI	392459	9999	1	10165	3	10000	10000	miss	0
BCCN_C_01	12	Picture	cond:4_stimuli_presented:86_brightness:128	402791	0	1	9999	2	0	10000	hit	41
BCCN_C_01	12	Pulse	99	404382	1591	NA
BCCN_C_01	12	Picture	ITI	412790	9999	1	10166	2	10000	10000	miss	0
BCCN_C_01	12	Response	102	413572	10781	1
BCCN_C_01	12	Pulse	99	422382	19591	NA
BCCN_C_01	13	Picture	cond:1_stimuli_presented:3*_brightness:127	423122	0	2	9999	4	0	10000	hit	44
BCCN_C_01	13	Response	101	428865	5743	1
BCCN_C_01	13	Picture	ITI	433121	9999	2	10166	3	10000	10000	miss	0
BCCN_C_01	13	Pulse	99	440382	17260	NA
BCCN_C_01	14	Picture	cond:1_stimuli_presented:9*_brightness:127	443454	0	1	9999	2	0	10000	hit	48
BCCN_C_01	14	Response	101	449528	6074	1
BCCN_C_01	14	Picture	ITI	453453	9999	1	10165	2	10000	10000	miss	0
BCCN_C_01	14	Pulse	99	458382	14928	NA
BCCN_C_01	15	Picture	cond:1_stimuli_presented:1*_brightness:127	463785	0	1	9999	2	0	10000	hit	52
BCCN_C_01	15	Response	101	469623	5838	1
BCCN_C_01	15	Picture	ITI	473784	9999	1	10166	2	10000	10000	miss	0
BCCN_C_01	15	Pulse	99	476382	12597	NA
BCCN_C_01	16	Picture	cond:3_stimuli_presented:46_brightness:77	484116	0	1	9999	2	0	10000	hit	56
BCCN_C_01	16	Response	104	491938	7822	1
BCCN_C_01	16	Picture	ITI	494115	9999	1	10166	2	10000	10000	miss	0
BCCN_C_01	16	Pulse	99	494382	10266	NA
BCCN_C_01	17	Picture	cond:1_stimuli_presented:2*_brightness:127	504448	0	1	9999	2	0	10000	hit	60
BCCN_C_01	17	Response	102	511336	6888	1
BCCN_C_01	17	Pulse	99	512382	7934	NA
BCCN_C_01	17	Picture	ITI	514447	9999	1	10165	2	10000	10000	miss	0
BCCN_C_01	18	Picture	cond:1_stimuli_presented:7*_brightness:127	524779	0	1	9999	2	0	10000	hit	65
BCCN_C_01	18	Pulse	99	530382	5603	NA
BCCN_C_01	18	Response	101	530682	5903	1
BCCN_C_01	18	Picture	ITI	534778	9999	1	10166	2	10000	10000	miss	0
BCCN_C_01	19	Picture	cond:1_stimuli_presented:4*_brightness:127	545110	0	1	9999	2	0	10000	hit	69
BCCN_C_01	19	Pulse	99	548382	3272	NA
BCCN_C_01	19	Response	102	551113	6003	1
BCCN_C_01	19	Picture	ITI	555109	9999	1	10166	2	10000	10000	miss	0
BCCN_C_01	20	Picture	cond:3_stimuli_presented:23_brightness:73	565441	0	2	10000	3	0	10000	hit	73
BCCN_C_01	20	Pulse	99	566382	941	NA
BCCN_C_01	20	Response	103	573635	8194	1
BCCN_C_01	20	Picture	ITI	575441	10000	1	10165	2	10000	10000	miss	0
BCCN_C_01	20	Pulse	99	584382	18941	NA
BCCN_C_01	21	Picture	cond:1_stimuli_presented:4*_brightness:127	585773	0	1	9999	2	0	10000	hit	77
BCCN_C_01	21	Response	102	590864	5091	1
BCCN_C_01	21	Picture	ITI	595772	9999	1	10165	3	10000	10000	miss	0
BCCN_C_01	21	Pulse	99	602382	16609	NA
BCCN_C_01	22	Picture	cond:1_stimuli_presented:8*_brightness:127	606104	0	1	9999	2	0	10000	hit	81
BCCN_C_01	22	Response	102	610159	4055	1
BCCN_C_01	22	Picture	ITI	616103	9999	1	10166	2	10000	10000	miss	0
BCCN_C_01	22	Pulse	99	620382	14278	NA
BCCN_C_01	23	Picture	cond:1_stimuli_presented:9*_brightness:127	626435	0	1	9999	2	0	10000	hit	85
BCCN_C_01	23	Response	101	633377	6942	2
BCCN_C_01	23	Picture	ITI	636434	9999	1	10166	2	10000	10000	miss	0
BCCN_C_01	23	Pulse	99	638382	11947	NA
BCCN_C_01	24	Picture	cond:4_stimuli_presented:48_brightness:128	646767	0	1	9999	2	0	10000	miss	0
BCCN_C_01	24	Pulse	99	656382	9615	NA
BCCN_C_01	24	Picture	ITI	656766	9999	1	10165	2	10000	10000	miss	0
BCCN_C_01	25	Picture	cond:1_stimuli_presented:1*_brightness:127	667098	0	1	9999	2	0	10000	hit	92
BCCN_C_01	25	Response	101	672293	5195	1
BCCN_C_01	25	Pulse	99	674381	7283	NA
BCCN_C_01	25	Picture	ITI	677097	9999	1	10166	2	10000	10000	miss	0
BCCN_C_01	26	Picture	cond:1_stimuli_presented:6*_brightness:127	687429	0	1	9999	2	0	10000	hit	97
BCCN_C_01	26	Pulse	99	692381	4952	NA
BCCN_C_01	26	Response	102	692543	5114	1
BCCN_C_01	26	Picture	ITI	697428	9999	1	10166	2	10000	10000	miss	0
BCCN_C_01	27	Picture	cond:1_stimuli_presented:4*_brightness:127	707761	0	1	9999	2	0	10000	hit	101
BCCN_C_01	27	Pulse	99	710381	2620	NA
BCCN_C_01	27	Response	102	713000	5239	1
BCCN_C_01	27	Picture	ITI	717760	9999	1	10165	2	10000	10000	miss	0
BCCN_C_01	28	Picture	cond:1_stimuli_presented:9*_brightness:127	728092	0	1	9999	2	0	10000	hit	105
BCCN_C_01	28	Pulse	99	728381	289	NA
BCCN_C_01	28	Response	101	734824	6732	1
BCCN_C_01	28	Picture	ITI	738091	9999	1	10165	3	10000	10000	miss	0
BCCN_C_01	28	Pulse	99	746381	18289	NA
BCCN_C_01	29	Picture	cond:1_stimuli_presented:1*_brightness:127	748423	0	1	9999	2	0	10000	hit	109
BCCN_C_01	29	Response	101	754119	5696	1
BCCN_C_01	29	Picture	ITI	758422	9999	1	10166	2	10000	10000	miss	0
BCCN_C_01	29	Pulse	99	764381	15958	NA
BCCN_C_01	30	Picture	cond:2_stimuli_presented:38_brightness:185	768754	0	2	9999	3	0	10000	hit	113
BCCN_C_01	30	Response	101	777570	8816	1
BCCN_C_01	30	Picture	ITI	778753	9999	1	10166	2	10000	10000	miss	0
BCCN_C_01	30	Pulse	99	782381	13627	NA
BCCN_C_01	31	Picture	cond:1_stimuli_presented:2*_brightness:127	789086	0	1	9999	2	0	10000	hit	117
BCCN_C_01	31	Response	102	795884	6798	1
BCCN_C_01	31	Picture	ITI	799085	9999	1	10165	2	10000	10000	miss	0
BCCN_C_01	31	Pulse	99	800381	11295	NA
BCCN_C_01	32	Picture	cond:1_stimuli_presented:8*_brightness:127	809417	0	1	9999	2	0	10000	hit	121
BCCN_C_01	32	Response	102	814869	5452	1
BCCN_C_01	32	Pulse	99	818381	8964	NA
BCCN_C_01	32	Picture	ITI	819416	9999	1	10166	2	10000	10000	miss	0
BCCN_C_01	33	Picture	cond:1_stimuli_presented:4*_brightness:127	829748	0	1	9999	2	0	10000	hit	125
BCCN_C_01	33	Response	102	835841	6093	1
BCCN_C_01	33	Pulse	99	836381	6633	NA
BCCN_C_01	33	Picture	ITI	839747	9999	1	10166	2	10000	10000	miss	0
BCCN_C_01	34	Picture	cond:4_stimuli_presented:37_brightness:128	850080	0	1	9999	2	0	10000	incorrect	130
BCCN_C_01	34	Pulse	99	854381	4301	NA
BCCN_C_01	34	Response	4	859189	9109	1
BCCN_C_01	34	Picture	ITI	860079	9999	1	10165	2	10000	10000	miss	0
BCCN_C_01	35	Picture	cond:1_stimuli_presented:6*_brightness:127	870411	0	1	9999	2	0	10000	hit	134
BCCN_C_01	35	Pulse	99	872381	1970	NA
BCCN_C_01	35	Response	102	875463	5052	1
BCCN_C_01	35	Picture	ITI	880410	9999	1	10166	2	10000	10000	miss	0
BCCN_C_01	35	Pulse	99	890381	19970	NA
BCCN_C_01	36	Picture	cond:1_stimuli_presented:9*_brightness:127	890742	0	1	9999	2	0	10000	hit	138
BCCN_C_01	36	Response	101	897365	6623	2
BCCN_C_01	36	Picture	ITI	900741	9999	1	10166	2	10000	10000	miss	0
BCCN_C_01	36	Pulse	99	908381	17639	NA
BCCN_C_01	37	Picture	cond:1_stimuli_presented:6*_brightness:127	911073	0	2	9999	4	0	10000	hit	142
BCCN_C_01	37	Response	102	917073	6000	1
BCCN_C_01	37	Picture	ITI	921072	9999	2	10166	3	10000	10000	miss	0
BCCN_C_01	37	Pulse	99	926381	15308	NA
BCCN_C_01	38	Picture	cond:1_stimuli_presented:7*_brightness:127	931405	0	1	9999	2	0	10000	hit	146
BCCN_C_01	38	Response	101	937788	6383	1
BCCN_C_01	38	Picture	ITI	941404	9999	1	10165	2	10000	10000	miss	0
BCCN_C_01	38	Pulse	99	944381	12976	NA
BCCN_C_01	39	Picture	cond:1_stimuli_presented:9*_brightness:127	951736	0	1	9999	2	0	10000	hit	151
BCCN_C_01	39	Picture	ITI	961735	9999	1	10166	2	10000	10000	miss	0
BCCN_C_01	39	Response	101	961833	10097	1
BCCN_C_01	39	Pulse	99	962381	10645	NA
BCCN_C_01	40	Picture	cond:4_stimuli_presented:36_brightness:124	972067	0	1	9999	2	0	10000	miss	0
BCCN_C_01	40	Pulse	99	980380	8313	NA
BCCN_C_01	40	Picture	ITI	982066	9999	1	10166	2	10000	10000	miss	0
BCCN_C_01	41	Picture	cond:1_stimuli_presented:1*_brightness:127	992399	0	1	9999	2	0	10000	hit	157
BCCN_C_01	41	Response	101	997909	5510	1
BCCN_C_01	41	Pulse	99	998380	5981	NA
BCCN_C_01	41	Picture	ITI	1002398	9999	1	10165	2	10000	10000	miss	0
BCCN_C_01	42	Picture	cond:1_stimuli_presented:7*_brightness:127	1012730	0	1	9999	2	0	10000	hit	162
BCCN_C_01	42	Pulse	99	1016380	3650	NA
BCCN_C_01	42	Response	101	1018339	5609	1
BCCN_C_01	42	Picture	ITI	1022729	9999	1	10166	2	10000	10000	miss	0
BCCN_C_01	43	Picture	cond:1_stimuli_presented:2*_brightness:127	1033061	0	1	9999	2	0	10000	hit	166
BCCN_C_01	43	Pulse	99	1034380	1319	NA
BCCN_C_01	43	Response	102	1039493	6432	1
BCCN_C_01	43	Picture	ITI	1043060	9999	1	10166	2	10000	10000	miss	0
BCCN_C_01	43	Pulse	99	1052380	19319	NA
BCCN_C_01	44	Picture	cond:1_stimuli_presented:6*_brightness:127	1053393	0	1	9999	2	0	10000	hit	170
BCCN_C_01	44	Response	102	1059588	6195	1
BCCN_C_01	44	Picture	ITI	1063392	9999	1	10165	2	10000	10000	miss	0
BCCN_C_01	44	Pulse	99	1070380	16987	NA
BCCN_C_01	45	Picture	cond:3_stimuli_presented:87_brightness:69	1073724	0	1	9999	2	0	10000	incorrect	174
BCCN_C_01	45	Response	3	1081800	8076	1
BCCN_C_01	45	Picture	ITI	1083723	9999	1	10165	3	10000	10000	miss	0
BCCN_C_01	45	Pulse	99	1088380	14656	NA
BCCN_C_01	46	Picture	cond:1_stimuli_presented:4*_brightness:127	1094055	0	1	9999	2	0	10000	hit	178
BCCN_C_01	46	Response	102	1099416	5361	1
BCCN_C_01	46	Picture	ITI	1104054	9999	1	10166	2	10000	10000	miss	0
BCCN_C_01	46	Pulse	99	1106380	12325	NA
BCCN_C_01	47	Picture	cond:1_stimuli_presented:2*_brightness:127	1114386	0	2	9999	3	0	10000	hit	182
BCCN_C_01	47	Response	102	1121861	7475	1
BCCN_C_01	47	Pulse	99	1124380	9994	NA
BCCN_C_01	47	Picture	ITI	1124385	9999	1	10166	2	10000	10000	miss	0
BCCN_C_01	48	Picture	cond:1_stimuli_presented:9*_brightness:127	1134718	0	1	9999	2	0	10000	hit	186
BCCN_C_01	48	Response	101	1141697	6979	2
BCCN_C_01	48	Pulse	99	1142380	7662	NA
BCCN_C_01	48	Picture	ITI	1144717	9999	1	10165	2	10000	10000	miss	0
BCCN_C_01	49	Picture	cond:1_stimuli_presented:1*_brightness:127	1155049	0	1	9999	2	0	10000	hit	191
BCCN_C_01	49	Pulse	99	1160380	5331	NA
BCCN_C_01	49	Response	101	1161818	6769	1
BCCN_C_01	49	Picture	ITI	1165048	9999	1	10166	2	10000	10000	miss	0
BCCN_C_01	50	Picture	cond:1_stimuli_presented:2*_brightness:127	1175380	0	1	9999	2	0	10000	hit	195
BCCN_C_01	50	Pulse	99	1178380	3000	NA
BCCN_C_01	50	Response	102	1182352	6972	1
BCCN_C_01	50	Picture	ITI	1185379	9999	1	10166	2	10000	10000	miss	0
BCCN_C_01	51	Picture	cond:3_stimuli_presented:39_brightness:71	1195712	0	1	9999	2	0	10000	hit	199
BCCN_C_01	51	Pulse	99	1196380	668	NA
BCCN_C_01	51	Response	104	1205003	9291	1
BCCN_C_01	51	Picture	ITI	1205711	9999	1	10165	2	10000	10000	miss	0
BCCN_C_01	51	Pulse	99	1214380	18668	NA
BCCN_C_01	52	Picture	cond:1_stimuli_presented:8*_brightness:127	1216043	0	1	9999	2	0	10000	hit	203
BCCN_C_01	52	Response	102	1222077	6034	1
BCCN_C_01	52	Picture	ITI	1226042	9999	1	10166	2	10000	10000	miss	0
BCCN_C_01	52	Pulse	99	1232380	16337	NA
BCCN_C_01	53	Picture	cond:1_stimuli_presented:1*_brightness:127	1236374	0	1	9999	2	0	10000	hit	207
BCCN_C_01	53	Response	101	1242637	6263	1
BCCN_C_01	53	Picture	ITI	1246373	9999	1	10166	2	10000	10000	miss	0
BCCN_C_01	53	Pulse	99	1250380	14006	NA
BCCN_C_01	54	Picture	cond:1_stimuli_presented:7*_brightness:127	1256705	0	2	9999	4	0	10000	hit	211
BCCN_C_01	54	Response	101	1263300	6595	1
BCCN_C_01	54	Picture	ITI	1266704	9999	2	10166	3	10000	10000	miss	0
BCCN_C_01	54	Pulse	99	1268380	11675	NA
BCCN_C_01	55	Picture	cond:2_stimuli_presented:34_brightness:191	1277037	0	1	9999	2	0	10000	hit	215
BCCN_C_01	55	Response	101	1285150	8113	2
BCCN_C_01	55	Pulse	99	1286379	9342	NA
BCCN_C_01	55	Picture	ITI	1287036	9999	1	10165	3	10000	10000	miss	0
BCCN_C_01	56	Picture	cond:1_stimuli_presented:6*_brightness:127	1297368	0	1	9999	2	0	10000	hit	219
BCCN_C_01	56	Response	102	1303929	6561	1
BCCN_C_01	56	Pulse	99	1304379	7011	NA
BCCN_C_01	56	Picture	ITI	1307367	9999	1	10166	2	10000	10000	miss	0
BCCN_C_01	57	Picture	cond:1_stimuli_presented:4*_brightness:127	1317699	0	1	9999	2	0	10000	hit	224
BCCN_C_01	57	Pulse	99	1322379	4680	NA
BCCN_C_01	57	Response	102	1324127	6428	1
BCCN_C_01	57	Picture	ITI	1327698	9999	1	10166	2	10000	10000	miss	0
BCCN_C_01	58	Picture	cond:1_stimuli_presented:9*_brightness:127	1338031	0	1	9999	2	0	10000	hit	228
BCCN_C_01	58	Pulse	99	1340379	2348	NA
BCCN_C_01	58	Response	101	1344532	6501	1
BCCN_C_01	58	Picture	ITI	1348030	9999	1	10165	2	10000	10000	miss	0
BCCN_C_01	59	Picture	cond:2_stimuli_presented:63_brightness:188	1358362	0	1	9999	2	0	10000	hit	232
BCCN_C_01	59	Pulse	99	1358379	17	NA
BCCN_C_01	59	Response	102	1364136	5774	1
BCCN_C_01	59	Picture	ITI	1368361	9999	1	10166	2	10000	10000	miss	0
BCCN_C_01	59	Pulse	99	1376379	18017	NA
BCCN_C_01	60	Picture	cond:1_stimuli_presented:2*_brightness:127	1378693	0	1	9999	2	0	10000	hit	236
BCCN_C_01	60	Response	102	1385109	6416	1
BCCN_C_01	60	Picture	ITI	1388692	9999	1	10166	2	10000	10000	miss	0
BCCN_C_01	60	Pulse	99	1394379	15686	NA
BCCN_C_01	61	Picture	cond:1_stimuli_presented:4*_brightness:127	1399025	0	1	9998	3	0	10000	hit	240
BCCN_C_01	61	Response	102	1405978	6953	2
BCCN_C_01	61	Picture	ITI	1409023	9998	2	10166	3	10000	10000	miss	0
BCCN_C_01	61	Pulse	99	1412379	13354	NA
BCCN_C_01	62	Picture	cond:1_stimuli_presented:1*_brightness:127	1419356	0	1	9999	2	0	10000	hit	244
BCCN_C_01	62	Response	101	1425789	6433	2
BCCN_C_01	62	Picture	ITI	1429355	9999	1	10165	3	10000	10000	miss	0
BCCN_C_01	62	Pulse	99	1430379	11023	NA
BCCN_C_01	63	Picture	cond:3_stimuli_presented:32_brightness:74	1439687	0	1	9999	2	0	10000	miss	0
BCCN_C_01	63	Pulse	99	1448379	8692	NA
BCCN_C_01	63	Picture	ITI	1449686	9999	1	10166	2	10000	10000	miss	0
BCCN_C_01	64	Picture	cond:1_stimuli_presented:6*_brightness:127	1460018	0	2	9999	3	0	10000	hit	251
BCCN_C_01	64	Response	102	1465092	5074	2
BCCN_C_01	64	Pulse	99	1466379	6361	NA
BCCN_C_01	64	Picture	ITI	1470017	9999	1	10166	2	10000	10000	miss	0
BCCN_C_01	65	Picture	cond:1_stimuli_presented:4*_brightness:127	1480350	0	1	9999	2	0	10000	hit	256
BCCN_C_01	65	Pulse	99	1484379	4029	NA
BCCN_C_01	65	Response	102	1488492	8142	1
BCCN_C_01	65	Picture	ITI	1490349	9999	1	10165	2	10000	10000	miss	0
BCCN_C_01	66	Picture	cond:1_stimuli_presented:7*_brightness:127	1500681	0	1	9999	2	0	10000	hit	260
BCCN_C_01	66	Pulse	99	1502379	1698	NA
BCCN_C_01	66	Response	101	1506186	5505	1
BCCN_C_01	66	Picture	ITI	1510680	9999	1	10166	2	10000	10000	miss	0
BCCN_C_01	66	Pulse	99	1520379	19698	NA
BCCN_C_01	67	Picture	cond:1_stimuli_presented:6*_brightness:127	1521012	0	1	9999	2	0	10000	hit	264
BCCN_C_01	67	Response	102	1525816	4804	1
BCCN_C_01	67	Picture	ITI	1531011	9999	1	10166	2	10000	10000	miss	0
BCCN_C_01	67	Pulse	99	1538379	17367	NA
BCCN_C_01	68	Picture	cond:2_stimuli_presented:37_brightness:192	1541344	0	1	9999	2	0	10000	hit	268
BCCN_C_01	68	Response	101	1549784	8440	1
BCCN_C_01	68	Picture	ITI	1551343	9999	1	10165	2	10000	10000	miss	0
BCCN_C_01	68	Pulse	99	1556379	15035	NA
BCCN_C_01	69	Picture	cond:1_stimuli_presented:1*_brightness:127	1561675	0	1	9999	2	0	10000	hit	272
BCCN_C_01	69	Response	101	1569156	7481	1
BCCN_C_01	69	Picture	ITI	1571674	9999	1	10166	2	10000	10000	miss	0
BCCN_C_01	69	Pulse	99	1574379	12704	NA
BCCN_C_01	70	Picture	cond:1_stimuli_presented:9*_brightness:127	1582006	0	1	9999	2	0	10000	hit	276
BCCN_C_01	70	Response	101	1589767	7761	1
BCCN_C_01	70	Picture	ITI	1592005	9999	1	10166	2	10000	10000	miss	0
BCCN_C_01	70	Pulse	99	1592379	10373	NA
BCCN_C_01	71	Picture	cond:1_stimuli_presented:6*_brightness:127	1602337	0	2	9999	4	0	10000	hit	280
BCCN_C_01	71	Response	102	1609966	7629	1
BCCN_C_01	71	Pulse	99	1610378	8041	NA
BCCN_C_01	71	Picture	ITI	1612336	9999	2	10166	3	10000	10000	miss	0
BCCN_C_01	72	Picture	cond:1_stimuli_presented:1*_brightness:127	1622669	0	1	9999	2	0	10000	hit	285
BCCN_C_01	72	Pulse	99	1628378	5709	NA
BCCN_C_01	72	Response	101	1629518	6849	2
BCCN_C_01	72	Picture	ITI	1632668	9999	1	10165	3	10000	10000	miss	0
BCCN_C_01	73	Picture	cond:1_stimuli_presented:6*_brightness:127	1643000	0	1	9999	2	0	10000	hit	289
BCCN_C_01	73	Pulse	99	1646378	3378	NA
BCCN_C_01	73	Response	102	1649174	6174	2
BCCN_C_01	73	Picture	ITI	1652999	9999	1	10166	2	10000	10000	miss	0
BCCN_C_01	74	Picture	cond:1_stimuli_presented:2*_brightness:127	1663331	0	1	9999	2	0	10000	hit	293
BCCN_C_01	74	Pulse	99	1664378	1047	NA
BCCN_C_01	74	Response	102	1669450	6119	1
BCCN_C_01	74	Picture	ITI	1673330	9999	1	10166	2	10000	10000	miss	0
BCCN_C_01	74	Pulse	99	1682378	19047	NA
BCCN_C_01	75	Picture	cond:2_stimuli_presented:73_brightness:181	1683663	0	1	9999	2	0	10000	hit	297
BCCN_C_01	75	Response	101	1692540	8877	1
BCCN_C_01	75	Picture	ITI	1693662	9999	1	10165	2	10000	10000	miss	0
BCCN_C_01	75	Pulse	99	1700378	16715	NA
BCCN_C_01	76	Picture	cond:1_stimuli_presented:9*_brightness:127	1703994	0	1	9999	2	0	10000	hit	301
BCCN_C_01	76	Response	101	1712867	8873	1
BCCN_C_01	76	Picture	ITI	1713993	9999	1	10166	2	10000	10000	miss	0
BCCN_C_01	76	Pulse	99	1718378	14384	NA
BCCN_C_01	77	Picture	cond:1_stimuli_presented:2*_brightness:127	1724325	0	1	9999	2	0	10000	hit	305
BCCN_C_01	77	Response	102	1730819	6494	2
BCCN_C_01	77	Picture	ITI	1734324	9999	1	10166	2	10000	10000	miss	0
BCCN_C_01	77	Pulse	99	1736378	12053	NA
BCCN_C_01	78	Picture	cond:1_stimuli_presented:1*_brightness:127	1744657	0	1	9999	2	0	10000	hit	309
BCCN_C_01	78	Response	101	1750837	6180	1
BCCN_C_01	78	Pulse	99	1754378	9721	NA
BCCN_C_01	78	Picture	ITI	1754656	9999	1	10165	2	10000	10000	miss	0
BCCN_C_01	79	Picture	cond:1_stimuli_presented:7*_brightness:127	1764988	0	1	9999	2	0	10000	hit	313
BCCN_C_01	79	Response	101	1772119	7131	2
BCCN_C_01	79	Pulse	99	1772378	7390	NA
BCCN_C_01	79	Picture	ITI	1774987	9999	1	10165	3	10000	10000	miss	0
BCCN_C_01	80	Picture	cond:1_stimuli_presented:9*_brightness:127	1785319	0	1	9999	2	0	10000	hit	318
BCCN_C_01	80	Pulse	99	1790378	5059	NA
BCCN_C_01	80	Response	101	1792266	6947	1
BCCN_C_01	80	Picture	ITI	1795318	9999	1	10166	2	10000	10000	miss	0
BCCN_C_01	81	Picture	cond:3_stimuli_presented:12_brightness:85	1805650	0	1	9999	2	0	10000	hit	323
BCCN_C_01	81	Pulse	99	1808378	2728	NA
BCCN_C_01	81	Picture	ITI	1815649	9999	1	10166	2	10000	10000	miss	0
BCCN_C_01	81	Response	103	1815769	10119	1
BCCN_C_01	82	Picture	cond:1_stimuli_presented:9*_brightness:127	1825982	0	1	9999	2	0	10000	hit	326
BCCN_C_01	82	Pulse	99	1826378	396	NA
BCCN_C_01	82	Response	101	1832533	6551	2
BCCN_C_01	82	Picture	ITI	1835981	9999	1	10165	2	10000	10000	miss	0
BCCN_C_01	82	Pulse	99	1844378	18396	NA
BCCN_C_01	83	Picture	cond:1_stimuli_presented:3*_brightness:127	1846313	0	1	9999	2	0	10000	hit	330
BCCN_C_01	83	Response	101	1854048	7735	2
BCCN_C_01	83	Picture	ITI	1856312	9999	1	10166	2	10000	10000	miss	0
BCCN_C_01	83	Pulse	99	1862378	16065	NA
BCCN_C_01	84	Picture	cond:1_stimuli_presented:6*_brightness:127	1866644	0	1	9999	2	0	10000	hit	334
BCCN_C_01	84	Response	102	1873188	6544	1
BCCN_C_01	84	Picture	ITI	1876643	9999	1	10166	2	10000	10000	miss	0
BCCN_C_01	84	Pulse	99	1880378	13734	NA
BCCN_C_01	85	Picture	cond:3_stimuli_presented:42_brightness:75	1886976	0	1	9999	2	0	10000	hit	338
BCCN_C_01	85	Response	103	1895658	8682	1
BCCN_C_01	85	Picture	ITI	1896975	9999	1	10165	2	10000	10000	miss	0
BCCN_C_01	85	Pulse	99	1898378	11402	NA
BCCN_C_01	86	Picture	cond:1_stimuli_presented:9*_brightness:127	1907307	0	1	9999	2	0	10000	hit	342
BCCN_C_01	86	Response	101	1914385	7078	1
BCCN_C_01	86	Pulse	99	1916378	9071	NA
BCCN_C_01	86	Picture	ITI	1917306	9999	1	10165	3	10000	10000	miss	0
BCCN_C_01	87	Picture	cond:1_stimuli_presented:4*_brightness:127	1927638	0	1	9999	2	0	10000	hit	347
BCCN_C_01	87	Pulse	99	1934377	6739	NA
BCCN_C_01	87	Response	102	1934557	6919	2
BCCN_C_01	87	Picture	ITI	1937637	9999	1	10166	2	10000	10000	miss	0
BCCN_C_01	88	Picture	cond:1_stimuli_presented:2*_brightness:127	1947969	0	2	9999	4	0	10000	hit	351
BCCN_C_01	88	Pulse	99	1952377	4408	NA
BCCN_C_01	88	Response	102	1954497	6528	2
BCCN_C_01	88	Picture	ITI	1957968	9999	2	10166	3	10000	10000	miss	0
BCCN_C_01	89	Picture	cond:1_stimuli_presented:9*_brightness:127	1968301	0	1	9999	2	0	10000	hit	355
BCCN_C_01	89	Pulse	99	1970377	2076	NA
BCCN_C_01	89	Response	101	1975109	6808	1
BCCN_C_01	89	Picture	ITI	1978300	9999	1	10165	3	10000	10000	miss	0
BCCN_C_01	89	Pulse	99	1988377	20076	NA
BCCN_C_01	90	Picture	cond:1_stimuli_presented:7*_brightness:127	1988632	0	1	9999	2	0	10000	hit	359
BCCN_C_01	90	Response	101	1995514	6882	1
BCCN_C_01	90	Picture	ITI	1998631	9999	1	10166	2	10000	10000	miss	0
BCCN_C_01	90	Pulse	99	2006377	17745	NA
BCCN_C_01	91	Picture	cond:1_stimuli_presented:4*_brightness:127	2008963	0	1	9999	2	0	10000	hit	363
BCCN_C_01	91	Response	102	2014292	5329	1
BCCN_C_01	91	Picture	ITI	2018962	9999	1	10166	2	10000	10000	miss	0
BCCN_C_01	91	Pulse	99	2024377	15414	NA
BCCN_C_01	92	Picture	cond:1_stimuli_presented:2*_brightness:127	2029295	0	1	9999	2	0	10000	hit	367
BCCN_C_01	92	Response	102	2036297	7002	2
BCCN_C_01	92	Picture	ITI	2039294	9999	1	10165	2	10000	10000	miss	0
BCCN_C_01	92	Pulse	99	2042377	13082	NA
BCCN_C_01	93	Picture	cond:1_stimuli_presented:3*_brightness:127	2049626	0	1	9999	2	0	10000	hit	371
BCCN_C_01	93	Response	101	2056599	6973	1
BCCN_C_01	93	Picture	ITI	2059625	9999	1	10166	2	10000	10000	miss	0
BCCN_C_01	93	Pulse	99	2060377	10751	NA
BCCN_C_01	94	Picture	cond:4_stimuli_presented:79_brightness:135	2069957	0	1	9999	2	0	10000	incorrect	377
BCCN_C_01	94	Pulse	99	2078377	8420	NA
BCCN_C_01	94	Picture	ITI	2079956	9999	1	10166	2	10000	10000	miss	0
BCCN_C_01	94	Response	4	2083329	13372	1
BCCN_C_01	95	Picture	cond:1_stimuli_presented:1*_brightness:127	2090289	0	1	9998	3	0	10000	hit	380
BCCN_C_01	95	Pulse	99	2096377	6088	NA
BCCN_C_01	95	Response	101	2098054	7765	1
BCCN_C_01	95	Picture	ITI	2100287	9998	2	10166	3	10000	10000	miss	0
BCCN_C_01	96	Picture	cond:1_stimuli_presented:6*_brightness:127	2110620	0	1	9999	2	0	10000	hit	384
BCCN_C_01	96	Pulse	99	2114377	3757	NA
BCCN_C_01	96	Response	102	2116910	6290	1
BCCN_C_01	96	Picture	ITI	2120619	9999	1	10165	3	10000	10000	miss	0
BCCN_C_01	97	Picture	cond:1_stimuli_presented:4*_brightness:127	2130951	0	1	9999	2	0	10000	hit	388
BCCN_C_01	97	Pulse	99	2132377	1426	NA
BCCN_C_01	97	Response	102	2137004	6053	2
BCCN_C_01	97	Picture	ITI	2140950	9999	1	10166	2	10000	10000	miss	0
BCCN_C_01	97	Pulse	99	2150377	19426	NA
BCCN_C_01	98	Picture	cond:1_stimuli_presented:8*_brightness:127	2151282	0	1	9999	2	0	10000	hit	392
BCCN_C_01	98	Response	102	2159346	8064	1
BCCN_C_01	98	Picture	ITI	2161281	9999	1	10166	2	10000	10000	miss	0
BCCN_C_01	98	Pulse	99	2168377	17095	NA
BCCN_C_01	99	Picture	cond:4_stimuli_presented:14_brightness:131	2171614	0	1	9999	2	0	10000	miss	0
BCCN_C_01	99	Picture	ITI	2181613	9999	1	10165	2	10000	10000	miss	0
BCCN_C_01	99	Pulse	99	2186377	14763	NA
BCCN_C_01	100	Picture	cond:1_stimuli_presented:9*_brightness:127	2191945	0	1	9999	2	0	10000	hit	399
BCCN_C_01	100	Response	101	2198881	6936	1
BCCN_C_01	100	Picture	ITI	2201944	9999	1	10166	2	10000	10000	miss	0
BCCN_C_01	100	Pulse	99	2204377	12432	NA
BCCN_C_01	101	Picture	cond:1_stimuli_presented:1*_brightness:127	2212276	0	1	9999	2	0	10000	hit	403
BCCN_C_01	101	Response	101	2220551	8275	1
BCCN_C_01	101	Picture	ITI	2222275	9999	1	10166	2	10000	10000	miss	0
BCCN_C_01	101	Pulse	99	2222377	10101	NA
BCCN_C_01	102	Picture	cond:1_stimuli_presented:8*_brightness:127	2232608	0	1	9999	2	0	10000	hit	407
BCCN_C_01	102	Response	102	2238916	6308	1
BCCN_C_01	102	Pulse	99	2240376	7768	NA
BCCN_C_01	102	Picture	ITI	2242607	9999	1	10165	2	10000	10000	miss	0
BCCN_C_01	103	Picture	cond:4_stimuli_presented:34_brightness:128	2252939	0	1	9999	2	0	10000	incorrect	412
BCCN_C_01	103	Pulse	99	2258376	5437	NA
BCCN_C_01	103	Response	4	2260896	7957	1
BCCN_C_01	103	Picture	ITI	2262938	9999	1	10165	3	10000	10000	miss	0
BCCN_C_01	104	Picture	cond:1_stimuli_presented:1*_brightness:127	2273270	0	1	9999	2	0	10000	hit	416
BCCN_C_01	104	Pulse	99	2276376	3106	NA
BCCN_C_01	104	Response	101	2281378	8108	1
BCCN_C_01	104	Picture	ITI	2283269	9999	1	10166	2	10000	10000	miss	0
BCCN_C_01	105	Picture	cond:1_stimuli_presented:9*_brightness:127	2293601	0	2	9999	4	0	10000	hit	420
BCCN_C_01	105	Pulse	99	2294376	775	NA
BCCN_C_01	105	Response	101	2301602	8001	1
BCCN_C_01	105	Picture	ITI	2303600	9999	2	10166	3	10000	10000	miss	0
BCCN_C_01	105	Pulse	99	2312376	18775	NA
BCCN_C_01	106	Picture	cond:1_stimuli_presented:2*_brightness:127	2313933	0	1	9999	2	0	10000	hit	424
BCCN_C_01	106	Response	102	2320922	6989	2
BCCN_C_01	106	Picture	ITI	2323932	9999	1	10165	3	10000	10000	miss	0
BCCN_C_01	106	Pulse	99	2330376	16443	NA
BCCN_C_01	107	Picture	cond:1_stimuli_presented:9*_brightness:127	2334264	0	1	9999	2	0	10000	hit	428
BCCN_C_01	107	Response	101	2341224	6960	1
BCCN_C_01	107	Picture	ITI	2344263	9999	1	10166	2	10000	10000	miss	0
BCCN_C_01	107	Pulse	99	2348376	14112	NA
BCCN_C_01	108	Picture	cond:2_stimuli_presented:47_brightness:190	2354595	0	1	9999	2	0	10000	hit	434
BCCN_C_01	108	Picture	ITI	2364594	9999	1	10166	2	10000	10000	miss	0
BCCN_C_01	108	Pulse	99	2366376	11781	NA
BCCN_C_01	108	Response	102	2366431	11836	1
BCCN_C_01	109	Picture	cond:1_stimuli_presented:8*_brightness:127	2374927	0	1	9999	2	0	10000	hit	436
BCCN_C_01	109	Response	102	2383660	8733	1
BCCN_C_01	109	Pulse	99	2384376	9449	NA
BCCN_C_01	109	Picture	ITI	2384926	9999	1	10165	2	10000	10000	miss	0
BCCN_C_01	110	Picture	cond:1_stimuli_presented:1*_brightness:127	2395258	0	1	9999	2	0	10000	hit	440
BCCN_C_01	110	Response	101	2401276	6018	2
BCCN_C_01	110	Pulse	99	2402376	7118	NA
BCCN_C_01	110	Picture	ITI	2405257	9999	1	10166	2	10000	10000	miss	0
BCCN_C_01	111	Picture	cond:1_stimuli_presented:4*_brightness:127	2415589	0	1	9999	2	0	10000	hit	445
BCCN_C_01	111	Pulse	99	2420376	4787	NA
BCCN_C_01	111	Response	102	2422559	6970	1
BCCN_C_01	111	Picture	ITI	2425588	9999	1	10166	2	10000	10000	miss	0
BCCN_C_01	112	Picture	cond:3_stimuli_presented:38_brightness:74	2435921	0	1	9998	3	0	10000	hit	449
BCCN_C_01	112	Pulse	99	2438376	2455	NA
BCCN_C_01	112	Response	104	2444849	8928	1
BCCN_C_01	112	Picture	ITI	2445919	9998	2	10166	3	10000	10000	miss	0
BCCN_C_01	113	Picture	cond:1_stimuli_presented:6*_brightness:127	2456252	0	1	9999	2	0	10000	hit	453
BCCN_C_01	113	Pulse	99	2456376	124	NA
BCCN_C_01	113	Response	102	2463859	7607	1
BCCN_C_01	113	Picture	ITI	2466251	9999	1	10165	3	10000	10000	miss	0
BCCN_C_01	113	Pulse	99	2474376	18124	NA
BCCN_C_01	114	Picture	cond:1_stimuli_presented:7*_brightness:127	2476583	0	1	9999	2	0	10000	hit	457
BCCN_C_01	114	Response	101	2483670	7087	1
BCCN_C_01	114	Picture	ITI	2486582	9999	1	10166	2	10000	10000	miss	0
BCCN_C_01	114	Pulse	99	2492376	15793	NA
BCCN_C_01	115	Picture	cond:1_stimuli_presented:8*_brightness:127	2496914	0	1	9999	2	0	10000	hit	461
BCCN_C_01	115	Response	102	2504049	7135	1
BCCN_C_01	115	Picture	ITI	2506913	9999	1	10166	2	10000	10000	miss	0
BCCN_C_01	115	Pulse	99	2510376	13462	NA
BCCN_C_01	116	Picture	cond:1_stimuli_presented:3*_brightness:127	2517246	0	1	9999	2	0	10000	hit	465
BCCN_C_01	116	Response	101	2523550	6304	2
BCCN_C_01	116	Picture	ITI	2527245	9999	1	10165	2	10000	10000	miss	0
BCCN_C_01	116	Pulse	99	2528376	11130	NA
BCCN_C_01	117	Picture	cond:3_stimuli_presented:14_brightness:74	2537577	0	1	9999	2	0	10000	hit	471
BCCN_C_01	117	Pulse	99	2546376	8799	NA
BCCN_C_01	117	Picture	ITI	2547576	9999	1	10166	2	10000	10000	miss	0
BCCN_C_01	117	Response	103	2547647	10070	1
BCCN_C_01	118	Picture	cond:1_stimuli_presented:8*_brightness:127	2557908	0	1	9999	2	0	10000	hit	473
BCCN_C_01	118	Response	102	2563843	5935	2
BCCN_C_01	118	Pulse	99	2564375	6467	NA
BCCN_C_01	118	Picture	ITI	2567907	9999	1	10166	2	10000	10000	miss	0
BCCN_C_01	119	Picture	cond:1_stimuli_presented:2*_brightness:127	2578240	0	1	9999	2	0	10000	hit	478
BCCN_C_01	119	Pulse	99	2582375	4135	NA
BCCN_C_01	119	Response	102	2585720	7480	1
BCCN_C_01	119	Picture	ITI	2588239	9999	1	10165	2	10000	10000	miss	0
BCCN_C_01	120	Picture	cond:1_stimuli_presented:9*_brightness:127	2598571	0	1	9999	2	0	10000	hit	482
BCCN_C_01	120	Pulse	99	2600375	1804	NA
BCCN_C_01	120	Response	101	2605195	6624	1
BCCN_C_01	120	Picture	ITI	2608570	9999	1	10166	2	10000	10000	miss	0
BCCN_C_01	120	Pulse	99	2618375	19804	NA
BCCN_C_01	121	Picture	cond:1_stimuli_presented:3*_brightness:127	2618902	0	1	9999	2	0	10000	hit	486
BCCN_C_01	121	Response	101	2626245	7343	2
BCCN_C_01	121	Picture	ITI	2628901	9999	1	10166	2	10000	10000	miss	0
BCCN_C_01	121	Pulse	99	2636375	17473	NA
BCCN_C_01	122	Picture	cond:1_stimuli_presented:7*_brightness:127	2639233	0	2	9999	4	0	10000	hit	490
BCCN_C_01	122	Response	101	2646185	6952	2
BCCN_C_01	122	Picture	ITI	2649232	9999	2	10166	3	10000	10000	miss	0
BCCN_C_01	122	Pulse	99	2654375	15142	NA
BCCN_C_01	123	Picture	cond:4_stimuli_presented:86_brightness:128	2659565	0	1	9999	2	0	10000	hit	496
BCCN_C_01	123	Picture	ITI	2669564	9999	1	10165	2	10000	10000	miss	0
BCCN_C_01	123	Pulse	99	2672375	12810	NA
BCCN_C_01	123	Response	102	2673045	13480	1
BCCN_C_01	124	Picture	cond:1_stimuli_presented:9*_brightness:127	2679896	0	1	9999	2	0	10000	hit	498
BCCN_C_01	124	Response	101	2688725	8829	1
BCCN_C_01	124	Picture	ITI	2689895	9999	1	10166	2	10000	10000	miss	0
BCCN_C_01	124	Pulse	99	2690375	10479	NA
BCCN_C_01	125	Picture	cond:1_stimuli_presented:7*_brightness:127	2700227	0	1	9999	2	0	10000	hit	503
BCCN_C_01	125	Pulse	99	2708375	8148	NA
BCCN_C_01	125	Response	101	2708742	8515	2
BCCN_C_01	125	Picture	ITI	2710226	9999	1	10166	2	10000	10000	miss	0
BCCN_C_01	126	Picture	cond:1_stimuli_presented:8*_brightness:127	2720559	0	1	9999	2	0	10000	hit	507
BCCN_C_01	126	Pulse	99	2726375	5816	NA
BCCN_C_01	126	Response	102	2726617	6058	1
BCCN_C_01	126	Picture	ITI	2730558	9999	1	10165	2	10000	10000	miss	0
BCCN_C_01	127	Picture	cond:1_stimuli_presented:7*_brightness:127	2740890	0	1	9999	2	0	10000	hit	511
BCCN_C_01	127	Pulse	99	2744375	3485	NA
BCCN_C_01	127	Response	101	2747280	6390	1
BCCN_C_01	127	Picture	ITI	2750889	9999	1	10166	2	10000	10000	miss	0
BCCN_C_01	128	Picture	cond:1_stimuli_presented:4*_brightness:127	2761221	0	1	9999	2	0	10000	hit	515
BCCN_C_01	128	Pulse	99	2762375	1154	NA
BCCN_C_01	128	Response	102	2767556	6335	1
BCCN_C_01	128	Picture	ITI	2771220	9999	1	10166	2	10000	10000	miss	0
BCCN_C_01	128	Pulse	99	2780375	19154	NA
BCCN_C_01	129	Picture	cond:2_stimuli_presented:26_brightness:173	2781552	0	2	10000	3	0	10000	hit	519
BCCN_C_01	129	Response	102	2788787	7235	1
BCCN_C_01	129	Picture	ITI	2791552	10000	1	10165	2	10000	10000	miss	0
BCCN_C_01	129	Pulse	99	2798375	16823	NA
BCCN_C_01	130	Picture	cond:1_stimuli_presented:3*_brightness:127	2801884	0	1	9999	2	0	10000	hit	523
BCCN_C_01	130	Response	101	2809037	7153	1
BCCN_C_01	130	Picture	ITI	2811883	9999	1	10165	3	10000	10000	miss	0
BCCN_C_01	130	Pulse	99	2816375	14491	NA
BCCN_C_01	131	Picture	cond:1_stimuli_presented:8*_brightness:127	2822215	0	1	9999	2	0	10000	hit	527
BCCN_C_01	131	Response	102	2828951	6736	1
BCCN_C_01	131	Picture	ITI	2832214	9999	1	10166	2	10000	10000	miss	0
BCCN_C_01	131	Pulse	99	2834375	12160	NA
BCCN_C_01	132	Picture	cond:1_stimuli_presented:1*_brightness:127	2842546	0	1	9999	3	0	10000	hit	531
BCCN_C_01	132	Response	101	2847987	5441	2
BCCN_C_01	132	Pulse	99	2852375	9829	NA
BCCN_C_01	132	Picture	ITI	2852545	9999	2	10166	3	10000	10000	miss	0
BCCN_C_01	133	Picture	cond:1_stimuli_presented:9*_brightness:127	2862878	0	1	9999	2	0	10000	hit	535
BCCN_C_01	133	Response	101	2869915	7037	1
BCCN_C_01	133	Pulse	99	2870374	7496	NA
BCCN_C_01	133	Picture	ITI	2872877	9999	1	10165	2	10000	10000	miss	0
BCCN_C_01	134	Picture	cond:4_stimuli_presented:82_brightness:123	2883209	0	1	9999	2	0	10000	incorrect	540
BCCN_C_01	134	Pulse	99	2888374	5165	NA
BCCN_C_01	134	Response	2	2891456	8247	1
BCCN_C_01	134	Picture	ITI	2893208	9999	1	10166	2	10000	10000	miss	0
BCCN_C_01	135	Picture	cond:1_stimuli_presented:1*_brightness:127	2903540	0	1	9999	2	0	10000	hit	544
BCCN_C_01	135	Pulse	99	2906374	2834	NA
BCCN_C_01	135	Response	101	2909744	6204	1
BCCN_C_01	135	Picture	ITI	2913539	9999	1	10166	2	10000	10000	miss	0
BCCN_C_01	136	Picture	cond:1_stimuli_presented:8*_brightness:127	2923872	0	1	9999	2	0	10000	hit	548
BCCN_C_01	136	Pulse	99	2924374	502	NA
BCCN_C_01	136	Response	102	2929426	5554	1
BCCN_C_01	136	Picture	ITI	2933871	9999	1	10165	2	10000	10000	miss	0
BCCN_C_01	136	Pulse	99	2942374	18502	NA
BCCN_C_01	137	Picture	cond:1_stimuli_presented:7*_brightness:127	2944203	0	1	9999	2	0	10000	hit	552
BCCN_C_01	137	Response	101	2950398	6195	2
BCCN_C_01	137	Picture	ITI	2954202	9999	1	10166	2	10000	10000	miss	0
BCCN_C_01	137	Pulse	99	2960374	16171	NA
BCCN_C_01	138	Picture	cond:2_stimuli_presented:89_brightness:184	2964534	0	1	9999	2	0	10000	hit	556
BCCN_C_01	138	Response	102	2970184	5650	1
BCCN_C_01	138	Picture	ITI	2974533	9999	1	10166	2	10000	10000	miss	0
BCCN_C_01	138	Pulse	99	2978374	13840	NA
BCCN_C_01	139	Picture	cond:1_stimuli_presented:7*_brightness:127	2984865	0	2	9999	4	0	10000	hit	560
BCCN_C_01	139	Response	101	2990743	5878	1
BCCN_C_01	139	Picture	ITI	2994864	9999	2	10166	3	10000	10000	miss	0
BCCN_C_01	139	Pulse	99	2996374	11509	NA
BCCN_C_01	140	Picture	cond:1_stimuli_presented:9*_brightness:127	3005197	0	1	9999	2	0	10000	hit	564
BCCN_C_01	140	Response	101	3012516	7319	2
BCCN_C_01	140	Pulse	99	3014374	9177	NA
BCCN_C_01	140	Picture	ITI	3015196	9999	1	10165	2	10000	10000	miss	0
BCCN_C_01	141	Picture	cond:1_stimuli_presented:8*_brightness:127	3025528	0	1	9999	2	0	10000	hit	568
BCCN_C_01	141	Response	102	3031372	5844	1
BCCN_C_01	141	Pulse	99	3032374	6846	NA
BCCN_C_01	141	Picture	ITI	3035527	9999	1	10166	2	10000	10000	miss	0
BCCN_C_01	142	Picture	cond:2_stimuli_presented:36_brightness:176	3045859	0	1	9999	2	0	10000	hit	573
BCCN_C_01	142	Pulse	99	3050374	4515	NA
BCCN_C_01	142	Response	101	3054720	8861	1
BCCN_C_01	142	Picture	ITI	3055858	9999	1	10166	2	10000	10000	miss	0
BCCN_C_01	143	Picture	cond:1_stimuli_presented:4*_brightness:127	3066191	0	1	9999	2	0	10000	hit	577
BCCN_C_01	143	Pulse	99	3068374	2183	NA
BCCN_C_01	143	Response	102	3071717	5526	1
BCCN_C_01	143	Picture	ITI	3076190	9999	1	10165	2	10000	10000	miss	0
BCCN_C_01	143	Pulse	99	3086374	20183	NA
BCCN_C_01	144	Picture	cond:1_stimuli_presented:1*_brightness:127	3086522	0	1	9999	2	0	10000	hit	581
BCCN_C_01	144	Response	101	3091760	5238	2
BCCN_C_01	144	Picture	ITI	3096521	9999	1	10166	2	10000	10000	miss	0
BCCN_C_01	144	Pulse	99	3104374	17852	NA
BCCN_C_01	145	Picture	cond:1_stimuli_presented:6*_brightness:127	3106853	0	1	9999	2	0	10000	hit	585
BCCN_C_01	145	Response	102	3113017	6164	1
BCCN_C_01	145	Picture	ITI	3116852	9999	1	10166	2	10000	10000	miss	0
BCCN_C_01	145	Pulse	99	3122374	15521	NA
BCCN_C_01	146	Picture	cond:1_stimuli_presented:4*_brightness:127	3127184	0	2	9999	4	0	10000	hit	589
BCCN_C_01	146	Response	102	3132596	5412	1
BCCN_C_01	146	Picture	ITI	3137183	9999	2	10166	3	10000	10000	miss	0
BCCN_C_01	146	Pulse	99	3140374	13190	NA
BCCN_C_01	147	Picture	cond:1_stimuli_presented:1*_brightness:127	3147516	0	1	9999	2	0	10000	hit	593
BCCN_C_01	147	Response	101	3152097	4581	1
BCCN_C_01	147	Picture	ITI	3157515	9999	1	10165	3	10000	10000	miss	0
BCCN_C_01	147	Pulse	99	3158374	10858	NA
BCCN_C_01	148	Picture	cond:2_stimuli_presented:29_brightness:171	3167847	0	1	9999	2	0	10000	hit	598
BCCN_C_01	148	Pulse	99	3176373	8526	NA
BCCN_C_01	148	Response	102	3176865	9018	1
BCCN_C_01	148	Picture	ITI	3177846	9999	1	10166	2	10000	10000	miss	0
BCCN_C_01	149	Picture	cond:1_stimuli_presented:3*_brightness:127	3188178	0	2	9999	4	0	10000	hit	602
BCCN_C_01	149	Pulse	99	3194373	6195	NA
BCCN_C_01	149	Response	101	3195643	7465	1
BCCN_C_01	149	Picture	ITI	3198177	9999	2	10166	3	10000	10000	miss	0
BCCN_C_01	150	Picture	cond:1_stimuli_presented:2*_brightness:127	3208510	0	1	9999	2	0	10000	hit	606
BCCN_C_01	150	Pulse	99	3212373	3863	NA
BCCN_C_01	150	Response	102	3214060	5550	1
BCCN_C_01	150	Picture	ITI	3218509	9999	1	10165	2	10000	10000	miss	0
BCCN_C_01	151	Picture	cond:1_stimuli_presented:8*_brightness:127	3228841	0	1	9999	2	0	10000	hit	610
BCCN_C_01	151	Pulse	99	3230373	1532	NA
BCCN_C_01	151	Response	102	3233897	5056	1
BCCN_C_01	151	Picture	ITI	3238840	9999	1	10166	2	10000	10000	miss	0
BCCN_C_01	151	Pulse	99	3248373	19532	NA
BCCN_C_01	152	Picture	cond:1_stimuli_presented:1*_brightness:127	3249172	0	1	9999	2	0	10000	hit	614
BCCN_C_01	152	Response	101	3255153	5981	2
BCCN_C_01	152	Picture	ITI	3259171	9999	1	10166	2	10000	10000	miss	0
BCCN_C_01	152	Pulse	99	3266373	17201	NA
BCCN_C_01	153	Picture	cond:1_stimuli_presented:6*_brightness:127	3269504	0	1	9999	2	0	10000	hit	618
BCCN_C_01	153	Response	102	3275455	5951	1
BCCN_C_01	153	Picture	ITI	3279503	9999	1	10165	2	10000	10000	miss	0
BCCN_C_01	153	Pulse	99	3284373	14869	NA
BCCN_C_01	154	Picture	cond:3_stimuli_presented:89_brightness:62	3289835	0	1	9999	2	0	10000	hit	623
BCCN_C_01	154	Picture	ITI	3299834	9999	1	10166	2	10000	10000	miss	0
BCCN_C_01	154	Response	104	3300171	10336	1
BCCN_C_01	154	Pulse	99	3302373	12538	NA
BCCN_C_01	154	Manual	Prozent korrekt Baseline: 100.0%	3310008	20173
BCCN_C_01	154	Manual	Prozent korrekt Distraktor: 100.0%	3310008	20173
BCCN_C_01	154	Manual	Prozent korrekt Switch: 80.0%	3310008	20173
BCCN_C_01	155	Picture	ENDE	3310166	0	1	30164	2	0	30000	other	0
BCCN_C_01	155	Pulse	99	3320373	10207	NA
BCCN_C_01	155	Pulse	99	3338373	28207	NA
BCCN_C_01	156	Picture	ende info	3340496	0	2	121525	3	0	next	other	0
BCCN_C_01	156	Response	5	3456404	115908	1
