Scenario - Flex_main_2
Logfile written - 02/07/2012 12:52:12

Subject	Trial	Event Type	Code	Time	TTime	Uncertainty	Duration	Uncertainty	ReqTime	ReqDur	Stim Type	Pair Index

BCCN_C_05	0	Manual	m2_l_b2	-9999	-9999
BCCN_C_05	1	Picture	instructreminder	-6167	0	1	13331	2	0	next	hit	3
BCCN_C_05	1	Response	101	7127	13294	1
BCCN_C_05	2	Picture	warning	7164	0	1	161318	2	0	next	other	0
BCCN_C_05	2	Pulse	99	168350	161186	NA
BCCN_C_05	3	Picture	dummyscans	168482	0	1	37163	2	0	37000	other	0
BCCN_C_05	3	Pulse	99	186350	17868	NA
BCCN_C_05	3	Pulse	99	204350	35868	NA
BCCN_C_05	4	Picture	beginning_fix	205812	0	1	16665	2	0	next	other	0
BCCN_C_05	4	Pulse	99	222350	16538	NA
BCCN_C_05	5	Picture	cond:1_stimuli_presented:1*_brightness:127	222477	0	1	9999	2	0	10000	hit	13
BCCN_C_05	5	Picture	ITI	232476	9999	1	10165	2	10000	10000	miss	0
BCCN_C_05	5	Response	103	233064	10587	1
BCCN_C_05	5	Pulse	99	240350	17873	NA
BCCN_C_05	6	Picture	cond:1_stimuli_presented:3*_brightness:127	242808	0	1	9999	2	0	10000	hit	16
BCCN_C_05	6	Response	103	247789	4981	1
BCCN_C_05	6	Picture	ITI	252807	9999	1	10166	2	10000	10000	miss	0
BCCN_C_05	6	Pulse	99	258350	15542	NA
BCCN_C_05	7	Picture	cond:1_stimuli_presented:2*_brightness:127	263139	0	2	9999	4	0	10000	hit	20
BCCN_C_05	7	Response	104	268839	5700	1
BCCN_C_05	7	Picture	ITI	273138	9999	2	10166	3	10000	10000	miss	0
BCCN_C_05	7	Pulse	99	276350	13211	NA
BCCN_C_05	8	Picture	cond:1_stimuli_presented:3*_brightness:127	283471	0	1	9999	2	0	10000	hit	24
BCCN_C_05	8	Response	103	288676	5205	1
BCCN_C_05	8	Picture	ITI	293470	9999	1	10165	3	10000	10000	miss	0
BCCN_C_05	8	Pulse	99	294350	10879	NA
BCCN_C_05	9	Picture	cond:4_stimuli_presented:29_brightness:121	303802	0	1	9999	2	0	10000	hit	29
BCCN_C_05	9	Pulse	99	312350	8548	NA
BCCN_C_05	9	Response	102	312799	8997	1
BCCN_C_05	9	Picture	ITI	313801	9999	1	10166	2	10000	10000	miss	0
BCCN_C_05	10	Picture	cond:1_stimuli_presented:4*_brightness:127	324133	0	2	10000	3	0	10000	hit	33
BCCN_C_05	10	Pulse	99	330350	6217	NA
BCCN_C_05	10	Response	104	330828	6695	2
BCCN_C_05	10	Picture	ITI	334133	10000	1	10165	2	10000	10000	miss	0
BCCN_C_05	11	Picture	cond:1_stimuli_presented:6*_brightness:127	344465	0	1	9999	2	0	10000	incorrect	37
BCCN_C_05	11	Pulse	99	348350	3885	NA
BCCN_C_05	11	Response	3	349116	4651	1
BCCN_C_05	11	Picture	ITI	354464	9999	1	10166	2	10000	10000	miss	0
BCCN_C_05	12	Picture	cond:1_stimuli_presented:2*_brightness:127	364796	0	1	9999	2	0	10000	hit	41
BCCN_C_05	12	Pulse	99	366350	1554	NA
BCCN_C_05	12	Response	104	369056	4260	2
BCCN_C_05	12	Picture	ITI	374795	9999	1	10166	2	10000	10000	miss	0
BCCN_C_05	12	Pulse	99	384350	19554	NA
BCCN_C_05	13	Picture	cond:2_stimuli_presented:19_brightness:173	385128	0	1	9999	2	0	10000	hit	45
BCCN_C_05	13	Response	103	393385	8257	2
BCCN_C_05	13	Picture	ITI	395127	9999	1	10165	2	10000	10000	miss	0
BCCN_C_05	13	Pulse	99	402350	17222	NA
BCCN_C_05	14	Picture	cond:1_stimuli_presented:4*_brightness:127	405459	0	1	9999	2	0	10000	hit	49
BCCN_C_05	14	Response	104	411338	5879	1
BCCN_C_05	14	Picture	ITI	415458	9999	1	10166	2	10000	10000	miss	0
BCCN_C_05	14	Pulse	99	420350	14891	NA
BCCN_C_05	15	Picture	cond:1_stimuli_presented:7*_brightness:127	425790	0	1	9999	2	0	10000	hit	53
BCCN_C_05	15	Response	103	431149	5359	1
BCCN_C_05	15	Picture	ITI	435789	9999	1	10166	2	10000	10000	miss	0
BCCN_C_05	15	Pulse	99	438350	12560	NA
BCCN_C_05	16	Picture	cond:1_stimuli_presented:2*_brightness:127	446122	0	1	9999	2	0	10000	hit	57
BCCN_C_05	16	Response	104	452741	6619	1
BCCN_C_05	16	Picture	ITI	456121	9999	1	10165	2	10000	10000	miss	0
BCCN_C_05	16	Pulse	99	456350	10228	NA
BCCN_C_05	17	Picture	cond:1_stimuli_presented:9*_brightness:127	466453	0	1	9999	2	0	10000	hit	61
BCCN_C_05	17	Response	103	471520	5067	1
BCCN_C_05	17	Pulse	99	474350	7897	NA
BCCN_C_05	17	Picture	ITI	476452	9999	1	10166	2	10000	10000	miss	0
BCCN_C_05	18	Picture	cond:1_stimuli_presented:8*_brightness:127	486784	0	2	9999	3	0	10000	hit	66
BCCN_C_05	18	Pulse	99	492350	5566	NA
BCCN_C_05	18	Response	104	492570	5786	1
BCCN_C_05	18	Picture	ITI	496783	9999	1	10166	2	10000	10000	miss	0
BCCN_C_05	19	Picture	cond:3_stimuli_presented:93_brightness:65	507116	0	1	9999	2	0	10000	hit	70
BCCN_C_05	19	Pulse	99	510350	3234	NA
BCCN_C_05	19	Response	101	515970	8854	1
BCCN_C_05	19	Picture	ITI	517115	9999	1	10165	3	10000	10000	miss	0
BCCN_C_05	20	Picture	cond:1_stimuli_presented:8*_brightness:127	527447	0	1	9999	2	0	10000	hit	74
BCCN_C_05	20	Pulse	99	528350	903	NA
BCCN_C_05	20	Response	104	532605	5158	1
BCCN_C_05	20	Picture	ITI	537446	9999	1	10166	2	10000	10000	miss	0
BCCN_C_05	20	Pulse	99	546350	18903	NA
BCCN_C_05	21	Picture	cond:1_stimuli_presented:4*_brightness:127	547778	0	2	9999	4	0	10000	hit	78
BCCN_C_05	21	Response	104	553139	5361	1
BCCN_C_05	21	Picture	ITI	557777	9999	2	10166	3	10000	10000	miss	0
BCCN_C_05	21	Pulse	99	564350	16572	NA
BCCN_C_05	22	Picture	cond:1_stimuli_presented:6*_brightness:127	568110	0	1	9999	2	0	10000	hit	82
BCCN_C_05	22	Response	104	573234	5124	1
BCCN_C_05	22	Picture	ITI	578109	9999	1	10166	2	10000	10000	miss	0
BCCN_C_05	22	Pulse	99	582350	14240	NA
BCCN_C_05	23	Picture	cond:1_stimuli_presented:9*_brightness:127	588441	0	1	9999	2	0	10000	hit	86
BCCN_C_05	23	Response	103	593768	5327	1
BCCN_C_05	23	Picture	ITI	598440	9999	1	10166	2	10000	10000	miss	0
BCCN_C_05	23	Pulse	99	600350	11909	NA
BCCN_C_05	24	Picture	cond:1_stimuli_presented:7*_brightness:127	608773	0	1	9999	2	0	10000	hit	90
BCCN_C_05	24	Response	103	614070	5297	1
BCCN_C_05	24	Pulse	99	618350	9577	NA
BCCN_C_05	24	Picture	ITI	618772	9999	1	10165	2	10000	10000	miss	0
BCCN_C_05	25	Picture	cond:1_stimuli_presented:8*_brightness:127	629104	0	1	9999	2	0	10000	hit	94
BCCN_C_05	25	Response	104	634268	5164	1
BCCN_C_05	25	Pulse	99	636350	7246	NA
BCCN_C_05	25	Picture	ITI	639103	9999	1	10166	2	10000	10000	miss	0
BCCN_C_05	26	Picture	cond:3_stimuli_presented:27_brightness:76	649435	0	1	9999	2	0	10000	hit	99
BCCN_C_05	26	Pulse	99	654350	4915	NA
BCCN_C_05	26	Response	102	656867	7432	1
BCCN_C_05	26	Picture	ITI	659434	9999	1	10166	2	10000	10000	miss	0
BCCN_C_05	27	Picture	cond:1_stimuli_presented:4*_brightness:127	669767	0	1	9999	2	0	10000	hit	103
BCCN_C_05	27	Pulse	99	672350	2583	NA
BCCN_C_05	27	Response	104	679673	9906	1
BCCN_C_05	27	Picture	ITI	679766	9999	1	10165	2	10000	10000	miss	0
BCCN_C_05	28	Picture	cond:1_stimuli_presented:8*_brightness:127	690098	0	1	9999	2	0	10000	hit	107
BCCN_C_05	28	Pulse	99	690350	252	NA
BCCN_C_05	28	Response	104	694811	4713	1
BCCN_C_05	28	Picture	ITI	700097	9999	1	10166	2	10000	10000	miss	0
BCCN_C_05	28	Pulse	99	708350	18252	NA
BCCN_C_05	29	Picture	cond:1_stimuli_presented:6*_brightness:127	710429	0	1	9999	3	0	10000	incorrect	111
BCCN_C_05	29	Response	3	714751	4322	2
BCCN_C_05	29	Picture	ITI	720428	9999	2	10166	3	10000	10000	miss	0
BCCN_C_05	29	Pulse	99	726350	15921	NA
BCCN_C_05	30	Picture	cond:1_stimuli_presented:3*_brightness:127	730761	0	1	9999	2	0	10000	hit	115
BCCN_C_05	30	Response	103	736550	5789	2
BCCN_C_05	30	Picture	ITI	740760	9999	1	10165	3	10000	10000	miss	0
BCCN_C_05	30	Pulse	99	744350	13589	NA
BCCN_C_05	31	Picture	cond:1_stimuli_presented:6*_brightness:127	751092	0	1	9999	2	0	10000	hit	119
BCCN_C_05	31	Response	104	756258	5166	1
BCCN_C_05	31	Picture	ITI	761091	9999	1	10166	2	10000	10000	miss	0
BCCN_C_05	31	Pulse	99	762350	11258	NA
BCCN_C_05	32	Picture	cond:4_stimuli_presented:83_brightness:128	771423	0	2	9999	4	0	10000	miss	0
BCCN_C_05	32	Pulse	99	780350	8927	NA
BCCN_C_05	32	Picture	ITI	781422	9999	2	10166	3	10000	10000	miss	0
BCCN_C_05	33	Picture	cond:1_stimuli_presented:6*_brightness:127	791755	0	1	9999	2	0	10000	hit	127
BCCN_C_05	33	Pulse	99	798350	6595	NA
BCCN_C_05	33	Response	104	799641	7886	1
BCCN_C_05	33	Picture	ITI	801754	9999	1	10166	2	10000	10000	miss	0
BCCN_C_05	34	Picture	cond:1_stimuli_presented:9*_brightness:127	812086	0	1	9999	2	0	10000	hit	132
BCCN_C_05	34	Pulse	99	816350	4264	NA
BCCN_C_05	34	Picture	ITI	822085	9999	1	10166	2	10000	10000	miss	0
BCCN_C_05	34	Response	103	822911	10825	1
BCCN_C_05	35	Picture	cond:1_stimuli_presented:4*_brightness:127	832418	0	1	9999	2	0	10000	incorrect	135
BCCN_C_05	35	Pulse	99	834350	1932	NA
BCCN_C_05	35	Response	3	836836	4418	1
BCCN_C_05	35	Picture	ITI	842417	9999	1	10165	2	10000	10000	miss	0
BCCN_C_05	35	Pulse	99	852350	19932	NA
BCCN_C_05	36	Picture	cond:1_stimuli_presented:6*_brightness:127	852749	0	1	9999	2	0	10000	hit	139
BCCN_C_05	36	Response	104	858196	5447	1
BCCN_C_05	36	Picture	ITI	862748	9999	1	10166	2	10000	10000	miss	0
BCCN_C_05	36	Pulse	99	870350	17601	NA
BCCN_C_05	37	Picture	cond:1_stimuli_presented:7*_brightness:127	873080	0	1	9999	2	0	10000	hit	143
BCCN_C_05	37	Response	103	878498	5418	1
BCCN_C_05	37	Picture	ITI	883079	9999	1	10166	2	10000	10000	miss	0
BCCN_C_05	37	Pulse	99	888350	15270	NA
BCCN_C_05	38	Picture	cond:1_stimuli_presented:1*_brightness:127	893412	0	1	9999	2	0	10000	hit	147
BCCN_C_05	38	Response	103	900503	7091	1
BCCN_C_05	38	Picture	ITI	903411	9999	1	10165	2	10000	10000	miss	0
BCCN_C_05	38	Pulse	99	906350	12938	NA
BCCN_C_05	39	Picture	cond:1_stimuli_presented:9*_brightness:127	913743	0	1	9999	2	0	10000	hit	151
BCCN_C_05	39	Response	103	920830	7087	2
BCCN_C_05	39	Picture	ITI	923742	9999	1	10166	2	10000	10000	miss	0
BCCN_C_05	39	Pulse	99	924350	10607	NA
BCCN_C_05	40	Picture	cond:4_stimuli_presented:42_brightness:128	934074	0	1	9999	3	0	10000	incorrect	157
BCCN_C_05	40	Pulse	99	942350	8276	NA
BCCN_C_05	40	Picture	ITI	944073	9999	2	10166	3	10000	10000	miss	0
BCCN_C_05	40	Response	1	947483	13409	1
BCCN_C_05	41	Picture	cond:1_stimuli_presented:7*_brightness:127	954406	0	1	9999	2	0	10000	incorrect	161
BCCN_C_05	41	Pulse	99	960350	5944	NA
BCCN_C_05	41	Picture	ITI	964405	9999	1	10165	3	10000	10000	miss	0
BCCN_C_05	41	Response	4	964428	10022	2
BCCN_C_05	42	Picture	cond:1_stimuli_presented:2*_brightness:127	974737	0	1	9999	2	0	10000	hit	164
BCCN_C_05	42	Pulse	99	978350	3613	NA
BCCN_C_05	42	Response	104	981090	6353	1
BCCN_C_05	42	Picture	ITI	984736	9999	1	10166	2	10000	10000	miss	0
BCCN_C_05	43	Picture	cond:1_stimuli_presented:7*_brightness:127	995068	0	2	9999	4	0	10000	hit	168
BCCN_C_05	43	Pulse	99	996350	1282	NA
BCCN_C_05	43	Response	103	1000720	5652	1
BCCN_C_05	43	Picture	ITI	1005067	9999	2	10166	3	10000	10000	miss	0
BCCN_C_05	43	Pulse	99	1014350	19282	NA
BCCN_C_05	44	Picture	cond:2_stimuli_presented:29_brightness:171	1015400	0	1	9999	2	0	10000	hit	172
BCCN_C_05	44	Response	104	1022777	7377	1
BCCN_C_05	44	Picture	ITI	1025399	9999	1	10166	2	10000	10000	miss	0
BCCN_C_05	44	Pulse	99	1032350	16950	NA
BCCN_C_05	45	Picture	cond:1_stimuli_presented:7*_brightness:127	1035731	0	1	9999	2	0	10000	hit	176
BCCN_C_05	45	Response	103	1045428	9697	1
BCCN_C_05	45	Picture	ITI	1045730	9999	1	10166	2	10000	10000	miss	0
BCCN_C_05	45	Pulse	99	1050350	14619	NA
BCCN_C_05	46	Picture	cond:1_stimuli_presented:1*_brightness:127	1056063	0	1	9999	2	0	10000	hit	180
BCCN_C_05	46	Response	103	1062812	6749	2
BCCN_C_05	46	Picture	ITI	1066062	9999	1	10165	2	10000	10000	miss	0
BCCN_C_05	46	Pulse	99	1068350	12287	NA
BCCN_C_05	47	Picture	cond:1_stimuli_presented:3*_brightness:127	1076394	0	1	9999	2	0	10000	hit	184
BCCN_C_05	47	Response	103	1082882	6488	1
BCCN_C_05	47	Pulse	99	1086350	9956	NA
BCCN_C_05	47	Picture	ITI	1086393	9999	1	10166	2	10000	10000	miss	0
BCCN_C_05	48	Picture	cond:4_stimuli_presented:64_brightness:123	1096725	0	1	9999	2	0	10000	hit	190
BCCN_C_05	48	Pulse	99	1104350	7625	NA
BCCN_C_05	48	Picture	ITI	1106724	9999	1	10166	2	10000	10000	miss	0
BCCN_C_05	48	Response	101	1108992	12267	1
BCCN_C_05	49	Picture	cond:1_stimuli_presented:2*_brightness:127	1117057	0	1	9999	2	0	10000	hit	194
BCCN_C_05	49	Pulse	99	1122350	5293	NA
BCCN_C_05	49	Picture	ITI	1127056	9999	1	10165	2	10000	10000	miss	0
BCCN_C_05	49	Response	104	1129139	12082	1
BCCN_C_05	50	Picture	cond:1_stimuli_presented:3*_brightness:127	1137388	0	1	9999	2	0	10000	hit	197
BCCN_C_05	50	Pulse	99	1140350	2962	NA
BCCN_C_05	50	Response	103	1141515	4127	1
BCCN_C_05	50	Picture	ITI	1147387	9999	1	10166	2	10000	10000	miss	0
BCCN_C_05	51	Picture	cond:1_stimuli_presented:8*_brightness:127	1157719	0	1	9999	3	0	10000	hit	201
BCCN_C_05	51	Pulse	99	1158350	631	NA
BCCN_C_05	51	Response	104	1162823	5104	1
BCCN_C_05	51	Picture	ITI	1167718	9999	2	10166	3	10000	10000	miss	0
BCCN_C_05	51	Pulse	99	1176350	18631	NA
BCCN_C_05	52	Picture	cond:1_stimuli_presented:2*_brightness:127	1178051	0	1	9999	2	0	10000	hit	205
BCCN_C_05	52	Response	104	1183073	5022	1
BCCN_C_05	52	Picture	ITI	1188050	9999	1	10165	3	10000	10000	miss	0
BCCN_C_05	52	Pulse	99	1194350	16299	NA
BCCN_C_05	53	Picture	cond:2_stimuli_presented:38_brightness:175	1198382	0	1	9999	2	0	10000	hit	209
BCCN_C_05	53	Response	103	1208280	9898	1
BCCN_C_05	53	Picture	ITI	1208381	9999	1	10166	2	10000	10000	miss	0
BCCN_C_05	53	Pulse	99	1212350	13968	NA
BCCN_C_05	54	Picture	cond:1_stimuli_presented:4*_brightness:127	1218713	0	2	9999	4	0	10000	hit	214
BCCN_C_05	54	Picture	ITI	1228712	9999	2	10166	3	10000	10000	miss	0
BCCN_C_05	54	Response	104	1228788	10075	1
BCCN_C_05	54	Pulse	99	1230350	11637	NA
BCCN_C_05	55	Picture	cond:1_stimuli_presented:9*_brightness:127	1239045	0	1	9999	2	0	10000	hit	217
BCCN_C_05	55	Response	103	1247179	8134	1
BCCN_C_05	55	Pulse	99	1248350	9305	NA
BCCN_C_05	55	Picture	ITI	1249044	9999	1	10166	2	10000	10000	miss	0
BCCN_C_05	56	Picture	cond:1_stimuli_presented:7*_brightness:127	1259376	0	1	9999	2	0	10000	hit	221
BCCN_C_05	56	Response	103	1265390	6014	1
BCCN_C_05	56	Pulse	99	1266350	6974	NA
BCCN_C_05	56	Picture	ITI	1269375	9999	1	10166	2	10000	10000	miss	0
BCCN_C_05	57	Picture	cond:1_stimuli_presented:8*_brightness:127	1279708	0	1	9999	2	0	10000	hit	226
BCCN_C_05	57	Pulse	99	1284350	4642	NA
BCCN_C_05	57	Response	104	1285846	6138	1
BCCN_C_05	57	Picture	ITI	1289707	9999	1	10165	2	10000	10000	miss	0
BCCN_C_05	58	Picture	cond:1_stimuli_presented:3*_brightness:127	1300039	0	1	9999	2	0	10000	hit	230
BCCN_C_05	58	Pulse	99	1302350	2311	NA
BCCN_C_05	58	Response	103	1305089	5050	1
BCCN_C_05	58	Picture	ITI	1310038	9999	1	10166	2	10000	10000	miss	0
BCCN_C_05	58	Pulse	99	1320350	20311	NA
BCCN_C_05	59	Picture	cond:1_stimuli_presented:4*_brightness:127	1320370	0	1	9999	2	0	10000	hit	234
BCCN_C_05	59	Response	104	1325726	5356	2
BCCN_C_05	59	Picture	ITI	1330369	9999	1	10166	2	10000	10000	miss	0
BCCN_C_05	59	Pulse	99	1338350	17980	NA
BCCN_C_05	60	Picture	cond:1_stimuli_presented:2*_brightness:127	1340702	0	1	9999	2	0	10000	incorrect	238
BCCN_C_05	60	Response	3	1345305	4603	1
BCCN_C_05	60	Picture	ITI	1350701	9999	1	10165	2	10000	10000	miss	0
BCCN_C_05	60	Pulse	99	1356350	15648	NA
BCCN_C_05	61	Picture	cond:1_stimuli_presented:6*_brightness:127	1361033	0	1	9999	2	0	10000	hit	242
BCCN_C_05	61	Response	104	1365297	4264	1
BCCN_C_05	61	Picture	ITI	1371032	9999	1	10166	2	10000	10000	miss	0
BCCN_C_05	61	Pulse	99	1374350	13317	NA
BCCN_C_05	62	Picture	cond:1_stimuli_presented:9*_brightness:127	1381364	0	1	9999	2	0	10000	hit	246
BCCN_C_05	62	Response	103	1387612	6248	1
BCCN_C_05	62	Picture	ITI	1391363	9999	1	10166	2	10000	10000	miss	0
BCCN_C_05	62	Pulse	99	1392350	10986	NA
BCCN_C_05	63	Picture	cond:2_stimuli_presented:47_brightness:184	1401696	0	1	9999	2	0	10000	hit	252
BCCN_C_05	63	Pulse	99	1410350	8654	NA
BCCN_C_05	63	Picture	ITI	1411695	9999	1	10165	3	10000	10000	miss	0
BCCN_C_05	63	Response	104	1413232	11536	1
BCCN_C_05	64	Picture	cond:1_stimuli_presented:8*_brightness:127	1422027	0	1	9999	2	0	10000	hit	255
BCCN_C_05	64	Pulse	99	1428350	6323	NA
BCCN_C_05	64	Response	104	1429610	7583	1
BCCN_C_05	64	Picture	ITI	1432026	9999	1	10166	2	10000	10000	miss	0
BCCN_C_05	65	Picture	cond:1_stimuli_presented:6*_brightness:127	1442358	0	2	9999	4	0	10000	hit	259
BCCN_C_05	65	Pulse	99	1446350	3992	NA
BCCN_C_05	65	Response	104	1446942	4584	1
BCCN_C_05	65	Picture	ITI	1452357	9999	2	10166	3	10000	10000	miss	0
BCCN_C_05	66	Picture	cond:1_stimuli_presented:3*_brightness:127	1462690	0	1	9999	2	0	10000	hit	263
BCCN_C_05	66	Pulse	99	1464350	1660	NA
BCCN_C_05	66	Response	103	1468328	5638	1
BCCN_C_05	66	Picture	ITI	1472689	9999	1	10165	3	10000	10000	miss	0
BCCN_C_05	66	Pulse	99	1482350	19660	NA
BCCN_C_05	67	Picture	cond:3_stimuli_presented:24_brightness:85	1483021	0	1	9999	2	0	10000	hit	268
BCCN_C_05	67	Picture	ITI	1493020	9999	1	10166	2	10000	10000	miss	0
BCCN_C_05	67	Response	101	1493303	10282	1
BCCN_C_05	67	Pulse	99	1500350	17329	NA
BCCN_C_05	68	Picture	cond:1_stimuli_presented:9*_brightness:127	1503353	0	1	9999	2	0	10000	hit	272
BCCN_C_05	68	Picture	ITI	1513352	9999	1	10165	2	10000	10000	miss	0
BCCN_C_05	68	Response	103	1514921	11568	1
BCCN_C_05	68	Pulse	99	1518350	14997	NA
BCCN_C_05	69	Picture	cond:1_stimuli_presented:6*_brightness:127	1523684	0	1	9999	2	0	10000	hit	275
BCCN_C_05	69	Response	104	1528846	5162	1
BCCN_C_05	69	Picture	ITI	1533683	9999	1	10166	2	10000	10000	miss	0
BCCN_C_05	69	Pulse	99	1536350	12666	NA
BCCN_C_05	70	Picture	cond:1_stimuli_presented:9*_brightness:127	1544015	0	1	9999	2	0	10000	hit	279
BCCN_C_05	70	Response	103	1549380	5365	1
BCCN_C_05	70	Picture	ITI	1554014	9999	1	10166	2	10000	10000	miss	0
BCCN_C_05	70	Pulse	99	1554350	10335	NA
BCCN_C_05	71	Picture	cond:2_stimuli_presented:31_brightness:175	1564347	0	1	9999	2	0	10000	hit	285
BCCN_C_05	71	Pulse	99	1572350	8003	NA
BCCN_C_05	71	Picture	ITI	1574346	9999	1	10165	2	10000	10000	miss	0
BCCN_C_05	71	Response	103	1575826	11479	1
BCCN_C_05	72	Picture	cond:1_stimuli_presented:9*_brightness:127	1584678	0	1	9999	2	0	10000	hit	289
BCCN_C_05	72	Pulse	99	1590350	5672	NA
BCCN_C_05	72	Picture	ITI	1594677	9999	1	10166	2	10000	10000	miss	0
BCCN_C_05	72	Response	103	1595249	10571	2
BCCN_C_05	73	Picture	cond:1_stimuli_presented:6*_brightness:127	1605009	0	1	9999	2	0	10000	hit	292
BCCN_C_05	73	Pulse	99	1608350	3341	NA
BCCN_C_05	73	Response	104	1610491	5482	1
BCCN_C_05	73	Picture	ITI	1615008	9999	1	10166	2	10000	10000	miss	0
BCCN_C_05	74	Picture	cond:1_stimuli_presented:4*_brightness:127	1625341	0	1	9999	2	0	10000	hit	296
BCCN_C_05	74	Pulse	99	1626350	1009	NA
BCCN_C_05	74	Response	104	1634252	8911	1
BCCN_C_05	74	Picture	ITI	1635340	9999	1	10165	3	10000	10000	miss	0
BCCN_C_05	74	Pulse	99	1644350	19009	NA
BCCN_C_05	75	Picture	cond:1_stimuli_presented:2*_brightness:127	1645672	0	1	9999	2	0	10000	hit	300
BCCN_C_05	75	Response	104	1651843	6171	1
BCCN_C_05	75	Picture	ITI	1655671	9999	1	10166	2	10000	10000	miss	0
BCCN_C_05	75	Pulse	99	1662350	16678	NA
BCCN_C_05	76	Picture	cond:1_stimuli_presented:3*_brightness:127	1666003	0	2	9999	4	0	10000	hit	304
BCCN_C_05	76	Response	103	1671189	5186	1
BCCN_C_05	76	Picture	ITI	1676002	9999	2	10166	3	10000	10000	miss	0
BCCN_C_05	76	Pulse	99	1680350	14347	NA
BCCN_C_05	77	Picture	cond:4_stimuli_presented:71_brightness:128	1686335	0	1	9999	2	0	10000	incorrect	309
BCCN_C_05	77	Picture	ITI	1696334	9999	1	10165	3	10000	10000	miss	0
BCCN_C_05	77	Response	1	1697971	11636	1
BCCN_C_05	77	Pulse	99	1698350	12015	NA
BCCN_C_05	78	Picture	cond:1_stimuli_presented:6*_brightness:127	1706666	0	1	9999	2	0	10000	hit	312
BCCN_C_05	78	Response	104	1714400	7734	1
BCCN_C_05	78	Pulse	99	1716350	9684	NA
BCCN_C_05	78	Picture	ITI	1716665	9999	1	10166	2	10000	10000	miss	0
BCCN_C_05	79	Picture	cond:1_stimuli_presented:3*_brightness:127	1726998	0	1	9999	2	0	10000	hit	316
BCCN_C_05	79	Response	103	1732817	5819	1
BCCN_C_05	79	Pulse	99	1734350	7352	NA
BCCN_C_05	79	Picture	ITI	1736997	9999	1	10165	2	10000	10000	miss	0
BCCN_C_05	80	Picture	cond:1_stimuli_presented:6*_brightness:127	1747329	0	1	9999	2	0	10000	hit	320
BCCN_C_05	80	Response	104	1752008	4679	1
BCCN_C_05	80	Pulse	99	1752350	5021	NA
BCCN_C_05	80	Picture	ITI	1757328	9999	1	10166	2	10000	10000	miss	0
BCCN_C_05	81	Picture	cond:1_stimuli_presented:3*_brightness:127	1767660	0	1	9999	2	0	10000	hit	325
BCCN_C_05	81	Pulse	99	1770350	2690	NA
BCCN_C_05	81	Response	103	1772852	5192	1
BCCN_C_05	81	Picture	ITI	1777659	9999	1	10166	2	10000	10000	miss	0
BCCN_C_05	82	Picture	cond:2_stimuli_presented:76_brightness:191	1787992	0	1	9999	2	0	10000	hit	330
BCCN_C_05	82	Pulse	99	1788350	358	NA
BCCN_C_05	82	Picture	ITI	1797991	9999	1	10165	2	10000	10000	miss	0
BCCN_C_05	82	Response	103	1799556	11564	2
BCCN_C_05	82	Pulse	99	1806350	18358	NA
BCCN_C_05	83	Picture	cond:1_stimuli_presented:3*_brightness:127	1808323	0	1	9999	2	0	10000	hit	333
BCCN_C_05	83	Response	103	1813636	5313	1
BCCN_C_05	83	Picture	ITI	1818322	9999	1	10166	2	10000	10000	miss	0
BCCN_C_05	83	Pulse	99	1824350	16027	NA
BCCN_C_05	84	Picture	cond:1_stimuli_presented:8*_brightness:127	1828654	0	1	9999	2	0	10000	hit	337
BCCN_C_05	84	Response	104	1833163	4509	1
BCCN_C_05	84	Picture	ITI	1838653	9999	1	10166	2	10000	10000	miss	0
BCCN_C_05	84	Pulse	99	1842350	13696	NA
BCCN_C_05	85	Picture	cond:1_stimuli_presented:1*_brightness:127	1848986	0	1	9999	2	0	10000	hit	341
BCCN_C_05	85	Response	103	1854446	5460	1
BCCN_C_05	85	Picture	ITI	1858985	9999	1	10165	3	10000	10000	miss	0
BCCN_C_05	85	Pulse	99	1860350	11364	NA
BCCN_C_05	86	Picture	cond:2_stimuli_presented:76_brightness:177	1869317	0	1	9999	2	0	10000	incorrect	345
BCCN_C_05	86	Response	4	1877200	7883	1
BCCN_C_05	86	Pulse	99	1878350	9033	NA
BCCN_C_05	86	Picture	ITI	1879316	9999	1	10166	2	10000	10000	miss	0
BCCN_C_05	87	Picture	cond:1_stimuli_presented:1*_brightness:127	1889648	0	2	9999	4	0	10000	hit	351
BCCN_C_05	87	Pulse	99	1896350	6702	NA
BCCN_C_05	87	Picture	ITI	1899647	9999	2	10166	3	10000	10000	miss	0
BCCN_C_05	87	Response	103	1900987	11339	1
BCCN_C_05	88	Picture	cond:1_stimuli_presented:6*_brightness:127	1909980	0	1	9999	2	0	10000	hit	354
BCCN_C_05	88	Pulse	99	1914350	4370	NA
BCCN_C_05	88	Response	104	1915815	5835	1
BCCN_C_05	88	Picture	ITI	1919979	9999	1	10165	3	10000	10000	miss	0
BCCN_C_05	89	Picture	cond:1_stimuli_presented:1*_brightness:127	1930311	0	1	9999	2	0	10000	hit	358
BCCN_C_05	89	Pulse	99	1932350	2039	NA
BCCN_C_05	89	Response	103	1936736	6425	1
BCCN_C_05	89	Picture	ITI	1940310	9999	1	10166	2	10000	10000	miss	0
BCCN_C_05	89	Pulse	99	1950350	20039	NA
BCCN_C_05	90	Picture	cond:1_stimuli_presented:2*_brightness:127	1950642	0	2	10000	3	0	10000	hit	362
BCCN_C_05	90	Response	104	1956960	6318	2
BCCN_C_05	90	Picture	ITI	1960642	10000	1	10165	2	10000	10000	miss	0
BCCN_C_05	90	Pulse	99	1968350	17708	NA
BCCN_C_05	91	Picture	cond:3_stimuli_presented:87_brightness:82	1970974	0	1	9999	2	0	10000	miss	0
BCCN_C_05	91	Picture	ITI	1980973	9999	1	10166	2	10000	10000	miss	0
BCCN_C_05	91	Pulse	99	1986350	15376	NA
BCCN_C_05	92	Picture	cond:1_stimuli_presented:2*_brightness:127	1991305	0	1	9999	2	0	10000	hit	369
BCCN_C_05	92	Response	104	2000239	8934	2
BCCN_C_05	92	Picture	ITI	2001304	9999	1	10166	2	10000	10000	miss	0
BCCN_C_05	92	Pulse	99	2004350	13045	NA
BCCN_C_05	93	Picture	cond:1_stimuli_presented:4*_brightness:127	2011637	0	1	9999	2	0	10000	incorrect	373
BCCN_C_05	93	Response	3	2018889	7252	1
BCCN_C_05	93	Picture	ITI	2021636	9999	1	10165	2	10000	10000	miss	0
BCCN_C_05	93	Pulse	99	2022350	10713	NA
BCCN_C_05	94	Picture	cond:1_stimuli_presented:7*_brightness:127	2031968	0	1	9999	2	0	10000	hit	377
BCCN_C_05	94	Response	103	2037357	5389	1
BCCN_C_05	94	Pulse	99	2040350	8382	NA
BCCN_C_05	94	Picture	ITI	2041967	9999	1	10166	2	10000	10000	miss	0
BCCN_C_05	95	Picture	cond:1_stimuli_presented:8*_brightness:127	2052299	0	1	9999	2	0	10000	hit	381
BCCN_C_05	95	Response	104	2057633	5334	1
BCCN_C_05	95	Pulse	99	2058350	6051	NA
BCCN_C_05	95	Picture	ITI	2062298	9999	1	10166	2	10000	10000	miss	0
BCCN_C_05	96	Picture	cond:4_stimuli_presented:92_brightness:128	2072631	0	1	9999	2	0	10000	incorrect	387
BCCN_C_05	96	Pulse	99	2076350	3719	NA
BCCN_C_05	96	Picture	ITI	2082630	9999	1	10165	3	10000	10000	miss	0
BCCN_C_05	96	Response	1	2083821	11190	1
BCCN_C_05	97	Picture	cond:1_stimuli_presented:7*_brightness:127	2092962	0	1	9999	2	0	10000	hit	391
BCCN_C_05	97	Pulse	99	2094350	1388	NA
BCCN_C_05	97	Picture	ITI	2102961	9999	1	10166	2	10000	10000	miss	0
BCCN_C_05	97	Response	103	2107014	14052	1
BCCN_C_05	97	Pulse	99	2112350	19388	NA
BCCN_C_05	98	Picture	cond:1_stimuli_presented:6*_brightness:127	2113293	0	2	9999	4	0	10000	hit	394
BCCN_C_05	98	Response	104	2122824	9531	1
BCCN_C_05	98	Picture	ITI	2123292	9999	2	10166	3	10000	10000	miss	0
BCCN_C_05	98	Pulse	99	2130350	17057	NA
BCCN_C_05	99	Picture	cond:1_stimuli_presented:4*_brightness:127	2133625	0	1	9999	2	0	10000	hit	398
BCCN_C_05	99	Response	104	2138117	4492	1
BCCN_C_05	99	Picture	ITI	2143624	9999	1	10165	3	10000	10000	miss	0
BCCN_C_05	99	Pulse	99	2148350	14725	NA
BCCN_C_05	100	Picture	cond:3_stimuli_presented:13_brightness:72	2153956	0	1	9999	2	0	10000	hit	402
BCCN_C_05	100	Response	101	2162291	8335	1
BCCN_C_05	100	Picture	ITI	2163955	9999	1	10166	2	10000	10000	miss	0
BCCN_C_05	100	Pulse	99	2166350	12394	NA
BCCN_C_05	101	Picture	cond:1_stimuli_presented:2*_brightness:127	2174287	0	2	10000	3	0	10000	hit	406
BCCN_C_05	101	Response	104	2181250	6963	1
BCCN_C_05	101	Picture	ITI	2184287	10000	1	10165	2	10000	10000	miss	0
BCCN_C_05	101	Pulse	99	2184350	10063	NA
BCCN_C_05	102	Picture	cond:1_stimuli_presented:6*_brightness:127	2194619	0	1	9999	2	0	10000	hit	410
BCCN_C_05	102	Response	104	2200364	5745	1
BCCN_C_05	102	Pulse	99	2202350	7731	NA
BCCN_C_05	102	Picture	ITI	2204618	9999	1	10166	2	10000	10000	miss	0
BCCN_C_05	103	Picture	cond:1_stimuli_presented:7*_brightness:127	2214950	0	1	9999	2	0	10000	hit	415
BCCN_C_05	103	Pulse	99	2220350	5400	NA
BCCN_C_05	103	Response	103	2221079	6129	1
BCCN_C_05	103	Picture	ITI	2224949	9999	1	10166	2	10000	10000	miss	0
BCCN_C_05	104	Picture	cond:3_stimuli_presented:49_brightness:77	2235282	0	1	9999	2	0	10000	hit	419
BCCN_C_05	104	Pulse	99	2238350	3068	NA
BCCN_C_05	104	Response	102	2242800	7518	1
BCCN_C_05	104	Picture	ITI	2245281	9999	1	10165	2	10000	10000	miss	0
BCCN_C_05	105	Picture	cond:1_stimuli_presented:6*_brightness:127	2255613	0	1	9999	2	0	10000	hit	424
BCCN_C_05	105	Pulse	99	2256350	737	NA
BCCN_C_05	105	Picture	ITI	2265612	9999	1	10166	2	10000	10000	miss	0
BCCN_C_05	105	Response	104	2269892	14279	1
BCCN_C_05	105	Pulse	99	2274350	18737	NA
BCCN_C_05	106	Picture	cond:1_stimuli_presented:1*_brightness:127	2275944	0	1	9999	3	0	10000	hit	427
BCCN_C_05	106	Response	103	2281235	5291	1
BCCN_C_05	106	Picture	ITI	2285943	9999	2	10166	3	10000	10000	miss	0
BCCN_C_05	106	Pulse	99	2292350	16406	NA
BCCN_C_05	107	Picture	cond:1_stimuli_presented:4*_brightness:127	2296276	0	1	9999	2	0	10000	hit	431
BCCN_C_05	107	Response	104	2302156	5880	1
BCCN_C_05	107	Picture	ITI	2306275	9999	1	10165	2	10000	10000	miss	0
BCCN_C_05	107	Pulse	99	2310350	14074	NA
BCCN_C_05	108	Picture	cond:2_stimuli_presented:81_brightness:173	2316607	0	1	9999	2	0	10000	hit	436
BCCN_C_05	108	Picture	ITI	2326606	9999	1	10166	2	10000	10000	hit	438
BCCN_C_05	108	Response	104	2327156	10549	1
BCCN_C_05	108	Pulse	99	2328350	11743	NA
BCCN_C_05	108	Response	104	2329076	12469	1
BCCN_C_05	109	Picture	cond:1_stimuli_presented:3*_brightness:127	2336938	0	1	9999	2	0	10000	hit	440
BCCN_C_05	109	Response	103	2342458	5520	2
BCCN_C_05	109	Pulse	99	2346350	9412	NA
BCCN_C_05	109	Picture	ITI	2346937	9999	1	10166	2	10000	10000	miss	0
BCCN_C_05	110	Picture	cond:1_stimuli_presented:4*_brightness:127	2357270	0	1	9999	2	0	10000	hit	444
BCCN_C_05	110	Response	104	2361288	4018	2
BCCN_C_05	110	Pulse	99	2364350	7080	NA
BCCN_C_05	110	Picture	ITI	2367269	9999	1	10165	3	10000	10000	miss	0
BCCN_C_05	111	Picture	cond:1_stimuli_presented:1*_brightness:127	2377601	0	1	9999	2	0	10000	hit	448
BCCN_C_05	111	Response	103	2382339	4738	1
BCCN_C_05	111	Pulse	99	2382350	4749	NA
BCCN_C_05	111	Picture	ITI	2387600	9999	1	10166	2	10000	10000	miss	0
BCCN_C_05	112	Picture	cond:3_stimuli_presented:67_brightness:69	2397932	0	2	10000	3	0	10000	hit	453
BCCN_C_05	112	Pulse	99	2400350	2418	NA
BCCN_C_05	112	Response	102	2404886	6954	2
BCCN_C_05	112	Picture	ITI	2407932	10000	1	10165	2	10000	10000	miss	0
BCCN_C_05	113	Picture	cond:1_stimuli_presented:3*_brightness:127	2418264	0	1	9999	2	0	10000	hit	457
BCCN_C_05	113	Pulse	99	2418350	86	NA
BCCN_C_05	113	Response	103	2427331	9067	1
BCCN_C_05	113	Picture	ITI	2428263	9999	1	10166	2	10000	10000	miss	0
BCCN_C_05	113	Pulse	99	2436350	18086	NA
BCCN_C_05	114	Picture	cond:1_stimuli_presented:4*_brightness:127	2438595	0	1	9999	2	0	10000	hit	461
BCCN_C_05	114	Response	104	2442624	4029	1
BCCN_C_05	114	Picture	ITI	2448594	9999	1	10166	2	10000	10000	miss	0
BCCN_C_05	114	Pulse	99	2454350	15755	NA
BCCN_C_05	115	Picture	cond:1_stimuli_presented:9*_brightness:127	2458927	0	1	9999	2	0	10000	hit	465
BCCN_C_05	115	Response	103	2465094	6167	1
BCCN_C_05	115	Picture	ITI	2468926	9999	1	10165	2	10000	10000	miss	0
BCCN_C_05	115	Pulse	99	2472350	13423	NA
BCCN_C_05	116	Picture	cond:4_stimuli_presented:72_brightness:128	2479258	0	1	9999	2	0	10000	incorrect	469
BCCN_C_05	116	Response	1	2488313	9055	1
BCCN_C_05	116	Picture	ITI	2489257	9999	1	10166	2	10000	10000	miss	0
BCCN_C_05	116	Pulse	99	2490350	11092	NA
BCCN_C_05	117	Picture	cond:1_stimuli_presented:6*_brightness:127	2499589	0	1	9999	2	0	10000	hit	474
BCCN_C_05	117	Pulse	99	2508350	8761	NA
BCCN_C_05	117	Response	104	2509054	9465	1
BCCN_C_05	117	Picture	ITI	2509588	9999	1	10166	2	10000	10000	miss	0
BCCN_C_05	118	Picture	cond:1_stimuli_presented:2*_brightness:127	2519921	0	1	9999	2	0	10000	hit	477
BCCN_C_05	118	Response	104	2526051	6130	1
BCCN_C_05	118	Pulse	99	2526350	6429	NA
BCCN_C_05	118	Picture	ITI	2529920	9999	1	10165	3	10000	10000	miss	0
BCCN_C_05	119	Picture	cond:1_stimuli_presented:4*_brightness:127	2540252	0	1	9999	2	0	10000	hit	481
BCCN_C_05	119	Response	104	2544338	4086	2
BCCN_C_05	119	Pulse	99	2544350	4098	NA
BCCN_C_05	119	Picture	ITI	2550251	9999	1	10166	2	10000	10000	miss	0
BCCN_C_05	120	Picture	cond:4_stimuli_presented:17_brightness:131	2560583	0	1	9999	3	0	10000	incorrect	487
BCCN_C_05	120	Pulse	99	2562350	1767	NA
BCCN_C_05	120	Picture	ITI	2570582	9999	2	10166	3	10000	10000	miss	0
BCCN_C_05	120	Response	2	2571146	10563	1
BCCN_C_05	120	Pulse	99	2580350	19767	NA
BCCN_C_05	121	Picture	cond:1_stimuli_presented:9*_brightness:127	2580915	0	1	9999	2	0	10000	hit	491
BCCN_C_05	121	Picture	ITI	2590914	9999	1	10166	2	10000	10000	miss	0
BCCN_C_05	121	Response	103	2594649	13734	1
BCCN_C_05	121	Pulse	99	2598350	17435	NA
BCCN_C_05	122	Picture	cond:1_stimuli_presented:6*_brightness:127	2601246	0	1	9999	2	0	10000	hit	494
BCCN_C_05	122	Response	104	2606586	5340	1
BCCN_C_05	122	Picture	ITI	2611245	9999	1	10166	2	10000	10000	miss	0
BCCN_C_05	122	Pulse	99	2616350	15104	NA
BCCN_C_05	123	Picture	cond:1_stimuli_presented:2*_brightness:127	2621577	0	2	9999	4	0	10000	incorrect	498
BCCN_C_05	123	Response	3	2629521	7944	1
BCCN_C_05	123	Picture	ITI	2631576	9999	2	10166	3	10000	10000	miss	0
BCCN_C_05	123	Pulse	99	2634350	12773	NA
BCCN_C_05	124	Picture	cond:1_stimuli_presented:9*_brightness:127	2641909	0	1	9999	2	0	10000	hit	502
BCCN_C_05	124	Response	103	2647860	5951	1
BCCN_C_05	124	Picture	ITI	2651908	9999	1	10166	2	10000	10000	miss	0
BCCN_C_05	124	Pulse	99	2652350	10441	NA
BCCN_C_05	125	Picture	cond:3_stimuli_presented:71_brightness:61	2662240	0	1	9999	2	0	10000	hit	506
BCCN_C_05	125	Response	101	2670046	7806	1
BCCN_C_05	125	Pulse	99	2670350	8110	NA
BCCN_C_05	125	Picture	ITI	2672239	9999	1	10166	2	10000	10000	miss	0
BCCN_C_05	126	Picture	cond:1_stimuli_presented:3*_brightness:127	2682572	0	1	9999	2	0	10000	hit	511
BCCN_C_05	126	Pulse	99	2688350	5778	NA
BCCN_C_05	126	Response	103	2691639	9067	1
BCCN_C_05	126	Picture	ITI	2692571	9999	1	10165	2	10000	10000	miss	0
BCCN_C_05	127	Picture	cond:1_stimuli_presented:8*_brightness:127	2702903	0	1	9999	2	0	10000	hit	515
BCCN_C_05	127	Pulse	99	2706350	3447	NA
BCCN_C_05	127	Response	104	2708042	5139	1
BCCN_C_05	127	Picture	ITI	2712902	9999	1	10166	2	10000	10000	miss	0
BCCN_C_05	128	Picture	cond:1_stimuli_presented:9*_brightness:127	2723234	0	1	9999	2	0	10000	hit	519
BCCN_C_05	128	Pulse	99	2724350	1116	NA
BCCN_C_05	128	Response	103	2729066	5832	2
BCCN_C_05	128	Picture	ITI	2733233	9999	1	10166	2	10000	10000	miss	0
BCCN_C_05	128	Pulse	99	2742350	19116	NA
BCCN_C_05	129	Picture	cond:1_stimuli_presented:3*_brightness:127	2743566	0	1	9999	2	0	10000	hit	523
BCCN_C_05	129	Response	103	2749781	6215	1
BCCN_C_05	129	Picture	ITI	2753565	9999	1	10165	2	10000	10000	miss	0
BCCN_C_05	129	Pulse	99	2760350	16784	NA
BCCN_C_05	130	Picture	cond:4_stimuli_presented:21_brightness:128	2763897	0	1	9999	2	0	10000	incorrect	527
BCCN_C_05	130	Response	1	2773103	9206	1
BCCN_C_05	130	Picture	ITI	2773896	9999	1	10166	2	10000	10000	miss	0
BCCN_C_05	130	Pulse	99	2778350	14453	NA
BCCN_C_05	131	Picture	cond:1_stimuli_presented:3*_brightness:127	2784228	0	2	9999	4	0	10000	hit	531
BCCN_C_05	131	Response	103	2792062	7834	2
BCCN_C_05	131	Picture	ITI	2794227	9999	2	10166	4	10000	10000	miss	0
BCCN_C_05	131	Pulse	99	2796350	12122	NA
BCCN_C_05	132	Picture	cond:1_stimuli_presented:2*_brightness:127	2804560	0	1	9999	2	0	10000	hit	535
BCCN_C_05	132	Response	104	2811486	6926	1
BCCN_C_05	132	Pulse	99	2814350	9790	NA
BCCN_C_05	132	Picture	ITI	2814559	9999	1	10165	3	10000	10000	miss	0
BCCN_C_05	133	Picture	cond:1_stimuli_presented:7*_brightness:127	2824891	0	1	9999	2	0	10000	hit	539
BCCN_C_05	133	Response	103	2831788	6897	1
BCCN_C_05	133	Pulse	99	2832350	7459	NA
BCCN_C_05	133	Picture	ITI	2834890	9999	1	10166	2	10000	10000	miss	0
BCCN_C_05	134	Picture	cond:1_stimuli_presented:8*_brightness:127	2845222	0	2	9999	4	0	10000	hit	543
BCCN_C_05	134	Response	104	2850076	4854	1
BCCN_C_05	134	Pulse	99	2850350	5128	NA
BCCN_C_05	134	Picture	ITI	2855221	9999	2	10166	3	10000	10000	miss	0
BCCN_C_05	135	Picture	cond:4_stimuli_presented:43_brightness:135	2865554	0	1	9999	2	0	10000	hit	549
BCCN_C_05	135	Pulse	99	2868350	2796	NA
BCCN_C_05	135	Picture	ITI	2875553	9999	1	10166	2	10000	10000	miss	0
BCCN_C_05	135	Response	104	2881427	15873	1
BCCN_C_05	136	Picture	cond:1_stimuli_presented:7*_brightness:127	2885885	0	1	9999	2	0	10000	hit	552
BCCN_C_05	136	Pulse	99	2886350	465	NA
BCCN_C_05	136	Response	103	2895094	9209	1
BCCN_C_05	136	Picture	ITI	2895884	9999	1	10166	2	10000	10000	miss	0
BCCN_C_05	136	Pulse	99	2904350	18465	NA
BCCN_C_05	137	Picture	cond:1_stimuli_presented:9*_brightness:127	2906217	0	1	9999	2	0	10000	incorrect	556
BCCN_C_05	137	Response	4	2911058	4841	1
BCCN_C_05	137	Picture	ITI	2916216	9999	1	10165	2	10000	10000	miss	0
BCCN_C_05	137	Pulse	99	2922350	16133	NA
BCCN_C_05	138	Picture	cond:1_stimuli_presented:7*_brightness:127	2926548	0	1	9999	2	0	10000	hit	560
BCCN_C_05	138	Response	103	2934070	7522	1
BCCN_C_05	138	Picture	ITI	2936547	9999	1	10166	2	10000	10000	miss	0
BCCN_C_05	138	Pulse	99	2940350	13802	NA
BCCN_C_05	139	Picture	cond:2_stimuli_presented:43_brightness:181	2946879	0	1	9999	2	0	10000	hit	564
BCCN_C_05	139	Response	104	2954424	7545	1
BCCN_C_05	139	Picture	ITI	2956878	9999	1	10166	2	10000	10000	miss	0
BCCN_C_05	139	Pulse	99	2958350	11471	NA
BCCN_C_05	140	Picture	cond:1_stimuli_presented:2*_brightness:127	2967211	0	1	9999	2	0	10000	hit	570
BCCN_C_05	140	Pulse	99	2976350	9139	NA
BCCN_C_05	140	Picture	ITI	2977210	9999	1	10165	2	10000	10000	miss	0
BCCN_C_05	140	Response	104	2981179	13968	2
BCCN_C_05	141	Picture	cond:1_stimuli_presented:7*_brightness:127	2987542	0	1	9999	2	0	10000	hit	572
BCCN_C_05	141	Response	103	2992729	5187	1
BCCN_C_05	141	Pulse	99	2994350	6808	NA
BCCN_C_05	141	Picture	ITI	2997541	9999	1	10166	2	10000	10000	miss	0
BCCN_C_05	142	Picture	cond:1_stimuli_presented:8*_brightness:127	3007873	0	1	9999	3	0	10000	incorrect	577
BCCN_C_05	142	Pulse	99	3012350	4477	NA
BCCN_C_05	142	Response	3	3015457	7584	2
BCCN_C_05	142	Picture	ITI	3017872	9999	2	10166	3	10000	10000	miss	0
BCCN_C_05	143	Picture	cond:2_stimuli_presented:61_brightness:174	3028205	0	1	9999	2	0	10000	hit	582
BCCN_C_05	143	Pulse	99	3030350	2145	NA
BCCN_C_05	143	Picture	ITI	3038204	9999	1	10165	3	10000	10000	miss	0
BCCN_C_05	143	Response	104	3039941	11736	2
BCCN_C_05	143	Pulse	99	3048350	20145	NA
BCCN_C_05	144	Picture	cond:1_stimuli_presented:2*_brightness:127	3048536	0	1	9999	2	0	10000	hit	585
BCCN_C_05	144	Response	104	3052472	3936	1
BCCN_C_05	144	Picture	ITI	3058535	9999	1	10166	2	10000	10000	miss	0
BCCN_C_05	144	Pulse	99	3066350	17814	NA
BCCN_C_05	145	Picture	cond:1_stimuli_presented:7*_brightness:127	3068867	0	2	9999	4	0	10000	hit	589
BCCN_C_05	145	Response	103	3073522	4655	1
BCCN_C_05	145	Picture	ITI	3078866	9999	2	10166	3	10000	10000	miss	0
BCCN_C_05	145	Pulse	99	3084350	15483	NA
BCCN_C_05	146	Picture	cond:1_stimuli_presented:2*_brightness:127	3089199	0	1	9999	2	0	10000	hit	593
BCCN_C_05	146	Response	104	3094495	5296	1
BCCN_C_05	146	Picture	ITI	3099198	9999	1	10166	2	10000	10000	miss	0
BCCN_C_05	146	Pulse	99	3102350	13151	NA
BCCN_C_05	147	Picture	cond:1_stimuli_presented:3*_brightness:127	3109530	0	1	9999	2	0	10000	hit	597
BCCN_C_05	147	Response	103	3114100	4570	1
BCCN_C_05	147	Picture	ITI	3119529	9999	1	10166	2	10000	10000	miss	0
BCCN_C_05	147	Pulse	99	3120350	10820	NA
BCCN_C_05	148	Picture	cond:1_stimuli_presented:9*_brightness:127	3129862	0	1	9999	2	0	10000	hit	601
BCCN_C_05	148	Response	103	3136079	6217	2
BCCN_C_05	148	Pulse	99	3138350	8488	NA
BCCN_C_05	148	Picture	ITI	3139861	9999	1	10165	2	10000	10000	miss	0
BCCN_C_05	149	Picture	cond:3_stimuli_presented:32_brightness:74	3150193	0	1	9999	2	0	10000	hit	606
BCCN_C_05	149	Pulse	99	3156350	6157	NA
BCCN_C_05	149	Response	101	3158963	8770	1
BCCN_C_05	149	Picture	ITI	3160192	9999	1	10166	2	10000	10000	miss	0
BCCN_C_05	150	Picture	cond:1_stimuli_presented:4*_brightness:127	3170524	0	1	9999	2	0	10000	hit	611
BCCN_C_05	150	Pulse	99	3174350	3826	NA
BCCN_C_05	150	Picture	ITI	3180523	9999	1	10166	2	10000	10000	miss	0
BCCN_C_05	150	Response	104	3185254	14730	1
BCCN_C_05	151	Picture	cond:1_stimuli_presented:9*_brightness:127	3190856	0	1	9999	2	0	10000	hit	614
BCCN_C_05	151	Pulse	99	3192350	1494	NA
BCCN_C_05	151	Response	103	3195409	4553	1
BCCN_C_05	151	Picture	ITI	3200855	9999	1	10165	2	10000	10000	miss	0
BCCN_C_05	151	Pulse	99	3210350	19494	NA
BCCN_C_05	152	Picture	cond:1_stimuli_presented:1*_brightness:127	3211187	0	1	9999	2	0	10000	hit	618
BCCN_C_05	152	Response	103	3216330	5143	2
BCCN_C_05	152	Picture	ITI	3221186	9999	1	10166	2	10000	10000	miss	0
BCCN_C_05	152	Pulse	99	3228350	17163	NA
BCCN_C_05	153	Picture	cond:1_stimuli_presented:2*_brightness:127	3231518	0	1	9999	3	0	10000	hit	624
BCCN_C_05	153	Picture	ITI	3241517	9999	2	10166	3	10000	10000	miss	0
BCCN_C_05	153	Pulse	99	3246350	14832	NA
BCCN_C_05	153	Response	104	3247811	16293	1
BCCN_C_05	154	Picture	cond:3_stimuli_presented:69_brightness:70	3251850	0	1	9999	2	0	10000	hit	626
BCCN_C_05	154	Response	102	3260471	8621	1
BCCN_C_05	154	Picture	ITI	3261849	9999	1	10165	3	10000	10000	miss	0
BCCN_C_05	154	Pulse	99	3264350	12500	NA
BCCN_C_05	154	Manual	Prozent korrekt Baseline: 92.5%	3272023	20173
BCCN_C_05	154	Manual	Prozent korrekt Distraktor: 90.0%	3272023	20173
BCCN_C_05	154	Manual	Prozent korrekt Switch: 90.0%	3272023	20173
BCCN_C_05	155	Picture	ENDE	3272181	0	1	30164	2	0	30000	other	0
BCCN_C_05	155	Pulse	99	3282350	10169	NA
BCCN_C_05	155	Pulse	99	3300350	28169	NA
BCCN_C_05	156	Picture	ende info	3302512	0	1	164195	2	0	next	other	0
BCCN_C_05	156	Response	5	3459550	157038	1
