Scenario - Flex_main_1
Logfile written - 01/24/2012 13:33:35

Subject	Trial	Event Type	Code	Time	TTime	Uncertainty	Duration	Uncertainty	ReqTime	ReqDur	Stim Type	Pair Index

BCCN_C_04	0	Manual	f2_l_b2	-9999	-9999
BCCN_C_04	1	Picture	instructreminder	-6000	0	1	32329	2	0	next	hit	3
BCCN_C_04	1	Response	101	26308	32308	1
BCCN_C_04	2	Picture	warning	26329	0	1	148151	2	0	next	other	0
BCCN_C_04	2	Pulse	99	174363	148034	NA
BCCN_C_04	3	Picture	dummyscans	174480	0	1	37162	3	0	37000	other	0
BCCN_C_04	3	Pulse	99	192362	17882	NA
BCCN_C_04	3	Pulse	99	210362	35882	NA
BCCN_C_04	4	Picture	beginning_fix	211809	0	1	16665	2	0	next	other	0
BCCN_C_04	4	Pulse	99	228362	16553	NA
BCCN_C_04	5	Picture	cond:1_stimuli_presented:1*_brightness:127	228474	0	1	9999	2	0	10000	hit	12
BCCN_C_04	5	Response	103	235461	6987	1
BCCN_C_04	5	Picture	ITI	238473	9999	1	10165	3	10000	10000	miss	0
BCCN_C_04	5	Pulse	99	246362	17888	NA
BCCN_C_04	6	Picture	cond:1_stimuli_presented:3*_brightness:127	248805	0	1	9999	2	0	10000	hit	16
BCCN_C_04	6	Response	103	253026	4221	1
BCCN_C_04	6	Picture	ITI	258804	9999	1	10166	2	10000	10000	miss	0
BCCN_C_04	6	Pulse	99	264362	15557	NA
BCCN_C_04	7	Picture	cond:1_stimuli_presented:2*_brightness:127	269136	0	1	9999	2	0	10000	hit	20
BCCN_C_04	7	Response	104	273147	4011	1
BCCN_C_04	7	Picture	ITI	279135	9999	1	10166	2	10000	10000	miss	0
BCCN_C_04	7	Pulse	99	282362	13226	NA
BCCN_C_04	8	Picture	cond:1_stimuli_presented:3*_brightness:127	289467	0	2	9999	4	0	10000	hit	24
BCCN_C_04	8	Response	103	294378	4911	1
BCCN_C_04	8	Picture	ITI	299466	9999	2	10166	3	10000	10000	miss	0
BCCN_C_04	8	Pulse	99	300361	10894	NA
BCCN_C_04	9	Picture	cond:4_stimuli_presented:29_brightness:121	309799	0	1	9999	2	0	10000	hit	30
BCCN_C_04	9	Pulse	99	318361	8562	NA
BCCN_C_04	9	Picture	ITI	319798	9999	1	10165	2	10000	10000	miss	0
BCCN_C_04	9	Response	102	326581	16782	1
BCCN_C_04	10	Picture	cond:1_stimuli_presented:4*_brightness:127	330130	0	1	9999	2	0	10000	hit	33
BCCN_C_04	10	Pulse	99	336361	6231	NA
BCCN_C_04	10	Response	104	336478	6348	1
BCCN_C_04	10	Picture	ITI	340129	9999	1	10165	2	10000	10000	miss	0
BCCN_C_04	11	Picture	cond:1_stimuli_presented:6*_brightness:127	350461	0	1	9999	2	0	10000	hit	37
BCCN_C_04	11	Pulse	99	354361	3900	NA
BCCN_C_04	11	Response	104	356366	5905	1
BCCN_C_04	11	Picture	ITI	360460	9999	1	10166	2	10000	10000	miss	0
BCCN_C_04	12	Picture	cond:1_stimuli_presented:2*_brightness:127	370792	0	1	9999	2	0	10000	hit	41
BCCN_C_04	12	Pulse	99	372361	1569	NA
BCCN_C_04	12	Response	104	375428	4636	1
BCCN_C_04	12	Picture	ITI	380791	9999	1	10166	2	10000	10000	miss	0
BCCN_C_04	12	Pulse	99	390360	19568	NA
BCCN_C_04	13	Picture	cond:2_stimuli_presented:19_brightness:173	391123	0	1	9999	2	0	10000	incorrect	46
BCCN_C_04	13	Picture	ITI	401122	9999	1	10166	2	10000	10000	miss	0
BCCN_C_04	13	Response	4	403604	12481	1
BCCN_C_04	13	Pulse	99	408360	17237	NA
BCCN_C_04	14	Picture	cond:1_stimuli_presented:4*_brightness:127	411455	0	1	9998	3	0	10000	hit	49
BCCN_C_04	14	Response	104	417373	5918	2
BCCN_C_04	14	Picture	ITI	421453	9998	2	10166	3	10000	10000	miss	0
BCCN_C_04	14	Pulse	99	426360	14905	NA
BCCN_C_04	15	Picture	cond:1_stimuli_presented:7*_brightness:127	431786	0	1	9999	2	0	10000	hit	53
BCCN_C_04	15	Response	103	436978	5192	1
BCCN_C_04	15	Picture	ITI	441785	9999	1	10165	2	10000	10000	miss	0
BCCN_C_04	15	Pulse	99	444360	12574	NA
BCCN_C_04	16	Picture	cond:1_stimuli_presented:2*_brightness:127	452117	0	1	9999	2	0	10000	hit	57
BCCN_C_04	16	Response	104	456814	4697	2
BCCN_C_04	16	Picture	ITI	462116	9999	1	10165	3	10000	10000	miss	0
BCCN_C_04	16	Pulse	99	462360	10243	NA
BCCN_C_04	17	Picture	cond:1_stimuli_presented:9*_brightness:127	472448	0	1	9999	2	0	10000	hit	61
BCCN_C_04	17	Response	103	477761	5313	2
BCCN_C_04	17	Pulse	99	480360	7912	NA
BCCN_C_04	17	Picture	ITI	482447	9999	1	10166	2	10000	10000	miss	0
BCCN_C_04	18	Picture	cond:1_stimuli_presented:8*_brightness:127	492779	0	1	9999	2	0	10000	hit	66
BCCN_C_04	18	Pulse	99	498360	5581	NA
BCCN_C_04	18	Response	104	498631	5852	1
BCCN_C_04	18	Picture	ITI	502778	9999	1	10166	2	10000	10000	miss	0
BCCN_C_04	19	Picture	cond:3_stimuli_presented:93_brightness:65	513110	0	2	9999	3	0	10000	hit	70
BCCN_C_04	19	Pulse	99	516359	3249	NA
BCCN_C_04	19	Response	101	521488	8378	1
BCCN_C_04	19	Picture	ITI	523109	9999	1	10166	2	10000	10000	miss	0
BCCN_C_04	20	Picture	cond:1_stimuli_presented:8*_brightness:127	533442	0	1	9999	2	0	10000	hit	74
BCCN_C_04	20	Pulse	99	534359	917	NA
BCCN_C_04	20	Response	104	541428	7986	1
BCCN_C_04	20	Picture	ITI	543441	9999	1	10165	2	10000	10000	miss	0
BCCN_C_04	20	Pulse	99	552359	18917	NA
BCCN_C_04	21	Picture	cond:1_stimuli_presented:4*_brightness:127	553773	0	1	9999	2	0	10000	hit	78
BCCN_C_04	21	Response	104	558889	5116	2
BCCN_C_04	21	Picture	ITI	563772	9999	1	10165	2	10000	10000	miss	0
BCCN_C_04	21	Pulse	99	570359	16586	NA
BCCN_C_04	22	Picture	cond:1_stimuli_presented:6*_brightness:127	574104	0	1	9999	2	0	10000	hit	82
BCCN_C_04	22	Response	104	579268	5164	1
BCCN_C_04	22	Picture	ITI	584103	9999	1	10165	3	10000	10000	miss	0
BCCN_C_04	22	Pulse	99	588359	14255	NA
BCCN_C_04	23	Picture	cond:1_stimuli_presented:9*_brightness:127	594435	0	1	9999	2	0	10000	hit	86
BCCN_C_04	23	Response	103	600422	5987	1
BCCN_C_04	23	Picture	ITI	604434	9999	1	10166	2	10000	10000	miss	0
BCCN_C_04	23	Pulse	99	606358	11923	NA
BCCN_C_04	24	Picture	cond:1_stimuli_presented:7*_brightness:127	614766	0	1	9999	2	0	10000	hit	90
BCCN_C_04	24	Response	103	619484	4718	1
BCCN_C_04	24	Pulse	99	624358	9592	NA
BCCN_C_04	24	Picture	ITI	624765	9999	1	10166	2	10000	10000	miss	0
BCCN_C_04	25	Picture	cond:1_stimuli_presented:8*_brightness:127	635097	0	2	9999	4	0	10000	hit	94
BCCN_C_04	25	Response	104	640560	5463	1
BCCN_C_04	25	Pulse	99	642358	7261	NA
BCCN_C_04	25	Picture	ITI	645096	9999	2	10166	3	10000	10000	miss	0
BCCN_C_04	26	Picture	cond:3_stimuli_presented:27_brightness:76	655429	0	1	9999	2	0	10000	hit	99
BCCN_C_04	26	Pulse	99	660358	4929	NA
BCCN_C_04	26	Response	102	664630	9201	2
BCCN_C_04	26	Picture	ITI	665428	9999	1	10165	2	10000	10000	miss	0
BCCN_C_04	27	Picture	cond:1_stimuli_presented:4*_brightness:127	675760	0	1	9999	2	0	10000	hit	103
BCCN_C_04	27	Pulse	99	678358	2598	NA
BCCN_C_04	27	Response	104	681679	5919	1
BCCN_C_04	27	Picture	ITI	685759	9999	1	10165	2	10000	10000	miss	0
BCCN_C_04	28	Picture	cond:1_stimuli_presented:8*_brightness:127	696091	0	1	9999	2	0	10000	hit	107
BCCN_C_04	28	Pulse	99	696358	267	NA
BCCN_C_04	28	Response	104	702342	6251	1
BCCN_C_04	28	Picture	ITI	706090	9999	1	10166	2	10000	10000	miss	0
BCCN_C_04	28	Pulse	99	714357	18266	NA
BCCN_C_04	29	Picture	cond:1_stimuli_presented:6*_brightness:127	716422	0	1	9999	2	0	10000	hit	111
BCCN_C_04	29	Response	104	721946	5524	1
BCCN_C_04	29	Picture	ITI	726421	9999	1	10166	2	10000	10000	miss	0
BCCN_C_04	29	Pulse	99	732357	15935	NA
BCCN_C_04	30	Picture	cond:1_stimuli_presented:3*_brightness:127	736753	0	1	9999	2	0	10000	hit	115
BCCN_C_04	30	Response	103	742480	5727	1
BCCN_C_04	30	Picture	ITI	746752	9999	1	10166	2	10000	10000	miss	0
BCCN_C_04	30	Pulse	99	750357	13604	NA
BCCN_C_04	31	Picture	cond:1_stimuli_presented:6*_brightness:127	757085	0	1	9998	3	0	10000	hit	119
BCCN_C_04	31	Response	104	762626	5541	1
BCCN_C_04	31	Picture	ITI	767083	9998	2	10166	3	10000	10000	miss	0
BCCN_C_04	31	Pulse	99	768357	11272	NA
BCCN_C_04	32	Picture	cond:4_stimuli_presented:83_brightness:128	777416	0	1	9999	2	0	10000	incorrect	125
BCCN_C_04	32	Pulse	99	786357	8941	NA
BCCN_C_04	32	Picture	ITI	787415	9999	1	10165	2	10000	10000	miss	0
BCCN_C_04	32	Response	1	794984	17568	1
BCCN_C_04	33	Picture	cond:1_stimuli_presented:6*_brightness:127	797747	0	1	9999	2	0	10000	hit	127
BCCN_C_04	33	Response	104	803152	5405	1
BCCN_C_04	33	Pulse	99	804357	6610	NA
BCCN_C_04	33	Picture	ITI	807746	9999	1	10165	3	10000	10000	miss	0
BCCN_C_04	34	Picture	cond:1_stimuli_presented:9*_brightness:127	818078	0	1	9999	2	0	10000	hit	132
BCCN_C_04	34	Pulse	99	822356	4278	NA
BCCN_C_04	34	Response	103	823943	5865	2
BCCN_C_04	34	Picture	ITI	828077	9999	1	10166	2	10000	10000	miss	0
BCCN_C_04	35	Picture	cond:1_stimuli_presented:4*_brightness:127	838409	0	1	9999	2	0	10000	hit	136
BCCN_C_04	35	Pulse	99	840356	1947	NA
BCCN_C_04	35	Response	104	843496	5087	1
BCCN_C_04	35	Picture	ITI	848408	9999	1	10166	2	10000	10000	miss	0
BCCN_C_04	35	Pulse	99	858356	19947	NA
BCCN_C_04	36	Picture	cond:1_stimuli_presented:6*_brightness:127	858740	0	2	9999	3	0	10000	hit	140
BCCN_C_04	36	Response	104	863797	5057	2
BCCN_C_04	36	Picture	ITI	868739	9999	1	10166	2	10000	10000	miss	0
BCCN_C_04	36	Pulse	99	876356	17616	NA
BCCN_C_04	37	Picture	cond:1_stimuli_presented:7*_brightness:127	879072	0	1	9999	2	0	10000	hit	144
BCCN_C_04	37	Response	103	883453	4381	2
BCCN_C_04	37	Picture	ITI	889071	9999	1	10165	2	10000	10000	miss	0
BCCN_C_04	37	Pulse	99	894356	15284	NA
BCCN_C_04	38	Picture	cond:1_stimuli_presented:1*_brightness:127	899403	0	1	9999	2	0	10000	incorrect	148
BCCN_C_04	38	Response	4	905046	5643	1
BCCN_C_04	38	Picture	ITI	909402	9999	1	10165	2	10000	10000	miss	0
BCCN_C_04	38	Pulse	99	912356	12953	NA
BCCN_C_04	39	Picture	cond:1_stimuli_presented:9*_brightness:127	919734	0	1	9999	2	0	10000	hit	152
BCCN_C_04	39	Response	103	925012	5278	1
BCCN_C_04	39	Picture	ITI	929733	9999	1	10166	2	10000	10000	miss	0
BCCN_C_04	39	Pulse	99	930355	10621	NA
BCCN_C_04	40	Picture	cond:4_stimuli_presented:42_brightness:128	940065	0	1	9999	2	0	10000	incorrect	158
BCCN_C_04	40	Pulse	99	948355	8290	NA
BCCN_C_04	40	Picture	ITI	950064	9999	1	10166	2	10000	10000	miss	0
BCCN_C_04	40	Response	1	956466	16401	1
BCCN_C_04	41	Picture	cond:1_stimuli_presented:7*_brightness:127	960396	0	1	9999	2	0	10000	hit	161
BCCN_C_04	41	Pulse	99	966355	5959	NA
BCCN_C_04	41	Response	103	969900	9504	1
BCCN_C_04	41	Picture	ITI	970395	9999	1	10166	2	10000	10000	miss	0
BCCN_C_04	42	Picture	cond:1_stimuli_presented:2*_brightness:127	980727	0	2	9999	4	0	10000	hit	165
BCCN_C_04	42	Pulse	99	984355	3628	NA
BCCN_C_04	42	Response	104	986845	6118	1
BCCN_C_04	42	Picture	ITI	990726	9999	2	10166	3	10000	10000	miss	0
BCCN_C_04	43	Picture	cond:1_stimuli_presented:7*_brightness:127	1001059	0	1	9999	2	0	10000	hit	169
BCCN_C_04	43	Pulse	99	1002355	1296	NA
BCCN_C_04	43	Response	103	1005881	4822	2
BCCN_C_04	43	Picture	ITI	1011058	9999	1	10165	2	10000	10000	miss	0
BCCN_C_04	43	Pulse	99	1020355	19296	NA
BCCN_C_04	44	Picture	cond:2_stimuli_presented:29_brightness:171	1021390	0	1	9999	2	0	10000	hit	173
BCCN_C_04	44	Response	104	1029668	8278	1
BCCN_C_04	44	Picture	ITI	1031389	9999	1	10165	2	10000	10000	miss	0
BCCN_C_04	44	Pulse	99	1038354	16964	NA
BCCN_C_04	45	Picture	cond:1_stimuli_presented:7*_brightness:127	1041721	0	1	9999	2	0	10000	hit	177
BCCN_C_04	45	Response	103	1046484	4763	2
BCCN_C_04	45	Picture	ITI	1051720	9999	1	10166	2	10000	10000	miss	0
BCCN_C_04	45	Pulse	99	1056354	14633	NA
BCCN_C_04	46	Picture	cond:1_stimuli_presented:1*_brightness:127	1062052	0	1	9999	2	0	10000	hit	181
BCCN_C_04	46	Response	103	1068515	6463	2
BCCN_C_04	46	Picture	ITI	1072051	9999	1	10166	2	10000	10000	miss	0
BCCN_C_04	46	Pulse	99	1074354	12302	NA
BCCN_C_04	47	Picture	cond:1_stimuli_presented:3*_brightness:127	1082383	0	1	9999	2	0	10000	hit	185
BCCN_C_04	47	Response	103	1086932	4549	1
BCCN_C_04	47	Pulse	99	1092354	9971	NA
BCCN_C_04	47	Picture	ITI	1092382	9999	1	10166	2	10000	10000	miss	0
BCCN_C_04	48	Picture	cond:4_stimuli_presented:64_brightness:123	1102715	0	1	9999	2	0	10000	hit	191
BCCN_C_04	48	Pulse	99	1110354	7639	NA
BCCN_C_04	48	Picture	ITI	1112714	9999	1	10165	2	10000	10000	miss	0
BCCN_C_04	48	Response	101	1117225	14510	1
BCCN_C_04	49	Picture	cond:1_stimuli_presented:2*_brightness:127	1123046	0	1	9999	2	0	10000	hit	194
BCCN_C_04	49	Pulse	99	1128354	5308	NA
BCCN_C_04	49	Response	104	1128722	5676	2
BCCN_C_04	49	Picture	ITI	1133045	9999	1	10165	2	10000	10000	miss	0
BCCN_C_04	50	Picture	cond:1_stimuli_presented:3*_brightness:127	1143377	0	1	9999	2	0	10000	hit	198
BCCN_C_04	50	Pulse	99	1146353	2976	NA
BCCN_C_04	50	Response	103	1150599	7222	1
BCCN_C_04	50	Picture	ITI	1153376	9999	1	10165	3	10000	10000	miss	0
BCCN_C_04	51	Picture	cond:1_stimuli_presented:8*_brightness:127	1163708	0	1	9999	2	0	10000	hit	202
BCCN_C_04	51	Pulse	99	1164353	645	NA
BCCN_C_04	51	Response	104	1168628	4920	2
BCCN_C_04	51	Picture	ITI	1173707	9999	1	10166	2	10000	10000	miss	0
BCCN_C_04	51	Pulse	99	1182353	18645	NA
BCCN_C_04	52	Picture	cond:1_stimuli_presented:2*_brightness:127	1184039	0	1	9999	2	0	10000	hit	206
BCCN_C_04	52	Response	104	1189446	5407	1
BCCN_C_04	52	Picture	ITI	1194038	9999	1	10166	2	10000	10000	miss	0
BCCN_C_04	52	Pulse	99	1200353	16314	NA
BCCN_C_04	53	Picture	cond:2_stimuli_presented:38_brightness:175	1204370	0	2	9999	3	0	10000	hit	211
BCCN_C_04	53	Picture	ITI	1214369	9999	1	10166	2	10000	10000	miss	0
BCCN_C_04	53	Response	103	1215014	10644	1
BCCN_C_04	53	Pulse	99	1218353	13983	NA
BCCN_C_04	54	Picture	cond:1_stimuli_presented:4*_brightness:127	1224702	0	1	9999	2	0	10000	hit	214
BCCN_C_04	54	Response	104	1230849	6147	1
BCCN_C_04	54	Picture	ITI	1234701	9999	1	10165	2	10000	10000	miss	0
BCCN_C_04	54	Pulse	99	1236353	11651	NA
BCCN_C_04	55	Picture	cond:1_stimuli_presented:9*_brightness:127	1245033	0	1	9999	2	0	10000	incorrect	218
BCCN_C_04	55	Response	4	1250608	5575	1
BCCN_C_04	55	Pulse	99	1254352	9319	NA
BCCN_C_04	55	Picture	ITI	1255032	9999	1	10165	2	10000	10000	miss	0
BCCN_C_04	56	Picture	cond:1_stimuli_presented:7*_brightness:127	1265364	0	1	9999	2	0	10000	hit	222
BCCN_C_04	56	Response	103	1270445	5081	1
BCCN_C_04	56	Pulse	99	1272352	6988	NA
BCCN_C_04	56	Picture	ITI	1275363	9999	1	10165	3	10000	10000	miss	0
BCCN_C_04	57	Picture	cond:1_stimuli_presented:8*_brightness:127	1285695	0	1	9999	2	0	10000	hit	227
BCCN_C_04	57	Pulse	99	1290352	4657	NA
BCCN_C_04	57	Response	104	1291753	6058	1
BCCN_C_04	57	Picture	ITI	1295694	9999	1	10166	2	10000	10000	miss	0
BCCN_C_04	58	Picture	cond:1_stimuli_presented:3*_brightness:127	1306026	0	1	9999	2	0	10000	hit	231
BCCN_C_04	58	Pulse	99	1308352	2326	NA
BCCN_C_04	58	Response	103	1310609	4583	1
BCCN_C_04	58	Picture	ITI	1316025	9999	1	10166	2	10000	10000	miss	0
BCCN_C_04	58	Pulse	99	1326352	20326	NA
BCCN_C_04	59	Picture	cond:1_stimuli_presented:4*_brightness:127	1326357	0	2	9999	4	0	10000	hit	235
BCCN_C_04	59	Response	104	1331530	5173	1
BCCN_C_04	59	Picture	ITI	1336356	9999	2	10166	3	10000	10000	miss	0
BCCN_C_04	59	Pulse	99	1344352	17995	NA
BCCN_C_04	60	Picture	cond:1_stimuli_presented:2*_brightness:127	1346689	0	1	9999	2	0	10000	hit	239
BCCN_C_04	60	Response	104	1354516	7827	1
BCCN_C_04	60	Picture	ITI	1356688	9999	1	10165	2	10000	10000	miss	0
BCCN_C_04	60	Pulse	99	1362351	15662	NA
BCCN_C_04	61	Picture	cond:1_stimuli_presented:6*_brightness:127	1367020	0	1	9999	2	0	10000	hit	243
BCCN_C_04	61	Response	104	1373449	6429	1
BCCN_C_04	61	Picture	ITI	1377019	9999	1	10165	3	10000	10000	miss	0
BCCN_C_04	61	Pulse	99	1380351	13331	NA
BCCN_C_04	62	Picture	cond:1_stimuli_presented:9*_brightness:127	1387351	0	1	9999	2	0	10000	hit	247
BCCN_C_04	62	Response	103	1393002	5651	1
BCCN_C_04	62	Picture	ITI	1397350	9999	1	10166	2	10000	10000	miss	0
BCCN_C_04	62	Pulse	99	1398351	11000	NA
BCCN_C_04	63	Picture	cond:2_stimuli_presented:47_brightness:184	1407682	0	1	9999	2	0	10000	hit	251
BCCN_C_04	63	Response	104	1416272	8590	2
BCCN_C_04	63	Pulse	99	1416351	8669	NA
BCCN_C_04	63	Picture	ITI	1417681	9999	1	10166	2	10000	10000	miss	0
BCCN_C_04	64	Picture	cond:1_stimuli_presented:8*_brightness:127	1428013	0	2	9999	3	0	10000	hit	255
BCCN_C_04	64	Response	104	1433811	5798	2
BCCN_C_04	64	Pulse	99	1434351	6338	NA
BCCN_C_04	64	Picture	ITI	1438012	9999	1	10166	2	10000	10000	miss	0
BCCN_C_04	65	Picture	cond:1_stimuli_presented:6*_brightness:127	1448345	0	1	9998	3	0	10000	hit	260
BCCN_C_04	65	Pulse	99	1452350	4005	NA
BCCN_C_04	65	Response	104	1454009	5664	2
BCCN_C_04	65	Picture	ITI	1458343	9998	2	10166	3	10000	10000	miss	0
BCCN_C_04	66	Picture	cond:1_stimuli_presented:3*_brightness:127	1468676	0	1	9999	2	0	10000	hit	264
BCCN_C_04	66	Pulse	99	1470350	1674	NA
BCCN_C_04	66	Response	103	1474311	5635	1
BCCN_C_04	66	Picture	ITI	1478675	9999	1	10165	2	10000	10000	miss	0
BCCN_C_04	66	Pulse	99	1488350	19674	NA
BCCN_C_04	67	Picture	cond:3_stimuli_presented:24_brightness:85	1489007	0	1	9999	2	0	10000	hit	268
BCCN_C_04	67	Response	101	1498304	9297	1
BCCN_C_04	67	Picture	ITI	1499006	9999	1	10165	3	10000	10000	miss	0
BCCN_C_04	67	Pulse	99	1506350	17343	NA
BCCN_C_04	68	Picture	cond:1_stimuli_presented:9*_brightness:127	1509338	0	1	9999	2	0	10000	hit	272
BCCN_C_04	68	Response	103	1514707	5369	1
BCCN_C_04	68	Picture	ITI	1519337	9999	1	10166	2	10000	10000	miss	0
BCCN_C_04	68	Pulse	99	1524350	15012	NA
BCCN_C_04	69	Picture	cond:1_stimuli_presented:6*_brightness:127	1529669	0	1	9999	2	0	10000	hit	276
BCCN_C_04	69	Response	104	1536041	6372	1
BCCN_C_04	69	Picture	ITI	1539668	9999	1	10166	2	10000	10000	miss	0
BCCN_C_04	69	Pulse	99	1542350	12681	NA
BCCN_C_04	70	Picture	cond:1_stimuli_presented:9*_brightness:127	1550000	0	1	9999	2	0	10000	hit	280
BCCN_C_04	70	Response	103	1556678	6678	1
BCCN_C_04	70	Picture	ITI	1559999	9999	1	10159	25	10000	10000	miss	0
BCCN_C_04	70	Pulse	99	1560349	10349	NA
BCCN_C_04	71	Picture	cond:2_stimuli_presented:31_brightness:175	1570332	0	1	9999	2	0	10000	hit	285
BCCN_C_04	71	Pulse	99	1578349	8017	NA
BCCN_C_04	71	Response	103	1579949	9617	1
BCCN_C_04	71	Picture	ITI	1580331	9999	1	10165	2	10000	10000	miss	0
BCCN_C_04	72	Picture	cond:1_stimuli_presented:9*_brightness:127	1590663	0	1	9999	2	0	10000	hit	289
BCCN_C_04	72	Pulse	99	1596349	5686	NA
BCCN_C_04	72	Response	103	1599863	9200	1
BCCN_C_04	72	Picture	ITI	1600662	9999	1	10165	2	10000	10000	miss	0
BCCN_C_04	73	Picture	cond:1_stimuli_presented:6*_brightness:127	1610994	0	1	9999	2	0	10000	hit	293
BCCN_C_04	73	Pulse	99	1614349	3355	NA
BCCN_C_04	73	Response	104	1617608	6614	1
BCCN_C_04	73	Picture	ITI	1620993	9999	1	10165	3	10000	10000	miss	0
BCCN_C_04	74	Picture	cond:1_stimuli_presented:4*_brightness:127	1631325	0	1	9999	2	0	10000	hit	297
BCCN_C_04	74	Pulse	99	1632349	1024	NA
BCCN_C_04	74	Response	104	1636851	5526	1
BCCN_C_04	74	Picture	ITI	1641324	9999	1	10166	2	10000	10000	miss	0
BCCN_C_04	74	Pulse	99	1650349	19024	NA
BCCN_C_04	75	Picture	cond:1_stimuli_presented:2*_brightness:127	1651656	0	1	9999	2	0	10000	hit	301
BCCN_C_04	75	Response	104	1656326	4670	2
BCCN_C_04	75	Picture	ITI	1661655	9999	1	10166	2	10000	10000	miss	0
BCCN_C_04	75	Pulse	99	1668348	16692	NA
BCCN_C_04	76	Picture	cond:1_stimuli_presented:3*_brightness:127	1671987	0	2	9999	3	0	10000	hit	305
BCCN_C_04	76	Response	103	1676499	4512	1
BCCN_C_04	76	Picture	ITI	1681986	9999	1	10166	2	10000	10000	miss	0
BCCN_C_04	76	Pulse	99	1686348	14361	NA
BCCN_C_04	77	Picture	cond:4_stimuli_presented:71_brightness:128	1692319	0	1	9999	2	0	10000	incorrect	311
BCCN_C_04	77	Picture	ITI	1702318	9999	1	10165	2	10000	10000	miss	0
BCCN_C_04	77	Pulse	99	1704348	12029	NA
BCCN_C_04	77	Response	1	1706378	14059	1
BCCN_C_04	78	Picture	cond:1_stimuli_presented:6*_brightness:127	1712650	0	1	9999	2	0	10000	hit	313
BCCN_C_04	78	Response	104	1718779	6129	2
BCCN_C_04	78	Pulse	99	1722348	9698	NA
BCCN_C_04	78	Picture	ITI	1722649	9999	1	10165	2	10000	10000	miss	0
BCCN_C_04	79	Picture	cond:1_stimuli_presented:3*_brightness:127	1732981	0	1	9999	2	0	10000	hit	317
BCCN_C_04	79	Response	103	1739959	6978	1
BCCN_C_04	79	Pulse	99	1740348	7367	NA
BCCN_C_04	79	Picture	ITI	1742980	9999	1	10166	2	10000	10000	miss	0
BCCN_C_04	80	Picture	cond:1_stimuli_presented:6*_brightness:127	1753312	0	1	9999	2	0	10000	hit	322
BCCN_C_04	80	Pulse	99	1758348	5036	NA
BCCN_C_04	80	Response	104	1759640	6328	2
BCCN_C_04	80	Picture	ITI	1763311	9999	1	10166	2	10000	10000	miss	0
BCCN_C_04	81	Picture	cond:1_stimuli_presented:3*_brightness:127	1773643	0	1	9999	2	0	10000	hit	326
BCCN_C_04	81	Pulse	99	1776347	2704	NA
BCCN_C_04	81	Response	103	1778780	5137	1
BCCN_C_04	81	Picture	ITI	1783642	9999	1	10166	2	10000	10000	miss	0
BCCN_C_04	82	Picture	cond:2_stimuli_presented:76_brightness:191	1793975	0	1	9999	2	0	10000	hit	331
BCCN_C_04	82	Pulse	99	1794347	372	NA
BCCN_C_04	82	Picture	ITI	1803974	9999	1	10165	2	10000	10000	miss	0
BCCN_C_04	82	Response	103	1807266	13291	1
BCCN_C_04	82	Pulse	99	1812347	18372	NA
BCCN_C_04	83	Picture	cond:1_stimuli_presented:3*_brightness:127	1814306	0	1	9999	2	0	10000	hit	334
BCCN_C_04	83	Response	103	1820751	6445	1
BCCN_C_04	83	Picture	ITI	1824305	9999	1	10165	2	10000	10000	miss	0
BCCN_C_04	83	Pulse	99	1830347	16041	NA
BCCN_C_04	84	Picture	cond:1_stimuli_presented:8*_brightness:127	1834637	0	1	9999	2	0	10000	hit	338
BCCN_C_04	84	Response	104	1840898	6261	1
BCCN_C_04	84	Picture	ITI	1844636	9999	1	10165	3	10000	10000	miss	0
BCCN_C_04	84	Pulse	99	1848347	13710	NA
BCCN_C_04	85	Picture	cond:1_stimuli_presented:1*_brightness:127	1854968	0	1	9999	2	0	10000	hit	342
BCCN_C_04	85	Response	103	1859185	4217	2
BCCN_C_04	85	Picture	ITI	1864967	9999	1	10166	2	10000	10000	miss	0
BCCN_C_04	85	Pulse	99	1866347	11379	NA
BCCN_C_04	86	Picture	cond:2_stimuli_presented:76_brightness:177	1875299	0	1	9999	2	0	10000	hit	346
BCCN_C_04	86	Response	103	1881320	6021	1
BCCN_C_04	86	Pulse	99	1884346	9047	NA
BCCN_C_04	86	Picture	ITI	1885298	9999	1	10166	2	10000	10000	miss	0
BCCN_C_04	87	Picture	cond:1_stimuli_presented:1*_brightness:127	1895630	0	2	9999	3	0	10000	hit	351
BCCN_C_04	87	Pulse	99	1902346	6716	NA
BCCN_C_04	87	Response	103	1903764	8134	1
BCCN_C_04	87	Picture	ITI	1905629	9999	1	10166	2	10000	10000	miss	0
BCCN_C_04	88	Picture	cond:1_stimuli_presented:6*_brightness:127	1915962	0	1	9999	2	0	10000	hit	355
BCCN_C_04	88	Pulse	99	1920346	4384	NA
BCCN_C_04	88	Response	104	1921819	5857	1
BCCN_C_04	88	Picture	ITI	1925961	9999	1	10165	2	10000	10000	miss	0
BCCN_C_04	89	Picture	cond:1_stimuli_presented:1*_brightness:127	1936293	0	1	9999	2	0	10000	hit	359
BCCN_C_04	89	Pulse	99	1938346	2053	NA
BCCN_C_04	89	Response	103	1942663	6370	1
BCCN_C_04	89	Picture	ITI	1946292	9999	1	10165	2	10000	10000	miss	0
BCCN_C_04	89	Pulse	99	1956346	20053	NA
BCCN_C_04	90	Picture	cond:1_stimuli_presented:2*_brightness:127	1956624	0	1	9999	2	0	10000	hit	363
BCCN_C_04	90	Response	104	1961803	5179	1
BCCN_C_04	90	Picture	ITI	1966623	9999	1	10165	3	10000	10000	miss	0
BCCN_C_04	90	Pulse	99	1974346	17722	NA
BCCN_C_04	91	Picture	cond:3_stimuli_presented:87_brightness:82	1976955	0	1	9999	2	0	10000	incorrect	368
BCCN_C_04	91	Picture	ITI	1986954	9999	1	10166	2	10000	10000	miss	0
BCCN_C_04	91	Response	3	1987241	10286	2
BCCN_C_04	91	Pulse	99	1992345	15390	NA
BCCN_C_04	92	Picture	cond:1_stimuli_presented:2*_brightness:127	1997286	0	1	9999	2	0	10000	hit	371
BCCN_C_04	92	Response	104	2003851	6565	1
BCCN_C_04	92	Picture	ITI	2007285	9999	1	10166	2	10000	10000	miss	0
BCCN_C_04	92	Pulse	99	2010345	13059	NA
BCCN_C_04	93	Picture	cond:1_stimuli_presented:4*_brightness:127	2017617	0	2	9999	4	0	10000	incorrect	375
BCCN_C_04	93	Response	3	2022139	4522	1
BCCN_C_04	93	Picture	ITI	2027616	9999	2	10166	3	10000	10000	miss	0
BCCN_C_04	93	Pulse	99	2028345	10728	NA
BCCN_C_04	94	Picture	cond:1_stimuli_presented:7*_brightness:127	2037949	0	1	9999	2	0	10000	hit	379
BCCN_C_04	94	Response	103	2043705	5756	1
BCCN_C_04	94	Pulse	99	2046345	8396	NA
BCCN_C_04	94	Picture	ITI	2047948	9999	1	10165	2	10000	10000	miss	0
BCCN_C_04	95	Picture	cond:1_stimuli_presented:8*_brightness:127	2058280	0	1	9999	2	0	10000	hit	384
BCCN_C_04	95	Pulse	99	2064345	6065	NA
BCCN_C_04	95	Response	104	2064652	6372	1
BCCN_C_04	95	Picture	ITI	2068279	9999	1	10165	2	10000	10000	miss	0
BCCN_C_04	96	Picture	cond:4_stimuli_presented:92_brightness:128	2078611	0	1	9999	2	0	10000	incorrect	389
BCCN_C_04	96	Pulse	99	2082345	3734	NA
BCCN_C_04	96	Picture	ITI	2088610	9999	1	10165	3	10000	10000	miss	0
BCCN_C_04	96	Response	1	2092647	14036	1
BCCN_C_04	97	Picture	cond:1_stimuli_presented:7*_brightness:127	2098942	0	1	9999	2	0	10000	hit	392
BCCN_C_04	97	Pulse	99	2100344	1402	NA
BCCN_C_04	97	Response	103	2104867	5925	2
BCCN_C_04	97	Picture	ITI	2108941	9999	1	10166	2	10000	10000	miss	0
BCCN_C_04	97	Pulse	99	2118344	19402	NA
BCCN_C_04	98	Picture	cond:1_stimuli_presented:6*_brightness:127	2119273	0	1	9999	2	0	10000	hit	396
BCCN_C_04	98	Response	104	2125892	6619	1
BCCN_C_04	98	Picture	ITI	2129272	9999	1	10166	2	10000	10000	miss	0
BCCN_C_04	98	Pulse	99	2136344	17071	NA
BCCN_C_04	99	Picture	cond:1_stimuli_presented:4*_brightness:127	2139605	0	1	9998	3	0	10000	hit	400
BCCN_C_04	99	Response	104	2145212	5607	1
BCCN_C_04	99	Picture	ITI	2149603	9998	2	10166	3	10000	10000	miss	0
BCCN_C_04	99	Pulse	99	2154344	14739	NA
BCCN_C_04	100	Picture	cond:3_stimuli_presented:13_brightness:72	2159936	0	1	9999	2	0	10000	hit	405
BCCN_C_04	100	Picture	ITI	2169935	9999	1	10165	2	10000	10000	miss	0
BCCN_C_04	100	Response	101	2172148	12212	2
BCCN_C_04	100	Pulse	99	2172344	12408	NA
BCCN_C_04	101	Picture	cond:1_stimuli_presented:2*_brightness:127	2180267	0	1	9999	2	0	10000	hit	408
BCCN_C_04	101	Response	104	2185118	4851	1
BCCN_C_04	101	Picture	ITI	2190266	9999	1	10165	3	10000	10000	miss	0
BCCN_C_04	101	Pulse	99	2190344	10077	NA
BCCN_C_04	102	Picture	cond:1_stimuli_presented:6*_brightness:127	2200598	0	1	9999	2	0	10000	hit	412
BCCN_C_04	102	Response	104	2206245	5647	1
BCCN_C_04	102	Pulse	99	2208343	7745	NA
BCCN_C_04	102	Picture	ITI	2210597	9999	1	10166	2	10000	10000	miss	0
BCCN_C_04	103	Picture	cond:1_stimuli_presented:7*_brightness:127	2220929	0	1	9999	2	0	10000	hit	417
BCCN_C_04	103	Pulse	99	2226343	5414	NA
BCCN_C_04	103	Response	103	2226366	5437	1
BCCN_C_04	103	Picture	ITI	2230928	9999	1	10166	2	10000	10000	miss	0
BCCN_C_04	104	Picture	cond:3_stimuli_presented:49_brightness:77	2241260	0	2	9999	3	0	10000	hit	421
BCCN_C_04	104	Pulse	99	2244343	3083	NA
BCCN_C_04	104	Response	102	2251082	9822	1
BCCN_C_04	104	Picture	ITI	2251259	9999	1	10166	2	10000	10000	miss	0
BCCN_C_04	105	Picture	cond:1_stimuli_presented:6*_brightness:127	2261592	0	1	9999	2	0	10000	hit	425
BCCN_C_04	105	Pulse	99	2262343	751	NA
BCCN_C_04	105	Response	104	2268234	6642	1
BCCN_C_04	105	Picture	ITI	2271591	9999	1	10165	2	10000	10000	miss	0
BCCN_C_04	105	Pulse	99	2280343	18751	NA
BCCN_C_04	106	Picture	cond:1_stimuli_presented:1*_brightness:127	2281923	0	1	9999	2	0	10000	hit	429
BCCN_C_04	106	Response	103	2286909	4986	1
BCCN_C_04	106	Picture	ITI	2291922	9999	1	10165	2	10000	10000	miss	0
BCCN_C_04	106	Pulse	99	2298343	16420	NA
BCCN_C_04	107	Picture	cond:1_stimuli_presented:4*_brightness:127	2302254	0	1	9999	2	0	10000	hit	433
BCCN_C_04	107	Response	104	2308888	6634	1
BCCN_C_04	107	Picture	ITI	2312253	9999	1	10165	3	10000	10000	miss	0
BCCN_C_04	107	Pulse	99	2316342	14088	NA
BCCN_C_04	108	Picture	cond:2_stimuli_presented:81_brightness:173	2322585	0	1	9999	2	0	10000	hit	438
BCCN_C_04	108	Picture	ITI	2332584	9999	1	10166	2	10000	10000	miss	0
BCCN_C_04	108	Response	104	2334095	11510	1
BCCN_C_04	108	Pulse	99	2334342	11757	NA
BCCN_C_04	109	Picture	cond:1_stimuli_presented:3*_brightness:127	2342916	0	1	9999	2	0	10000	hit	441
BCCN_C_04	109	Response	103	2349181	6265	1
BCCN_C_04	109	Pulse	99	2352342	9426	NA
BCCN_C_04	109	Picture	ITI	2352915	9999	1	10166	2	10000	10000	miss	0
BCCN_C_04	110	Picture	cond:1_stimuli_presented:4*_brightness:127	2363248	0	1	9998	3	0	10000	hit	445
BCCN_C_04	110	Response	104	2369405	6157	1
BCCN_C_04	110	Pulse	99	2370342	7094	NA
BCCN_C_04	110	Picture	ITI	2373246	9998	2	10166	3	10000	10000	miss	0
BCCN_C_04	111	Picture	cond:1_stimuli_presented:1*_brightness:127	2383579	0	1	9999	2	0	10000	hit	450
BCCN_C_04	111	Pulse	99	2388342	4763	NA
BCCN_C_04	111	Response	103	2389706	6127	2
BCCN_C_04	111	Picture	ITI	2393578	9999	1	10165	2	10000	10000	miss	0
BCCN_C_04	112	Picture	cond:3_stimuli_presented:67_brightness:69	2403910	0	1	9999	2	0	10000	hit	455
BCCN_C_04	112	Pulse	99	2406342	2432	NA
BCCN_C_04	112	Picture	ITI	2413909	9999	1	10165	2	10000	10000	miss	0
BCCN_C_04	112	Response	102	2418889	14979	1
BCCN_C_04	113	Picture	cond:1_stimuli_presented:3*_brightness:127	2424241	0	1	9999	2	0	10000	hit	458
BCCN_C_04	113	Pulse	99	2424341	100	NA
BCCN_C_04	113	Response	103	2433949	9708	2
BCCN_C_04	113	Picture	ITI	2434240	9999	1	10166	2	10000	10000	miss	0
BCCN_C_04	113	Pulse	99	2442341	18100	NA
BCCN_C_04	114	Picture	cond:1_stimuli_presented:4*_brightness:127	2444572	0	1	9999	2	0	10000	hit	462
BCCN_C_04	114	Response	104	2450920	6348	2
BCCN_C_04	114	Picture	ITI	2454571	9999	1	10166	2	10000	10000	miss	0
BCCN_C_04	114	Pulse	99	2460341	15769	NA
BCCN_C_04	115	Picture	cond:1_stimuli_presented:9*_brightness:127	2464903	0	1	9999	2	0	10000	hit	466
BCCN_C_04	115	Response	103	2470292	5389	2
BCCN_C_04	115	Picture	ITI	2474902	9999	1	10166	2	10000	10000	miss	0
BCCN_C_04	115	Pulse	99	2478341	13438	NA
BCCN_C_04	116	Picture	cond:4_stimuli_presented:72_brightness:128	2485235	0	1	9999	2	0	10000	hit	472
BCCN_C_04	116	Picture	ITI	2495234	9999	1	10165	2	10000	10000	miss	0
BCCN_C_04	116	Pulse	99	2496341	11106	NA
BCCN_C_04	116	Response	103	2497745	12510	1
BCCN_C_04	117	Picture	cond:1_stimuli_presented:6*_brightness:127	2505566	0	1	9999	2	0	10000	hit	474
BCCN_C_04	117	Response	104	2514019	8453	1
BCCN_C_04	117	Pulse	99	2514340	8774	NA
BCCN_C_04	117	Picture	ITI	2515565	9999	1	10165	2	10000	10000	miss	0
BCCN_C_04	118	Picture	cond:1_stimuli_presented:2*_brightness:127	2525897	0	1	9999	2	0	10000	hit	479
BCCN_C_04	118	Pulse	99	2532340	6443	NA
BCCN_C_04	118	Response	104	2532771	6874	2
BCCN_C_04	118	Picture	ITI	2535896	9999	1	10165	2	10000	10000	miss	0
BCCN_C_04	119	Picture	cond:1_stimuli_presented:4*_brightness:127	2546228	0	1	9999	2	0	10000	hit	483
BCCN_C_04	119	Pulse	99	2550340	4112	NA
BCCN_C_04	119	Response	104	2550904	4676	1
BCCN_C_04	119	Picture	ITI	2556227	9999	1	10166	2	10000	10000	miss	0
BCCN_C_04	120	Picture	cond:4_stimuli_presented:17_brightness:131	2566559	0	1	9999	2	0	10000	hit	488
BCCN_C_04	120	Pulse	99	2568340	1781	NA
BCCN_C_04	120	Picture	ITI	2576558	9999	1	10166	2	10000	10000	miss	0
BCCN_C_04	120	Response	103	2576705	10146	1
BCCN_C_04	120	Pulse	99	2586340	19781	NA
BCCN_C_04	121	Picture	cond:1_stimuli_presented:9*_brightness:127	2586890	0	2	9999	4	0	10000	hit	491
BCCN_C_04	121	Response	103	2594011	7121	1
BCCN_C_04	121	Picture	ITI	2596889	9999	2	10166	3	10000	10000	miss	0
BCCN_C_04	121	Pulse	99	2604340	17450	NA
BCCN_C_04	122	Picture	cond:1_stimuli_presented:6*_brightness:127	2607222	0	1	9999	2	0	10000	hit	495
BCCN_C_04	122	Response	104	2613951	6729	1
BCCN_C_04	122	Picture	ITI	2617221	9999	1	10165	2	10000	10000	miss	0
BCCN_C_04	122	Pulse	99	2622339	15117	NA
BCCN_C_04	123	Picture	cond:1_stimuli_presented:2*_brightness:127	2627553	0	1	9999	2	0	10000	hit	499
BCCN_C_04	123	Response	104	2634020	6467	2
BCCN_C_04	123	Picture	ITI	2637552	9999	1	10165	2	10000	10000	miss	0
BCCN_C_04	123	Pulse	99	2640339	12786	NA
BCCN_C_04	124	Picture	cond:1_stimuli_presented:9*_brightness:127	2647884	0	1	9999	2	0	10000	hit	503
BCCN_C_04	124	Response	103	2653754	5870	1
BCCN_C_04	124	Picture	ITI	2657883	9999	1	10165	3	10000	10000	miss	0
BCCN_C_04	124	Pulse	99	2658339	10455	NA
BCCN_C_04	125	Picture	cond:3_stimuli_presented:71_brightness:61	2668215	0	1	9999	2	0	10000	hit	508
BCCN_C_04	125	Pulse	99	2676339	8124	NA
BCCN_C_04	125	Response	101	2677127	8912	2
BCCN_C_04	125	Picture	ITI	2678214	9999	1	10166	2	10000	10000	miss	0
BCCN_C_04	126	Picture	cond:1_stimuli_presented:3*_brightness:127	2688546	0	1	9999	2	0	10000	hit	511
BCCN_C_04	126	Response	103	2694098	5552	1
BCCN_C_04	126	Pulse	99	2694339	5793	NA
BCCN_C_04	126	Picture	ITI	2698545	9999	1	10166	2	10000	10000	miss	0
BCCN_C_04	127	Picture	cond:1_stimuli_presented:8*_brightness:127	2708877	0	2	9999	4	0	10000	hit	516
BCCN_C_04	127	Pulse	99	2712339	3462	NA
BCCN_C_04	127	Response	104	2714090	5213	1
BCCN_C_04	127	Picture	ITI	2718876	9999	2	10166	3	10000	10000	miss	0
BCCN_C_04	128	Picture	cond:1_stimuli_presented:9*_brightness:127	2729209	0	1	9999	2	0	10000	incorrect	520
BCCN_C_04	128	Pulse	99	2730338	1129	NA
BCCN_C_04	128	Response	4	2733591	4382	1
BCCN_C_04	128	Picture	ITI	2739208	9999	1	10165	2	10000	10000	miss	0
BCCN_C_04	128	Pulse	99	2748338	19129	NA
BCCN_C_04	129	Picture	cond:1_stimuli_presented:3*_brightness:127	2749540	0	1	9999	2	0	10000	hit	524
BCCN_C_04	129	Response	103	2755002	5462	2
BCCN_C_04	129	Picture	ITI	2759539	9999	1	10165	2	10000	10000	miss	0
BCCN_C_04	129	Pulse	99	2766338	16798	NA
BCCN_C_04	130	Picture	cond:4_stimuli_presented:21_brightness:128	2769871	0	1	9999	2	0	10000	incorrect	529
BCCN_C_04	130	Picture	ITI	2779870	9999	1	10166	2	10000	10000	miss	0
BCCN_C_04	130	Response	1	2782636	12765	1
BCCN_C_04	130	Pulse	99	2784338	14467	NA
BCCN_C_04	131	Picture	cond:1_stimuli_presented:3*_brightness:127	2790202	0	1	9999	2	0	10000	hit	532
BCCN_C_04	131	Response	103	2796302	6100	1
BCCN_C_04	131	Picture	ITI	2800201	9999	1	10166	2	10000	10000	miss	0
BCCN_C_04	131	Pulse	99	2802338	12136	NA
BCCN_C_04	132	Picture	cond:1_stimuli_presented:2*_brightness:127	2810533	0	1	9999	2	0	10000	hit	536
BCCN_C_04	132	Response	104	2815778	5245	1
BCCN_C_04	132	Pulse	99	2820338	9805	NA
BCCN_C_04	132	Picture	ITI	2820532	9999	1	10166	2	10000	10000	miss	0
BCCN_C_04	133	Picture	cond:1_stimuli_presented:7*_brightness:127	2830865	0	1	9998	3	0	10000	hit	540
BCCN_C_04	133	Response	103	2837086	6221	1
BCCN_C_04	133	Pulse	99	2838337	7472	NA
BCCN_C_04	133	Picture	ITI	2840863	9998	2	10166	3	10000	10000	miss	0
BCCN_C_04	134	Picture	cond:1_stimuli_presented:8*_brightness:127	2851196	0	1	9999	2	0	10000	hit	545
BCCN_C_04	134	Pulse	99	2856337	5141	NA
BCCN_C_04	134	Response	104	2857490	6294	2
BCCN_C_04	134	Picture	ITI	2861195	9999	1	10165	2	10000	10000	miss	0
BCCN_C_04	135	Picture	cond:4_stimuli_presented:43_brightness:135	2871527	0	1	9999	2	0	10000	incorrect	550
BCCN_C_04	135	Pulse	99	2874337	2810	NA
BCCN_C_04	135	Picture	ITI	2881526	9999	1	10165	3	10000	10000	miss	0
BCCN_C_04	135	Response	3	2885356	13829	1
BCCN_C_04	136	Picture	cond:1_stimuli_presented:7*_brightness:127	2891858	0	1	9999	2	0	10000	hit	553
BCCN_C_04	136	Pulse	99	2892337	479	NA
BCCN_C_04	136	Response	103	2899487	7629	2
BCCN_C_04	136	Picture	ITI	2901857	9999	1	10166	2	10000	10000	miss	0
BCCN_C_04	136	Pulse	99	2910337	18479	NA
BCCN_C_04	137	Picture	cond:1_stimuli_presented:9*_brightness:127	2912189	0	1	9999	2	0	10000	hit	557
BCCN_C_04	137	Response	103	2918782	6593	1
BCCN_C_04	137	Picture	ITI	2922188	9999	1	10166	2	10000	10000	miss	0
BCCN_C_04	137	Pulse	99	2928337	16148	NA
BCCN_C_04	138	Picture	cond:1_stimuli_presented:7*_brightness:127	2932520	0	2	9999	3	0	10000	hit	561
BCCN_C_04	138	Response	103	2937147	4627	1
BCCN_C_04	138	Picture	ITI	2942519	9999	1	10166	2	10000	10000	miss	0
BCCN_C_04	138	Pulse	99	2946336	13816	NA
BCCN_C_04	139	Picture	cond:2_stimuli_presented:43_brightness:181	2952852	0	1	9999	2	0	10000	hit	565
BCCN_C_04	139	Response	104	2962586	9734	1
BCCN_C_04	139	Picture	ITI	2962851	9999	1	10165	2	10000	10000	miss	0
BCCN_C_04	139	Pulse	99	2964336	11484	NA
BCCN_C_04	140	Picture	cond:1_stimuli_presented:2*_brightness:127	2973183	0	1	9999	2	0	10000	hit	569
BCCN_C_04	140	Response	104	2978782	5599	2
BCCN_C_04	140	Pulse	99	2982336	9153	NA
BCCN_C_04	140	Picture	ITI	2983182	9999	1	10165	2	10000	10000	miss	0
BCCN_C_04	141	Picture	cond:1_stimuli_presented:7*_brightness:127	2993514	0	1	9999	2	0	10000	hit	573
BCCN_C_04	141	Response	103	2998413	4899	1
BCCN_C_04	141	Pulse	99	3000336	6822	NA
BCCN_C_04	141	Picture	ITI	3003513	9999	1	10166	2	10000	10000	miss	0
BCCN_C_04	142	Picture	cond:1_stimuli_presented:8*_brightness:127	3013845	0	1	9999	2	0	10000	hit	578
BCCN_C_04	142	Pulse	99	3018336	4491	NA
BCCN_C_04	142	Response	104	3019488	5643	2
BCCN_C_04	142	Picture	ITI	3023844	9999	1	10166	2	10000	10000	miss	0
BCCN_C_04	143	Picture	cond:2_stimuli_presented:61_brightness:174	3034176	0	1	9999	2	0	10000	hit	582
BCCN_C_04	143	Pulse	99	3036336	2160	NA
BCCN_C_04	143	Response	104	3043688	9512	1
BCCN_C_04	143	Picture	ITI	3044175	9999	1	10166	2	10000	10000	miss	0
BCCN_C_04	143	Pulse	99	3054335	20159	NA
BCCN_C_04	144	Picture	cond:1_stimuli_presented:2*_brightness:127	3054507	0	2	9999	4	0	10000	hit	586
BCCN_C_04	144	Response	104	3062260	7753	1
BCCN_C_04	144	Picture	ITI	3064506	9999	2	10166	3	10000	10000	miss	0
BCCN_C_04	144	Pulse	99	3072335	17828	NA
BCCN_C_04	145	Picture	cond:1_stimuli_presented:7*_brightness:127	3074839	0	1	9999	2	0	10000	hit	590
BCCN_C_04	145	Response	103	3080961	6122	1
BCCN_C_04	145	Picture	ITI	3084838	9999	1	10165	2	10000	10000	miss	0
BCCN_C_04	145	Pulse	99	3090335	15496	NA
BCCN_C_04	146	Picture	cond:1_stimuli_presented:2*_brightness:127	3095170	0	1	9999	2	0	10000	hit	594
BCCN_C_04	146	Response	104	3100203	5033	2
BCCN_C_04	146	Picture	ITI	3105169	9999	1	10165	2	10000	10000	miss	0
BCCN_C_04	146	Pulse	99	3108335	13165	NA
BCCN_C_04	147	Picture	cond:1_stimuli_presented:3*_brightness:127	3115501	0	1	9999	2	0	10000	hit	598
BCCN_C_04	147	Response	103	3121047	5546	1
BCCN_C_04	147	Picture	ITI	3125500	9999	1	10166	2	10000	10000	miss	0
BCCN_C_04	147	Pulse	99	3126335	10834	NA
BCCN_C_04	148	Picture	cond:1_stimuli_presented:9*_brightness:127	3135832	0	1	9999	2	0	10000	hit	602
BCCN_C_04	148	Response	103	3141245	5413	1
BCCN_C_04	148	Pulse	99	3144335	8503	NA
BCCN_C_04	148	Picture	ITI	3145831	9999	1	10166	2	10000	10000	miss	0
BCCN_C_04	149	Picture	cond:3_stimuli_presented:32_brightness:74	3156163	0	1	9999	2	0	10000	hit	607
BCCN_C_04	149	Pulse	99	3162334	6171	NA
BCCN_C_04	149	Response	101	3164851	8688	1
BCCN_C_04	149	Picture	ITI	3166162	9999	1	10166	2	10000	10000	miss	0
BCCN_C_04	150	Picture	cond:1_stimuli_presented:4*_brightness:127	3176495	0	1	9998	3	0	10000	hit	611
BCCN_C_04	150	Pulse	99	3180334	3839	NA
BCCN_C_04	150	Response	104	3182597	6102	1
BCCN_C_04	150	Picture	ITI	3186493	9998	2	10166	3	10000	10000	miss	0
BCCN_C_04	151	Picture	cond:1_stimuli_presented:9*_brightness:127	3196826	0	1	9999	2	0	10000	hit	615
BCCN_C_04	151	Pulse	99	3198334	1508	NA
BCCN_C_04	151	Response	103	3201427	4601	1
BCCN_C_04	151	Picture	ITI	3206825	9999	1	10165	2	10000	10000	miss	0
BCCN_C_04	151	Pulse	99	3216334	19508	NA
BCCN_C_04	152	Picture	cond:1_stimuli_presented:1*_brightness:127	3217157	0	1	9999	2	0	10000	hit	619
BCCN_C_04	152	Response	103	3223303	6146	1
BCCN_C_04	152	Picture	ITI	3227156	9999	1	10165	3	10000	10000	miss	0
BCCN_C_04	152	Pulse	99	3234334	17177	NA
BCCN_C_04	153	Picture	cond:1_stimuli_presented:2*_brightness:127	3237488	0	1	9999	2	0	10000	incorrect	623
BCCN_C_04	153	Response	3	3242804	5316	1
BCCN_C_04	153	Picture	ITI	3247487	9999	1	10166	2	10000	10000	miss	0
BCCN_C_04	153	Pulse	99	3252334	14846	NA
BCCN_C_04	154	Picture	cond:3_stimuli_presented:69_brightness:70	3257819	0	1	9999	2	0	10000	hit	627
BCCN_C_04	154	Response	102	3267365	9546	1
BCCN_C_04	154	Picture	ITI	3267818	9999	1	10166	2	10000	10000	miss	0
BCCN_C_04	154	Pulse	99	3270333	12514	NA
BCCN_C_04	154	Manual	Prozent korrekt Baseline: 95.8%	3277992	20173
BCCN_C_04	154	Manual	Prozent korrekt Distraktor: 90.0%	3277992	20173
BCCN_C_04	154	Manual	Prozent korrekt Switch: 90.0%	3277992	20173
BCCN_C_04	155	Picture	ENDE	3278150	0	2	30164	3	0	30000	other	0
BCCN_C_04	155	Pulse	99	3288333	10183	NA
BCCN_C_04	155	Pulse	99	3306333	28183	NA
BCCN_C_04	156	Picture	ende info	3308481	0	1	42397	2	0	next	other	0
BCCN_C_04	156	Response	5	3345211	36730	1
