Scenario - Flex_main_Frauen_2
Logfile written - 01/17/2012 15:35:50

Subject	Trial	Event Type	Code	Time	TTime	Uncertainty	Duration	Uncertainty	ReqTime	ReqDur	Stim Type	Pair Index

BCCN_C_01	0	Manual	f1_r_b2	-9999	-9999
BCCN_C_01	1	Picture	instructreminder	-5500	0	1	77158	2	0	next	hit	3
BCCN_C_01	1	Response	101	71556	77056	1
BCCN_C_01	2	Picture	warning	71658	0	1	124321	2	0	next	other	0
BCCN_C_01	2	Pulse	99	195874	124216	NA
BCCN_C_01	3	Picture	dummyscans	195979	0	1	37163	2	0	37000	other	0
BCCN_C_01	3	Pulse	99	213873	17894	NA
BCCN_C_01	3	Pulse	99	231873	35894	NA
BCCN_C_01	4	Picture	beginning_fix	233308	0	1	16665	2	0	next	other	0
BCCN_C_01	4	Pulse	99	249873	16565	NA
BCCN_C_01	5	Picture	cond:1_stimuli_presented:9*_brightness:127	249973	0	1	9999	2	0	10000	hit	13
BCCN_C_01	5	Picture	ITI	259972	9999	1	10166	2	10000	10000	miss	0
BCCN_C_01	5	Response	101	260056	10083	1
BCCN_C_01	5	Pulse	99	267873	17900	NA
BCCN_C_01	6	Picture	cond:1_stimuli_presented:4*_brightness:127	270304	0	2	9999	4	0	10000	hit	16
BCCN_C_01	6	Response	102	275478	5174	2
BCCN_C_01	6	Picture	ITI	280303	9999	2	10166	3	10000	10000	miss	0
BCCN_C_01	6	Pulse	99	285873	15569	NA
BCCN_C_01	7	Picture	cond:1_stimuli_presented:2*_brightness:127	290636	0	1	9999	2	0	10000	hit	20
BCCN_C_01	7	Response	102	296012	5376	1
BCCN_C_01	7	Picture	ITI	300635	9999	1	10165	2	10000	10000	miss	0
BCCN_C_01	7	Pulse	99	303873	13237	NA
BCCN_C_01	8	Picture	cond:2_stimuli_presented:97_brightness:179	310967	0	1	9999	2	0	10000	hit	24
BCCN_C_01	8	Response	101	317811	6844	1
BCCN_C_01	8	Picture	ITI	320966	9999	1	10166	2	10000	10000	miss	0
BCCN_C_01	8	Pulse	99	321873	10906	NA
BCCN_C_01	9	Picture	cond:1_stimuli_presented:8*_brightness:127	331298	0	1	9999	2	0	10000	hit	28
BCCN_C_01	9	Response	102	336047	4749	2
BCCN_C_01	9	Pulse	99	339873	8575	NA
BCCN_C_01	9	Picture	ITI	341297	9999	1	10166	2	10000	10000	miss	0
BCCN_C_01	10	Picture	cond:1_stimuli_presented:9*_brightness:127	351630	0	1	9999	2	0	10000	hit	32
BCCN_C_01	10	Response	101	357485	5855	1
BCCN_C_01	10	Pulse	99	357873	6243	NA
BCCN_C_01	10	Picture	ITI	361629	9999	1	10165	2	10000	10000	miss	0
BCCN_C_01	11	Picture	cond:1_stimuli_presented:8*_brightness:127	371961	0	1	9999	2	0	10000	hit	37
BCCN_C_01	11	Pulse	99	375873	3912	NA
BCCN_C_01	11	Response	102	377915	5954	2
BCCN_C_01	11	Picture	ITI	381960	9999	1	10166	2	10000	10000	miss	0
BCCN_C_01	12	Picture	cond:1_stimuli_presented:7*_brightness:127	392292	0	1	9999	2	0	10000	hit	41
BCCN_C_01	12	Pulse	99	393873	1581	NA
BCCN_C_01	12	Response	101	398088	5796	1
BCCN_C_01	12	Picture	ITI	402291	9999	1	10166	2	10000	10000	miss	0
BCCN_C_01	12	Pulse	99	411873	19581	NA
BCCN_C_01	13	Picture	cond:1_stimuli_presented:3*_brightness:127	412623	0	2	9999	4	0	10000	hit	45
BCCN_C_01	13	Response	101	419215	6592	2
BCCN_C_01	13	Picture	ITI	422622	9999	2	10166	3	10000	10000	miss	0
BCCN_C_01	13	Pulse	99	429873	17250	NA
BCCN_C_01	14	Picture	cond:1_stimuli_presented:7*_brightness:127	432955	0	1	9999	2	0	10000	hit	49
BCCN_C_01	14	Response	101	439104	6149	1
BCCN_C_01	14	Picture	ITI	442954	9999	1	10165	3	10000	10000	miss	0
BCCN_C_01	14	Pulse	99	447873	14918	NA
BCCN_C_01	15	Picture	cond:1_stimuli_presented:4*_brightness:127	453286	0	1	9999	2	0	10000	hit	53
BCCN_C_01	15	Response	102	457547	4261	1
BCCN_C_01	15	Picture	ITI	463285	9999	1	10166	2	10000	10000	miss	0
BCCN_C_01	15	Pulse	99	465873	12587	NA
BCCN_C_01	16	Picture	cond:2_stimuli_presented:32_brightness:178	473617	0	2	9999	3	0	10000	hit	57
BCCN_C_01	16	Response	101	481075	7458	1
BCCN_C_01	16	Picture	ITI	483616	9999	1	10166	2	10000	10000	miss	0
BCCN_C_01	16	Pulse	99	483873	10256	NA
BCCN_C_01	17	Picture	cond:1_stimuli_presented:6*_brightness:127	493949	0	1	9999	2	0	10000	hit	61
BCCN_C_01	17	Response	102	499156	5207	2
BCCN_C_01	17	Pulse	99	501873	7924	NA
BCCN_C_01	17	Picture	ITI	503948	9999	1	10165	2	10000	10000	miss	0
BCCN_C_01	18	Picture	cond:1_stimuli_presented:1*_brightness:127	514280	0	1	9999	2	0	10000	hit	65
BCCN_C_01	18	Response	101	519381	5101	1
BCCN_C_01	18	Pulse	99	519872	5592	NA
BCCN_C_01	18	Picture	ITI	524279	9999	1	10166	2	10000	10000	miss	0
BCCN_C_01	19	Picture	cond:1_stimuli_presented:6*_brightness:127	534611	0	1	9999	2	0	10000	hit	70
BCCN_C_01	19	Pulse	99	537872	3261	NA
BCCN_C_01	19	Response	102	539837	5226	1
BCCN_C_01	19	Picture	ITI	544610	9999	1	10166	2	10000	10000	miss	0
BCCN_C_01	20	Picture	cond:1_stimuli_presented:9*_brightness:127	554943	0	1	9999	2	0	10000	hit	74
BCCN_C_01	20	Pulse	99	555872	929	NA
BCCN_C_01	20	Response	101	561920	6977	1
BCCN_C_01	20	Picture	ITI	564942	9999	1	10165	2	10000	10000	miss	0
BCCN_C_01	20	Pulse	99	573872	18929	NA
BCCN_C_01	21	Picture	cond:3_stimuli_presented:64_brightness:72	575274	0	1	9999	2	0	10000	hit	79
BCCN_C_01	21	Picture	ITI	585273	9999	1	10166	2	10000	10000	miss	0
BCCN_C_01	21	Response	103	585862	10588	1
BCCN_C_01	21	Pulse	99	591872	16598	NA
BCCN_C_01	22	Picture	cond:1_stimuli_presented:7*_brightness:127	595605	0	1	9999	2	0	10000	hit	82
BCCN_C_01	22	Response	101	600612	5007	2
BCCN_C_01	22	Picture	ITI	605604	9999	1	10166	2	10000	10000	miss	0
BCCN_C_01	22	Pulse	99	609872	14267	NA
BCCN_C_01	23	Picture	cond:1_stimuli_presented:1*_brightness:127	615936	0	2	9999	4	0	10000	hit	86
BCCN_C_01	23	Response	101	620940	5004	1
BCCN_C_01	23	Picture	ITI	625935	9999	2	10166	3	10000	10000	miss	0
BCCN_C_01	23	Pulse	99	627872	11936	NA
BCCN_C_01	24	Picture	cond:1_stimuli_presented:4*_brightness:127	636268	0	1	9999	2	0	10000	hit	90
BCCN_C_01	24	Response	102	642764	6496	2
BCCN_C_01	24	Pulse	99	645872	9604	NA
BCCN_C_01	24	Picture	ITI	646267	9999	1	10165	2	10000	10000	miss	0
BCCN_C_01	25	Picture	cond:1_stimuli_presented:3*_brightness:127	656599	0	1	9999	2	0	10000	hit	94
BCCN_C_01	25	Response	101	663324	6725	1
BCCN_C_01	25	Pulse	99	663872	7273	NA
BCCN_C_01	25	Picture	ITI	666598	9999	1	10166	2	10000	10000	miss	0
BCCN_C_01	26	Picture	cond:1_stimuli_presented:9*_brightness:127	676930	0	1	9999	2	0	10000	hit	99
BCCN_C_01	26	Pulse	99	681872	4942	NA
BCCN_C_01	26	Response	101	684090	7160	2
BCCN_C_01	26	Picture	ITI	686929	9999	1	10166	2	10000	10000	miss	0
BCCN_C_01	27	Picture	cond:1_stimuli_presented:7*_brightness:127	697262	0	1	9999	2	0	10000	hit	103
BCCN_C_01	27	Pulse	99	699872	2610	NA
BCCN_C_01	27	Response	101	704211	6949	1
BCCN_C_01	27	Picture	ITI	707261	9999	1	10165	2	10000	10000	miss	0
BCCN_C_01	28	Picture	cond:4_stimuli_presented:64_brightness:128	717593	0	1	9999	2	0	10000	incorrect	108
BCCN_C_01	28	Pulse	99	717872	279	NA
BCCN_C_01	28	Picture	ITI	727592	9999	1	10165	3	10000	10000	miss	0
BCCN_C_01	28	Response	3	730347	12754	2
BCCN_C_01	28	Pulse	99	735872	18279	NA
BCCN_C_01	29	Picture	cond:1_stimuli_presented:1*_brightness:127	737924	0	1	9999	2	0	10000	hit	111
BCCN_C_01	29	Response	101	743730	5806	1
BCCN_C_01	29	Picture	ITI	747923	9999	1	10166	2	10000	10000	miss	0
BCCN_C_01	29	Pulse	99	753872	15948	NA
BCCN_C_01	30	Picture	cond:1_stimuli_presented:7*_brightness:127	758255	0	2	9999	4	0	10000	hit	115
BCCN_C_01	30	Response	101	764677	6422	1
BCCN_C_01	30	Picture	ITI	768254	9999	2	10166	3	10000	10000	miss	0
BCCN_C_01	30	Pulse	99	771872	13617	NA
BCCN_C_01	31	Picture	cond:1_stimuli_presented:9*_brightness:127	778587	0	1	9999	2	0	10000	hit	119
BCCN_C_01	31	Response	101	784462	5875	1
BCCN_C_01	31	Picture	ITI	788586	9999	1	10165	3	10000	10000	miss	0
BCCN_C_01	31	Pulse	99	789872	11285	NA
BCCN_C_01	32	Picture	cond:1_stimuli_presented:6*_brightness:127	798918	0	1	9999	2	0	10000	hit	123
BCCN_C_01	32	Response	102	804996	6078	1
BCCN_C_01	32	Pulse	99	807872	8954	NA
BCCN_C_01	32	Picture	ITI	808917	9999	1	10166	2	10000	10000	miss	0
BCCN_C_01	33	Picture	cond:4_stimuli_presented:32_brightness:128	819249	0	1	9999	2	0	10000	incorrect	128
BCCN_C_01	33	Pulse	99	825872	6623	NA
BCCN_C_01	33	Response	3	828860	9611	1
BCCN_C_01	33	Picture	ITI	829248	9999	1	10166	2	10000	10000	miss	0
BCCN_C_01	34	Picture	cond:1_stimuli_presented:1*_brightness:127	839581	0	1	9999	2	0	10000	hit	132
BCCN_C_01	34	Pulse	99	843872	4291	NA
BCCN_C_01	34	Response	101	845650	6069	2
BCCN_C_01	34	Picture	ITI	849580	9999	1	10165	2	10000	10000	miss	0
BCCN_C_01	35	Picture	cond:1_stimuli_presented:6*_brightness:127	859912	0	1	9999	2	0	10000	hit	136
BCCN_C_01	35	Pulse	99	861871	1959	NA
BCCN_C_01	35	Response	102	865720	5808	1
BCCN_C_01	35	Picture	ITI	869911	9999	1	10166	2	10000	10000	miss	0
BCCN_C_01	35	Pulse	99	879871	19959	NA
BCCN_C_01	36	Picture	cond:1_stimuli_presented:3*_brightness:127	880243	0	1	9999	2	0	10000	hit	140
BCCN_C_01	36	Response	101	886176	5933	1
BCCN_C_01	36	Picture	ITI	890242	9999	1	10166	2	10000	10000	miss	0
BCCN_C_01	36	Pulse	99	897871	17628	NA
BCCN_C_01	37	Picture	cond:1_stimuli_presented:6*_brightness:127	900575	0	1	9999	2	0	10000	hit	144
BCCN_C_01	37	Response	102	906090	5515	1
BCCN_C_01	37	Picture	ITI	910574	9999	1	10165	2	10000	10000	miss	0
BCCN_C_01	37	Pulse	99	915871	15296	NA
BCCN_C_01	38	Picture	cond:3_stimuli_presented:24_brightness:79	920906	0	1	9999	2	0	10000	hit	148
BCCN_C_01	38	Response	103	929800	8894	1
BCCN_C_01	38	Picture	ITI	930905	9999	1	10166	2	10000	10000	miss	0
BCCN_C_01	38	Pulse	99	933871	12965	NA
BCCN_C_01	39	Picture	cond:1_stimuli_presented:3*_brightness:127	941237	0	1	9999	2	0	10000	hit	152
BCCN_C_01	39	Response	101	947519	6282	2
BCCN_C_01	39	Picture	ITI	951236	9999	1	10166	2	10000	10000	miss	0
BCCN_C_01	39	Pulse	99	951871	10634	NA
BCCN_C_01	40	Picture	cond:1_stimuli_presented:2*_brightness:127	961568	0	2	9999	4	0	10000	hit	156
BCCN_C_01	40	Response	102	967692	6124	1
BCCN_C_01	40	Pulse	99	969871	8303	NA
BCCN_C_01	40	Picture	ITI	971567	9999	2	10166	3	10000	10000	miss	0
BCCN_C_01	41	Picture	cond:1_stimuli_presented:1*_brightness:127	981900	0	1	9999	2	0	10000	hit	160
BCCN_C_01	41	Response	101	987684	5784	1
BCCN_C_01	41	Pulse	99	987871	5971	NA
BCCN_C_01	41	Picture	ITI	991899	9999	1	10165	2	10000	10000	miss	0
BCCN_C_01	42	Picture	cond:2_stimuli_presented:37_brightness:177	1002231	0	1	9999	2	0	10000	miss	0
BCCN_C_01	42	Pulse	99	1005871	3640	NA
BCCN_C_01	42	Picture	ITI	1012230	9999	1	10166	2	10000	10000	miss	0
BCCN_C_01	43	Picture	cond:1_stimuli_presented:8*_brightness:127	1022562	0	1	9999	2	0	10000	hit	168
BCCN_C_01	43	Pulse	99	1023871	1309	NA
BCCN_C_01	43	Response	102	1027090	4528	1
BCCN_C_01	43	Picture	ITI	1032561	9999	1	10166	2	10000	10000	miss	0
BCCN_C_01	43	Pulse	99	1041871	19309	NA
BCCN_C_01	44	Picture	cond:1_stimuli_presented:2*_brightness:127	1042894	0	1	9999	2	0	10000	hit	172
BCCN_C_01	44	Response	102	1051212	8318	2
BCCN_C_01	44	Picture	ITI	1052893	9999	1	10165	2	10000	10000	miss	0
BCCN_C_01	44	Pulse	99	1059871	16977	NA
BCCN_C_01	45	Picture	cond:1_stimuli_presented:4*_brightness:127	1063225	0	1	9999	2	0	10000	hit	176
BCCN_C_01	45	Response	102	1068906	5681	2
BCCN_C_01	45	Picture	ITI	1073224	9999	1	10166	2	10000	10000	miss	0
BCCN_C_01	45	Pulse	99	1077871	14646	NA
BCCN_C_01	46	Picture	cond:4_stimuli_presented:17_brightness:128	1083556	0	1	9999	2	0	10000	hit	180
BCCN_C_01	46	Response	101	1091377	7821	1
BCCN_C_01	46	Picture	ITI	1093555	9999	1	10166	2	10000	10000	miss	0
BCCN_C_01	46	Pulse	99	1095871	12315	NA
BCCN_C_01	47	Picture	cond:1_stimuli_presented:9*_brightness:127	1103888	0	1	9999	2	0	10000	hit	184
BCCN_C_01	47	Response	101	1112014	8126	1
BCCN_C_01	47	Pulse	99	1113871	9983	NA
BCCN_C_01	47	Picture	ITI	1113887	9999	1	10165	2	10000	10000	miss	0
BCCN_C_01	48	Picture	cond:1_stimuli_presented:8*_brightness:127	1124219	0	1	9999	2	0	10000	hit	188
BCCN_C_01	48	Response	102	1130947	6728	1
BCCN_C_01	48	Pulse	99	1131871	7652	NA
BCCN_C_01	48	Picture	ITI	1134218	9999	1	10165	3	10000	10000	miss	0
BCCN_C_01	49	Picture	cond:1_stimuli_presented:4*_brightness:127	1144550	0	1	9999	2	0	10000	hit	193
BCCN_C_01	49	Pulse	99	1149870	5320	NA
BCCN_C_01	49	Response	102	1150164	5614	1
BCCN_C_01	49	Picture	ITI	1154549	9999	1	10166	2	10000	10000	miss	0
BCCN_C_01	50	Picture	cond:1_stimuli_presented:3*_brightness:127	1164881	0	1	9999	2	0	10000	hit	197
BCCN_C_01	50	Pulse	99	1167870	2989	NA
BCCN_C_01	50	Response	101	1171188	6307	2
BCCN_C_01	50	Picture	ITI	1174880	9999	1	10166	2	10000	10000	miss	0
BCCN_C_01	51	Picture	cond:3_stimuli_presented:29_brightness:75	1185213	0	1	9999	2	0	10000	hit	202
BCCN_C_01	51	Pulse	99	1185870	657	NA
BCCN_C_01	51	Picture	ITI	1195212	9999	1	10165	2	10000	10000	miss	0
BCCN_C_01	51	Response	104	1197712	12499	1
BCCN_C_01	51	Pulse	99	1203870	18657	NA
BCCN_C_01	52	Picture	cond:1_stimuli_presented:6*_brightness:127	1205544	0	1	9999	2	0	10000	hit	205
BCCN_C_01	52	Response	102	1213211	7667	2
BCCN_C_01	52	Picture	ITI	1215543	9999	1	10166	2	10000	10000	miss	0
BCCN_C_01	52	Pulse	99	1221870	16326	NA
BCCN_C_01	53	Picture	cond:1_stimuli_presented:4*_brightness:127	1225875	0	1	9999	2	0	10000	hit	209
BCCN_C_01	53	Response	102	1233487	7612	1
BCCN_C_01	53	Picture	ITI	1235874	9999	1	10166	2	10000	10000	miss	0
BCCN_C_01	53	Pulse	99	1239870	13995	NA
BCCN_C_01	54	Picture	cond:1_stimuli_presented:6*_brightness:127	1246207	0	1	9999	2	0	10000	hit	213
BCCN_C_01	54	Response	102	1251852	5645	2
BCCN_C_01	54	Picture	ITI	1256206	9999	1	10165	2	10000	10000	miss	0
BCCN_C_01	54	Pulse	99	1257870	11663	NA
BCCN_C_01	55	Picture	cond:4_stimuli_presented:27_brightness:121	1266538	0	1	9999	2	0	10000	miss	0
BCCN_C_01	55	Pulse	99	1275870	9332	NA
BCCN_C_01	55	Picture	ITI	1276537	9999	1	10166	2	10000	10000	miss	0
BCCN_C_01	56	Picture	cond:1_stimuli_presented:4*_brightness:127	1286869	0	1	9999	2	0	10000	hit	220
BCCN_C_01	56	Response	102	1292240	5371	1
BCCN_C_01	56	Pulse	99	1293870	7001	NA
BCCN_C_01	56	Picture	ITI	1296868	9999	1	10166	2	10000	10000	miss	0
BCCN_C_01	57	Picture	cond:1_stimuli_presented:2*_brightness:127	1307200	0	2	9999	4	0	10000	hit	225
BCCN_C_01	57	Pulse	99	1311870	4670	NA
BCCN_C_01	57	Response	102	1314090	6890	1
BCCN_C_01	57	Picture	ITI	1317199	9999	2	10166	3	10000	10000	miss	0
BCCN_C_01	58	Picture	cond:1_stimuli_presented:7*_brightness:127	1327532	0	1	9999	2	0	10000	hit	229
BCCN_C_01	58	Pulse	99	1329870	2338	NA
BCCN_C_01	58	Response	101	1333695	6163	1
BCCN_C_01	58	Picture	ITI	1337531	9999	1	10165	2	10000	10000	miss	0
BCCN_C_01	59	Picture	cond:2_stimuli_presented:36_brightness:189	1347863	0	1	9999	2	0	10000	hit	233
BCCN_C_01	59	Pulse	99	1347870	7	NA
BCCN_C_01	59	Response	101	1355519	7656	2
BCCN_C_01	59	Picture	ITI	1357862	9999	1	10166	2	10000	10000	miss	0
BCCN_C_01	59	Pulse	99	1365870	18007	NA
BCCN_C_01	60	Picture	cond:1_stimuli_presented:1*_brightness:127	1368194	0	1	9999	2	0	10000	hit	237
BCCN_C_01	60	Response	101	1375976	7782	1
BCCN_C_01	60	Picture	ITI	1378193	9999	1	10166	2	10000	10000	miss	0
BCCN_C_01	60	Pulse	99	1383870	15676	NA
BCCN_C_01	61	Picture	cond:1_stimuli_presented:4*_brightness:127	1388526	0	1	9999	2	0	10000	hit	241
BCCN_C_01	61	Response	102	1394393	5867	1
BCCN_C_01	61	Picture	ITI	1398525	9999	1	10165	2	10000	10000	miss	0
BCCN_C_01	61	Pulse	99	1401870	13344	NA
BCCN_C_01	62	Picture	cond:1_stimuli_presented:9*_brightness:127	1408857	0	1	9999	2	0	10000	hit	245
BCCN_C_01	62	Response	101	1415649	6792	2
BCCN_C_01	62	Picture	ITI	1418856	9999	1	10166	2	10000	10000	miss	0
BCCN_C_01	62	Pulse	99	1419870	11013	NA
BCCN_C_01	63	Picture	cond:2_stimuli_presented:23_brightness:182	1429188	0	1	9999	2	0	10000	hit	249
BCCN_C_01	63	Response	102	1435331	6143	1
BCCN_C_01	63	Pulse	99	1437870	8682	NA
BCCN_C_01	63	Picture	ITI	1439187	9999	1	10166	2	10000	10000	miss	0
BCCN_C_01	64	Picture	cond:1_stimuli_presented:9*_brightness:127	1449520	0	1	9998	3	0	10000	hit	253
BCCN_C_01	64	Response	101	1455452	5932	1
BCCN_C_01	64	Pulse	99	1455870	6350	NA
BCCN_C_01	64	Picture	ITI	1459518	9998	2	10166	3	10000	10000	miss	0
BCCN_C_01	65	Picture	cond:1_stimuli_presented:7*_brightness:127	1469851	0	1	9999	2	0	10000	hit	258
BCCN_C_01	65	Pulse	99	1473870	4019	NA
BCCN_C_01	65	Response	101	1475986	6135	1
BCCN_C_01	65	Picture	ITI	1479850	9999	1	10165	3	10000	10000	miss	0
BCCN_C_01	66	Picture	cond:1_stimuli_presented:6*_brightness:127	1490182	0	1	9999	2	0	10000	hit	262
BCCN_C_01	66	Pulse	99	1491869	1687	NA
BCCN_C_01	66	Response	102	1496055	5873	1
BCCN_C_01	66	Picture	ITI	1500181	9999	1	10166	2	10000	10000	miss	0
BCCN_C_01	66	Pulse	99	1509869	19687	NA
BCCN_C_01	67	Picture	cond:1_stimuli_presented:4*_brightness:127	1510513	0	2	9999	3	0	10000	hit	266
BCCN_C_01	67	Response	102	1516744	6231	1
BCCN_C_01	67	Picture	ITI	1520512	9999	1	10166	2	10000	10000	miss	0
BCCN_C_01	67	Pulse	99	1527869	17356	NA
BCCN_C_01	68	Picture	cond:2_stimuli_presented:21_brightness:188	1530845	0	1	9999	2	0	10000	hit	270
BCCN_C_01	68	Response	102	1538388	7543	1
BCCN_C_01	68	Picture	ITI	1540844	9999	1	10165	2	10000	10000	miss	0
BCCN_C_01	68	Pulse	99	1545869	15024	NA
BCCN_C_01	69	Picture	cond:1_stimuli_presented:7*_brightness:127	1551176	0	1	9999	2	0	10000	hit	274
BCCN_C_01	69	Response	101	1557037	5861	1
BCCN_C_01	69	Picture	ITI	1561175	9999	1	10166	2	10000	10000	miss	0
BCCN_C_01	69	Pulse	99	1563869	12693	NA
BCCN_C_01	70	Picture	cond:1_stimuli_presented:2*_brightness:127	1571507	0	1	9999	2	0	10000	hit	278
BCCN_C_01	70	Response	102	1575996	4489	1
BCCN_C_01	70	Picture	ITI	1581506	9999	1	10166	2	10000	10000	miss	0
BCCN_C_01	70	Pulse	99	1581869	10362	NA
BCCN_C_01	71	Picture	cond:1_stimuli_presented:8*_brightness:127	1591839	0	1	9999	2	0	10000	hit	283
BCCN_C_01	71	Pulse	99	1599869	8030	NA
BCCN_C_01	71	Response	102	1600635	8796	1
BCCN_C_01	71	Picture	ITI	1601838	9999	1	10165	2	10000	10000	miss	0
BCCN_C_01	72	Picture	cond:3_stimuli_presented:34_brightness:75	1612170	0	1	9999	2	0	10000	hit	288
BCCN_C_01	72	Pulse	99	1617869	5699	NA
BCCN_C_01	72	Picture	ITI	1622169	9999	1	10165	3	10000	10000	miss	0
BCCN_C_01	72	Response	103	1625584	13414	1
BCCN_C_01	73	Picture	cond:1_stimuli_presented:1*_brightness:127	1632501	0	1	9999	2	0	10000	hit	291
BCCN_C_01	73	Pulse	99	1635869	3368	NA
BCCN_C_01	73	Response	101	1638217	5716	2
BCCN_C_01	73	Picture	ITI	1642500	9999	1	10166	2	10000	10000	miss	0
BCCN_C_01	74	Picture	cond:1_stimuli_presented:3*_brightness:127	1652832	0	2	9999	4	0	10000	hit	295
BCCN_C_01	74	Pulse	99	1653869	1037	NA
BCCN_C_01	74	Response	101	1659061	6229	1
BCCN_C_01	74	Picture	ITI	1662831	9999	2	10166	3	10000	10000	miss	0
BCCN_C_01	74	Pulse	99	1671869	19037	NA
BCCN_C_01	75	Picture	cond:1_stimuli_presented:1*_brightness:127	1673164	0	1	9999	2	0	10000	hit	299
BCCN_C_01	75	Response	101	1678588	5424	1
BCCN_C_01	75	Picture	ITI	1683163	9999	1	10165	2	10000	10000	miss	0
BCCN_C_01	75	Pulse	99	1689869	16705	NA
BCCN_C_01	76	Picture	cond:2_stimuli_presented:43_brightness:195	1693495	0	1	9999	2	0	10000	hit	303
BCCN_C_01	76	Response	102	1699664	6169	1
BCCN_C_01	76	Picture	ITI	1703494	9999	1	10166	2	10000	10000	miss	0
BCCN_C_01	76	Pulse	99	1707869	14374	NA
BCCN_C_01	77	Picture	cond:1_stimuli_presented:8*_brightness:127	1713826	0	1	9999	2	0	10000	hit	307
BCCN_C_01	77	Response	102	1719010	5184	2
BCCN_C_01	77	Picture	ITI	1723825	9999	1	10166	2	10000	10000	miss	0
BCCN_C_01	77	Pulse	99	1725869	12043	NA
BCCN_C_01	78	Picture	cond:1_stimuli_presented:4*_brightness:127	1734158	0	1	9999	2	0	10000	hit	311
BCCN_C_01	78	Response	102	1739389	5231	1
BCCN_C_01	78	Pulse	99	1743869	9711	NA
BCCN_C_01	78	Picture	ITI	1744157	9999	1	10165	2	10000	10000	miss	0
BCCN_C_01	79	Picture	cond:1_stimuli_presented:3*_brightness:127	1754489	0	1	9999	2	0	10000	hit	315
BCCN_C_01	79	Response	101	1760775	6286	1
BCCN_C_01	79	Pulse	99	1761869	7380	NA
BCCN_C_01	79	Picture	ITI	1764488	9999	1	10166	2	10000	10000	miss	0
BCCN_C_01	80	Picture	cond:1_stimuli_presented:9*_brightness:127	1774820	0	1	9999	2	0	10000	hit	320
BCCN_C_01	80	Pulse	99	1779868	5048	NA
BCCN_C_01	80	Response	101	1781670	6850	2
BCCN_C_01	80	Picture	ITI	1784819	9999	1	10166	2	10000	10000	miss	0
BCCN_C_01	81	Picture	cond:1_stimuli_presented:4*_brightness:127	1795151	0	2	9999	4	0	10000	hit	324
BCCN_C_01	81	Pulse	99	1797868	2717	NA
BCCN_C_01	81	Response	102	1800888	5737	1
BCCN_C_01	81	Picture	ITI	1805150	9999	2	10166	3	10000	10000	miss	0
BCCN_C_01	82	Picture	cond:1_stimuli_presented:8*_brightness:127	1815483	0	1	9999	2	0	10000	hit	328
BCCN_C_01	82	Pulse	99	1815868	385	NA
BCCN_C_01	82	Response	102	1820854	5371	1
BCCN_C_01	82	Picture	ITI	1825482	9999	1	10165	3	10000	10000	miss	0
BCCN_C_01	82	Pulse	99	1833868	18385	NA
BCCN_C_01	83	Picture	cond:4_stimuli_presented:72_brightness:135	1835814	0	1	9999	2	0	10000	hit	333
BCCN_C_01	83	Picture	ITI	1845813	9999	1	10166	2	10000	10000	miss	0
BCCN_C_01	83	Response	101	1847842	12028	1
BCCN_C_01	83	Pulse	99	1851868	16054	NA
BCCN_C_01	84	Picture	cond:1_stimuli_presented:1*_brightness:127	1856145	0	2	9999	3	0	10000	hit	336
BCCN_C_01	84	Response	101	1863393	7248	1
BCCN_C_01	84	Picture	ITI	1866144	9999	1	10166	2	10000	10000	miss	0
BCCN_C_01	84	Pulse	99	1869868	13723	NA
BCCN_C_01	85	Picture	cond:1_stimuli_presented:6*_brightness:127	1876477	0	1	9999	2	0	10000	hit	340
BCCN_C_01	85	Response	102	1882016	5539	1
BCCN_C_01	85	Picture	ITI	1886476	9999	1	10165	2	10000	10000	miss	0
BCCN_C_01	85	Pulse	99	1887868	11391	NA
BCCN_C_01	86	Picture	cond:1_stimuli_presented:3*_brightness:127	1896808	0	1	9999	2	0	10000	hit	344
BCCN_C_01	86	Response	101	1903428	6620	1
BCCN_C_01	86	Pulse	99	1905868	9060	NA
BCCN_C_01	86	Picture	ITI	1906807	9999	1	10166	2	10000	10000	miss	0
BCCN_C_01	87	Picture	cond:3_stimuli_presented:24_brightness:86	1917139	0	1	9999	2	0	10000	miss	0
BCCN_C_01	87	Pulse	99	1923868	6729	NA
BCCN_C_01	87	Picture	ITI	1927138	9999	1	10166	2	10000	10000	miss	0
BCCN_C_01	88	Picture	cond:1_stimuli_presented:7*_brightness:127	1937471	0	1	9999	2	0	10000	hit	352
BCCN_C_01	88	Pulse	99	1941868	4397	NA
BCCN_C_01	88	Response	101	1943454	5983	1
BCCN_C_01	88	Picture	ITI	1947470	9999	1	10165	2	10000	10000	miss	0
BCCN_C_01	89	Picture	cond:1_stimuli_presented:3*_brightness:127	1957802	0	1	9999	2	0	10000	hit	356
BCCN_C_01	89	Pulse	99	1959868	2066	NA
BCCN_C_01	89	Response	101	1963084	5282	1
BCCN_C_01	89	Picture	ITI	1967801	9999	1	10166	2	10000	10000	miss	0
BCCN_C_01	89	Pulse	99	1977868	20066	NA
BCCN_C_01	90	Picture	cond:1_stimuli_presented:2*_brightness:127	1978133	0	1	9999	2	0	10000	hit	360
BCCN_C_01	90	Response	102	1984780	6647	1
BCCN_C_01	90	Picture	ITI	1988132	9999	1	10166	2	10000	10000	miss	0
BCCN_C_01	90	Pulse	99	1995868	17735	NA
BCCN_C_01	91	Picture	cond:1_stimuli_presented:7*_brightness:127	1998464	0	2	9999	4	0	10000	hit	364
BCCN_C_01	91	Response	101	2004875	6411	1
BCCN_C_01	91	Picture	ITI	2008463	9999	2	10166	3	10000	10000	miss	0
BCCN_C_01	91	Pulse	99	2013868	15404	NA
BCCN_C_01	92	Picture	cond:4_stimuli_presented:23_brightness:128	2018796	0	1	9999	2	0	10000	hit	369
BCCN_C_01	92	Picture	ITI	2028795	9999	1	10165	3	10000	10000	miss	0
BCCN_C_01	92	Response	102	2031114	12318	1
BCCN_C_01	92	Pulse	99	2031868	13072	NA
BCCN_C_01	93	Picture	cond:1_stimuli_presented:4*_brightness:127	2039127	0	1	9999	2	0	10000	hit	372
BCCN_C_01	93	Response	102	2045194	6067	1
BCCN_C_01	93	Picture	ITI	2049126	9999	1	10166	2	10000	10000	miss	0
BCCN_C_01	93	Pulse	99	2049868	10741	NA
BCCN_C_01	94	Picture	cond:1_stimuli_presented:9*_brightness:127	2059458	0	1	9999	2	0	10000	hit	376
BCCN_C_01	94	Response	101	2065469	6011	2
BCCN_C_01	94	Pulse	99	2067868	8410	NA
BCCN_C_01	94	Picture	ITI	2069457	9999	1	10166	2	10000	10000	miss	0
BCCN_C_01	95	Picture	cond:1_stimuli_presented:1*_brightness:127	2079790	0	1	9999	2	0	10000	hit	381
BCCN_C_01	95	Pulse	99	2085868	6078	NA
BCCN_C_01	95	Response	101	2086804	7014	1
BCCN_C_01	95	Picture	ITI	2089789	9999	1	10165	2	10000	10000	miss	0
BCCN_C_01	96	Picture	cond:2_stimuli_presented:37_brightness:176	2100121	0	1	9999	2	0	10000	hit	385
BCCN_C_01	96	Pulse	99	2103867	3746	NA
BCCN_C_01	96	Response	101	2108241	8120	1
BCCN_C_01	96	Picture	ITI	2110120	9999	1	10166	2	10000	10000	miss	0
BCCN_C_01	97	Picture	cond:1_stimuli_presented:6*_brightness:127	2120452	0	1	9999	2	0	10000	hit	389
BCCN_C_01	97	Pulse	99	2121867	1415	NA
BCCN_C_01	97	Response	102	2126245	5793	1
BCCN_C_01	97	Picture	ITI	2130451	9999	1	10166	2	10000	10000	miss	0
BCCN_C_01	97	Pulse	99	2139867	19415	NA
BCCN_C_01	98	Picture	cond:1_stimuli_presented:4*_brightness:127	2140783	0	2	9999	4	0	10000	hit	393
BCCN_C_01	98	Response	102	2146779	5996	1
BCCN_C_01	98	Picture	ITI	2150782	9999	2	10166	3	10000	10000	miss	0
BCCN_C_01	98	Pulse	99	2157867	17084	NA
BCCN_C_01	99	Picture	cond:1_stimuli_presented:8*_brightness:127	2161115	0	1	9999	2	0	10000	hit	397
BCCN_C_01	99	Response	102	2167958	6843	1
BCCN_C_01	99	Picture	ITI	2171114	9999	1	10165	3	10000	10000	miss	0
BCCN_C_01	99	Pulse	99	2175867	14752	NA
BCCN_C_01	100	Picture	cond:1_stimuli_presented:7*_brightness:127	2181446	0	1	9999	2	0	10000	hit	401
BCCN_C_01	100	Response	101	2187227	5781	1
BCCN_C_01	100	Picture	ITI	2191445	9999	1	10166	2	10000	10000	miss	0
BCCN_C_01	100	Pulse	99	2193867	12421	NA
BCCN_C_01	101	Picture	cond:4_stimuli_presented:62_brightness:128	2201777	0	1	9999	2	0	10000	hit	405
BCCN_C_01	101	Response	102	2209103	7326	1
BCCN_C_01	101	Picture	ITI	2211776	9999	1	10166	2	10000	10000	miss	0
BCCN_C_01	101	Pulse	99	2211867	10090	NA
BCCN_C_01	102	Picture	cond:1_stimuli_presented:3*_brightness:127	2222109	0	1	9999	2	0	10000	hit	409
BCCN_C_01	102	Response	101	2229534	7425	1
BCCN_C_01	102	Pulse	99	2229867	7758	NA
BCCN_C_01	102	Picture	ITI	2232108	9999	1	10165	2	10000	10000	miss	0
BCCN_C_01	103	Picture	cond:1_stimuli_presented:7*_brightness:127	2242440	0	1	9999	2	0	10000	hit	414
BCCN_C_01	103	Pulse	99	2247867	5427	NA
BCCN_C_01	103	Response	101	2248958	6518	1
BCCN_C_01	103	Picture	ITI	2252439	9999	1	10166	2	10000	10000	miss	0
BCCN_C_01	104	Picture	cond:1_stimuli_presented:4*_brightness:127	2262771	0	1	9999	2	0	10000	hit	418
BCCN_C_01	104	Pulse	99	2265867	3096	NA
BCCN_C_01	104	Response	102	2268846	6075	1
BCCN_C_01	104	Picture	ITI	2272770	9999	1	10166	2	10000	10000	miss	0
BCCN_C_01	105	Picture	cond:1_stimuli_presented:8*_brightness:127	2283103	0	1	9999	2	0	10000	hit	422
BCCN_C_01	105	Pulse	99	2283867	764	NA
BCCN_C_01	105	Response	102	2289380	6277	1
BCCN_C_01	105	Picture	ITI	2293102	9999	1	10165	2	10000	10000	miss	0
BCCN_C_01	105	Pulse	99	2301867	18764	NA
BCCN_C_01	106	Picture	cond:3_stimuli_presented:41_brightness:85	2303434	0	1	9999	2	0	10000	miss	0
BCCN_C_01	106	Picture	ITI	2313433	9999	1	10165	3	10000	10000	miss	0
BCCN_C_01	106	Pulse	99	2319867	16433	NA
BCCN_C_01	107	Picture	cond:1_stimuli_presented:8*_brightness:127	2323765	0	1	9999	2	0	10000	hit	429
BCCN_C_01	107	Response	102	2328838	5073	1
BCCN_C_01	107	Picture	ITI	2333764	9999	1	10166	2	10000	10000	miss	0
BCCN_C_01	107	Pulse	99	2337867	14102	NA
BCCN_C_01	108	Picture	cond:1_stimuli_presented:2*_brightness:127	2344096	0	2	9999	4	0	10000	hit	433
BCCN_C_01	108	Response	102	2351101	7005	2
BCCN_C_01	108	Picture	ITI	2354095	9999	2	10166	3	10000	10000	miss	0
BCCN_C_01	108	Pulse	99	2355867	11771	NA
BCCN_C_01	109	Picture	cond:1_stimuli_presented:7*_brightness:127	2364428	0	1	9999	2	0	10000	hit	437
BCCN_C_01	109	Response	101	2369570	5142	1
BCCN_C_01	109	Pulse	99	2373867	9439	NA
BCCN_C_01	109	Picture	ITI	2374427	9999	1	10165	2	10000	10000	miss	0
BCCN_C_01	110	Picture	cond:1_stimuli_presented:6*_brightness:127	2384759	0	1	9999	2	0	10000	hit	441
BCCN_C_01	110	Response	102	2390052	5293	1
BCCN_C_01	110	Pulse	99	2391867	7108	NA
BCCN_C_01	110	Picture	ITI	2394758	9999	1	10166	2	10000	10000	miss	0
BCCN_C_01	111	Picture	cond:4_stimuli_presented:41_brightness:128	2405090	0	1	9999	2	0	10000	hit	446
BCCN_C_01	111	Pulse	99	2409866	4776	NA
BCCN_C_01	111	Response	102	2411128	6038	1
BCCN_C_01	111	Picture	ITI	2415089	9999	1	10166	2	10000	10000	miss	0
BCCN_C_01	112	Picture	cond:1_stimuli_presented:9*_brightness:127	2425422	0	1	9999	2	0	10000	hit	450
BCCN_C_01	112	Pulse	99	2427866	2444	NA
BCCN_C_01	112	Response	101	2431868	6446	2
BCCN_C_01	112	Picture	ITI	2435421	9999	1	10165	2	10000	10000	miss	0
BCCN_C_01	113	Picture	cond:1_stimuli_presented:6*_brightness:127	2445753	0	1	9999	2	0	10000	hit	454
BCCN_C_01	113	Pulse	99	2445866	113	NA
BCCN_C_01	113	Response	102	2451654	5901	1
BCCN_C_01	113	Picture	ITI	2455752	9999	1	10166	2	10000	10000	miss	0
BCCN_C_01	113	Pulse	99	2463866	18113	NA
BCCN_C_01	114	Picture	cond:1_stimuli_presented:4*_brightness:127	2466084	0	1	9999	2	0	10000	hit	458
BCCN_C_01	114	Response	102	2471258	5174	1
BCCN_C_01	114	Picture	ITI	2476083	9999	1	10166	2	10000	10000	miss	0
BCCN_C_01	114	Pulse	99	2481866	15782	NA
BCCN_C_01	115	Picture	cond:3_stimuli_presented:96_brightness:83	2486415	0	2	10000	3	0	10000	hit	464
BCCN_C_01	115	Picture	ITI	2496415	10000	1	10165	2	10000	10000	miss	0
BCCN_C_01	115	Pulse	99	2499866	13451	NA
BCCN_C_01	115	Response	104	2500492	14077	2
BCCN_C_01	116	Picture	cond:1_stimuli_presented:3*_brightness:127	2506747	0	1	9999	2	0	10000	hit	466
BCCN_C_01	116	Response	101	2514030	7283	1
BCCN_C_01	116	Picture	ITI	2516746	9999	1	10165	2	10000	10000	miss	0
BCCN_C_01	116	Pulse	99	2517866	11119	NA
BCCN_C_01	117	Picture	cond:1_stimuli_presented:7*_brightness:127	2527078	0	1	9999	2	0	10000	hit	470
BCCN_C_01	117	Response	101	2533170	6092	1
BCCN_C_01	117	Pulse	99	2535866	8788	NA
BCCN_C_01	117	Picture	ITI	2537077	9999	1	10166	2	10000	10000	miss	0
BCCN_C_01	118	Picture	cond:1_stimuli_presented:9*_brightness:127	2547409	0	1	9999	2	0	10000	hit	475
BCCN_C_01	118	Pulse	99	2553866	6457	NA
BCCN_C_01	118	Response	101	2554349	6940	1
BCCN_C_01	118	Picture	ITI	2557408	9999	1	10166	2	10000	10000	miss	0
BCCN_C_01	119	Picture	cond:1_stimuli_presented:4*_brightness:127	2567741	0	1	9999	2	0	10000	hit	479
BCCN_C_01	119	Pulse	99	2571866	4125	NA
BCCN_C_01	119	Response	102	2574625	6884	1
BCCN_C_01	119	Picture	ITI	2577740	9999	1	10165	2	10000	10000	miss	0
BCCN_C_01	120	Picture	cond:1_stimuli_presented:9*_brightness:127	2588072	0	1	9999	2	0	10000	hit	483
BCCN_C_01	120	Pulse	99	2589866	1794	NA
BCCN_C_01	120	Response	101	2594771	6699	1
BCCN_C_01	120	Picture	ITI	2598071	9999	1	10166	2	10000	10000	miss	0
BCCN_C_01	120	Pulse	99	2607866	19794	NA
BCCN_C_01	121	Picture	cond:1_stimuli_presented:3*_brightness:127	2608403	0	1	9999	2	0	10000	hit	487
BCCN_C_01	121	Response	101	2615176	6773	1
BCCN_C_01	121	Picture	ITI	2618402	9999	1	10166	2	10000	10000	miss	0
BCCN_C_01	121	Pulse	99	2625866	17463	NA
BCCN_C_01	122	Picture	cond:3_stimuli_presented:79_brightness:60	2628735	0	1	9999	2	0	10000	hit	492
BCCN_C_01	122	Picture	ITI	2638734	9999	1	10165	2	10000	10000	miss	0
BCCN_C_01	122	Response	104	2639195	10460	1
BCCN_C_01	122	Pulse	99	2643866	15131	NA
BCCN_C_01	123	Picture	cond:1_stimuli_presented:3*_brightness:127	2649066	0	1	9999	2	0	10000	hit	495
BCCN_C_01	123	Response	101	2655237	6171	1
BCCN_C_01	123	Picture	ITI	2659065	9999	1	10165	3	10000	10000	miss	0
BCCN_C_01	123	Pulse	99	2661866	12800	NA
BCCN_C_01	124	Picture	cond:1_stimuli_presented:7*_brightness:127	2669397	0	1	9999	2	0	10000	hit	499
BCCN_C_01	124	Response	101	2676932	7535	2
BCCN_C_01	124	Picture	ITI	2679396	9999	1	10166	2	10000	10000	miss	0
BCCN_C_01	124	Pulse	99	2679866	10469	NA
BCCN_C_01	125	Picture	cond:1_stimuli_presented:3*_brightness:127	2689728	0	1	9999	3	0	10000	hit	503
BCCN_C_01	125	Response	101	2696046	6318	2
BCCN_C_01	125	Pulse	99	2697866	8138	NA
BCCN_C_01	125	Picture	ITI	2699727	9999	2	10166	3	10000	10000	miss	0
BCCN_C_01	126	Picture	cond:1_stimuli_presented:4*_brightness:127	2710060	0	1	9999	2	0	10000	hit	507
BCCN_C_01	126	Response	102	2715677	5617	1
BCCN_C_01	126	Pulse	99	2715866	5806	NA
BCCN_C_01	126	Picture	ITI	2720059	9999	1	10165	3	10000	10000	miss	0
BCCN_C_01	127	Picture	cond:1_stimuli_presented:7*_brightness:127	2730391	0	1	9999	2	0	10000	hit	512
BCCN_C_01	127	Pulse	99	2733865	3474	NA
BCCN_C_01	127	Response	101	2736314	5923	1
BCCN_C_01	127	Picture	ITI	2740390	9999	1	10166	2	10000	10000	miss	0
BCCN_C_01	128	Picture	cond:4_stimuli_presented:31_brightness:123	2750722	0	1	9999	2	0	10000	incorrect	517
BCCN_C_01	128	Pulse	99	2751865	1143	NA
BCCN_C_01	128	Picture	ITI	2760721	9999	1	10166	2	10000	10000	miss	0
BCCN_C_01	128	Response	1	2761934	11212	1
BCCN_C_01	128	Pulse	99	2769865	19143	NA
BCCN_C_01	129	Picture	cond:1_stimuli_presented:4*_brightness:127	2771054	0	1	9999	2	0	10000	hit	520
BCCN_C_01	129	Response	102	2776400	5346	2
BCCN_C_01	129	Picture	ITI	2781053	9999	1	10165	2	10000	10000	miss	0
BCCN_C_01	129	Pulse	99	2787865	16811	NA
BCCN_C_01	130	Picture	cond:1_stimuli_presented:2*_brightness:127	2791385	0	1	9999	2	0	10000	hit	524
BCCN_C_01	130	Response	102	2797709	6324	1
BCCN_C_01	130	Picture	ITI	2801384	9999	1	10166	2	10000	10000	miss	0
BCCN_C_01	130	Pulse	99	2805865	14480	NA
BCCN_C_01	131	Picture	cond:1_stimuli_presented:1*_brightness:127	2811716	0	1	9999	2	0	10000	hit	528
BCCN_C_01	131	Response	101	2817881	6165	1
BCCN_C_01	131	Picture	ITI	2821715	9999	1	10166	2	10000	10000	miss	0
BCCN_C_01	131	Pulse	99	2823865	12149	NA
BCCN_C_01	132	Picture	cond:1_stimuli_presented:8*_brightness:127	2832047	0	2	9999	4	0	10000	hit	532
BCCN_C_01	132	Response	102	2838622	6575	1
BCCN_C_01	132	Pulse	99	2841865	9818	NA
BCCN_C_01	132	Picture	ITI	2842046	9999	2	10166	3	10000	10000	miss	0
BCCN_C_01	133	Picture	cond:3_stimuli_presented:27_brightness:77	2852379	0	1	9999	2	0	10000	hit	538
BCCN_C_01	133	Pulse	99	2859865	7486	NA
BCCN_C_01	133	Picture	ITI	2862378	9999	1	10165	3	10000	10000	miss	0
BCCN_C_01	133	Response	104	2862486	10107	1
BCCN_C_01	134	Picture	cond:1_stimuli_presented:3*_brightness:127	2872710	0	1	9999	2	0	10000	hit	541
BCCN_C_01	134	Pulse	99	2877865	5155	NA
BCCN_C_01	134	Response	101	2879767	7057	1
BCCN_C_01	134	Picture	ITI	2882709	9999	1	10166	2	10000	10000	miss	0
BCCN_C_01	135	Picture	cond:1_stimuli_presented:9*_brightness:127	2893041	0	1	9999	2	0	10000	hit	545
BCCN_C_01	135	Pulse	99	2895865	2824	NA
BCCN_C_01	135	Response	101	2899423	6382	1
BCCN_C_01	135	Picture	ITI	2903040	9999	1	10166	2	10000	10000	miss	0
BCCN_C_01	136	Picture	cond:1_stimuli_presented:3*_brightness:127	2913373	0	1	9999	2	0	10000	hit	549
BCCN_C_01	136	Pulse	99	2913865	492	NA
BCCN_C_01	136	Response	101	2919931	6558	1
BCCN_C_01	136	Picture	ITI	2923372	9999	1	10165	2	10000	10000	miss	0
BCCN_C_01	136	Pulse	99	2931865	18492	NA
BCCN_C_01	137	Picture	cond:3_stimuli_presented:69_brightness:78	2933704	0	1	9999	2	0	10000	hit	553
BCCN_C_01	137	Response	104	2941833	8129	1
BCCN_C_01	137	Picture	ITI	2943703	9999	1	10166	2	10000	10000	miss	0
BCCN_C_01	137	Pulse	99	2949865	16161	NA
BCCN_C_01	138	Picture	cond:1_stimuli_presented:2*_brightness:127	2954035	0	1	9999	2	0	10000	hit	557
BCCN_C_01	138	Response	102	2960766	6731	2
BCCN_C_01	138	Picture	ITI	2964034	9999	1	10166	2	10000	10000	miss	0
BCCN_C_01	138	Pulse	99	2967865	13830	NA
BCCN_C_01	139	Picture	cond:1_stimuli_presented:8*_brightness:127	2974367	0	1	9999	2	0	10000	hit	561
BCCN_C_01	139	Response	102	2982849	8482	1
BCCN_C_01	139	Picture	ITI	2984366	9999	1	10165	2	10000	10000	miss	0
BCCN_C_01	139	Pulse	99	2985865	11498	NA
BCCN_C_01	140	Picture	cond:1_stimuli_presented:6*_brightness:127	2994698	0	1	9999	2	0	10000	hit	565
BCCN_C_01	140	Response	102	3001085	6387	2
BCCN_C_01	140	Pulse	99	3003865	9167	NA
BCCN_C_01	140	Picture	ITI	3004697	9999	1	10165	3	10000	10000	miss	0
BCCN_C_01	141	Picture	cond:1_stimuli_presented:9*_brightness:127	3015029	0	1	9999	2	0	10000	hit	569
BCCN_C_01	141	Response	101	3021387	6358	1
BCCN_C_01	141	Pulse	99	3021865	6836	NA
BCCN_C_01	141	Picture	ITI	3025028	9999	1	10166	2	10000	10000	miss	0
BCCN_C_01	142	Picture	cond:4_stimuli_presented:71_brightness:131	3035360	0	2	9999	3	0	10000	miss	0
BCCN_C_01	142	Pulse	99	3039864	4504	NA
BCCN_C_01	142	Picture	ITI	3045359	9999	1	10166	2	10000	10000	miss	0
BCCN_C_01	143	Picture	cond:1_stimuli_presented:4*_brightness:127	3055692	0	1	9999	2	0	10000	hit	577
BCCN_C_01	143	Pulse	99	3057864	2172	NA
BCCN_C_01	143	Response	102	3061697	6005	1
BCCN_C_01	143	Picture	ITI	3065691	9999	1	10165	2	10000	10000	miss	0
BCCN_C_01	143	Pulse	99	3075864	20172	NA
BCCN_C_01	144	Picture	cond:1_stimuli_presented:1*_brightness:127	3076023	0	1	9999	2	0	10000	hit	581
BCCN_C_01	144	Response	101	3081250	5227	1
BCCN_C_01	144	Picture	ITI	3086022	9999	1	10166	2	10000	10000	miss	0
BCCN_C_01	144	Pulse	99	3093864	17841	NA
BCCN_C_01	145	Picture	cond:1_stimuli_presented:8*_brightness:127	3096354	0	1	9999	2	0	10000	hit	585
BCCN_C_01	145	Response	102	3101164	4810	1
BCCN_C_01	145	Picture	ITI	3106353	9999	1	10166	2	10000	10000	miss	0
BCCN_C_01	145	Pulse	99	3111864	15510	NA
BCCN_C_01	146	Picture	cond:1_stimuli_presented:9*_brightness:127	3116686	0	1	9999	2	0	10000	hit	589
BCCN_C_01	146	Response	101	3122937	6251	1
BCCN_C_01	146	Picture	ITI	3126685	9999	1	10165	2	10000	10000	miss	0
BCCN_C_01	146	Pulse	99	3129864	13178	NA
BCCN_C_01	147	Picture	cond:1_stimuli_presented:8*_brightness:127	3137017	0	1	9999	2	0	10000	hit	593
BCCN_C_01	147	Response	102	3142438	5421	1
BCCN_C_01	147	Picture	ITI	3147016	9999	1	10166	2	10000	10000	miss	0
BCCN_C_01	147	Pulse	99	3147864	10847	NA
BCCN_C_01	148	Picture	cond:2_stimuli_presented:49_brightness:174	3157348	0	1	9999	2	0	10000	hit	597
BCCN_C_01	148	Response	102	3164005	6657	1
BCCN_C_01	148	Pulse	99	3165864	8516	NA
BCCN_C_01	148	Picture	ITI	3167347	9999	1	10166	2	10000	10000	miss	0
BCCN_C_01	149	Picture	cond:1_stimuli_presented:6*_brightness:127	3177679	0	2	9999	4	0	10000	hit	602
BCCN_C_01	149	Pulse	99	3183864	6185	NA
BCCN_C_01	149	Response	102	3184022	6343	1
BCCN_C_01	149	Picture	ITI	3187678	9999	2	10166	3	10000	10000	miss	0
BCCN_C_01	150	Picture	cond:1_stimuli_presented:9*_brightness:127	3198011	0	1	9999	2	0	10000	hit	606
BCCN_C_01	150	Pulse	99	3201864	3853	NA
BCCN_C_01	150	Response	101	3204995	6984	1
BCCN_C_01	150	Picture	ITI	3208010	9999	1	10165	3	10000	10000	miss	0
BCCN_C_01	151	Picture	cond:1_stimuli_presented:6*_brightness:127	3218342	0	1	9999	2	0	10000	hit	610
BCCN_C_01	151	Pulse	99	3219864	1522	NA
BCCN_C_01	151	Response	102	3224496	6154	1
BCCN_C_01	151	Picture	ITI	3228341	9999	1	10166	2	10000	10000	miss	0
BCCN_C_01	151	Pulse	99	3237864	19522	NA
BCCN_C_01	152	Picture	cond:1_stimuli_presented:1*_brightness:127	3238673	0	1	9999	2	0	10000	hit	614
BCCN_C_01	152	Response	101	3244101	5428	1
BCCN_C_01	152	Picture	ITI	3248672	9999	1	10166	2	10000	10000	miss	0
BCCN_C_01	152	Pulse	99	3255864	17191	NA
BCCN_C_01	153	Picture	cond:1_stimuli_presented:7*_brightness:127	3259005	0	1	9999	2	0	10000	hit	618
BCCN_C_01	153	Response	101	3264480	5475	1
BCCN_C_01	153	Picture	ITI	3269004	9999	1	10165	2	10000	10000	miss	0
BCCN_C_01	153	Pulse	99	3273864	14859	NA
BCCN_C_01	154	Picture	cond:2_stimuli_presented:46_brightness:179	3279336	0	1	9999	2	0	10000	hit	622
BCCN_C_01	154	Response	102	3284239	4903	1
BCCN_C_01	154	Picture	ITI	3289335	9999	1	10166	2	10000	10000	miss	0
BCCN_C_01	154	Pulse	99	3291864	12528	NA
BCCN_C_01	154	Manual	Prozent korrekt Baseline: 100.0%	3299509	20173
BCCN_C_01	154	Manual	Prozent korrekt Distraktor: 100.0%	3299509	20173
BCCN_C_01	154	Manual	Prozent korrekt Switch: 80.0%	3299509	20173
BCCN_C_01	155	Picture	ENDE	3299667	0	1	30164	2	0	30000	other	0
BCCN_C_01	155	Pulse	99	3309864	10197	NA
BCCN_C_01	155	Pulse	99	3327864	28197	NA
BCCN_C_01	156	Picture	ende info	3329998	0	1	79339	2	0	next	other	0
BCCN_C_01	156	Quit		3408785	78787
