Scenario - Flex_main_Maenner_2
Logfile written - 01/10/2012 13:44:41

Subject	Trial	Event Type	Code	Time	TTime	Uncertainty	Duration	Uncertainty	ReqTime	ReqDur	Stim Type	Pair Index

BCCN_C_02_b2	0	Manual	m1_r_b2	-9999	-9999
BCCN_C_02_b2	1	Picture	instructreminder	-5335	0	1	16831	2	0	next	hit	3
BCCN_C_02_b2	1	Response	101	11375	16710	1
BCCN_C_02_b2	2	Picture	warning	11496	0	1	230975	3	0	next	other	0
BCCN_C_02_b2	2	Pulse	99	242335	230839	NA
BCCN_C_02_b2	3	Picture	dummyscans	242471	0	2	37163	3	0	37000	other	0
BCCN_C_02_b2	3	Pulse	99	260335	17864	NA
BCCN_C_02_b2	3	Pulse	99	278335	35864	NA
BCCN_C_02_b2	4	Picture	beginning_fix	279801	0	1	16665	2	0	next	other	0
BCCN_C_02_b2	4	Pulse	99	296334	16533	NA
BCCN_C_02_b2	5	Picture	cond:1_stimuli_presented:9*_brightness:127	296466	0	1	9999	2	0	10000	hit	12
BCCN_C_02_b2	5	Response	101	305053	8587	1
BCCN_C_02_b2	5	Picture	ITI	306465	9999	1	10165	2	10000	10000	miss	0
BCCN_C_02_b2	5	Pulse	99	314334	17868	NA
BCCN_C_02_b2	6	Picture	cond:1_stimuli_presented:4*_brightness:127	316797	0	1	9999	2	0	10000	hit	16
BCCN_C_02_b2	6	Response	102	323780	6983	1
BCCN_C_02_b2	6	Picture	ITI	326796	9999	1	10165	3	10000	10000	miss	0
BCCN_C_02_b2	6	Pulse	99	332334	15537	NA
BCCN_C_02_b2	7	Picture	cond:1_stimuli_presented:2*_brightness:127	337128	0	1	9999	2	0	10000	hit	20
BCCN_C_02_b2	7	Response	102	342584	5456	1
BCCN_C_02_b2	7	Picture	ITI	347127	9999	1	10166	2	10000	10000	miss	0
BCCN_C_02_b2	7	Pulse	99	350334	13206	NA
BCCN_C_02_b2	8	Picture	cond:2_stimuli_presented:97_brightness:179	357459	0	1	9999	2	0	10000	hit	24
BCCN_C_02_b2	8	Response	101	364718	7259	1
BCCN_C_02_b2	8	Picture	ITI	367458	9999	1	10166	2	10000	10000	miss	0
BCCN_C_02_b2	8	Pulse	99	368334	10875	NA
BCCN_C_02_b2	9	Picture	cond:1_stimuli_presented:8*_brightness:127	377790	0	2	9999	3	0	10000	hit	28
BCCN_C_02_b2	9	Response	102	383496	5706	1
BCCN_C_02_b2	9	Pulse	99	386334	8544	NA
BCCN_C_02_b2	9	Picture	ITI	387789	9999	1	10166	2	10000	10000	miss	0
BCCN_C_02_b2	10	Picture	cond:1_stimuli_presented:9*_brightness:127	398122	0	1	9999	2	0	10000	hit	32
BCCN_C_02_b2	10	Response	101	404185	6063	1
BCCN_C_02_b2	10	Pulse	99	404333	6211	NA
BCCN_C_02_b2	10	Picture	ITI	408121	9999	1	10165	2	10000	10000	miss	0
BCCN_C_02_b2	11	Picture	cond:1_stimuli_presented:8*_brightness:127	418453	0	1	9999	2	0	10000	hit	37
BCCN_C_02_b2	11	Pulse	99	422333	3880	NA
BCCN_C_02_b2	11	Response	102	424151	5698	1
BCCN_C_02_b2	11	Picture	ITI	428452	9999	1	10165	2	10000	10000	miss	0
BCCN_C_02_b2	12	Picture	cond:1_stimuli_presented:7*_brightness:127	438784	0	1	9999	2	0	10000	hit	41
BCCN_C_02_b2	12	Pulse	99	440333	1549	NA
BCCN_C_02_b2	12	Response	101	443394	4610	1
BCCN_C_02_b2	12	Picture	ITI	448783	9999	1	10165	3	10000	10000	miss	0
BCCN_C_02_b2	12	Pulse	99	458333	19549	NA
BCCN_C_02_b2	13	Picture	cond:1_stimuli_presented:3*_brightness:127	459115	0	1	9999	2	0	10000	incorrect	45
BCCN_C_02_b2	13	Response	2	462869	3754	1
BCCN_C_02_b2	13	Picture	ITI	469114	9999	1	10166	2	10000	10000	miss	0
BCCN_C_02_b2	13	Pulse	99	476333	17218	NA
BCCN_C_02_b2	14	Picture	cond:1_stimuli_presented:7*_brightness:127	479446	0	1	9999	2	0	10000	hit	49
BCCN_C_02_b2	14	Response	101	487275	7829	1
BCCN_C_02_b2	14	Picture	ITI	489445	9999	1	10166	2	10000	10000	miss	0
BCCN_C_02_b2	14	Pulse	99	494333	14887	NA
BCCN_C_02_b2	15	Picture	cond:1_stimuli_presented:4*_brightness:127	499777	0	2	9999	4	0	10000	hit	53
BCCN_C_02_b2	15	Response	102	506518	6741	1
BCCN_C_02_b2	15	Picture	ITI	509776	9999	2	10166	3	10000	10000	miss	0
BCCN_C_02_b2	15	Pulse	99	512332	12555	NA
BCCN_C_02_b2	16	Picture	cond:2_stimuli_presented:32_brightness:178	520109	0	1	9999	2	0	10000	hit	57
BCCN_C_02_b2	16	Response	101	528084	7975	2
BCCN_C_02_b2	16	Picture	ITI	530108	9999	1	10165	2	10000	10000	miss	0
BCCN_C_02_b2	16	Pulse	99	530332	10223	NA
BCCN_C_02_b2	17	Picture	cond:1_stimuli_presented:6*_brightness:127	540440	0	1	9999	2	0	10000	hit	61
BCCN_C_02_b2	17	Response	102	547766	7326	1
BCCN_C_02_b2	17	Pulse	99	548332	7892	NA
BCCN_C_02_b2	17	Picture	ITI	550439	9999	1	10165	2	10000	10000	miss	0
BCCN_C_02_b2	18	Picture	cond:1_stimuli_presented:1*_brightness:127	560771	0	1	9999	2	0	10000	hit	65
BCCN_C_02_b2	18	Response	101	566080	5309	1
BCCN_C_02_b2	18	Pulse	99	566332	5561	NA
BCCN_C_02_b2	18	Picture	ITI	570770	9999	1	10166	2	10000	10000	miss	0
BCCN_C_02_b2	19	Picture	cond:1_stimuli_presented:6*_brightness:127	581102	0	1	9999	2	0	10000	hit	70
BCCN_C_02_b2	19	Pulse	99	584332	3230	NA
BCCN_C_02_b2	19	Response	102	587156	6054	1
BCCN_C_02_b2	19	Picture	ITI	591101	9999	1	10166	2	10000	10000	miss	0
BCCN_C_02_b2	20	Picture	cond:1_stimuli_presented:9*_brightness:127	601433	0	1	9999	2	0	10000	hit	74
BCCN_C_02_b2	20	Pulse	99	602332	899	NA
BCCN_C_02_b2	20	Response	101	608825	7392	1
BCCN_C_02_b2	20	Picture	ITI	611432	9999	1	10166	2	10000	10000	miss	0
BCCN_C_02_b2	20	Pulse	99	620331	18898	NA
BCCN_C_02_b2	21	Picture	cond:3_stimuli_presented:64_brightness:72	621765	0	1	9998	3	0	10000	hit	79
BCCN_C_02_b2	21	Picture	ITI	631763	9998	2	10166	3	10000	10000	miss	0
BCCN_C_02_b2	21	Response	103	633541	11776	2
BCCN_C_02_b2	21	Pulse	99	638331	16566	NA
BCCN_C_02_b2	22	Picture	cond:1_stimuli_presented:7*_brightness:127	642096	0	1	9999	2	0	10000	hit	82
BCCN_C_02_b2	22	Response	101	651132	9036	1
BCCN_C_02_b2	22	Picture	ITI	652095	9999	1	10165	2	10000	10000	miss	0
BCCN_C_02_b2	22	Pulse	99	656331	14235	NA
BCCN_C_02_b2	23	Picture	cond:1_stimuli_presented:1*_brightness:127	662427	0	1	9999	2	0	10000	hit	86
BCCN_C_02_b2	23	Response	101	668026	5599	1
BCCN_C_02_b2	23	Picture	ITI	672426	9999	1	10165	3	10000	10000	miss	0
BCCN_C_02_b2	23	Pulse	99	674331	11904	NA
BCCN_C_02_b2	24	Picture	cond:1_stimuli_presented:4*_brightness:127	682758	0	1	9999	2	0	10000	hit	90
BCCN_C_02_b2	24	Response	102	689618	6860	1
BCCN_C_02_b2	24	Pulse	99	692331	9573	NA
BCCN_C_02_b2	24	Picture	ITI	692757	9999	1	10166	2	10000	10000	miss	0
BCCN_C_02_b2	25	Picture	cond:1_stimuli_presented:3*_brightness:127	703089	0	1	9999	2	0	10000	hit	94
BCCN_C_02_b2	25	Response	101	707260	4171	1
BCCN_C_02_b2	25	Pulse	99	710330	7241	NA
BCCN_C_02_b2	25	Picture	ITI	713088	9999	1	10166	2	10000	10000	miss	0
BCCN_C_02_b2	26	Picture	cond:1_stimuli_presented:9*_brightness:127	723420	0	1	9999	2	0	10000	hit	99
BCCN_C_02_b2	26	Pulse	99	728330	4910	NA
BCCN_C_02_b2	26	Response	101	731666	8246	2
BCCN_C_02_b2	26	Picture	ITI	733419	9999	1	10166	2	10000	10000	miss	0
BCCN_C_02_b2	27	Picture	cond:1_stimuli_presented:7*_brightness:127	743752	0	1	9999	2	0	10000	hit	103
BCCN_C_02_b2	27	Pulse	99	746330	2578	NA
BCCN_C_02_b2	27	Response	101	749231	5479	1
BCCN_C_02_b2	27	Picture	ITI	753751	9999	1	10165	2	10000	10000	miss	0
BCCN_C_02_b2	28	Picture	cond:4_stimuli_presented:64_brightness:128	764083	0	1	9999	2	0	10000	incorrect	108
BCCN_C_02_b2	28	Pulse	99	764330	247	NA
BCCN_C_02_b2	28	Picture	ITI	774082	9999	1	10165	2	10000	10000	miss	0
BCCN_C_02_b2	28	Response	3	780970	16887	1
BCCN_C_02_b2	28	Pulse	99	782330	18247	NA
BCCN_C_02_b2	29	Picture	cond:1_stimuli_presented:1*_brightness:127	784414	0	1	9999	2	0	10000	hit	111
BCCN_C_02_b2	29	Response	101	792751	8337	1
BCCN_C_02_b2	29	Picture	ITI	794413	9999	1	10165	3	10000	10000	miss	0
BCCN_C_02_b2	29	Pulse	99	800330	15916	NA
BCCN_C_02_b2	30	Picture	cond:1_stimuli_presented:7*_brightness:127	804745	0	1	9999	2	0	10000	hit	115
BCCN_C_02_b2	30	Response	101	813285	8540	1
BCCN_C_02_b2	30	Picture	ITI	814744	9999	1	10166	2	10000	10000	miss	0
BCCN_C_02_b2	30	Pulse	99	818329	13584	NA
BCCN_C_02_b2	31	Picture	cond:1_stimuli_presented:9*_brightness:127	825076	0	1	9999	2	0	10000	hit	119
BCCN_C_02_b2	31	Response	101	832605	7529	1
BCCN_C_02_b2	31	Picture	ITI	835075	9999	1	10166	2	10000	10000	miss	0
BCCN_C_02_b2	31	Pulse	99	836329	11253	NA
BCCN_C_02_b2	32	Picture	cond:1_stimuli_presented:6*_brightness:127	845407	0	2	9999	3	0	10000	hit	123
BCCN_C_02_b2	32	Response	102	852235	6828	2
BCCN_C_02_b2	32	Pulse	99	854329	8922	NA
BCCN_C_02_b2	32	Picture	ITI	855406	9999	1	10166	2	10000	10000	miss	0
BCCN_C_02_b2	33	Picture	cond:4_stimuli_presented:32_brightness:128	865739	0	1	9999	2	0	10000	incorrect	129
BCCN_C_02_b2	33	Pulse	99	872329	6590	NA
BCCN_C_02_b2	33	Picture	ITI	875738	9999	1	10165	2	10000	10000	miss	0
BCCN_C_02_b2	33	Response	3	879998	14259	1
BCCN_C_02_b2	34	Picture	cond:1_stimuli_presented:1*_brightness:127	886070	0	1	9999	2	0	10000	hit	132
BCCN_C_02_b2	34	Pulse	99	890329	4259	NA
BCCN_C_02_b2	34	Response	101	895885	9815	1
BCCN_C_02_b2	34	Picture	ITI	896069	9999	1	10165	2	10000	10000	miss	0
BCCN_C_02_b2	35	Picture	cond:1_stimuli_presented:6*_brightness:127	906401	0	1	9999	2	0	10000	hit	136
BCCN_C_02_b2	35	Pulse	99	908329	1928	NA
BCCN_C_02_b2	35	Response	102	913708	7307	1
BCCN_C_02_b2	35	Picture	ITI	916400	9999	1	10165	3	10000	10000	miss	0
BCCN_C_02_b2	35	Pulse	99	926328	19927	NA
BCCN_C_02_b2	36	Picture	cond:1_stimuli_presented:3*_brightness:127	926732	0	1	9999	2	0	10000	hit	141
BCCN_C_02_b2	36	Picture	ITI	936731	9999	1	10166	2	10000	10000	miss	0
BCCN_C_02_b2	36	Response	101	943381	16649	1
BCCN_C_02_b2	36	Pulse	99	944328	17596	NA
BCCN_C_02_b2	37	Picture	cond:1_stimuli_presented:6*_brightness:127	947063	0	1	9999	2	0	10000	hit	145
BCCN_C_02_b2	37	Picture	ITI	957062	9999	1	10166	2	10000	10000	miss	0
BCCN_C_02_b2	37	Response	102	957279	10216	2
BCCN_C_02_b2	37	Pulse	99	962328	15265	NA
BCCN_C_02_b2	38	Picture	cond:3_stimuli_presented:24_brightness:79	967394	0	2	9999	4	0	10000	hit	148
BCCN_C_02_b2	38	Response	103	976780	9386	2
BCCN_C_02_b2	38	Picture	ITI	977393	9999	2	10166	3	10000	10000	miss	0
BCCN_C_02_b2	38	Pulse	99	980328	12934	NA
BCCN_C_02_b2	39	Picture	cond:1_stimuli_presented:3*_brightness:127	987726	0	1	9999	2	0	10000	hit	154
BCCN_C_02_b2	39	Picture	ITI	997725	9999	1	10165	2	10000	10000	miss	0
BCCN_C_02_b2	39	Pulse	99	998328	10602	NA
BCCN_C_02_b2	39	Response	101	998760	11034	1
BCCN_C_02_b2	40	Picture	cond:1_stimuli_presented:2*_brightness:127	1008057	0	1	9999	2	0	10000	hit	156
BCCN_C_02_b2	40	Response	102	1014879	6822	1
BCCN_C_02_b2	40	Pulse	99	1016328	8271	NA
BCCN_C_02_b2	40	Picture	ITI	1018056	9999	1	10165	2	10000	10000	miss	0
BCCN_C_02_b2	41	Picture	cond:1_stimuli_presented:1*_brightness:127	1028388	0	1	9999	2	0	10000	hit	160
BCCN_C_02_b2	41	Response	101	1033941	5553	1
BCCN_C_02_b2	41	Pulse	99	1034327	5939	NA
BCCN_C_02_b2	41	Picture	ITI	1038387	9999	1	10166	2	10000	10000	miss	0
BCCN_C_02_b2	42	Picture	cond:2_stimuli_presented:37_brightness:177	1048719	0	1	9999	2	0	10000	hit	165
BCCN_C_02_b2	42	Pulse	99	1052327	3608	NA
BCCN_C_02_b2	42	Response	101	1056127	7408	1
BCCN_C_02_b2	42	Picture	ITI	1058718	9999	1	10166	2	10000	10000	miss	0
BCCN_C_02_b2	43	Picture	cond:1_stimuli_presented:8*_brightness:127	1069050	0	1	9999	2	0	10000	hit	169
BCCN_C_02_b2	43	Pulse	99	1070327	1277	NA
BCCN_C_02_b2	43	Response	102	1076429	7379	1
BCCN_C_02_b2	43	Picture	ITI	1079049	9999	1	10166	2	10000	10000	miss	0
BCCN_C_02_b2	43	Pulse	99	1088327	19277	NA
BCCN_C_02_b2	44	Picture	cond:1_stimuli_presented:2*_brightness:127	1089382	0	1	9998	3	0	10000	hit	173
BCCN_C_02_b2	44	Response	102	1095491	6109	1
BCCN_C_02_b2	44	Picture	ITI	1099380	9998	2	10166	3	10000	10000	miss	0
BCCN_C_02_b2	44	Pulse	99	1106327	16945	NA
BCCN_C_02_b2	45	Picture	cond:1_stimuli_presented:4*_brightness:127	1109713	0	1	9999	2	0	10000	hit	177
BCCN_C_02_b2	45	Response	102	1114501	4788	2
BCCN_C_02_b2	45	Picture	ITI	1119712	9999	1	10165	2	10000	10000	miss	0
BCCN_C_02_b2	45	Pulse	99	1124327	14614	NA
BCCN_C_02_b2	46	Picture	cond:4_stimuli_presented:17_brightness:128	1130044	0	1	9999	2	0	10000	incorrect	182
BCCN_C_02_b2	46	Picture	ITI	1140043	9999	1	10165	2	10000	10000	miss	0
BCCN_C_02_b2	46	Response	4	1140199	10155	1
BCCN_C_02_b2	46	Pulse	99	1142326	12282	NA
BCCN_C_02_b2	47	Picture	cond:1_stimuli_presented:9*_brightness:127	1150375	0	1	9999	2	0	10000	hit	185
BCCN_C_02_b2	47	Response	101	1156989	6614	1
BCCN_C_02_b2	47	Pulse	99	1160326	9951	NA
BCCN_C_02_b2	47	Picture	ITI	1160374	9999	1	10166	2	10000	10000	miss	0
BCCN_C_02_b2	48	Picture	cond:1_stimuli_presented:8*_brightness:127	1170706	0	1	9999	2	0	10000	hit	190
BCCN_C_02_b2	48	Pulse	99	1178326	7620	NA
BCCN_C_02_b2	48	Response	102	1178374	7668	2
BCCN_C_02_b2	48	Picture	ITI	1180705	9999	1	10166	2	10000	10000	miss	0
BCCN_C_02_b2	49	Picture	cond:1_stimuli_presented:4*_brightness:127	1191037	0	2	9999	3	0	10000	hit	194
BCCN_C_02_b2	49	Pulse	99	1196326	5289	NA
BCCN_C_02_b2	49	Response	102	1198469	7432	2
BCCN_C_02_b2	49	Picture	ITI	1201036	9999	1	10166	2	10000	10000	miss	0
BCCN_C_02_b2	50	Picture	cond:1_stimuli_presented:3*_brightness:127	1211369	0	1	9999	2	0	10000	hit	198
BCCN_C_02_b2	50	Pulse	99	1214326	2957	NA
BCCN_C_02_b2	50	Response	101	1217222	5853	1
BCCN_C_02_b2	50	Picture	ITI	1221368	9999	1	10165	2	10000	10000	miss	0
BCCN_C_02_b2	51	Picture	cond:3_stimuli_presented:29_brightness:75	1231700	0	1	9999	2	0	10000	hit	203
BCCN_C_02_b2	51	Pulse	99	1232326	626	NA
BCCN_C_02_b2	51	Picture	ITI	1241699	9999	1	10165	2	10000	10000	miss	0
BCCN_C_02_b2	51	Response	104	1242067	10367	1
BCCN_C_02_b2	51	Pulse	99	1250325	18625	NA
BCCN_C_02_b2	52	Picture	cond:1_stimuli_presented:6*_brightness:127	1252031	0	1	9999	2	0	10000	hit	206
BCCN_C_02_b2	52	Response	102	1261336	9305	1
BCCN_C_02_b2	52	Picture	ITI	1262030	9999	1	10165	3	10000	10000	miss	0
BCCN_C_02_b2	52	Pulse	99	1268325	16294	NA
BCCN_C_02_b2	53	Picture	cond:1_stimuli_presented:4*_brightness:127	1272362	0	1	9999	2	0	10000	hit	210
BCCN_C_02_b2	53	Response	102	1278513	6151	1
BCCN_C_02_b2	53	Picture	ITI	1282361	9999	1	10166	2	10000	10000	miss	0
BCCN_C_02_b2	53	Pulse	99	1286325	13963	NA
BCCN_C_02_b2	54	Picture	cond:1_stimuli_presented:6*_brightness:127	1292693	0	1	9999	2	0	10000	hit	214
BCCN_C_02_b2	54	Response	102	1298169	5476	1
BCCN_C_02_b2	54	Picture	ITI	1302692	9999	1	10166	2	10000	10000	miss	0
BCCN_C_02_b2	54	Pulse	99	1304325	11632	NA
BCCN_C_02_b2	55	Picture	cond:4_stimuli_presented:27_brightness:121	1313024	0	2	9999	3	0	10000	hit	220
BCCN_C_02_b2	55	Pulse	99	1322325	9301	NA
BCCN_C_02_b2	55	Picture	ITI	1323023	9999	1	10166	2	10000	10000	miss	0
BCCN_C_02_b2	55	Response	104	1323376	10352	1
BCCN_C_02_b2	56	Picture	cond:1_stimuli_presented:4*_brightness:127	1333356	0	1	9999	2	0	10000	hit	223
BCCN_C_02_b2	56	Pulse	99	1340325	6969	NA
BCCN_C_02_b2	56	Response	102	1342515	9159	2
BCCN_C_02_b2	56	Picture	ITI	1343355	9999	1	10165	2	10000	10000	miss	0
BCCN_C_02_b2	57	Picture	cond:1_stimuli_presented:2*_brightness:127	1353687	0	1	9999	2	0	10000	hit	227
BCCN_C_02_b2	57	Pulse	99	1358324	4637	NA
BCCN_C_02_b2	57	Response	102	1359357	5670	2
BCCN_C_02_b2	57	Picture	ITI	1363686	9999	1	10165	2	10000	10000	miss	0
BCCN_C_02_b2	58	Picture	cond:1_stimuli_presented:7*_brightness:127	1374018	0	1	9999	2	0	10000	incorrect	231
BCCN_C_02_b2	58	Pulse	99	1376324	2306	NA
BCCN_C_02_b2	58	Response	2	1380278	6260	2
BCCN_C_02_b2	58	Picture	ITI	1384017	9999	1	10165	3	10000	10000	miss	0
BCCN_C_02_b2	58	Pulse	99	1394324	20306	NA
BCCN_C_02_b2	59	Picture	cond:2_stimuli_presented:36_brightness:189	1394349	0	1	9999	2	0	10000	hit	235
BCCN_C_02_b2	59	Response	101	1401793	7444	1
BCCN_C_02_b2	59	Picture	ITI	1404348	9999	1	10166	2	10000	10000	miss	0
BCCN_C_02_b2	59	Pulse	99	1412324	17975	NA
BCCN_C_02_b2	60	Picture	cond:1_stimuli_presented:1*_brightness:127	1414680	0	1	9999	2	0	10000	hit	239
BCCN_C_02_b2	60	Response	101	1420143	5463	23
BCCN_C_02_b2	60	Picture	ITI	1424679	9999	1	10166	2	10000	10000	miss	0
BCCN_C_02_b2	60	Pulse	99	1430324	15644	NA
BCCN_C_02_b2	61	Picture	cond:1_stimuli_presented:4*_brightness:127	1435012	0	1	9998	3	0	10000	hit	243
BCCN_C_02_b2	61	Response	102	1441260	6248	1
BCCN_C_02_b2	61	Picture	ITI	1445010	9998	2	10166	3	10000	10000	miss	0
BCCN_C_02_b2	61	Pulse	99	1448323	13311	NA
BCCN_C_02_b2	62	Picture	cond:1_stimuli_presented:9*_brightness:127	1455343	0	1	9999	2	0	10000	hit	247
BCCN_C_02_b2	62	Response	101	1460141	4798	2
BCCN_C_02_b2	62	Picture	ITI	1465342	9999	1	10165	2	10000	10000	miss	0
BCCN_C_02_b2	62	Pulse	99	1466323	10980	NA
BCCN_C_02_b2	63	Picture	cond:2_stimuli_presented:23_brightness:182	1475674	0	1	9999	2	0	10000	hit	252
BCCN_C_02_b2	63	Pulse	99	1484323	8649	NA
BCCN_C_02_b2	63	Response	102	1484935	9261	1
BCCN_C_02_b2	63	Picture	ITI	1485673	9999	1	10165	2	10000	10000	miss	0
BCCN_C_02_b2	64	Picture	cond:1_stimuli_presented:9*_brightness:127	1496005	0	1	9999	2	0	10000	hit	255
BCCN_C_02_b2	64	Response	101	1502319	6314	1
BCCN_C_02_b2	64	Pulse	99	1502323	6318	NA
BCCN_C_02_b2	64	Picture	ITI	1506004	9999	1	10166	2	10000	10000	miss	0
BCCN_C_02_b2	65	Picture	cond:1_stimuli_presented:7*_brightness:127	1516336	0	1	9999	2	0	10000	hit	260
BCCN_C_02_b2	65	Pulse	99	1520323	3987	NA
BCCN_C_02_b2	65	Response	101	1522285	5949	1
BCCN_C_02_b2	65	Picture	ITI	1526335	9999	1	10166	2	10000	10000	miss	0
BCCN_C_02_b2	66	Picture	cond:1_stimuli_presented:6*_brightness:127	1536667	0	2	9999	3	0	10000	hit	264
BCCN_C_02_b2	66	Pulse	99	1538323	1656	NA
BCCN_C_02_b2	66	Response	102	1544548	7881	1
BCCN_C_02_b2	66	Picture	ITI	1546666	9999	1	10166	2	10000	10000	miss	0
BCCN_C_02_b2	66	Pulse	99	1556322	19655	NA
BCCN_C_02_b2	67	Picture	cond:1_stimuli_presented:4*_brightness:127	1556999	0	1	9998	3	0	10000	hit	268
BCCN_C_02_b2	67	Response	102	1565418	8419	1
BCCN_C_02_b2	67	Picture	ITI	1566997	9998	2	10166	3	10000	10000	miss	0
BCCN_C_02_b2	67	Pulse	99	1574322	17323	NA
BCCN_C_02_b2	68	Picture	cond:2_stimuli_presented:21_brightness:188	1577330	0	1	9999	2	0	10000	incorrect	272
BCCN_C_02_b2	68	Response	1	1583137	5807	2
BCCN_C_02_b2	68	Picture	ITI	1587329	9999	1	10165	2	10000	10000	miss	0
BCCN_C_02_b2	68	Pulse	99	1592322	14992	NA
BCCN_C_02_b2	69	Picture	cond:1_stimuli_presented:7*_brightness:127	1597661	0	1	9999	2	0	10000	incorrect	276
BCCN_C_02_b2	69	Response	2	1603206	5545	2
BCCN_C_02_b2	69	Picture	ITI	1607660	9999	1	10165	3	10000	10000	miss	0
BCCN_C_02_b2	69	Pulse	99	1610322	12661	NA
BCCN_C_02_b2	70	Picture	cond:1_stimuli_presented:2*_brightness:127	1617992	0	1	9999	2	0	10000	hit	280
BCCN_C_02_b2	70	Response	102	1626167	8175	1
BCCN_C_02_b2	70	Picture	ITI	1627991	9999	1	10166	2	10000	10000	miss	0
BCCN_C_02_b2	70	Pulse	99	1628322	10330	NA
BCCN_C_02_b2	71	Picture	cond:1_stimuli_presented:8*_brightness:127	1638323	0	1	9999	2	0	10000	hit	284
BCCN_C_02_b2	71	Response	102	1645126	6803	1
BCCN_C_02_b2	71	Pulse	99	1646322	7999	NA
BCCN_C_02_b2	71	Picture	ITI	1648322	9999	1	10166	2	10000	10000	miss	0
BCCN_C_02_b2	72	Picture	cond:3_stimuli_presented:34_brightness:75	1658654	0	2	9999	3	0	10000	hit	290
BCCN_C_02_b2	72	Pulse	99	1664321	5667	NA
BCCN_C_02_b2	72	Picture	ITI	1668653	9999	1	10166	2	10000	10000	miss	0
BCCN_C_02_b2	72	Response	103	1670823	12169	1
BCCN_C_02_b2	73	Picture	cond:1_stimuli_presented:1*_brightness:127	1678986	0	1	9999	2	0	10000	hit	293
BCCN_C_02_b2	73	Pulse	99	1682321	3335	NA
BCCN_C_02_b2	73	Response	101	1686142	7156	1
BCCN_C_02_b2	73	Picture	ITI	1688985	9999	1	10165	2	10000	10000	miss	0
BCCN_C_02_b2	74	Picture	cond:1_stimuli_presented:3*_brightness:127	1699317	0	1	9999	2	0	10000	hit	297
BCCN_C_02_b2	74	Pulse	99	1700321	1004	NA
BCCN_C_02_b2	74	Response	101	1705462	6145	1
BCCN_C_02_b2	74	Picture	ITI	1709316	9999	1	10165	2	10000	10000	miss	0
BCCN_C_02_b2	74	Pulse	99	1718321	19004	NA
BCCN_C_02_b2	75	Picture	cond:1_stimuli_presented:1*_brightness:127	1719648	0	1	9999	2	0	10000	hit	301
BCCN_C_02_b2	75	Response	101	1724602	4954	1
BCCN_C_02_b2	75	Picture	ITI	1729647	9999	1	10165	3	10000	10000	miss	0
BCCN_C_02_b2	75	Pulse	99	1736321	16673	NA
BCCN_C_02_b2	76	Picture	cond:2_stimuli_presented:43_brightness:195	1739979	0	1	9999	2	0	10000	hit	306
BCCN_C_02_b2	76	Picture	ITI	1749978	9999	1	10166	2	10000	10000	miss	0
BCCN_C_02_b2	76	Response	102	1751874	11895	1
BCCN_C_02_b2	76	Pulse	99	1754321	14342	NA
BCCN_C_02_b2	77	Picture	cond:1_stimuli_presented:8*_brightness:127	1760310	0	1	9999	2	0	10000	hit	309
BCCN_C_02_b2	77	Response	102	1767760	7450	2
BCCN_C_02_b2	77	Picture	ITI	1770309	9999	1	10166	2	10000	10000	miss	0
BCCN_C_02_b2	77	Pulse	99	1772320	12010	NA
BCCN_C_02_b2	78	Picture	cond:1_stimuli_presented:4*_brightness:127	1780642	0	1	9998	3	0	10000	hit	313
BCCN_C_02_b2	78	Response	102	1786048	5406	1
BCCN_C_02_b2	78	Pulse	99	1790320	9678	NA
BCCN_C_02_b2	78	Picture	ITI	1790640	9998	2	10166	3	10000	10000	miss	0
BCCN_C_02_b2	79	Picture	cond:1_stimuli_presented:3*_brightness:127	1800973	0	1	9999	2	0	10000	hit	317
BCCN_C_02_b2	79	Response	101	1807666	6693	1
BCCN_C_02_b2	79	Pulse	99	1808320	7347	NA
BCCN_C_02_b2	79	Picture	ITI	1810972	9999	1	10165	2	10000	10000	miss	0
BCCN_C_02_b2	80	Picture	cond:1_stimuli_presented:9*_brightness:127	1821304	0	1	9999	2	0	10000	hit	322
BCCN_C_02_b2	80	Pulse	99	1826320	5016	NA
BCCN_C_02_b2	80	Response	101	1827735	6431	1
BCCN_C_02_b2	80	Picture	ITI	1831303	9999	1	10165	2	10000	10000	miss	0
BCCN_C_02_b2	81	Picture	cond:1_stimuli_presented:4*_brightness:127	1841635	0	1	9999	2	0	10000	hit	326
BCCN_C_02_b2	81	Pulse	99	1844320	2685	NA
BCCN_C_02_b2	81	Response	102	1847339	5704	2
BCCN_C_02_b2	81	Picture	ITI	1851634	9999	1	10166	2	10000	10000	miss	0
BCCN_C_02_b2	82	Picture	cond:1_stimuli_presented:8*_brightness:127	1861966	0	1	9999	2	0	10000	hit	330
BCCN_C_02_b2	82	Pulse	99	1862320	354	NA
BCCN_C_02_b2	82	Response	102	1866686	4720	1
BCCN_C_02_b2	82	Picture	ITI	1871965	9999	1	10166	2	10000	10000	miss	0
BCCN_C_02_b2	82	Pulse	99	1880319	18353	NA
BCCN_C_02_b2	83	Picture	cond:4_stimuli_presented:72_brightness:135	1882297	0	1	9999	2	0	10000	incorrect	335
BCCN_C_02_b2	83	Picture	ITI	1892296	9999	1	10166	2	10000	10000	miss	0
BCCN_C_02_b2	83	Response	4	1895300	13003	1
BCCN_C_02_b2	83	Pulse	99	1898319	16022	NA
BCCN_C_02_b2	84	Picture	cond:1_stimuli_presented:1*_brightness:127	1902629	0	1	9998	3	0	10000	hit	339
BCCN_C_02_b2	84	Picture	ITI	1912627	9998	2	10166	3	10000	10000	miss	0
BCCN_C_02_b2	84	Response	101	1913820	11191	1
BCCN_C_02_b2	84	Pulse	99	1916319	13690	NA
BCCN_C_02_b2	85	Picture	cond:1_stimuli_presented:6*_brightness:127	1922960	0	1	9999	2	0	10000	hit	342
BCCN_C_02_b2	85	Response	102	1929603	6643	2
BCCN_C_02_b2	85	Picture	ITI	1932959	9999	1	10165	2	10000	10000	miss	0
BCCN_C_02_b2	85	Pulse	99	1934319	11359	NA
BCCN_C_02_b2	86	Picture	cond:1_stimuli_presented:3*_brightness:127	1943291	0	1	9999	2	0	10000	hit	346
BCCN_C_02_b2	86	Response	101	1950834	7543	1
BCCN_C_02_b2	86	Pulse	99	1952319	9028	NA
BCCN_C_02_b2	86	Picture	ITI	1953290	9999	1	10165	3	10000	10000	miss	0
BCCN_C_02_b2	87	Picture	cond:3_stimuli_presented:24_brightness:86	1963622	0	1	9999	2	0	10000	hit	351
BCCN_C_02_b2	87	Pulse	99	1970318	6696	NA
BCCN_C_02_b2	87	Response	103	1973588	9966	2
BCCN_C_02_b2	87	Picture	ITI	1973621	9999	1	10166	2	10000	10000	miss	0
BCCN_C_02_b2	88	Picture	cond:1_stimuli_presented:7*_brightness:127	1983953	0	1	9999	2	0	10000	incorrect	356
BCCN_C_02_b2	88	Pulse	99	1988318	4365	NA
BCCN_C_02_b2	88	Picture	ITI	1993952	9999	1	10166	2	10000	10000	miss	0
BCCN_C_02_b2	88	Response	2	1995826	11873	1
BCCN_C_02_b2	89	Picture	cond:1_stimuli_presented:3*_brightness:127	2004284	0	1	9999	2	0	10000	hit	359
BCCN_C_02_b2	89	Pulse	99	2006318	2034	NA
BCCN_C_02_b2	89	Response	101	2010835	6551	1
BCCN_C_02_b2	89	Picture	ITI	2014283	9999	1	10166	2	10000	10000	miss	0
BCCN_C_02_b2	89	Pulse	99	2024318	20034	NA
BCCN_C_02_b2	90	Picture	cond:1_stimuli_presented:2*_brightness:127	2024616	0	1	9999	2	0	10000	hit	363
BCCN_C_02_b2	90	Response	102	2030723	6107	1
BCCN_C_02_b2	90	Picture	ITI	2034615	9999	1	10165	2	10000	10000	miss	0
BCCN_C_02_b2	90	Pulse	99	2042318	17702	NA
BCCN_C_02_b2	91	Picture	cond:1_stimuli_presented:7*_brightness:127	2044947	0	1	9999	2	0	10000	hit	368
BCCN_C_02_b2	91	Picture	ITI	2054946	9999	1	10165	2	10000	10000	miss	0
BCCN_C_02_b2	91	Response	101	2055388	10441	1
BCCN_C_02_b2	91	Pulse	99	2060318	15371	NA
BCCN_C_02_b2	92	Picture	cond:4_stimuli_presented:23_brightness:128	2065278	0	1	9999	2	0	10000	incorrect	372
BCCN_C_02_b2	92	Picture	ITI	2075277	9999	1	10165	3	10000	10000	miss	0
BCCN_C_02_b2	92	Response	3	2077057	11779	2
BCCN_C_02_b2	92	Pulse	99	2078317	13039	NA
BCCN_C_02_b2	93	Picture	cond:1_stimuli_presented:4*_brightness:127	2085609	0	1	9999	2	0	10000	incorrect	377
BCCN_C_02_b2	93	Picture	ITI	2095608	9999	1	10166	2	10000	10000	miss	0
BCCN_C_02_b2	93	Pulse	99	2096317	10708	NA
BCCN_C_02_b2	93	Response	1	2100663	15054	2
BCCN_C_02_b2	94	Picture	cond:1_stimuli_presented:9*_brightness:127	2105940	0	1	9999	2	0	10000	hit	379
BCCN_C_02_b2	94	Response	101	2113943	8003	1
BCCN_C_02_b2	94	Pulse	99	2114317	8377	NA
BCCN_C_02_b2	94	Picture	ITI	2115939	9999	1	10166	2	10000	10000	miss	0
BCCN_C_02_b2	95	Picture	cond:1_stimuli_presented:1*_brightness:127	2126271	0	2	9999	4	0	10000	hit	384
BCCN_C_02_b2	95	Pulse	99	2132317	6046	NA
BCCN_C_02_b2	95	Response	101	2132669	6398	1
BCCN_C_02_b2	95	Picture	ITI	2136270	9999	2	10166	3	10000	10000	miss	0
BCCN_C_02_b2	96	Picture	cond:2_stimuli_presented:37_brightness:176	2146603	0	1	9999	2	0	10000	hit	388
BCCN_C_02_b2	96	Pulse	99	2150317	3714	NA
BCCN_C_02_b2	96	Response	101	2154132	7529	1
BCCN_C_02_b2	96	Picture	ITI	2156602	9999	1	10165	2	10000	10000	miss	0
BCCN_C_02_b2	97	Picture	cond:1_stimuli_presented:6*_brightness:127	2166934	0	1	9999	2	0	10000	hit	392
BCCN_C_02_b2	97	Pulse	99	2168317	1383	NA
BCCN_C_02_b2	97	Response	102	2175079	8145	1
BCCN_C_02_b2	97	Picture	ITI	2176933	9999	1	10165	2	10000	10000	miss	0
BCCN_C_02_b2	97	Pulse	99	2186316	19382	NA
BCCN_C_02_b2	98	Picture	cond:1_stimuli_presented:4*_brightness:127	2187265	0	1	9999	2	0	10000	hit	396
BCCN_C_02_b2	98	Response	102	2194115	6850	2
BCCN_C_02_b2	98	Picture	ITI	2197264	9999	1	10166	2	10000	10000	miss	0
BCCN_C_02_b2	98	Pulse	99	2204316	17051	NA
BCCN_C_02_b2	99	Picture	cond:1_stimuli_presented:8*_brightness:127	2207596	0	1	9999	2	0	10000	hit	400
BCCN_C_02_b2	99	Response	102	2213952	6356	1
BCCN_C_02_b2	99	Picture	ITI	2217595	9999	1	10166	2	10000	10000	miss	0
BCCN_C_02_b2	99	Pulse	99	2222316	14720	NA
BCCN_C_02_b2	100	Picture	cond:1_stimuli_presented:7*_brightness:127	2227927	0	1	9999	2	0	10000	hit	404
BCCN_C_02_b2	100	Response	101	2234124	6197	2
BCCN_C_02_b2	100	Picture	ITI	2237926	9999	1	10166	2	10000	10000	miss	0
BCCN_C_02_b2	100	Pulse	99	2240316	12389	NA
BCCN_C_02_b2	101	Picture	cond:4_stimuli_presented:62_brightness:128	2248259	0	1	9998	3	0	10000	incorrect	410
BCCN_C_02_b2	101	Picture	ITI	2258257	9998	2	10166	3	10000	10000	miss	0
BCCN_C_02_b2	101	Pulse	99	2258316	10057	NA
BCCN_C_02_b2	101	Response	3	2265088	16829	1
BCCN_C_02_b2	102	Picture	cond:1_stimuli_presented:3*_brightness:127	2268590	0	1	9999	2	0	10000	hit	412
BCCN_C_02_b2	102	Response	101	2276302	7712	1
BCCN_C_02_b2	102	Pulse	99	2276316	7726	NA
BCCN_C_02_b2	102	Picture	ITI	2278589	9999	1	10165	2	10000	10000	miss	0
BCCN_C_02_b2	103	Picture	cond:1_stimuli_presented:7*_brightness:127	2288921	0	1	9999	2	0	10000	hit	417
BCCN_C_02_b2	103	Pulse	99	2294315	5394	NA
BCCN_C_02_b2	103	Response	101	2294977	6056	1
BCCN_C_02_b2	103	Picture	ITI	2298920	9999	1	10165	3	10000	10000	miss	0
BCCN_C_02_b2	104	Picture	cond:1_stimuli_presented:4*_brightness:127	2309252	0	1	9999	2	0	10000	hit	421
BCCN_C_02_b2	104	Pulse	99	2312315	3063	NA
BCCN_C_02_b2	104	Response	102	2315382	6130	1
BCCN_C_02_b2	104	Picture	ITI	2319251	9999	1	10166	2	10000	10000	miss	0
BCCN_C_02_b2	105	Picture	cond:1_stimuli_presented:8*_brightness:127	2329583	0	1	9999	2	0	10000	hit	425
BCCN_C_02_b2	105	Pulse	99	2330315	732	NA
BCCN_C_02_b2	105	Response	102	2335864	6281	1
BCCN_C_02_b2	105	Picture	ITI	2339582	9999	1	10166	2	10000	10000	miss	0
BCCN_C_02_b2	105	Pulse	99	2348315	18732	NA
BCCN_C_02_b2	106	Picture	cond:3_stimuli_presented:41_brightness:85	2349914	0	1	9999	2	0	10000	hit	429
BCCN_C_02_b2	106	Response	103	2359315	9401	1
BCCN_C_02_b2	106	Picture	ITI	2359913	9999	1	10166	2	10000	10000	miss	0
BCCN_C_02_b2	106	Pulse	99	2366315	16401	NA
BCCN_C_02_b2	107	Picture	cond:1_stimuli_presented:8*_brightness:127	2370238	0	23	10001	46	0	10000	hit	434
BCCN_C_02_b2	107	Picture	ITI	2380239	10001	23	10171	24	10000	10000	miss	0
BCCN_C_02_b2	107	Response	102	2381191	10953	1
BCCN_C_02_b2	107	Pulse	99	2384315	14077	NA
BCCN_C_02_b2	108	Picture	cond:1_stimuli_presented:2*_brightness:127	2390577	0	1	9999	2	0	10000	hit	437
BCCN_C_02_b2	108	Response	102	2397104	6527	1
BCCN_C_02_b2	108	Picture	ITI	2400576	9999	1	10165	2	10000	10000	miss	0
BCCN_C_02_b2	108	Pulse	99	2402314	11737	NA
BCCN_C_02_b2	109	Picture	cond:1_stimuli_presented:7*_brightness:127	2410908	0	1	9999	2	0	10000	hit	441
BCCN_C_02_b2	109	Response	101	2418360	7452	1
BCCN_C_02_b2	109	Pulse	99	2420314	9406	NA
BCCN_C_02_b2	109	Picture	ITI	2420907	9999	1	10165	3	10000	10000	miss	0
BCCN_C_02_b2	110	Picture	cond:1_stimuli_presented:6*_brightness:127	2431239	0	1	9999	2	0	10000	hit	446
BCCN_C_02_b2	110	Pulse	99	2438314	7075	NA
BCCN_C_02_b2	110	Response	102	2440314	9075	1
BCCN_C_02_b2	110	Picture	ITI	2441238	9999	1	10166	2	10000	10000	miss	0
BCCN_C_02_b2	111	Picture	cond:4_stimuli_presented:41_brightness:128	2451570	0	1	9999	2	0	10000	incorrect	451
BCCN_C_02_b2	111	Pulse	99	2456314	4744	NA
BCCN_C_02_b2	111	Picture	ITI	2461569	9999	1	10166	2	10000	10000	miss	0
BCCN_C_02_b2	111	Response	3	2461777	10207	1
BCCN_C_02_b2	112	Picture	cond:1_stimuli_presented:9*_brightness:127	2471901	0	2	9999	3	0	10000	hit	454
BCCN_C_02_b2	112	Pulse	99	2474314	2413	NA
BCCN_C_02_b2	112	Response	101	2478438	6537	1
BCCN_C_02_b2	112	Picture	ITI	2481900	9999	1	10166	2	10000	10000	miss	0
BCCN_C_02_b2	113	Picture	cond:1_stimuli_presented:6*_brightness:127	2492233	0	1	9999	2	0	10000	hit	458
BCCN_C_02_b2	113	Pulse	99	2492314	81	NA
BCCN_C_02_b2	113	Response	102	2500251	8018	23
BCCN_C_02_b2	113	Picture	ITI	2502232	9999	1	10165	2	10000	10000	miss	0
BCCN_C_02_b2	113	Pulse	99	2510313	18080	NA
BCCN_C_02_b2	114	Picture	cond:1_stimuli_presented:4*_brightness:127	2512564	0	1	9999	2	0	10000	hit	462
BCCN_C_02_b2	114	Response	102	2518447	5883	1
BCCN_C_02_b2	114	Picture	ITI	2522563	9999	1	10165	2	10000	10000	miss	0
BCCN_C_02_b2	114	Pulse	99	2528313	15749	NA
BCCN_C_02_b2	115	Picture	cond:3_stimuli_presented:96_brightness:83	2532895	0	1	9999	2	0	10000	hit	467
BCCN_C_02_b2	115	Picture	ITI	2542894	9999	1	10166	2	10000	10000	miss	0
BCCN_C_02_b2	115	Response	104	2543034	10139	1
BCCN_C_02_b2	115	Pulse	99	2546313	13418	NA
BCCN_C_02_b2	116	Picture	cond:1_stimuli_presented:3*_brightness:127	2553226	0	1	9999	2	0	10000	incorrect	471
BCCN_C_02_b2	116	Picture	ITI	2563225	9999	1	10166	2	10000	10000	miss	0
BCCN_C_02_b2	116	Response	2	2563800	10574	2
BCCN_C_02_b2	116	Pulse	99	2564313	11087	NA
BCCN_C_02_b2	117	Picture	cond:1_stimuli_presented:7*_brightness:127	2573557	0	1	9999	2	0	10000	hit	474
BCCN_C_02_b2	117	Response	101	2580487	6930	2
BCCN_C_02_b2	117	Pulse	99	2582313	8756	NA
BCCN_C_02_b2	117	Picture	ITI	2583556	9999	1	10166	2	10000	10000	miss	0
BCCN_C_02_b2	118	Picture	cond:1_stimuli_presented:9*_brightness:127	2593889	0	1	9998	3	0	10000	hit	478
BCCN_C_02_b2	118	Response	101	2599575	5686	1
BCCN_C_02_b2	118	Pulse	99	2600313	6424	NA
BCCN_C_02_b2	118	Picture	ITI	2603887	9998	2	10166	3	10000	10000	miss	0
BCCN_C_02_b2	119	Picture	cond:1_stimuli_presented:4*_brightness:127	2614220	0	1	9999	2	0	10000	hit	483
BCCN_C_02_b2	119	Pulse	99	2618312	4092	NA
BCCN_C_02_b2	119	Response	102	2622588	8368	1
BCCN_C_02_b2	119	Picture	ITI	2624219	9999	1	10165	2	10000	10000	miss	0
BCCN_C_02_b2	120	Picture	cond:1_stimuli_presented:9*_brightness:127	2634551	0	1	9999	2	0	10000	hit	487
BCCN_C_02_b2	120	Pulse	99	2636312	1761	NA
BCCN_C_02_b2	120	Response	101	2641133	6582	2
BCCN_C_02_b2	120	Picture	ITI	2644550	9999	1	10165	2	10000	10000	miss	0
BCCN_C_02_b2	120	Pulse	99	2654312	19761	NA
BCCN_C_02_b2	121	Picture	cond:1_stimuli_presented:3*_brightness:127	2654882	0	1	9999	2	0	10000	hit	491
BCCN_C_02_b2	121	Response	101	2662984	8102	1
BCCN_C_02_b2	121	Picture	ITI	2664881	9999	1	10166	2	10000	10000	miss	0
BCCN_C_02_b2	121	Pulse	99	2672312	17430	NA
BCCN_C_02_b2	122	Picture	cond:3_stimuli_presented:79_brightness:60	2675213	0	1	9999	2	0	10000	hit	496
BCCN_C_02_b2	122	Picture	ITI	2685212	9999	1	10166	2	10000	10000	miss	0
BCCN_C_02_b2	122	Response	104	2686048	10835	1
BCCN_C_02_b2	122	Pulse	99	2690312	15099	NA
BCCN_C_02_b2	123	Picture	cond:1_stimuli_presented:3*_brightness:127	2695544	0	1	9999	2	0	10000	hit	501
BCCN_C_02_b2	123	Picture	ITI	2705543	9999	1	10166	2	10000	10000	miss	0
BCCN_C_02_b2	123	Pulse	99	2708311	12767	NA
BCCN_C_02_b2	123	Response	101	2708569	13025	1
BCCN_C_02_b2	124	Picture	cond:1_stimuli_presented:7*_brightness:127	2715876	0	1	9998	3	0	10000	hit	503
BCCN_C_02_b2	124	Response	101	2724972	9096	1
BCCN_C_02_b2	124	Picture	ITI	2725874	9998	2	10166	3	10000	10000	miss	0
BCCN_C_02_b2	124	Pulse	99	2726311	10435	NA
BCCN_C_02_b2	125	Picture	cond:1_stimuli_presented:3*_brightness:127	2736207	0	1	9999	2	0	10000	hit	507
BCCN_C_02_b2	125	Response	101	2742460	6253	1
BCCN_C_02_b2	125	Pulse	99	2744311	8104	NA
BCCN_C_02_b2	125	Picture	ITI	2746206	9999	1	10165	2	10000	10000	miss	0
BCCN_C_02_b2	126	Picture	cond:1_stimuli_presented:4*_brightness:127	2756538	0	1	9999	2	0	10000	hit	512
BCCN_C_02_b2	126	Pulse	99	2762311	5773	NA
BCCN_C_02_b2	126	Response	102	2762735	6197	1
BCCN_C_02_b2	126	Picture	ITI	2766537	9999	1	10165	3	10000	10000	miss	0
BCCN_C_02_b2	127	Picture	cond:1_stimuli_presented:7*_brightness:127	2776869	0	1	9999	2	0	10000	hit	516
BCCN_C_02_b2	127	Pulse	99	2780311	3442	NA
BCCN_C_02_b2	127	Response	101	2783579	6710	1
BCCN_C_02_b2	127	Picture	ITI	2786868	9999	1	10166	2	10000	10000	miss	0
BCCN_C_02_b2	128	Picture	cond:4_stimuli_presented:31_brightness:123	2797200	0	1	9999	2	0	10000	hit	521
BCCN_C_02_b2	128	Pulse	99	2798311	1111	NA
BCCN_C_02_b2	128	Picture	ITI	2807199	9999	1	10166	2	10000	10000	miss	0
BCCN_C_02_b2	128	Response	103	2812477	15277	1
BCCN_C_02_b2	128	Pulse	99	2816310	19110	NA
BCCN_C_02_b2	129	Picture	cond:1_stimuli_presented:4*_brightness:127	2817531	0	2	9999	3	0	10000	hit	524
BCCN_C_02_b2	129	Response	102	2826866	9335	2
BCCN_C_02_b2	129	Picture	ITI	2827530	9999	1	10166	2	10000	10000	miss	0
BCCN_C_02_b2	129	Pulse	99	2834310	16779	NA
BCCN_C_02_b2	130	Picture	cond:1_stimuli_presented:2*_brightness:127	2837863	0	1	9999	2	0	10000	hit	528
BCCN_C_02_b2	130	Response	102	2845283	7420	1
BCCN_C_02_b2	130	Picture	ITI	2847862	9999	1	10165	2	10000	10000	miss	0
BCCN_C_02_b2	130	Pulse	99	2852310	14447	NA
BCCN_C_02_b2	131	Picture	cond:1_stimuli_presented:1*_brightness:127	2858194	0	1	9999	2	0	10000	hit	532
BCCN_C_02_b2	131	Response	101	2865430	7236	1
BCCN_C_02_b2	131	Picture	ITI	2868193	9999	1	10165	2	10000	10000	miss	0
BCCN_C_02_b2	131	Pulse	99	2870310	12116	NA
BCCN_C_02_b2	132	Picture	cond:1_stimuli_presented:8*_brightness:127	2878525	0	1	9999	2	0	10000	hit	536
BCCN_C_02_b2	132	Response	102	2885447	6922	1
BCCN_C_02_b2	132	Pulse	99	2888310	9785	NA
BCCN_C_02_b2	132	Picture	ITI	2888524	9999	1	10165	3	10000	10000	miss	0
BCCN_C_02_b2	133	Picture	cond:3_stimuli_presented:27_brightness:77	2898856	0	1	9999	2	0	10000	hit	541
BCCN_C_02_b2	133	Pulse	99	2906310	7454	NA
BCCN_C_02_b2	133	Response	104	2908743	9887	1
BCCN_C_02_b2	133	Picture	ITI	2908855	9999	1	10165	3	10000	10000	miss	0
BCCN_C_02_b2	134	Picture	cond:1_stimuli_presented:3*_brightness:127	2919187	0	1	9999	2	0	10000	hit	545
BCCN_C_02_b2	134	Pulse	99	2924309	5122	NA
BCCN_C_02_b2	134	Response	101	2927935	8748	1
BCCN_C_02_b2	134	Picture	ITI	2929186	9999	1	10166	2	10000	10000	miss	0
BCCN_C_02_b2	135	Picture	cond:1_stimuli_presented:9*_brightness:127	2939518	0	2	9999	4	0	10000	hit	549
BCCN_C_02_b2	135	Pulse	99	2942309	2791	NA
BCCN_C_02_b2	135	Response	101	2945060	5542	2
BCCN_C_02_b2	135	Picture	ITI	2949517	9999	2	10166	3	10000	10000	miss	0
BCCN_C_02_b2	136	Picture	cond:1_stimuli_presented:3*_brightness:127	2959850	0	1	9999	2	0	10000	hit	553
BCCN_C_02_b2	136	Pulse	99	2960309	459	NA
BCCN_C_02_b2	136	Response	101	2966627	6777	1
BCCN_C_02_b2	136	Picture	ITI	2969849	9999	1	10165	2	10000	10000	miss	0
BCCN_C_02_b2	136	Pulse	99	2978309	18459	NA
BCCN_C_02_b2	137	Picture	cond:3_stimuli_presented:69_brightness:78	2980181	0	1	9999	2	0	10000	hit	557
BCCN_C_02_b2	137	Response	104	2989097	8916	1
BCCN_C_02_b2	137	Picture	ITI	2990180	9999	1	10165	2	10000	10000	miss	0
BCCN_C_02_b2	137	Pulse	99	2996309	16128	NA
BCCN_C_02_b2	138	Picture	cond:1_stimuli_presented:2*_brightness:127	3000512	0	1	9999	2	0	10000	hit	561
BCCN_C_02_b2	138	Response	102	3008805	8293	1
BCCN_C_02_b2	138	Picture	ITI	3010511	9999	1	10166	2	10000	10000	miss	0
BCCN_C_02_b2	138	Pulse	99	3014309	13797	NA
BCCN_C_02_b2	139	Picture	cond:1_stimuli_presented:8*_brightness:127	3020843	0	1	9999	2	0	10000	hit	565
BCCN_C_02_b2	139	Response	102	3027428	6585	1
BCCN_C_02_b2	139	Picture	ITI	3030842	9999	1	10166	2	10000	10000	miss	0
BCCN_C_02_b2	139	Pulse	99	3032308	11465	NA
BCCN_C_02_b2	140	Picture	cond:1_stimuli_presented:6*_brightness:127	3041174	0	1	9999	2	0	10000	hit	569
BCCN_C_02_b2	140	Response	102	3047910	6736	1
BCCN_C_02_b2	140	Pulse	99	3050308	9134	NA
BCCN_C_02_b2	140	Picture	ITI	3051173	9999	1	10166	2	10000	10000	miss	0
BCCN_C_02_b2	141	Picture	cond:1_stimuli_presented:9*_brightness:127	3061506	0	1	9998	3	0	10000	hit	574
BCCN_C_02_b2	141	Pulse	99	3068308	6802	NA
BCCN_C_02_b2	141	Response	101	3069063	7557	1
BCCN_C_02_b2	141	Picture	ITI	3071504	9998	2	10166	3	10000	10000	miss	0
BCCN_C_02_b2	142	Picture	cond:4_stimuli_presented:71_brightness:131	3081837	0	1	9999	2	0	10000	incorrect	579
BCCN_C_02_b2	142	Pulse	99	3086308	4471	NA
BCCN_C_02_b2	142	Picture	ITI	3091836	9999	1	10165	2	10000	10000	miss	0
BCCN_C_02_b2	142	Response	3	3096748	14911	2
BCCN_C_02_b2	143	Picture	cond:1_stimuli_presented:4*_brightness:127	3102168	0	1	9999	2	0	10000	hit	582
BCCN_C_02_b2	143	Pulse	99	3104308	2140	NA
BCCN_C_02_b2	143	Response	102	3109589	7421	1
BCCN_C_02_b2	143	Picture	ITI	3112167	9999	1	10165	3	10000	10000	miss	0
BCCN_C_02_b2	143	Pulse	99	3122308	20140	NA
BCCN_C_02_b2	144	Picture	cond:1_stimuli_presented:1*_brightness:127	3122499	0	1	9999	2	0	10000	hit	586
BCCN_C_02_b2	144	Response	101	3128393	5894	1
BCCN_C_02_b2	144	Picture	ITI	3132498	9999	1	10166	2	10000	10000	miss	0
BCCN_C_02_b2	144	Pulse	99	3140307	17808	NA
BCCN_C_02_b2	145	Picture	cond:1_stimuli_presented:8*_brightness:127	3142830	0	1	9999	2	0	10000	hit	590
BCCN_C_02_b2	145	Response	102	3149339	6509	2
BCCN_C_02_b2	145	Picture	ITI	3152829	9999	1	10166	2	10000	10000	miss	0
BCCN_C_02_b2	145	Pulse	99	3158307	15477	NA
BCCN_C_02_b2	146	Picture	cond:1_stimuli_presented:9*_brightness:127	3163161	0	1	9999	2	0	10000	hit	594
BCCN_C_02_b2	146	Response	101	3169615	6454	1
BCCN_C_02_b2	146	Picture	ITI	3173160	9999	1	10166	2	10000	10000	miss	0
BCCN_C_02_b2	146	Pulse	99	3176307	13146	NA
BCCN_C_02_b2	147	Picture	cond:1_stimuli_presented:8*_brightness:127	3183493	0	1	9998	3	0	10000	hit	598
BCCN_C_02_b2	147	Response	102	3190613	7120	2
BCCN_C_02_b2	147	Picture	ITI	3193491	9998	2	10166	3	10000	10000	miss	0
BCCN_C_02_b2	147	Pulse	99	3194307	10814	NA
BCCN_C_02_b2	148	Picture	cond:2_stimuli_presented:49_brightness:174	3203824	0	1	9999	2	0	10000	hit	604
BCCN_C_02_b2	148	Pulse	99	3212307	8483	NA
BCCN_C_02_b2	148	Picture	ITI	3213823	9999	1	10165	2	10000	10000	miss	0
BCCN_C_02_b2	148	Response	102	3217369	13545	1
BCCN_C_02_b2	149	Picture	cond:1_stimuli_presented:6*_brightness:127	3224155	0	1	9999	2	0	10000	incorrect	607
BCCN_C_02_b2	149	Pulse	99	3230307	6152	NA
BCCN_C_02_b2	149	Response	1	3230324	6169	23
BCCN_C_02_b2	149	Picture	ITI	3234154	9999	1	10165	3	10000	10000	hit	609
BCCN_C_02_b2	149	Response	102	3234246	10091	1
BCCN_C_02_b2	150	Picture	cond:1_stimuli_presented:9*_brightness:127	3244486	0	1	9999	2	0	10000	hit	612
BCCN_C_02_b2	150	Pulse	99	3248306	3820	NA
BCCN_C_02_b2	150	Response	101	3250313	5827	2
BCCN_C_02_b2	150	Picture	ITI	3254485	9999	1	10166	2	10000	10000	miss	0
BCCN_C_02_b2	151	Picture	cond:1_stimuli_presented:6*_brightness:127	3264817	0	1	9999	2	0	10000	hit	617
BCCN_C_02_b2	151	Pulse	99	3266306	1489	NA
BCCN_C_02_b2	151	Picture	ITI	3274816	9999	1	10166	2	10000	10000	miss	0
BCCN_C_02_b2	151	Response	102	3277973	13156	1
BCCN_C_02_b2	151	Pulse	99	3284306	19489	NA
BCCN_C_02_b2	152	Picture	cond:1_stimuli_presented:1*_brightness:127	3285148	0	2	9999	4	0	10000	hit	620
BCCN_C_02_b2	152	Response	101	3291794	6646	1
BCCN_C_02_b2	152	Picture	ITI	3295147	9999	2	10166	3	10000	10000	miss	0
BCCN_C_02_b2	152	Pulse	99	3302306	17158	NA
BCCN_C_02_b2	153	Picture	cond:1_stimuli_presented:7*_brightness:127	3305480	0	1	9999	2	0	10000	hit	624
BCCN_C_02_b2	153	Response	101	3313903	8423	1
BCCN_C_02_b2	153	Picture	ITI	3315479	9999	1	10165	2	10000	10000	miss	0
BCCN_C_02_b2	153	Pulse	99	3320306	14826	NA
BCCN_C_02_b2	154	Picture	cond:2_stimuli_presented:46_brightness:179	3325811	0	1	9999	2	0	10000	hit	628
BCCN_C_02_b2	154	Response	102	3334178	8367	1
BCCN_C_02_b2	154	Picture	ITI	3335810	9999	1	10165	2	10000	10000	miss	0
BCCN_C_02_b2	154	Pulse	99	3338306	12495	NA
BCCN_C_02_b2	154	Manual	Prozent korrekt Baseline: 95.0%	3345985	20174
BCCN_C_02_b2	154	Manual	Prozent korrekt Distraktor: 90.0%	3345985	20174
BCCN_C_02_b2	154	Manual	Prozent korrekt Switch: 100.0%	3345985	20174
BCCN_C_02_b2	155	Picture	ENDE	3346142	0	1	30163	2	0	30000	other	0
BCCN_C_02_b2	155	Pulse	99	3356305	10163	NA
BCCN_C_02_b2	155	Pulse	99	3374305	28163	NA
BCCN_C_02_b2	156	Picture	ende info	3376472	0	1	57035	2	0	next	other	0
BCCN_C_02_b2	156	Response	5	3427842	51370	1
